RUN	com.machinestalk.geenerateclass.MachinesTalk	machinestalk	1693492258546	 	3.9.5
USER	setup1	START	1693492258832
REQUEST		sc1	1693492258831	1693492258883	OK	 
REQUEST		sc1 Redirect 1	1693492258883	1693492258900	OK	 
USER	setup1	END	1693492258901
USER	setup1	START	1693492258902
USER	setup1	START	1693492258935
REQUEST		sc1	1693492258901	1693492259000	OK	 
REQUEST		sc1	1693492258935	1693492259020	OK	 
REQUEST		sc1 Redirect 1	1693492259000	1693492259021	OK	 
USER	setup1	END	1693492259021
USER	setup1	START	1693492259022
REQUEST		sc1 Redirect 1	1693492259020	1693492259036	OK	 
USER	setup1	END	1693492259036
USER	setup1	START	1693492259037
USER	setup1	START	1693492259042
REQUEST		sc1	1693492259022	1693492259068	OK	 
REQUEST		sc1	1693492259037	1693492259082	OK	 
REQUEST		sc1 Redirect 1	1693492259068	1693492259086	OK	 
USER	setup1	END	1693492259086
USER	setup1	START	1693492259087
REQUEST		sc1	1693492259042	1693492259096	OK	 
REQUEST		sc1 Redirect 1	1693492259082	1693492259099	OK	 
USER	setup1	END	1693492259099
USER	setup1	START	1693492259100
REQUEST		sc1 Redirect 1	1693492259096	1693492259115	OK	 
USER	setup1	END	1693492259115
USER	setup1	START	1693492259115
REQUEST		sc1	1693492259087	1693492259122	OK	 
USER	setup1	START	1693492259134
REQUEST		sc1 Redirect 1	1693492259122	1693492259140	OK	 
REQUEST		sc1	1693492259100	1693492259140	OK	 
USER	setup1	END	1693492259140
USER	setup1	START	1693492259140
REQUEST		sc1 Redirect 1	1693492259140	1693492259156	OK	 
USER	setup1	END	1693492259156
USER	setup1	START	1693492259157
REQUEST		sc1	1693492259115	1693492259158	OK	 
REQUEST		sc1	1693492259133	1693492259203	OK	 
REQUEST		sc1 Redirect 1	1693492259158	1693492259203	OK	 
USER	setup1	END	1693492259204
USER	setup1	START	1693492259204
REQUEST		sc1	1693492259140	1693492259207	OK	 
REQUEST		sc1 Redirect 1	1693492259203	1693492259213	OK	 
USER	setup1	END	1693492259214
USER	setup1	START	1693492259214
REQUEST		sc1	1693492259156	1693492259227	OK	 
REQUEST		sc1 Redirect 1	1693492259207	1693492259227	OK	 
USER	setup1	END	1693492259227
USER	setup1	START	1693492259228
REQUEST		sc1	1693492259204	1693492259232	OK	 
REQUEST		sc1 Redirect 1	1693492259227	1693492259237	OK	 
USER	setup1	END	1693492259237
USER	setup1	START	1693492259238
USER	setup1	START	1693492259240
REQUEST		sc1	1693492259214	1693492259242	OK	 
REQUEST		sc1 Redirect 1	1693492259232	1693492259246	OK	 
USER	setup1	END	1693492259246
USER	setup1	START	1693492259247
REQUEST		sc1 Redirect 1	1693492259242	1693492259252	OK	 
USER	setup1	END	1693492259252
USER	setup1	START	1693492259253
REQUEST		sc1	1693492259228	1693492259262	OK	 
REQUEST		sc1	1693492259238	1693492259275	OK	 
REQUEST		sc1	1693492259240	1693492259281	OK	 
REQUEST		sc1	1693492259246	1693492259298	OK	 
REQUEST		sc1	1693492259253	1693492259299	OK	 
REQUEST		sc1 Redirect 1	1693492259263	1693492259299	OK	 
REQUEST		sc1 Redirect 1	1693492259281	1693492259299	OK	 
USER	setup1	END	1693492259299
USER	setup1	END	1693492259299
USER	setup1	START	1693492259300
USER	setup1	START	1693492259300
REQUEST		sc1 Redirect 1	1693492259275	1693492259301	OK	 
USER	setup1	END	1693492259301
USER	setup1	START	1693492259302
REQUEST		sc1 Redirect 1	1693492259298	1693492259314	OK	 
USER	setup1	END	1693492259314
REQUEST		sc1 Redirect 1	1693492259299	1693492259315	OK	 
USER	setup1	END	1693492259315
USER	setup1	START	1693492259315
USER	setup1	START	1693492259317
USER	setup1	START	1693492259332
REQUEST		sc1	1693492259300	1693492259335	OK	 
REQUEST		sc1	1693492259300	1693492259338	OK	 
REQUEST		sc1	1693492259315	1693492259350	OK	 
REQUEST		sc1	1693492259301	1693492259351	OK	 
REQUEST		sc1 Redirect 1	1693492259338	1693492259357	OK	 
REQUEST		sc1	1693492259316	1693492259357	OK	 
REQUEST		sc1 Redirect 1	1693492259335	1693492259357	OK	 
USER	setup1	END	1693492259357
USER	setup1	END	1693492259357
USER	setup1	START	1693492259358
USER	setup1	START	1693492259358
REQUEST		sc1 Redirect 1	1693492259351	1693492259384	OK	 
REQUEST		sc1 Redirect 1	1693492259350	1693492259384	OK	 
REQUEST		sc1	1693492259331	1693492259384	OK	 
USER	setup1	END	1693492259384
USER	setup1	END	1693492259384
USER	setup1	START	1693492259384
USER	setup1	START	1693492259384
REQUEST		sc1 Redirect 1	1693492259357	1693492259384	OK	 
USER	setup1	END	1693492259384
USER	setup1	START	1693492259385
REQUEST		sc1 Redirect 1	1693492259384	1693492259398	OK	 
USER	setup1	END	1693492259399
USER	setup1	START	1693492259399
REQUEST		sc1	1693492259358	1693492259410	OK	 
REQUEST		sc1	1693492259358	1693492259412	OK	 
REQUEST		sc1	1693492259384	1693492259414	OK	 
REQUEST		sc1	1693492259384	1693492259421	OK	 
REQUEST		sc1 Redirect 1	1693492259412	1693492259423	OK	 
USER	setup1	END	1693492259424
USER	setup1	START	1693492259424
REQUEST		sc1	1693492259385	1693492259436	OK	 
USER	setup1	START	1693492259439
REQUEST		sc1 Redirect 1	1693492259410	1693492259441	OK	 
USER	setup1	END	1693492259442
USER	setup1	START	1693492259442
REQUEST		sc1 Redirect 1	1693492259414	1693492259482	OK	 
REQUEST		sc1	1693492259399	1693492259482	OK	 
USER	setup1	END	1693492259482
USER	setup1	START	1693492259482
REQUEST		sc1 Redirect 1	1693492259421	1693492259482	OK	 
REQUEST		sc1 Redirect 1	1693492259436	1693492259482	OK	 
REQUEST		sc1	1693492259424	1693492259482	OK	 
USER	setup1	END	1693492259483
USER	setup1	END	1693492259483
USER	setup1	START	1693492259483
USER	setup1	START	1693492259483
REQUEST		sc1 Redirect 1	1693492259482	1693492259504	OK	 
USER	setup1	END	1693492259504
USER	setup1	START	1693492259505
REQUEST		sc1 Redirect 1	1693492259483	1693492259509	OK	 
USER	setup1	END	1693492259509
USER	setup1	START	1693492259509
REQUEST		sc1	1693492259442	1693492259510	OK	 
REQUEST		sc1	1693492259439	1693492259510	OK	 
REQUEST		sc1	1693492259483	1693492259517	OK	 
REQUEST		sc1	1693492259483	1693492259518	OK	 
REQUEST		sc1	1693492259482	1693492259519	OK	 
REQUEST		sc1 Redirect 1	1693492259510	1693492259532	OK	 
USER	setup1	END	1693492259533
USER	setup1	START	1693492259533
REQUEST		sc1 Redirect 1	1693492259510	1693492259538	OK	 
USER	setup1	END	1693492259538
USER	setup1	START	1693492259538
USER	setup1	START	1693492259546
REQUEST		sc1 Redirect 1	1693492259519	1693492259612	OK	 
REQUEST		sc1 Redirect 1	1693492259517	1693492259612	OK	 
REQUEST		sc1 Redirect 1	1693492259518	1693492259612	OK	 
REQUEST		sc1	1693492259504	1693492259612	OK	 
REQUEST		sc1	1693492259509	1693492259612	OK	 
USER	setup1	END	1693492259613
USER	setup1	END	1693492259613
USER	setup1	END	1693492259613
USER	setup1	START	1693492259613
USER	setup1	START	1693492259613
USER	setup1	START	1693492259613
USER	setup1	START	1693492259640
REQUEST		sc1 Redirect 1	1693492259612	1693492259667	OK	 
REQUEST		sc1 Redirect 1	1693492259612	1693492259667	OK	 
REQUEST		sc1	1693492259533	1693492259667	OK	 
USER	setup1	END	1693492259668
USER	setup1	START	1693492259668
USER	setup1	END	1693492259668
USER	setup1	START	1693492259668
REQUEST		sc1	1693492259613	1693492259696	OK	 
REQUEST		sc1	1693492259538	1693492259696	OK	 
REQUEST		sc1	1693492259613	1693492259718	OK	 
REQUEST		sc1 Redirect 1	1693492259667	1693492259718	OK	 
REQUEST		sc1	1693492259613	1693492259718	OK	 
REQUEST		sc1	1693492259546	1693492259718	OK	 
USER	setup1	END	1693492259718
USER	setup1	START	1693492259718
REQUEST		sc1 Redirect 1	1693492259696	1693492259721	OK	 
USER	setup1	END	1693492259721
REQUEST		sc1 Redirect 1	1693492259696	1693492259722	OK	 
USER	setup1	END	1693492259722
USER	setup1	START	1693492259722
USER	setup1	START	1693492259722
REQUEST		sc1	1693492259668	1693492259743	OK	 
REQUEST		sc1 Redirect 1	1693492259718	1693492259747	OK	 
USER	setup1	END	1693492259747
USER	setup1	START	1693492259747
USER	setup1	START	1693492259748
REQUEST		sc1	1693492259668	1693492259749	OK	 
REQUEST		sc1 Redirect 1	1693492259718	1693492259751	OK	 
USER	setup1	END	1693492259751
USER	setup1	START	1693492259751
REQUEST		sc1	1693492259640	1693492259753	OK	 
REQUEST		sc1 Redirect 1	1693492259743	1693492259762	OK	 
REQUEST		sc1	1693492259718	1693492259762	OK	 
REQUEST		sc1 Redirect 1	1693492259718	1693492259762	OK	 
USER	setup1	END	1693492259762
USER	setup1	END	1693492259762
USER	setup1	START	1693492259762
USER	setup1	START	1693492259762
REQUEST		sc1 Redirect 1	1693492259749	1693492259765	OK	 
USER	setup1	END	1693492259765
USER	setup1	START	1693492259765
REQUEST		sc1 Redirect 1	1693492259753	1693492259765	OK	 
USER	setup1	END	1693492259766
USER	setup1	START	1693492259766
REQUEST		sc1	1693492259722	1693492259818	OK	 
REQUEST		sc1	1693492259751	1693492259820	OK	 
REQUEST		sc1	1693492259747	1693492259820	OK	 
REQUEST		sc1 Redirect 1	1693492259762	1693492259820	OK	 
REQUEST		sc1	1693492259722	1693492259820	OK	 
REQUEST		sc1	1693492259748	1693492259820	OK	 
USER	setup1	END	1693492259820
USER	setup1	START	1693492259821
REQUEST		sc1 Redirect 1	1693492259818	1693492259833	OK	 
USER	setup1	END	1693492259833
USER	setup1	START	1693492259833
REQUEST		sc1 Redirect 1	1693492259820	1693492259847	OK	 
USER	setup1	END	1693492259847
USER	setup1	START	1693492259847
REQUEST		sc1 Redirect 1	1693492259820	1693492259851	OK	 
USER	setup1	END	1693492259852
USER	setup1	START	1693492259852
REQUEST		sc1 Redirect 1	1693492259820	1693492259854	OK	 
USER	setup1	END	1693492259854
REQUEST		sc1	1693492259762	1693492259854	OK	 
USER	setup1	START	1693492259854
REQUEST		sc1 Redirect 1	1693492259820	1693492259857	OK	 
USER	setup1	END	1693492259857
USER	setup1	START	1693492259857
REQUEST		sc1	1693492259766	1693492259861	OK	 
REQUEST		sc1	1693492259820	1693492259880	OK	 
REQUEST		sc1	1693492259762	1693492259880	OK	 
REQUEST		sc1	1693492259765	1693492259880	OK	 
REQUEST		sc1 Redirect 1	1693492259854	1693492259884	OK	 
USER	setup1	END	1693492259884
USER	setup1	START	1693492259884
REQUEST		sc1	1693492259833	1693492259895	OK	 
REQUEST		sc1 Redirect 1	1693492259861	1693492259915	OK	 
USER	setup1	END	1693492259915
USER	setup1	START	1693492259915
REQUEST		sc1 Redirect 1	1693492259880	1693492259932	OK	 
REQUEST		sc1 Redirect 1	1693492259880	1693492259932	OK	 
USER	setup1	END	1693492259932
USER	setup1	END	1693492259932
USER	setup1	START	1693492259932
USER	setup1	START	1693492259932
REQUEST		sc1 Redirect 1	1693492259880	1693492259935	OK	 
USER	setup1	END	1693492259935
USER	setup1	START	1693492259935
REQUEST		sc1	1693492259852	1693492259937	OK	 
REQUEST		sc1 Redirect 1	1693492259895	1693492259937	OK	 
REQUEST		sc1	1693492259847	1693492259937	OK	 
REQUEST		sc1	1693492259857	1693492259937	OK	 
USER	setup1	END	1693492259937
REQUEST		sc1	1693492259884	1693492259937	OK	 
REQUEST		sc1	1693492259854	1693492259937	OK	 
USER	setup1	START	1693492259937
REQUEST		sc1 Redirect 1	1693492259937	1693492259969	OK	 
REQUEST		sc1 Redirect 1	1693492259937	1693492259969	OK	 
USER	setup1	END	1693492259969
USER	setup1	END	1693492259969
USER	setup1	START	1693492259969
USER	setup1	START	1693492259969
REQUEST		sc1 Redirect 1	1693492259937	1693492259980	OK	 
USER	setup1	END	1693492259981
USER	setup1	START	1693492259981
REQUEST		sc1 Redirect 1	1693492259937	1693492259994	OK	 
REQUEST		sc1 Redirect 1	1693492259937	1693492259994	OK	 
REQUEST		sc1	1693492259915	1693492259994	OK	 
USER	setup1	END	1693492259994
USER	setup1	END	1693492259994
USER	setup1	START	1693492259994
USER	setup1	START	1693492259994
REQUEST		sc1	1693492259932	1693492259999	OK	 
REQUEST		sc1	1693492259932	1693492259999	OK	 
REQUEST		sc1 Redirect 1	1693492259994	1693492260068	OK	 
REQUEST		sc1	1693492259935	1693492260068	OK	 
REQUEST		sc1	1693492259969	1693492260068	OK	 
REQUEST		sc1 Redirect 1	1693492259999	1693492260068	OK	 
REQUEST		sc1	1693492259937	1693492260068	OK	 
USER	setup1	END	1693492260069
REQUEST		sc1 Redirect 1	1693492259999	1693492260068	OK	 
USER	setup1	END	1693492260069
USER	setup1	END	1693492260069
REQUEST		sc1	1693492259969	1693492260068	OK	 
USER	setup1	START	1693492260069
USER	setup1	START	1693492260069
USER	setup1	START	1693492260069
REQUEST		sc1 Redirect 1	1693492260069	1693492260086	OK	 
USER	setup1	END	1693492260086
USER	setup1	START	1693492260087
REQUEST		sc1 Redirect 1	1693492260069	1693492260089	OK	 
USER	setup1	END	1693492260089
USER	setup1	START	1693492260089
REQUEST		sc1	1693492259981	1693492260097	OK	 
REQUEST		sc1	1693492259994	1693492260097	OK	 
REQUEST		sc1	1693492259994	1693492260099	OK	 
REQUEST		sc1 Redirect 1	1693492260069	1693492260100	OK	 
USER	setup1	END	1693492260100
USER	setup1	START	1693492260100
REQUEST		sc1 Redirect 1	1693492260069	1693492260103	OK	 
USER	setup1	END	1693492260103
USER	setup1	START	1693492260104
REQUEST		sc1	1693492260069	1693492260109	OK	 
REQUEST		sc1 Redirect 1	1693492260097	1693492260110	OK	 
USER	setup1	END	1693492260110
USER	setup1	START	1693492260111
REQUEST		sc1 Redirect 1	1693492260097	1693492260137	OK	 
REQUEST		sc1	1693492260069	1693492260137	OK	 
REQUEST		sc1	1693492260087	1693492260137	OK	 
REQUEST		sc1	1693492260069	1693492260137	OK	 
USER	setup1	END	1693492260137
USER	setup1	START	1693492260137
REQUEST		sc1 Redirect 1	1693492260110	1693492260141	OK	 
USER	setup1	END	1693492260141
USER	setup1	START	1693492260141
REQUEST		sc1 Redirect 1	1693492260099	1693492260142	OK	 
USER	setup1	END	1693492260142
USER	setup1	START	1693492260142
REQUEST		sc1	1693492260089	1693492260143	OK	 
REQUEST		sc1 Redirect 1	1693492260137	1693492260162	OK	 
USER	setup1	END	1693492260162
USER	setup1	START	1693492260162
REQUEST		sc1 Redirect 1	1693492260137	1693492260165	OK	 
USER	setup1	END	1693492260165
USER	setup1	START	1693492260165
REQUEST		sc1 Redirect 1	1693492260137	1693492260166	OK	 
USER	setup1	END	1693492260166
USER	setup1	START	1693492260166
REQUEST		sc1	1693492260100	1693492260174	OK	 
REQUEST		sc1	1693492260104	1693492260177	OK	 
REQUEST		sc1	1693492260110	1693492260177	OK	 
REQUEST		sc1 Redirect 1	1693492260143	1693492260179	OK	 
USER	setup1	END	1693492260179
USER	setup1	START	1693492260179
REQUEST		sc1	1693492260142	1693492260189	OK	 
REQUEST		sc1	1693492260141	1693492260189	OK	 
REQUEST		sc1	1693492260137	1693492260191	OK	 
REQUEST		sc1 Redirect 1	1693492260174	1693492260205	OK	 
USER	setup1	END	1693492260205
USER	setup1	START	1693492260205
REQUEST		sc1	1693492260162	1693492260219	OK	 
REQUEST		sc1 Redirect 1	1693492260177	1693492260219	OK	 
REQUEST		sc1 Redirect 1	1693492260189	1693492260219	OK	 
USER	setup1	END	1693492260219
USER	setup1	END	1693492260219
USER	setup1	START	1693492260219
USER	setup1	START	1693492260219
REQUEST		sc1	1693492260165	1693492260220	OK	 
REQUEST		sc1 Redirect 1	1693492260189	1693492260222	OK	 
REQUEST		sc1 Redirect 1	1693492260177	1693492260222	OK	 
USER	setup1	END	1693492260222
USER	setup1	END	1693492260223
USER	setup1	START	1693492260223
USER	setup1	START	1693492260223
REQUEST		sc1	1693492260166	1693492260232	OK	 
REQUEST		sc1	1693492260179	1693492260235	OK	 
REQUEST		sc1 Redirect 1	1693492260219	1693492260247	OK	 
REQUEST		sc1 Redirect 1	1693492260220	1693492260247	OK	 
USER	setup1	END	1693492260247
USER	setup1	END	1693492260247
USER	setup1	START	1693492260247
USER	setup1	START	1693492260247
REQUEST		sc1 Redirect 1	1693492260191	1693492260249	OK	 
USER	setup1	END	1693492260249
USER	setup1	START	1693492260250
REQUEST		sc1	1693492260205	1693492260255	OK	 
REQUEST		sc1 Redirect 1	1693492260232	1693492260255	OK	 
USER	setup1	END	1693492260256
USER	setup1	START	1693492260256
REQUEST		sc1	1693492260219	1693492260275	OK	 
REQUEST		sc1 Redirect 1	1693492260235	1693492260279	OK	 
USER	setup1	END	1693492260279
USER	setup1	START	1693492260279
REQUEST		sc1	1693492260223	1693492260283	OK	 
REQUEST		sc1	1693492260219	1693492260292	OK	 
REQUEST		sc1	1693492260223	1693492260296	OK	 
REQUEST		sc1 Redirect 1	1693492260255	1693492260299	OK	 
USER	setup1	END	1693492260299
USER	setup1	START	1693492260300
REQUEST		sc1 Redirect 1	1693492260275	1693492260308	OK	 
USER	setup1	END	1693492260308
USER	setup1	START	1693492260308
REQUEST		sc1	1693492260256	1693492260311	OK	 
REQUEST		sc1	1693492260250	1693492260320	OK	 
REQUEST		sc1 Redirect 1	1693492260283	1693492260321	OK	 
USER	setup1	END	1693492260321
REQUEST		sc1	1693492260247	1693492260321	OK	 
USER	setup1	START	1693492260322
REQUEST		sc1	1693492260247	1693492260334	OK	 
REQUEST		sc1 Redirect 1	1693492260292	1693492260334	OK	 
USER	setup1	END	1693492260335
USER	setup1	START	1693492260335
REQUEST		sc1 Redirect 1	1693492260296	1693492260337	OK	 
USER	setup1	END	1693492260337
REQUEST		sc1	1693492260279	1693492260337	OK	 
USER	setup1	START	1693492260338
REQUEST		sc1 Redirect 1	1693492260311	1693492260344	OK	 
USER	setup1	END	1693492260344
USER	setup1	START	1693492260344
REQUEST		sc1	1693492260300	1693492260352	OK	 
REQUEST		sc1 Redirect 1	1693492260321	1693492260362	OK	 
USER	setup1	END	1693492260362
USER	setup1	START	1693492260362
REQUEST		sc1	1693492260308	1693492260364	OK	 
REQUEST		sc1 Redirect 1	1693492260320	1693492260364	OK	 
USER	setup1	END	1693492260365
USER	setup1	START	1693492260365
REQUEST		sc1	1693492260321	1693492260369	OK	 
REQUEST		sc1 Redirect 1	1693492260338	1693492260372	OK	 
USER	setup1	END	1693492260372
USER	setup1	START	1693492260373
REQUEST		sc1 Redirect 1	1693492260334	1693492260390	OK	 
USER	setup1	END	1693492260391
USER	setup1	START	1693492260391
REQUEST		sc1	1693492260335	1693492260391	OK	 
REQUEST		sc1	1693492260337	1693492260394	OK	 
REQUEST		sc1	1693492260344	1693492260394	OK	 
REQUEST		sc1 Redirect 1	1693492260364	1693492260395	OK	 
REQUEST		sc1 Redirect 1	1693492260353	1693492260394	OK	 
USER	setup1	END	1693492260395
USER	setup1	END	1693492260395
USER	setup1	START	1693492260395
USER	setup1	START	1693492260395
REQUEST		sc1	1693492260372	1693492260442	OK	 
REQUEST		sc1 Redirect 1	1693492260392	1693492260442	OK	 
REQUEST		sc1	1693492260362	1693492260442	OK	 
REQUEST		sc1 Redirect 1	1693492260369	1693492260442	OK	 
REQUEST		sc1	1693492260365	1693492260442	OK	 
USER	setup1	END	1693492260442
USER	setup1	END	1693492260442
REQUEST		sc1 Redirect 1	1693492260394	1693492260442	OK	 
REQUEST		sc1 Redirect 1	1693492260394	1693492260442	OK	 
USER	setup1	START	1693492260442
USER	setup1	START	1693492260442
USER	setup1	END	1693492260442
USER	setup1	END	1693492260443
USER	setup1	START	1693492260443
USER	setup1	START	1693492260443
REQUEST		sc1 Redirect 1	1693492260442	1693492260484	OK	 
REQUEST		sc1	1693492260391	1693492260484	OK	 
REQUEST		sc1 Redirect 1	1693492260442	1693492260484	OK	 
REQUEST		sc1	1693492260395	1693492260484	OK	 
USER	setup1	END	1693492260484
USER	setup1	END	1693492260484
USER	setup1	START	1693492260484
USER	setup1	START	1693492260484
REQUEST		sc1	1693492260395	1693492260484	OK	 
REQUEST		sc1 Redirect 1	1693492260442	1693492260485	OK	 
USER	setup1	END	1693492260485
USER	setup1	START	1693492260486
REQUEST		sc1 Redirect 1	1693492260484	1693492260518	OK	 
REQUEST		sc1 Redirect 1	1693492260484	1693492260518	OK	 
REQUEST		sc1 Redirect 1	1693492260484	1693492260518	OK	 
USER	setup1	END	1693492260518
USER	setup1	END	1693492260518
USER	setup1	END	1693492260518
USER	setup1	START	1693492260518
USER	setup1	START	1693492260518
USER	setup1	START	1693492260518
REQUEST		sc1	1693492260443	1693492260547	OK	 
REQUEST		sc1	1693492260443	1693492260547	OK	 
REQUEST		sc1	1693492260442	1693492260555	OK	 
REQUEST		sc1	1693492260442	1693492260556	OK	 
REQUEST		sc1	1693492260484	1693492260556	OK	 
REQUEST		sc1	1693492260484	1693492260561	OK	 
REQUEST		sc1	1693492260486	1693492260563	OK	 
REQUEST		sc1 Redirect 1	1693492260547	1693492260595	OK	 
USER	setup1	END	1693492260595
REQUEST		sc1 Redirect 1	1693492260555	1693492260595	OK	 
REQUEST		sc1 Redirect 1	1693492260547	1693492260595	OK	 
REQUEST		sc1 Redirect 1	1693492260556	1693492260595	OK	 
REQUEST		sc1	1693492260518	1693492260595	OK	 
REQUEST		sc1	1693492260518	1693492260595	OK	 
USER	setup1	END	1693492260595
USER	setup1	END	1693492260595
USER	setup1	START	1693492260595
USER	setup1	END	1693492260595
USER	setup1	START	1693492260596
USER	setup1	START	1693492260596
USER	setup1	START	1693492260596
REQUEST		sc1 Redirect 1	1693492260556	1693492260597	OK	 
USER	setup1	END	1693492260597
USER	setup1	START	1693492260597
REQUEST		sc1	1693492260518	1693492260598	OK	 
REQUEST		sc1 Redirect 1	1693492260563	1693492260617	OK	 
REQUEST		sc1 Redirect 1	1693492260561	1693492260617	OK	 
USER	setup1	END	1693492260617
USER	setup1	END	1693492260617
USER	setup1	START	1693492260617
USER	setup1	START	1693492260617
REQUEST		sc1 Redirect 1	1693492260595	1693492260626	OK	 
REQUEST		sc1 Redirect 1	1693492260595	1693492260626	OK	 
USER	setup1	END	1693492260626
USER	setup1	END	1693492260626
USER	setup1	START	1693492260626
USER	setup1	START	1693492260626
REQUEST		sc1 Redirect 1	1693492260599	1693492260630	OK	 
USER	setup1	END	1693492260630
USER	setup1	START	1693492260630
REQUEST		sc1	1693492260597	1693492260630	OK	 
REQUEST		sc1	1693492260595	1693492260630	OK	 
REQUEST		sc1	1693492260595	1693492260631	OK	 
REQUEST		sc1	1693492260595	1693492260641	OK	 
REQUEST		sc1	1693492260595	1693492260641	OK	 
REQUEST		sc1 Redirect 1	1693492260631	1693492260676	OK	 
REQUEST		sc1 Redirect 1	1693492260641	1693492260676	OK	 
REQUEST		sc1 Redirect 1	1693492260641	1693492260676	OK	 
REQUEST		sc1 Redirect 1	1693492260630	1693492260676	OK	 
REQUEST		sc1 Redirect 1	1693492260630	1693492260676	OK	 
REQUEST		sc1	1693492260617	1693492260676	OK	 
REQUEST		sc1	1693492260617	1693492260676	OK	 
USER	setup1	END	1693492260677
USER	setup1	END	1693492260677
USER	setup1	END	1693492260677
USER	setup1	END	1693492260677
USER	setup1	END	1693492260677
USER	setup1	START	1693492260677
USER	setup1	START	1693492260677
USER	setup1	START	1693492260677
USER	setup1	START	1693492260677
USER	setup1	START	1693492260677
REQUEST		sc1 Redirect 1	1693492260676	1693492260738	OK	 
REQUEST		sc1 Redirect 1	1693492260676	1693492260738	OK	 
REQUEST		sc1	1693492260626	1693492260738	OK	 
REQUEST		sc1	1693492260630	1693492260738	OK	 
REQUEST		sc1	1693492260626	1693492260738	OK	 
USER	setup1	END	1693492260738
USER	setup1	END	1693492260738
USER	setup1	START	1693492260739
USER	setup1	START	1693492260739
REQUEST		sc1 Redirect 1	1693492260738	1693492260767	OK	 
REQUEST		sc1 Redirect 1	1693492260738	1693492260767	OK	 
REQUEST		sc1	1693492260677	1693492260767	OK	 
REQUEST		sc1	1693492260677	1693492260767	OK	 
USER	setup1	END	1693492260767
USER	setup1	END	1693492260767
USER	setup1	START	1693492260767
USER	setup1	START	1693492260767
REQUEST		sc1 Redirect 1	1693492260738	1693492260768	OK	 
REQUEST		sc1	1693492260677	1693492260768	OK	 
USER	setup1	END	1693492260768
USER	setup1	START	1693492260768
REQUEST		sc1	1693492260677	1693492260773	OK	 
REQUEST		sc1	1693492260677	1693492260773	OK	 
REQUEST		sc1 Redirect 1	1693492260767	1693492260778	OK	 
USER	setup1	END	1693492260778
USER	setup1	START	1693492260778
REQUEST		sc1	1693492260738	1693492260802	OK	 
REQUEST		sc1 Redirect 1	1693492260773	1693492260802	OK	 
USER	setup1	END	1693492260802
USER	setup1	START	1693492260802
REQUEST		sc1 Redirect 1	1693492260773	1693492260829	OK	 
USER	setup1	END	1693492260829
USER	setup1	START	1693492260829
REQUEST		sc1 Redirect 1	1693492260768	1693492260830	OK	 
REQUEST		sc1	1693492260778	1693492260830	OK	 
REQUEST		sc1 Redirect 1	1693492260767	1693492260830	OK	 
REQUEST		sc1	1693492260767	1693492260830	OK	 
REQUEST		sc1	1693492260767	1693492260830	OK	 
REQUEST		sc1	1693492260768	1693492260830	OK	 
REQUEST		sc1	1693492260738	1693492260830	OK	 
USER	setup1	END	1693492260830
USER	setup1	END	1693492260830
USER	setup1	START	1693492260830
USER	setup1	START	1693492260830
REQUEST		sc1 Redirect 1	1693492260802	1693492260837	OK	 
USER	setup1	END	1693492260838
USER	setup1	START	1693492260838
REQUEST		sc1 Redirect 1	1693492260830	1693492260863	OK	 
USER	setup1	END	1693492260863
REQUEST		sc1 Redirect 1	1693492260830	1693492260870	OK	 
USER	setup1	END	1693492260870
REQUEST		sc1 Redirect 1	1693492260830	1693492260871	OK	 
REQUEST		sc1	1693492260802	1693492260871	OK	 
REQUEST		sc1 Redirect 1	1693492260830	1693492260871	OK	 
REQUEST		sc1 Redirect 1	1693492260830	1693492260871	OK	 
USER	setup1	END	1693492260871
USER	setup1	END	1693492260871
USER	setup1	END	1693492260871
REQUEST		sc1	1693492260830	1693492260893	OK	 
REQUEST		sc1	1693492260829	1693492260893	OK	 
REQUEST		sc1	1693492260830	1693492260897	OK	 
REQUEST		sc1	1693492260838	1693492260909	OK	 
REQUEST		sc1 Redirect 1	1693492260871	1693492260914	OK	 
USER	setup1	END	1693492260914
REQUEST		sc1 Redirect 1	1693492260893	1693492260949	OK	 
REQUEST		sc1 Redirect 1	1693492260893	1693492260949	OK	 
USER	setup1	END	1693492260949
USER	setup1	END	1693492260949
REQUEST		sc1 Redirect 1	1693492260909	1693492260950	OK	 
REQUEST		sc1 Redirect 1	1693492260897	1693492260950	OK	 
USER	setup1	END	1693492260950
USER	setup1	END	1693492260950
