RUN	com.machinestalk.geenerateclass.MachinesTalk	machinestalk	1693471396848	 	3.9.5
USER	string	START	1693471397567
USER	string	START	1693471397656
REQUEST		string	1693471397565	1693471397655	OK	 
REQUEST		string Redirect 1	1693471397667	1693471397683	OK	 
USER	string	END	1693471397689
REQUEST		string	1693471397655	1693471397708	OK	 
REQUEST		string Redirect 1	1693471397708	1693471397733	OK	 
USER	string	END	1693471397734
USER	string	START	1693471397749
REQUEST		string	1693471397748	1693471397807	OK	 
REQUEST		string Redirect 1	1693471397807	1693471397826	OK	 
USER	string	END	1693471397828
USER	string	START	1693471397857
REQUEST		string	1693471397856	1693471397928	OK	 
REQUEST		string Redirect 1	1693471397928	1693471397949	OK	 
USER	string	END	1693471397950
USER	string	START	1693471397951
REQUEST		string	1693471397951	1693471398060	OK	 
USER	string	START	1693471398061
REQUEST		string Redirect 1	1693471398061	1693471398082	OK	 
USER	string	END	1693471398084
REQUEST		string	1693471398061	1693471398138	OK	 
USER	string	START	1693471398157
REQUEST		string Redirect 1	1693471398139	1693471398156	OK	 
USER	string	END	1693471398158
REQUEST		string	1693471398156	1693471398237	OK	 
USER	string	START	1693471398250
REQUEST		string Redirect 1	1693471398237	1693471398254	OK	 
USER	string	END	1693471398255
REQUEST		string	1693471398250	1693471398338	OK	 
REQUEST		string Redirect 1	1693471398339	1693471398356	OK	 
USER	string	END	1693471398357
USER	string	START	1693471398359
REQUEST		string	1693471398358	1693471398445	OK	 
USER	string	START	1693471398454
REQUEST		string Redirect 1	1693471398446	1693471398458	OK	 
USER	string	END	1693471398460
REQUEST		string	1693471398453	1693471398514	OK	 
REQUEST		string Redirect 1	1693471398515	1693471398552	OK	 
USER	string	END	1693471398553
USER	string	START	1693471398560
REQUEST		string	1693471398560	1693471398619	OK	 
REQUEST		string Redirect 1	1693471398620	1693471398638	OK	 
USER	string	END	1693471398639
USER	string	START	1693471398654
REQUEST		string	1693471398654	1693471398697	OK	 
REQUEST		string Redirect 1	1693471398698	1693471398708	OK	 
USER	string	END	1693471398708
USER	string	START	1693471398750
REQUEST		string	1693471398748	1693471398786	OK	 
REQUEST		string Redirect 1	1693471398787	1693471398800	OK	 
USER	string	END	1693471398801
USER	string	START	1693471398856
REQUEST		string	1693471398856	1693471398901	OK	 
REQUEST		string Redirect 1	1693471398902	1693471398912	OK	 
USER	string	END	1693471398913
USER	string	START	1693471398950
REQUEST		string	1693471398949	1693471399001	OK	 
REQUEST		string Redirect 1	1693471399002	1693471399017	OK	 
USER	string	END	1693471399018
USER	string	START	1693471399058
REQUEST		string	1693471399058	1693471399108	OK	 
REQUEST		string Redirect 1	1693471399109	1693471399123	OK	 
USER	string	END	1693471399123
USER	string	START	1693471399150
REQUEST		string	1693471399149	1693471399204	OK	 
REQUEST		string Redirect 1	1693471399205	1693471399221	OK	 
USER	string	END	1693471399222
USER	string	START	1693471399264
REQUEST		string	1693471399262	1693471399314	OK	 
REQUEST		string Redirect 1	1693471399315	1693471399333	OK	 
USER	string	END	1693471399335
USER	string	START	1693471399357
REQUEST		string	1693471399356	1693471399405	OK	 
REQUEST		string Redirect 1	1693471399405	1693471399420	OK	 
USER	string	END	1693471399421
USER	string	START	1693471399451
REQUEST		string	1693471399450	1693471399498	OK	 
REQUEST		string Redirect 1	1693471399499	1693471399515	OK	 
USER	string	END	1693471399517
USER	string	START	1693471399559
REQUEST		string	1693471399558	1693471399613	OK	 
REQUEST		string Redirect 1	1693471399614	1693471399630	OK	 
USER	string	END	1693471399632
USER	string	START	1693471399652
REQUEST		string	1693471399650	1693471399703	OK	 
REQUEST		string Redirect 1	1693471399703	1693471399723	OK	 
USER	string	END	1693471399724
USER	string	START	1693471399761
REQUEST		string	1693471399759	1693471399811	OK	 
REQUEST		string Redirect 1	1693471399812	1693471399840	OK	 
USER	string	END	1693471399842
USER	string	START	1693471399854
REQUEST		string	1693471399853	1693471399895	OK	 
REQUEST		string Redirect 1	1693471399896	1693471399908	OK	 
USER	string	END	1693471399910
USER	string	START	1693471399948
REQUEST		string	1693471399946	1693471399992	OK	 
REQUEST		string Redirect 1	1693471399993	1693471400004	OK	 
USER	string	END	1693471400006
USER	string	START	1693471400058
REQUEST		string	1693471400057	1693471400106	OK	 
REQUEST		string Redirect 1	1693471400107	1693471400140	OK	 
USER	string	END	1693471400142
USER	string	START	1693471400152
REQUEST		string	1693471400151	1693471400205	OK	 
REQUEST		string Redirect 1	1693471400206	1693471400219	OK	 
USER	string	END	1693471400221
USER	string	START	1693471400260
REQUEST		string	1693471400259	1693471400307	OK	 
REQUEST		string Redirect 1	1693471400307	1693471400321	OK	 
USER	string	END	1693471400323
USER	string	START	1693471400353
REQUEST		string	1693471400352	1693471400403	OK	 
REQUEST		string Redirect 1	1693471400404	1693471400424	OK	 
USER	string	END	1693471400425
USER	string	START	1693471400460
REQUEST		string	1693471400459	1693471400528	OK	 
REQUEST		string Redirect 1	1693471400528	1693471400540	OK	 
USER	string	END	1693471400541
USER	string	START	1693471400555
REQUEST		string	1693471400555	1693471400626	OK	 
USER	string	START	1693471400648
REQUEST		string Redirect 1	1693471400627	1693471400663	OK	 
USER	string	END	1693471400664
REQUEST		string	1693471400647	1693471400711	OK	 
REQUEST		string Redirect 1	1693471400711	1693471400728	OK	 
USER	string	END	1693471400729
USER	string	START	1693471400756
REQUEST		string	1693471400756	1693471400807	OK	 
REQUEST		string Redirect 1	1693471400807	1693471400840	OK	 
USER	string	END	1693471400841
USER	string	START	1693471400849
REQUEST		string	1693471400849	1693471400899	OK	 
REQUEST		string Redirect 1	1693471400899	1693471400921	OK	 
USER	string	END	1693471400922
USER	string	START	1693471400958
REQUEST		string	1693471400957	1693471401040	OK	 
USER	string	START	1693471401051
REQUEST		string Redirect 1	1693471401040	1693471401071	OK	 
USER	string	END	1693471401072
REQUEST		string	1693471401051	1693471401132	OK	 
USER	string	START	1693471401159
REQUEST		string Redirect 1	1693471401133	1693471401176	OK	 
USER	string	END	1693471401177
REQUEST		string	1693471401159	1693471401233	OK	 
USER	string	START	1693471401252
REQUEST		string Redirect 1	1693471401234	1693471401260	OK	 
USER	string	END	1693471401260
REQUEST		string	1693471401252	1693471401326	OK	 
REQUEST		string Redirect 1	1693471401326	1693471401345	OK	 
USER	string	START	1693471401345
USER	string	END	1693471401346
REQUEST		string	1693471401345	1693471401409	OK	 
REQUEST		string Redirect 1	1693471401409	1693471401421	OK	 
USER	string	END	1693471401422
USER	string	START	1693471401456
REQUEST		string	1693471401455	1693471401505	OK	 
REQUEST		string Redirect 1	1693471401505	1693471401520	OK	 
USER	string	END	1693471401520
USER	string	START	1693471401549
REQUEST		string	1693471401549	1693471401595	OK	 
REQUEST		string Redirect 1	1693471401596	1693471401612	OK	 
USER	string	END	1693471401613
USER	string	START	1693471401657
REQUEST		string	1693471401657	1693471401707	OK	 
REQUEST		string Redirect 1	1693471401707	1693471401724	OK	 
USER	string	END	1693471401724
USER	string	START	1693471401751
USER	string	START	1693471401858
REQUEST		string	1693471401751	1693471401864	OK	 
REQUEST		string Redirect 1	1693471401864	1693471401878	OK	 
USER	string	END	1693471401878
REQUEST		string	1693471401858	1693471401899	OK	 
REQUEST		string Redirect 1	1693471401899	1693471401914	OK	 
USER	string	END	1693471401914
USER	string	START	1693471401952
REQUEST		string	1693471401951	1693471401995	OK	 
REQUEST		string Redirect 1	1693471401996	1693471402007	OK	 
USER	string	END	1693471402007
USER	string	START	1693471402045
REQUEST		string	1693471402044	1693471402088	OK	 
REQUEST		string Redirect 1	1693471402088	1693471402100	OK	 
USER	string	END	1693471402101
USER	string	START	1693471402152
REQUEST		string	1693471402152	1693471402193	OK	 
REQUEST		string Redirect 1	1693471402194	1693471402209	OK	 
USER	string	END	1693471402210
USER	string	START	1693471402245
REQUEST		string	1693471402244	1693471402289	OK	 
REQUEST		string Redirect 1	1693471402290	1693471402300	OK	 
USER	string	END	1693471402301
USER	string	START	1693471402354
REQUEST		string	1693471402353	1693471402405	OK	 
REQUEST		string Redirect 1	1693471402405	1693471402419	OK	 
USER	string	END	1693471402420
USER	string	START	1693471402446
REQUEST		string	1693471402446	1693471402489	OK	 
REQUEST		string Redirect 1	1693471402489	1693471402516	OK	 
USER	string	END	1693471402517
