RUN	com.machinestalk.geenerateclass.MachinesTalk	machinestalk	1693472384625	 	3.9.5
USER	string	START	1693472385210
USER	string	START	1693472385291
REQUEST		string	1693472385209	1693472385318	OK	 
REQUEST		string Redirect 1	1693472385341	1693472385367	OK	 
USER	string	END	1693472385376
REQUEST		string	1693472385290	1693472385382	OK	 
USER	string	START	1693472385394
REQUEST		string Redirect 1	1693472385382	1693472385439	OK	 
USER	string	END	1693472385440
USER	string	START	1693472385493
REQUEST		string	1693472385393	1693472385495	OK	 
REQUEST		string Redirect 1	1693472385497	1693472385545	OK	 
USER	string	END	1693472385549
REQUEST		string	1693472385492	1693472385593	OK	 
USER	string	START	1693472385597
REQUEST		string Redirect 1	1693472385593	1693472385625	OK	 
USER	string	END	1693472385626
USER	string	START	1693472385692
REQUEST		string	1693472385597	1693472385699	OK	 
REQUEST		string Redirect 1	1693472385700	1693472385742	OK	 
USER	string	END	1693472385744
USER	string	START	1693472385791
REQUEST		string	1693472385692	1693472385844	OK	 
REQUEST		string Redirect 1	1693472385844	1693472385868	OK	 
USER	string	END	1693472385870
USER	string	START	1693472385896
REQUEST		string	1693472385790	1693472385908	OK	 
REQUEST		string Redirect 1	1693472385909	1693472385929	OK	 
USER	string	END	1693472385930
REQUEST		string	1693472385895	1693472385964	OK	 
USER	string	START	1693472385991
REQUEST		string Redirect 1	1693472385965	1693472385992	OK	 
USER	string	END	1693472385993
USER	string	START	1693472386095
REQUEST		string	1693472385990	1693472386119	OK	 
REQUEST		string Redirect 1	1693472386120	1693472386149	OK	 
USER	string	END	1693472386152
USER	string	START	1693472386193
REQUEST		string	1693472386095	1693472386205	OK	 
REQUEST		string Redirect 1	1693472386207	1693472386246	OK	 
USER	string	END	1693472386248
USER	string	START	1693472386293
REQUEST		string	1693472386193	1693472386312	OK	 
REQUEST		string Redirect 1	1693472386313	1693472386355	OK	 
USER	string	END	1693472386358
USER	string	START	1693472386396
REQUEST		string	1693472386291	1693472386456	OK	 
REQUEST		string Redirect 1	1693472386457	1693472386484	OK	 
USER	string	END	1693472386487
USER	string	START	1693472386491
REQUEST		string	1693472386395	1693472386511	OK	 
USER	string	START	1693472386597
USER	string	START	1693472386692
REQUEST		string Redirect 1	1693472386512	1693472386750	OK	 
USER	string	END	1693472386750
USER	string	START	1693472386798
REQUEST		string	1693472386490	1693472386808	OK	 
REQUEST		string Redirect 1	1693472386810	1693472386840	OK	 
REQUEST		string	1693472386692	1693472386840	OK	 
USER	string	END	1693472386841
REQUEST		string	1693472386596	1693472386841	OK	 
REQUEST		string Redirect 1	1693472386840	1693472386872	OK	 
REQUEST		string Redirect 1	1693472386842	1693472386872	OK	 
USER	string	END	1693472386873
USER	string	END	1693472386873
REQUEST		string	1693472386797	1693472386885	OK	 
USER	string	START	1693472386895
REQUEST		string Redirect 1	1693472386886	1693472386927	OK	 
USER	string	END	1693472386930
USER	string	START	1693472386991
USER	string	START	1693472387095
REQUEST		string	1693472386894	1693472387118	OK	 
REQUEST		string Redirect 1	1693472387118	1693472387181	OK	 
REQUEST		string	1693472386990	1693472387181	OK	 
USER	string	END	1693472387182
USER	string	START	1693472387192
REQUEST		string Redirect 1	1693472387182	1693472387233	OK	 
REQUEST		string	1693472387095	1693472387233	OK	 
USER	string	END	1693472387234
USER	string	START	1693472387290
REQUEST		string Redirect 1	1693472387233	1693472387293	OK	 
USER	string	END	1693472387293
REQUEST		string	1693472387192	1693472387326	OK	 
USER	string	START	1693472387394
REQUEST		string	1693472387289	1693472387457	OK	 
REQUEST		string Redirect 1	1693472387327	1693472387458	OK	 
USER	string	END	1693472387460
REQUEST		string Redirect 1	1693472387458	1693472387481	OK	 
USER	string	END	1693472387483
USER	string	START	1693472387491
REQUEST		string	1693472387394	1693472387494	OK	 
REQUEST		string Redirect 1	1693472387494	1693472387525	OK	 
USER	string	END	1693472387527
USER	string	START	1693472387591
REQUEST		string	1693472387490	1693472387684	OK	 
USER	string	START	1693472387694
REQUEST		string Redirect 1	1693472387686	1693472387714	OK	 
REQUEST		string	1693472387590	1693472387714	OK	 
USER	string	END	1693472387716
REQUEST		string Redirect 1	1693472387715	1693472387733	OK	 
USER	string	END	1693472387734
REQUEST		string	1693472387693	1693472387768	OK	 
USER	string	START	1693472387790
REQUEST		string Redirect 1	1693472387769	1693472387796	OK	 
USER	string	END	1693472387797
REQUEST		string	1693472387789	1693472387887	OK	 
USER	string	START	1693472387889
REQUEST		string Redirect 1	1693472387888	1693472387913	OK	 
USER	string	END	1693472387916
USER	string	START	1693472387992
REQUEST		string	1693472387888	1693472388004	OK	 
REQUEST		string Redirect 1	1693472388005	1693472388046	OK	 
USER	string	END	1693472388048
USER	string	START	1693472388089
REQUEST		string	1693472387992	1693472388143	OK	 
USER	string	START	1693472388195
REQUEST		string Redirect 1	1693472388144	1693472388195	OK	 
USER	string	END	1693472388197
REQUEST		string	1693472388088	1693472388225	OK	 
REQUEST		string Redirect 1	1693472388226	1693472388244	OK	 
USER	string	END	1693472388245
REQUEST		string	1693472388193	1693472388262	OK	 
REQUEST		string Redirect 1	1693472388262	1693472388285	OK	 
USER	string	END	1693472388286
USER	string	START	1693472388289
USER	string	START	1693472388388
REQUEST		string	1693472388289	1693472388389	OK	 
REQUEST		string Redirect 1	1693472388390	1693472388403	OK	 
USER	string	END	1693472388404
USER	string	START	1693472388491
REQUEST		string	1693472388387	1693472388515	OK	 
REQUEST		string Redirect 1	1693472388516	1693472388538	OK	 
USER	string	END	1693472388539
REQUEST		string	1693472388490	1693472388546	OK	 
REQUEST		string Redirect 1	1693472388547	1693472388566	OK	 
USER	string	END	1693472388567
USER	string	START	1693472388589
USER	string	START	1693472388692
REQUEST		string	1693472388588	1693472388724	OK	 
REQUEST		string Redirect 1	1693472388724	1693472388752	OK	 
USER	string	END	1693472388753
REQUEST		string	1693472388691	1693472388768	OK	 
REQUEST		string Redirect 1	1693472388769	1693472388781	OK	 
USER	string	END	1693472388781
USER	string	START	1693472388790
USER	string	START	1693472388893
REQUEST		string	1693472388789	1693472388949	OK	 
REQUEST		string Redirect 1	1693472388950	1693472388981	OK	 
USER	string	END	1693472388983
USER	string	START	1693472388992
USER	string	START	1693472389092
REQUEST		string	1693472388893	1693472389127	OK	 
USER	string	START	1693472389201
REQUEST		string Redirect 1	1693472389128	1693472389227	OK	 
USER	string	END	1693472389228
REQUEST		string	1693472388991	1693472389284	OK	 
USER	string	START	1693472389290
REQUEST		string Redirect 1	1693472389285	1693472389337	OK	 
REQUEST		string	1693472389091	1693472389337	OK	 
USER	string	END	1693472389339
REQUEST		string Redirect 1	1693472389338	1693472389365	OK	 
REQUEST		string	1693472389200	1693472389365	OK	 
USER	string	END	1693472389367
USER	string	START	1693472389388
REQUEST		string	1693472389290	1693472389430	OK	 
REQUEST		string Redirect 1	1693472389366	1693472389470	OK	 
USER	string	END	1693472389471
REQUEST		string Redirect 1	1693472389430	1693472389475	OK	 
USER	string	END	1693472389477
REQUEST		string	1693472389387	1693472389491	OK	 
USER	string	START	1693472389491
REQUEST		string Redirect 1	1693472389491	1693472389534	OK	 
USER	string	END	1693472389535
USER	string	START	1693472389589
REQUEST		string	1693472389491	1693472389616	OK	 
USER	string	START	1693472389694
USER	string	START	1693472389791
REQUEST		string Redirect 1	1693472389616	1693472389824	OK	 
USER	string	END	1693472389825
USER	string	START	1693472389893
USER	string	START	1693472389991
REQUEST		string	1693472389589	1693472390012	OK	 
REQUEST		string	1693472389790	1693472390035	OK	 
REQUEST		string	1693472389693	1693472390039	OK	 
REQUEST		string Redirect 1	1693472390012	1693472390049	OK	 
USER	string	END	1693472390050
REQUEST		string Redirect 1	1693472390039	1693472390090	OK	 
REQUEST		string Redirect 1	1693472390035	1693472390090	OK	 
REQUEST		string	1693472389990	1693472390090	OK	 
REQUEST		string	1693472389893	1693472390090	OK	 
USER	string	END	1693472390090
USER	string	END	1693472390090
USER	string	START	1693472390095
REQUEST		string Redirect 1	1693472390090	1693472390134	OK	 
REQUEST		string Redirect 1	1693472390090	1693472390134	OK	 
USER	string	END	1693472390135
USER	string	END	1693472390136
REQUEST		string	1693472390095	1693472390341	OK	 
REQUEST		string Redirect 1	1693472390342	1693472390373	OK	 
USER	string	END	1693472390375
