RUN	com.machinestalk.geenerateclass.MachinesTalk	machinestalk	1693301806065	 	3.9.5
USER	string	START	1693301818825
USER	string	START	1693301818825
USER	string	START	1693301818825
USER	string	START	1693301818825
USER	string	START	1693301818825
USER	string	START	1693301818825
USER	string	START	1693301818825
USER	string	START	1693301818825
USER	string	START	1693301818825
USER	string	START	1693301818825
USER	string	START	1693301818825
USER	string	START	1693301818825
USER	string	START	1693301818825
USER	string	START	1693301818825
REQUEST		string	1693301818820	1693301818900	OK	 
REQUEST		string	1693301818820	1693301818913	OK	 
REQUEST		string	1693301818820	1693301818914	OK	 
REQUEST		string	1693301818820	1693301818899	OK	 
REQUEST		string	1693301818820	1693301818894	OK	 
REQUEST		string	1693301818820	1693301818893	OK	 
REQUEST		string	1693301818820	1693301818884	OK	 
REQUEST		string	1693301818820	1693301818911	OK	 
REQUEST		string	1693301818820	1693301818894	OK	 
REQUEST		string	1693301818820	1693301818903	OK	 
REQUEST		string	1693301818820	1693301818921	OK	 
REQUEST		string	1693301818820	1693301818924	OK	 
REQUEST		string	1693301818820	1693301818924	OK	 
REQUEST		string	1693301818820	1693301818924	OK	 
REQUEST		string Redirect 1	1693301818923	1693301818973	OK	 
REQUEST		string Redirect 1	1693301818923	1693301818953	OK	 
REQUEST		string Redirect 1	1693301818923	1693301818960	OK	 
REQUEST		string Redirect 1	1693301818923	1693301818964	OK	 
REQUEST		string Redirect 1	1693301818923	1693301818949	OK	 
REQUEST		string Redirect 1	1693301818923	1693301818981	OK	 
REQUEST		string Redirect 1	1693301818923	1693301818981	OK	 
USER	string	END	1693301818983
USER	string	END	1693301818984
USER	string	END	1693301818984
USER	string	END	1693301818984
USER	string	END	1693301818984
USER	string	END	1693301818984
USER	string	END	1693301818984
REQUEST		string Redirect 1	1693301818923	1693301818986	OK	 
REQUEST		string Redirect 1	1693301818923	1693301818986	OK	 
USER	string	END	1693301818987
USER	string	END	1693301818987
USER	string	START	1693301818993
REQUEST		string Redirect 1	1693301818924	1693301819008	OK	 
REQUEST		string Redirect 1	1693301818923	1693301819008	OK	 
USER	string	END	1693301819010
USER	string	END	1693301819010
REQUEST		string Redirect 1	1693301818923	1693301819010	OK	 
REQUEST		string Redirect 1	1693301818924	1693301819010	OK	 
USER	string	END	1693301819011
USER	string	END	1693301819011
REQUEST		string	1693301818992	1693301819044	OK	 
REQUEST		string Redirect 1	1693301819045	1693301819060	OK	 
USER	string	END	1693301819061
REQUEST		string Redirect 1	1693301818924	1693301819138	OK	 
USER	string	END	1693301819140
USER	string	START	1693301819246
REQUEST		string	1693301819244	1693301819299	OK	 
REQUEST		string Redirect 1	1693301819300	1693301819314	OK	 
USER	string	END	1693301819316
USER	string	START	1693301819496
REQUEST		string	1693301819494	1693301819564	OK	 
REQUEST		string Redirect 1	1693301819566	1693301819583	OK	 
USER	string	END	1693301819585
USER	string	START	1693301819750
REQUEST		string	1693301819749	1693301819801	OK	 
REQUEST		string Redirect 1	1693301819802	1693301819818	OK	 
USER	string	END	1693301819820
USER	string	START	1693301820079
REQUEST		string	1693301820077	1693301820136	OK	 
REQUEST		string Redirect 1	1693301820136	1693301820155	OK	 
USER	string	END	1693301820156
USER	string	START	1693301820407
REQUEST		string	1693301820405	1693301820453	OK	 
REQUEST		string Redirect 1	1693301820453	1693301820469	OK	 
USER	string	END	1693301820470
USER	string	START	1693301820747
REQUEST		string	1693301820745	1693301820901	OK	 
REQUEST		string Redirect 1	1693301820902	1693301820926	OK	 
USER	string	END	1693301820929
USER	string	START	1693301821073
REQUEST		string	1693301821071	1693301821225	OK	 
REQUEST		string Redirect 1	1693301821225	1693301821242	OK	 
USER	string	END	1693301821243
USER	string	START	1693301821414
REQUEST		string	1693301821412	1693301821463	OK	 
REQUEST		string Redirect 1	1693301821464	1693301821486	OK	 
USER	string	END	1693301821489
USER	string	START	1693301821755
REQUEST		string	1693301821754	1693301821808	OK	 
REQUEST		string Redirect 1	1693301821809	1693301821830	OK	 
USER	string	END	1693301821832
USER	string	START	1693301821940
REQUEST		string	1693301821939	1693301822002	OK	 
REQUEST		string Redirect 1	1693301822003	1693301822030	OK	 
USER	string	END	1693301822031
USER	string	START	1693301822142
REQUEST		string	1693301822142	1693301822182	OK	 
REQUEST		string Redirect 1	1693301822183	1693301822199	OK	 
USER	string	END	1693301822201
USER	string	START	1693301822344
REQUEST		string	1693301822343	1693301822389	OK	 
REQUEST		string Redirect 1	1693301822391	1693301822420	OK	 
USER	string	END	1693301822422
USER	string	START	1693301822544
REQUEST		string	1693301822543	1693301822634	OK	 
REQUEST		string Redirect 1	1693301822635	1693301822667	OK	 
USER	string	END	1693301822669
USER	string	START	1693301822746
REQUEST		string	1693301822745	1693301822809	OK	 
REQUEST		string Redirect 1	1693301822810	1693301822828	OK	 
USER	string	END	1693301822830
USER	string	START	1693301822948
REQUEST		string	1693301822947	1693301823009	OK	 
REQUEST		string Redirect 1	1693301823011	1693301823030	OK	 
USER	string	END	1693301823031
USER	string	START	1693301823151
REQUEST		string	1693301823150	1693301823214	OK	 
REQUEST		string Redirect 1	1693301823215	1693301823230	OK	 
USER	string	END	1693301823232
USER	string	START	1693301823339
REQUEST		string	1693301823338	1693301823397	OK	 
REQUEST		string Redirect 1	1693301823399	1693301823413	OK	 
USER	string	END	1693301823415
USER	string	START	1693301823539
REQUEST		string	1693301823538	1693301823587	OK	 
REQUEST		string Redirect 1	1693301823588	1693301823603	OK	 
USER	string	END	1693301823604
USER	string	START	1693301823739
REQUEST		string	1693301823738	1693301823804	OK	 
REQUEST		string Redirect 1	1693301823805	1693301823822	OK	 
USER	string	END	1693301823824
USER	string	START	1693301823943
REQUEST		string	1693301823942	1693301823999	OK	 
REQUEST		string Redirect 1	1693301824001	1693301824019	OK	 
USER	string	END	1693301824021
USER	string	START	1693301824146
REQUEST		string	1693301824144	1693301824199	OK	 
REQUEST		string Redirect 1	1693301824200	1693301824252	OK	 
USER	string	END	1693301824254
USER	string	START	1693301824345
REQUEST		string	1693301824343	1693301824395	OK	 
REQUEST		string Redirect 1	1693301824396	1693301824412	OK	 
USER	string	END	1693301824413
USER	string	START	1693301824550
REQUEST		string	1693301824548	1693301824606	OK	 
REQUEST		string Redirect 1	1693301824606	1693301824619	OK	 
USER	string	END	1693301824620
USER	string	START	1693301824750
REQUEST		string	1693301824749	1693301824800	OK	 
REQUEST		string Redirect 1	1693301824801	1693301824815	OK	 
USER	string	END	1693301824817
USER	string	START	1693301824939
REQUEST		string	1693301824937	1693301825012	OK	 
REQUEST		string Redirect 1	1693301825013	1693301825025	OK	 
USER	string	END	1693301825027
USER	string	START	1693301825143
REQUEST		string	1693301825141	1693301825216	OK	 
REQUEST		string Redirect 1	1693301825216	1693301825238	OK	 
USER	string	END	1693301825240
USER	string	START	1693301825344
REQUEST		string	1693301825343	1693301825468	OK	 
REQUEST		string Redirect 1	1693301825468	1693301825483	OK	 
USER	string	END	1693301825484
USER	string	START	1693301825544
REQUEST		string	1693301825543	1693301825625	OK	 
REQUEST		string Redirect 1	1693301825626	1693301825650	OK	 
USER	string	END	1693301825651
