RUN	com.machinestalk.geenerateclass.MachinesTalk	machinestalk	1693746236996	 	3.9.5
USER	Set1With GEneration	START	1693746240671
USER	Set1With GEneration	START	1693746240671
USER	Set1With GEneration	START	1693746240671
USER	Set1With GEneration	START	1693746240671
USER	Set1With GEneration	START	1693746240671
USER	Set1With GEneration	START	1693746240671
USER	Set1With GEneration	START	1693746240671
USER	Set1With GEneration	START	1693746240671
USER	Set1With GEneration	START	1693746240671
USER	Set1With GEneration	START	1693746240671
USER	Set1With GEneration	START	1693746240671
USER	Set1With GEneration	START	1693746240671
USER	Set1With GEneration	START	1693746240671
USER	Set1With GEneration	START	1693746240671
USER	Set1With GEneration	START	1693746240671
USER	Set1With GEneration	START	1693746240671
USER	Set1With GEneration	START	1693746240671
USER	Set1With GEneration	START	1693746240671
USER	Set1With GEneration	START	1693746240671
USER	Set1With GEneration	START	1693746240672
REQUEST		20	1693746240661	1693746242124	OK	 
REQUEST		20	1693746240661	1693746242314	OK	 
REQUEST		20	1693746240662	1693746242627	OK	 
REQUEST		20	1693746240661	1693746242627	OK	 
REQUEST		20	1693746240662	1693746242627	OK	 
REQUEST		20	1693746240661	1693746242677	OK	 
REQUEST		20	1693746240661	1693746242677	OK	 
REQUEST		20	1693746240661	1693746242705	OK	 
REQUEST		20	1693746240662	1693746242705	OK	 
REQUEST		20	1693746240662	1693746242725	OK	 
REQUEST		20	1693746240661	1693746242725	OK	 
REQUEST		20	1693746240661	1693746242753	OK	 
REQUEST		20	1693746240662	1693746242753	OK	 
REQUEST		20 Redirect 1	1693746242141	1693746243909	OK	 
USER	Set1With GEneration	END	1693746243917
REQUEST		20 Redirect 1	1693746242315	1693746245912	OK	 
USER	Set1With GEneration	END	1693746245913
REQUEST		20	1693746240662	1693746245979	OK	 
REQUEST		20	1693746240661	1693746245979	OK	 
REQUEST		20	1693746240661	1693746245995	OK	 
REQUEST		20	1693746240661	1693746246009	OK	 
REQUEST		20 Redirect 1	1693746242628	1693746246023	OK	 
REQUEST		20	1693746240661	1693746246023	OK	 
REQUEST		20	1693746240661	1693746246023	OK	 
USER	Set1With GEneration	END	1693746246024
REQUEST		20	1693746240661	1693746246038	OK	 
REQUEST		20 Redirect 1	1693746242628	1693746246160	OK	 
USER	Set1With GEneration	END	1693746246161
REQUEST		20 Redirect 1	1693746242628	1693746246201	OK	 
USER	Set1With GEneration	END	1693746246202
REQUEST		20 Redirect 1	1693746242706	1693746247465	OK	 
USER	Set1With GEneration	END	1693746247466
REQUEST		20 Redirect 1	1693746242753	1693746247516	OK	 
USER	Set1With GEneration	END	1693746247516
REQUEST		20 Redirect 1	1693746245995	1693746253892	OK	 
USER	Set1With GEneration	END	1693746253893
REQUEST		20 Redirect 1	1693746245980	1693746254948	OK	 
USER	Set1With GEneration	END	1693746254949
REQUEST		20 Redirect 1	1693746246038	1693746255321	OK	 
USER	Set1With GEneration	END	1693746255322
REQUEST		20 Redirect 1	1693746242725	1693746256039	OK	 
USER	Set1With GEneration	END	1693746256041
REQUEST		20 Redirect 1	1693746245980	1693746256084	OK	 
USER	Set1With GEneration	END	1693746256085
REQUEST		20 Redirect 1	1693746246023	1693746257315	OK	 
USER	Set1With GEneration	END	1693746257316
REQUEST		20 Redirect 1	1693746242753	1693746257318	OK	 
USER	Set1With GEneration	END	1693746257319
REQUEST		20 Redirect 1	1693746242677	1693746257330	OK	 
USER	Set1With GEneration	END	1693746257331
REQUEST		20 Redirect 1	1693746242706	1693746257345	OK	 
USER	Set1With GEneration	END	1693746257346
REQUEST		20 Redirect 1	1693746242677	1693746257369	OK	 
USER	Set1With GEneration	END	1693746257370
REQUEST		20 Redirect 1	1693746242725	1693746257793	OK	 
USER	Set1With GEneration	END	1693746257795
REQUEST		20 Redirect 1	1693746246009	1693746265336	OK	 
USER	Set1With GEneration	END	1693746265337
REQUEST		20 Redirect 1	1693746246023	1693746274500	OK	 
USER	Set1With GEneration	END	1693746274501
