RUN	com.machinestalk.geenerateclass.TTTT	tttt	1693313768263	 	3.9.5
REQUEST		GET /flash-sales	1693313774935	1693313774935	KO	j.n.UnknownHostException: www.jdgeue.dcm
USER	BasicSimulation	END	1693313774940
USER	BasicSimulation	START	1693313774940
REQUEST		GET /flash-sales	1693313775917	1693313775917	KO	j.n.UnknownHostException: www.jdgeue.dcm
USER	BasicSimulation	END	1693313775918
USER	BasicSimulation	START	1693313775918
REQUEST		GET /flash-sales	1693313777902	1693313777902	KO	j.n.UnknownHostException: www.jdgeue.dcm
USER	BasicSimulation	END	1693313777903
USER	BasicSimulation	START	1693313777903
REQUEST		GET /flash-sales	1693313779909	1693313781108	KO	j.n.UnknownHostException: H么te inconnu (www.jdgeue.dcm)
USER	BasicSimulation	START	1693313781108
USER	BasicSimulation	END	1693313781108
REQUEST		GET /flash-sales	1693313781914	1693313781915	KO	j.n.UnknownHostException: www.jdgeue.dcm
USER	BasicSimulation	START	1693313781915
USER	BasicSimulation	END	1693313781915
REQUEST		GET /flash-sales	1693313782915	1693313782915	KO	j.n.UnknownHostException: www.jdgeue.dcm
USER	BasicSimulation	START	1693313782915
USER	BasicSimulation	END	1693313782915
REQUEST		GET /flash-sales	1693313784912	1693313784912	KO	j.n.UnknownHostException: www.jdgeue.dcm
USER	BasicSimulation	START	1693313784913
USER	BasicSimulation	END	1693313784913
REQUEST		GET /flash-sales	1693313786907	1693313786907	KO	j.n.UnknownHostException: www.jdgeue.dcm
USER	BasicSimulation	START	1693313786907
USER	BasicSimulation	END	1693313786907
REQUEST		GET /flash-sales	1693313788917	1693313788917	KO	j.n.UnknownHostException: www.jdgeue.dcm
USER	BasicSimulation	END	1693313788917
USER	BasicSimulation	START	1693313788917
REQUEST		GET /flash-sales	1693313789911	1693313789911	KO	j.n.UnknownHostException: www.jdgeue.dcm
USER	BasicSimulation	END	1693313789911
USER	BasicSimulation	START	1693313789911
REQUEST		GET /flash-sales	1693313791909	1693313791994	KO	j.n.UnknownHostException: H么te inconnu (www.jdgeue.dcm)
USER	BasicSimulation	START	1693313791994
USER	BasicSimulation	END	1693313791994
REQUEST		GET /flash-sales	1693313793908	1693313793908	KO	j.n.UnknownHostException: www.jdgeue.dcm
USER	BasicSimulation	START	1693313793908
USER	BasicSimulation	END	1693313793908
REQUEST		GET /flash-sales	1693313795916	1693313795916	KO	j.n.UnknownHostException: www.jdgeue.dcm
USER	BasicSimulation	START	1693313795917
USER	BasicSimulation	END	1693313795917
REQUEST		GET /flash-sales	1693313802907	1693313802921	KO	j.n.UnknownHostException: H么te inconnu (www.jdgeue.dcm)
USER	BasicSimulation	START	1693313802921
USER	BasicSimulation	END	1693313802922
REQUEST		GET /flash-sales	1693313803017	1693313803018	KO	j.n.UnknownHostException: www.jdgeue.dcm
USER	BasicSimulation	START	1693313803018
USER	BasicSimulation	END	1693313803018
REQUEST		GET /flash-sales	1693313803112	1693313803112	KO	j.n.UnknownHostException: www.jdgeue.dcm
USER	BasicSimulation	START	1693313803113
USER	BasicSimulation	END	1693313803113
REQUEST		GET /flash-sales	1693313803206	1693313803207	KO	j.n.UnknownHostException: www.jdgeue.dcm
USER	BasicSimulation	END	1693313803207
USER	BasicSimulation	START	1693313803207
REQUEST		GET /flash-sales	1693313803318	1693313803318	KO	j.n.UnknownHostException: www.jdgeue.dcm
USER	BasicSimulation	START	1693313803318
USER	BasicSimulation	END	1693313803318
REQUEST		GET /flash-sales	1693313803414	1693313803414	KO	j.n.UnknownHostException: www.jdgeue.dcm
USER	BasicSimulation	START	1693313803414
USER	BasicSimulation	END	1693313803414
REQUEST		GET /flash-sales	1693313803508	1693313803508	KO	j.n.UnknownHostException: www.jdgeue.dcm
USER	BasicSimulation	END	1693313803508
USER	BasicSimulation	START	1693313803508
REQUEST		GET /flash-sales	1693313803618	1693313803618	KO	j.n.UnknownHostException: www.jdgeue.dcm
USER	BasicSimulation	END	1693313803619
USER	BasicSimulation	START	1693313803619
REQUEST		GET /flash-sales	1693313803712	1693313803712	KO	j.n.UnknownHostException: www.jdgeue.dcm
USER	BasicSimulation	START	1693313803712
USER	BasicSimulation	END	1693313803712
REQUEST		GET /flash-sales	1693313803806	1693313803806	KO	j.n.UnknownHostException: www.jdgeue.dcm
USER	BasicSimulation	START	1693313803806
USER	BasicSimulation	END	1693313803806
REQUEST		GET /flash-sales	1693313803914	1693313803914	KO	j.n.UnknownHostException: www.jdgeue.dcm
USER	BasicSimulation	START	1693313803914
USER	BasicSimulation	END	1693313803914
REQUEST		GET /flash-sales	1693313804008	1693313804008	KO	j.n.UnknownHostException: www.jdgeue.dcm
USER	BasicSimulation	START	1693313804008
USER	BasicSimulation	END	1693313804008
REQUEST		GET /flash-sales	1693313804118	1693313804118	KO	j.n.UnknownHostException: www.jdgeue.dcm
USER	BasicSimulation	START	1693313804118
USER	BasicSimulation	END	1693313804118
REQUEST		GET /flash-sales	1693313804212	1693313804212	KO	j.n.UnknownHostException: www.jdgeue.dcm
USER	BasicSimulation	START	1693313804212
USER	BasicSimulation	END	1693313804212
REQUEST		GET /flash-sales	1693313804306	1693313804306	KO	j.n.UnknownHostException: www.jdgeue.dcm
USER	BasicSimulation	START	1693313804306
USER	BasicSimulation	END	1693313804306
REQUEST		GET /flash-sales	1693313804418	1693313804418	KO	j.n.UnknownHostException: www.jdgeue.dcm
USER	BasicSimulation	START	1693313804418
USER	BasicSimulation	END	1693313804418
REQUEST		GET /flash-sales	1693313804510	1693313804510	KO	j.n.UnknownHostException: www.jdgeue.dcm
USER	BasicSimulation	START	1693313804511
USER	BasicSimulation	END	1693313804511
REQUEST		GET /flash-sales	1693313804605	1693313804606	KO	j.n.UnknownHostException: www.jdgeue.dcm
USER	BasicSimulation	START	1693313804606
USER	BasicSimulation	END	1693313804606
REQUEST		GET /flash-sales	1693313804715	1693313804715	KO	j.n.UnknownHostException: www.jdgeue.dcm
USER	BasicSimulation	START	1693313804716
USER	BasicSimulation	END	1693313804716
REQUEST		GET /flash-sales	1693313804811	1693313804811	KO	j.n.UnknownHostException: www.jdgeue.dcm
USER	BasicSimulation	START	1693313804811
USER	BasicSimulation	END	1693313804811
REQUEST		GET /flash-sales	1693313804924	1693313804924	KO	j.n.UnknownHostException: www.jdgeue.dcm
USER	BasicSimulation	END	1693313804925
USER	BasicSimulation	START	1693313804925
REQUEST		GET /flash-sales	1693313805018	1693313805018	KO	j.n.UnknownHostException: www.jdgeue.dcm
USER	BasicSimulation	START	1693313805018
USER	BasicSimulation	END	1693313805019
REQUEST		GET /flash-sales	1693313805113	1693313805113	KO	j.n.UnknownHostException: www.jdgeue.dcm
USER	BasicSimulation	START	1693313805113
USER	BasicSimulation	END	1693313805113
REQUEST		GET /flash-sales	1693313805207	1693313805207	KO	j.n.UnknownHostException: www.jdgeue.dcm
USER	BasicSimulation	START	1693313805207
USER	BasicSimulation	END	1693313805207
REQUEST		GET /flash-sales	1693313805318	1693313805318	KO	j.n.UnknownHostException: www.jdgeue.dcm
USER	BasicSimulation	START	1693313805318
USER	BasicSimulation	END	1693313805318
REQUEST		GET /flash-sales	1693313805413	1693313805413	KO	j.n.UnknownHostException: www.jdgeue.dcm
USER	BasicSimulation	START	1693313805413
USER	BasicSimulation	END	1693313805413
REQUEST		GET /flash-sales	1693313805506	1693313805506	KO	j.n.UnknownHostException: www.jdgeue.dcm
USER	BasicSimulation	START	1693313805507
USER	BasicSimulation	END	1693313805507
REQUEST		GET /flash-sales	1693313805616	1693313805616	KO	j.n.UnknownHostException: www.jdgeue.dcm
USER	BasicSimulation	START	1693313805617
USER	BasicSimulation	END	1693313805617
REQUEST		GET /flash-sales	1693313805709	1693313805709	KO	j.n.UnknownHostException: www.jdgeue.dcm
USER	BasicSimulation	START	1693313805710
USER	BasicSimulation	END	1693313805710
REQUEST		GET /flash-sales	1693313805818	1693313805818	KO	j.n.UnknownHostException: www.jdgeue.dcm
USER	BasicSimulation	START	1693313805818
USER	BasicSimulation	END	1693313805818
REQUEST		GET /flash-sales	1693313805913	1693313805913	KO	j.n.UnknownHostException: www.jdgeue.dcm
USER	BasicSimulation	START	1693313805914
USER	BasicSimulation	END	1693313805914
REQUEST		GET /flash-sales	1693313806009	1693313806009	KO	j.n.UnknownHostException: www.jdgeue.dcm
USER	BasicSimulation	START	1693313806009
USER	BasicSimulation	END	1693313806009
REQUEST		GET /flash-sales	1693313806104	1693313806104	KO	j.n.UnknownHostException: www.jdgeue.dcm
USER	BasicSimulation	START	1693313806104
USER	BasicSimulation	END	1693313806104
REQUEST		GET /flash-sales	1693313806211	1693313806211	KO	j.n.UnknownHostException: www.jdgeue.dcm
USER	BasicSimulation	START	1693313806211
USER	BasicSimulation	END	1693313806211
REQUEST		GET /flash-sales	1693313806306	1693313806306	KO	j.n.UnknownHostException: www.jdgeue.dcm
USER	BasicSimulation	START	1693313806306
USER	BasicSimulation	END	1693313806306
REQUEST		GET /flash-sales	1693313806418	1693313806418	KO	j.n.UnknownHostException: www.jdgeue.dcm
USER	BasicSimulation	START	1693313806418
USER	BasicSimulation	END	1693313806418
REQUEST		GET /flash-sales	1693313806512	1693313806512	KO	j.n.UnknownHostException: www.jdgeue.dcm
USER	BasicSimulation	START	1693313806512
USER	BasicSimulation	END	1693313806512
REQUEST		GET /flash-sales	1693313806607	1693313806607	KO	j.n.UnknownHostException: www.jdgeue.dcm
USER	BasicSimulation	START	1693313806607
USER	BasicSimulation	END	1693313806607
REQUEST		GET /flash-sales	1693313806719	1693313806719	KO	j.n.UnknownHostException: www.jdgeue.dcm
USER	BasicSimulation	START	1693313806719
USER	BasicSimulation	END	1693313806719
REQUEST		GET /flash-sales	1693313806814	1693313806814	KO	j.n.UnknownHostException: www.jdgeue.dcm
USER	BasicSimulation	START	1693313806815
USER	BasicSimulation	END	1693313806815
REQUEST		GET /flash-sales	1693313811910	1693313811910	KO	j.n.UnknownHostException: www.jdgeue.dcm
USER	BasicSimulation	START	1693313811910
USER	BasicSimulation	END	1693313811910
REQUEST		GET /flash-sales	1693313812113	1693313812113	KO	j.n.UnknownHostException: www.jdgeue.dcm
USER	BasicSimulation	START	1693313812114
USER	BasicSimulation	END	1693313812114
REQUEST		GET /flash-sales	1693313812318	1693313812318	KO	j.n.UnknownHostException: www.jdgeue.dcm
USER	BasicSimulation	START	1693313812319
USER	BasicSimulation	END	1693313812319
REQUEST		GET /flash-sales	1693313812503	1693313812503	KO	j.n.UnknownHostException: www.jdgeue.dcm
USER	BasicSimulation	END	1693313812504
USER	BasicSimulation	START	1693313812504
REQUEST		GET /flash-sales	1693313812712	1693313812712	KO	j.n.UnknownHostException: www.jdgeue.dcm
USER	BasicSimulation	START	1693313812712
USER	BasicSimulation	END	1693313812712
REQUEST		GET /flash-sales	1693313812904	1693313812904	KO	j.n.UnknownHostException: www.jdgeue.dcm
USER	BasicSimulation	START	1693313812904
USER	BasicSimulation	END	1693313812904
REQUEST		GET /flash-sales	1693313813110	1693313814183	KO	j.n.UnknownHostException: H么te inconnu (www.jdgeue.dcm)
REQUEST		GET /flash-sales	1693313813504	1693313814183	KO	j.n.UnknownHostException: www.jdgeue.dcm
REQUEST		GET /flash-sales	1693313813913	1693313814183	KO	j.n.UnknownHostException: www.jdgeue.dcm
REQUEST		GET /flash-sales	1693313814071	1693313814183	KO	j.n.UnknownHostException: www.jdgeue.dcm
REQUEST		GET /flash-sales	1693313813708	1693313814183	KO	j.n.UnknownHostException: www.jdgeue.dcm
REQUEST		GET /flash-sales	1693313813316	1693313814183	KO	j.n.UnknownHostException: www.jdgeue.dcm
USER	BasicSimulation	START	1693313814183
USER	BasicSimulation	START	1693313814183
USER	BasicSimulation	START	1693313814183
USER	BasicSimulation	START	1693313814183
USER	BasicSimulation	START	1693313814183
USER	BasicSimulation	START	1693313814183
USER	BasicSimulation	END	1693313814183
USER	BasicSimulation	END	1693313814184
USER	BasicSimulation	END	1693313814184
USER	BasicSimulation	END	1693313814184
USER	BasicSimulation	END	1693313814184
USER	BasicSimulation	END	1693313814184
REQUEST		GET /flash-sales	1693313814247	1693313814247	KO	j.n.UnknownHostException: www.jdgeue.dcm
USER	BasicSimulation	START	1693313814247
USER	BasicSimulation	END	1693313814247
REQUEST		GET /flash-sales	1693313814406	1693313814407	KO	j.n.UnknownHostException: www.jdgeue.dcm
USER	BasicSimulation	START	1693313814407
USER	BasicSimulation	END	1693313814407
REQUEST		GET /flash-sales	1693313814578	1693313814578	KO	j.n.UnknownHostException: www.jdgeue.dcm
USER	BasicSimulation	START	1693313814578
USER	BasicSimulation	END	1693313814578
REQUEST		GET /flash-sales	1693313814737	1693313814737	KO	j.n.UnknownHostException: www.jdgeue.dcm
USER	BasicSimulation	START	1693313814737
USER	BasicSimulation	END	1693313814737
REQUEST		GET /flash-sales	1693313814912	1693313814912	KO	j.n.UnknownHostException: www.jdgeue.dcm
USER	BasicSimulation	START	1693313814913
USER	BasicSimulation	END	1693313814913
REQUEST		GET /flash-sales	1693313815055	1693313815055	KO	j.n.UnknownHostException: www.jdgeue.dcm
USER	BasicSimulation	START	1693313815055
USER	BasicSimulation	END	1693313815055
REQUEST		GET /flash-sales	1693313815197	1693313815197	KO	j.n.UnknownHostException: www.jdgeue.dcm
USER	BasicSimulation	START	1693313815197
USER	BasicSimulation	END	1693313815197
REQUEST		GET /flash-sales	1693313815340	1693313815340	KO	j.n.UnknownHostException: www.jdgeue.dcm
USER	BasicSimulation	START	1693313815340
USER	BasicSimulation	END	1693313815340
REQUEST		GET /flash-sales	1693313815483	1693313815483	KO	j.n.UnknownHostException: www.jdgeue.dcm
USER	BasicSimulation	START	1693313815484
USER	BasicSimulation	END	1693313815484
REQUEST		GET /flash-sales	1693313815628	1693313815628	KO	j.n.UnknownHostException: www.jdgeue.dcm
USER	BasicSimulation	END	1693313815628
USER	BasicSimulation	START	1693313815628
REQUEST		GET /flash-sales	1693313815770	1693313815770	KO	j.n.UnknownHostException: www.jdgeue.dcm
USER	BasicSimulation	START	1693313815770
USER	BasicSimulation	END	1693313815770
REQUEST		GET /flash-sales	1693313815913	1693313815914	KO	j.n.UnknownHostException: www.jdgeue.dcm
USER	BasicSimulation	START	1693313815914
USER	BasicSimulation	END	1693313815914
REQUEST		GET /flash-sales	1693313816057	1693313816057	KO	j.n.UnknownHostException: www.jdgeue.dcm
USER	BasicSimulation	START	1693313816057
USER	BasicSimulation	END	1693313816058
REQUEST		GET /flash-sales	1693313816199	1693313816199	KO	j.n.UnknownHostException: www.jdgeue.dcm
USER	BasicSimulation	START	1693313816199
USER	BasicSimulation	END	1693313816199
REQUEST		GET /flash-sales	1693313816338	1693313816338	KO	j.n.UnknownHostException: www.jdgeue.dcm
USER	BasicSimulation	START	1693313816338
USER	BasicSimulation	END	1693313816338
REQUEST		GET /flash-sales	1693313816481	1693313816481	KO	j.n.UnknownHostException: www.jdgeue.dcm
USER	BasicSimulation	START	1693313816481
USER	BasicSimulation	END	1693313816481
REQUEST		GET /flash-sales	1693313816623	1693313816623	KO	j.n.UnknownHostException: www.jdgeue.dcm
USER	BasicSimulation	START	1693313816623
USER	BasicSimulation	END	1693313816623
REQUEST		GET /flash-sales	1693313816766	1693313816766	KO	j.n.UnknownHostException: www.jdgeue.dcm
USER	BasicSimulation	END	1693313816766
USER	BasicSimulation	START	1693313816766
