RUN	com.machinestalk.geenerateclass.MachinesTalk	machinestalk	1693404547006	 	3.9.5
USER	string	START	1693404557751
USER	string	START	1693404557751
USER	string	START	1693404557750
USER	string	START	1693404557750
USER	string	START	1693404557751
USER	string	START	1693404557751
USER	string	START	1693404557751
USER	string	START	1693404557751
USER	string	START	1693404557751
USER	string	START	1693404557751
USER	string	START	1693404557751
USER	string	START	1693404557751
USER	string	START	1693404557751
USER	string	START	1693404557751
USER	string	START	1693404557751
USER	string	START	1693404557751
USER	string	START	1693404557751
USER	string	START	1693404557751
USER	string	START	1693404557751
USER	string	START	1693404557751
USER	string	START	1693404557751
REQUEST		string	1693404557746	1693404557807	OK	 
REQUEST		string	1693404557745	1693404557825	OK	 
REQUEST		string	1693404557745	1693404557813	OK	 
REQUEST		string	1693404557745	1693404557817	OK	 
REQUEST		string	1693404557746	1693404557813	OK	 
REQUEST		string	1693404557745	1693404557827	OK	 
REQUEST		string	1693404557745	1693404557829	OK	 
REQUEST		string	1693404557746	1693404557823	OK	 
REQUEST		string	1693404557746	1693404557831	OK	 
REQUEST		string	1693404557746	1693404557833	OK	 
REQUEST		string	1693404557745	1693404557834	OK	 
REQUEST		string	1693404557745	1693404557836	OK	 
REQUEST		string	1693404557745	1693404557837	OK	 
REQUEST		string	1693404557746	1693404557847	OK	 
REQUEST		string	1693404557746	1693404557847	OK	 
REQUEST		string	1693404557745	1693404557848	OK	 
REQUEST		string	1693404557746	1693404557848	OK	 
REQUEST		string	1693404557746	1693404557848	OK	 
REQUEST		string Redirect 1	1693404557831	1693404557857	OK	 
USER	string	END	1693404557864
REQUEST		string Redirect 1	1693404557831	1693404557865	OK	 
USER	string	END	1693404557866
REQUEST		string Redirect 1	1693404557831	1693404557868	OK	 
USER	string	END	1693404557868
REQUEST		string Redirect 1	1693404557831	1693404557875	OK	 
USER	string	END	1693404557876
REQUEST		string Redirect 1	1693404557831	1693404557876	OK	 
USER	string	END	1693404557876
REQUEST		string Redirect 1	1693404557831	1693404557878	OK	 
USER	string	END	1693404557879
REQUEST		string Redirect 1	1693404557831	1693404557884	OK	 
USER	string	END	1693404557885
REQUEST		string Redirect 1	1693404557832	1693404557885	OK	 
USER	string	END	1693404557886
REQUEST		string Redirect 1	1693404557833	1693404557887	OK	 
USER	string	END	1693404557887
REQUEST		string Redirect 1	1693404557838	1693404557895	OK	 
USER	string	END	1693404557896
REQUEST		string Redirect 1	1693404557847	1693404557896	OK	 
USER	string	END	1693404557897
REQUEST		string Redirect 1	1693404557847	1693404557898	OK	 
USER	string	END	1693404557899
REQUEST		string Redirect 1	1693404557848	1693404557902	OK	 
USER	string	END	1693404557903
REQUEST		string	1693404557745	1693404558033	OK	 
REQUEST		string	1693404557745	1693404558033	OK	 
REQUEST		string Redirect 1	1693404558033	1693404558055	OK	 
USER	string	END	1693404558056
REQUEST		string Redirect 1	1693404558033	1693404558057	OK	 
USER	string	END	1693404558058
REQUEST		string	1693404557746	1693404558834	OK	 
REQUEST		string Redirect 1	1693404557831	1693404558848	OK	 
USER	string	END	1693404558851
REQUEST		string Redirect 1	1693404558835	1693404558855	OK	 
REQUEST		string Redirect 1	1693404557834	1693404558855	OK	 
USER	string	END	1693404558856
USER	string	END	1693404558856
REQUEST		string Redirect 1	1693404557837	1693404558859	OK	 
USER	string	END	1693404558860
REQUEST		string Redirect 1	1693404557848	1693404558864	OK	 
USER	string	END	1693404558865
REQUEST		string Redirect 1	1693404557848	1693404558865	OK	 
USER	string	END	1693404558866
USER	string	START	1693404559681
REQUEST		string	1693404559679	1693404559740	OK	 
REQUEST		string Redirect 1	1693404559741	1693404559756	OK	 
USER	string	END	1693404559757
USER	string	START	1693404561673
REQUEST		string	1693404561671	1693404561727	OK	 
REQUEST		string Redirect 1	1693404561727	1693404561743	OK	 
USER	string	END	1693404561744
USER	string	START	1693404563678
REQUEST		string	1693404563677	1693404563725	OK	 
REQUEST		string Redirect 1	1693404563726	1693404563750	OK	 
USER	string	END	1693404563752
USER	string	START	1693404565671
REQUEST		string	1693404565671	1693404565739	OK	 
REQUEST		string Redirect 1	1693404565740	1693404565756	OK	 
USER	string	END	1693404565758
USER	string	START	1693404567680
REQUEST		string	1693404567679	1693404567741	OK	 
REQUEST		string Redirect 1	1693404567742	1693404567760	OK	 
USER	string	END	1693404567763
USER	string	START	1693404567926
REQUEST		string	1693404567925	1693404567971	OK	 
REQUEST		string Redirect 1	1693404567972	1693404567985	OK	 
USER	string	END	1693404567986
USER	string	START	1693404568176
REQUEST		string	1693404568175	1693404568227	OK	 
REQUEST		string Redirect 1	1693404568227	1693404568239	OK	 
USER	string	END	1693404568239
USER	string	START	1693404568425
REQUEST		string	1693404568424	1693404568485	OK	 
REQUEST		string Redirect 1	1693404568485	1693404568500	OK	 
USER	string	END	1693404568502
USER	string	START	1693404568675
REQUEST		string	1693404568674	1693404568743	OK	 
REQUEST		string Redirect 1	1693404568744	1693404568764	OK	 
USER	string	END	1693404568765
USER	string	START	1693404568924
REQUEST		string	1693404568923	1693404568966	OK	 
REQUEST		string Redirect 1	1693404568967	1693404568987	OK	 
USER	string	END	1693404568987
USER	string	START	1693404569170
REQUEST		string	1693404569169	1693404569219	OK	 
REQUEST		string Redirect 1	1693404569220	1693404569237	OK	 
USER	string	END	1693404569239
USER	string	START	1693404569431
REQUEST		string	1693404569429	1693404569496	OK	 
REQUEST		string Redirect 1	1693404569497	1693404569520	OK	 
USER	string	END	1693404569521
USER	string	START	1693404569672
REQUEST		string	1693404569671	1693404569731	OK	 
REQUEST		string Redirect 1	1693404569732	1693404569746	OK	 
USER	string	END	1693404569747
USER	string	START	1693404569922
REQUEST		string	1693404569921	1693404569964	OK	 
REQUEST		string Redirect 1	1693404569965	1693404569975	OK	 
USER	string	END	1693404569976
USER	string	START	1693404570169
REQUEST		string	1693404570168	1693404570219	OK	 
REQUEST		string Redirect 1	1693404570220	1693404570235	OK	 
USER	string	END	1693404570238
USER	string	START	1693404570434
REQUEST		string	1693404570432	1693404570493	OK	 
REQUEST		string Redirect 1	1693404570495	1693404570510	OK	 
USER	string	END	1693404570513
USER	string	START	1693404570682
REQUEST		string	1693404570681	1693404570729	OK	 
REQUEST		string Redirect 1	1693404570729	1693404570744	OK	 
USER	string	END	1693404570744
USER	string	START	1693404570930
REQUEST		string	1693404570928	1693404570990	OK	 
REQUEST		string Redirect 1	1693404570990	1693404571005	OK	 
USER	string	END	1693404571007
USER	string	START	1693404571179
REQUEST		string	1693404571178	1693404571228	OK	 
REQUEST		string Redirect 1	1693404571229	1693404571241	OK	 
USER	string	END	1693404571243
USER	string	START	1693404571426
REQUEST		string	1693404571426	1693404571482	OK	 
REQUEST		string Redirect 1	1693404571483	1693404571497	OK	 
USER	string	END	1693404571498
USER	string	START	1693404571677
REQUEST		string	1693404571677	1693404571764	OK	 
REQUEST		string Redirect 1	1693404571765	1693404571779	OK	 
USER	string	END	1693404571780
USER	string	START	1693404571931
REQUEST		string	1693404571931	1693404572002	OK	 
REQUEST		string Redirect 1	1693404572003	1693404572025	OK	 
USER	string	END	1693404572026
USER	string	START	1693404572181
REQUEST		string	1693404572180	1693404572228	OK	 
REQUEST		string Redirect 1	1693404572228	1693404572246	OK	 
USER	string	END	1693404572247
USER	string	START	1693404572431
REQUEST		string	1693404572430	1693404572474	OK	 
REQUEST		string Redirect 1	1693404572474	1693404572499	OK	 
USER	string	END	1693404572499
