RUN	com.machinestalk.geenerateclass.MachinesTalk	machinestalk	1693473221069	 	3.9.5
USER	string	START	1693473221686
USER	string	START	1693473221766
REQUEST		string	1693473221685	1693473221789	OK	 
REQUEST		string	1693473221766	1693473221807	OK	 
REQUEST		string Redirect 1	1693473221805	1693473221828	OK	 
USER	string	END	1693473221840
USER	string	START	1693473221865
REQUEST		string Redirect 1	1693473221807	1693473221878	OK	 
USER	string	END	1693473221881
REQUEST		string	1693473221864	1693473221954	OK	 
USER	string	START	1693473221968
REQUEST		string Redirect 1	1693473221954	1693473221967	OK	 
USER	string	END	1693473221970
REQUEST		string	1693473221967	1693473222063	OK	 
USER	string	START	1693473222067
REQUEST		string Redirect 1	1693473222065	1693473222086	OK	 
USER	string	END	1693473222089
REQUEST		string	1693473222066	1693473222128	OK	 
REQUEST		string Redirect 1	1693473222128	1693473222143	OK	 
USER	string	END	1693473222144
USER	string	START	1693473222163
REQUEST		string	1693473222162	1693473222215	OK	 
REQUEST		string Redirect 1	1693473222215	1693473222235	OK	 
USER	string	END	1693473222237
USER	string	START	1693473222270
REQUEST		string	1693473222268	1693473222357	OK	 
USER	string	START	1693473222366
REQUEST		string Redirect 1	1693473222358	1693473222373	OK	 
USER	string	END	1693473222374
REQUEST		string	1693473222365	1693473222452	OK	 
USER	string	START	1693473222471
REQUEST		string Redirect 1	1693473222453	1693473222478	OK	 
USER	string	END	1693473222481
REQUEST		string	1693473222469	1693473222556	OK	 
USER	string	START	1693473222568
REQUEST		string Redirect 1	1693473222558	1693473222603	OK	 
USER	string	END	1693473222606
REQUEST		string	1693473222566	1693473222644	OK	 
USER	string	START	1693473222665
REQUEST		string Redirect 1	1693473222645	1693473222709	OK	 
USER	string	END	1693473222710
REQUEST		string	1693473222664	1693473222754	OK	 
USER	string	START	1693473222768
REQUEST		string Redirect 1	1693473222755	1693473222781	OK	 
USER	string	END	1693473222784
REQUEST		string	1693473222766	1693473222820	OK	 
USER	string	START	1693473222867
REQUEST		string Redirect 1	1693473222822	1693473222878	OK	 
USER	string	END	1693473222881
REQUEST		string	1693473222866	1693473222962	OK	 
USER	string	START	1693473222970
REQUEST		string Redirect 1	1693473222964	1693473222979	OK	 
USER	string	END	1693473222980
REQUEST		string	1693473222969	1693473223017	OK	 
REQUEST		string Redirect 1	1693473223017	1693473223036	OK	 
USER	string	END	1693473223038
USER	string	START	1693473223068
REQUEST		string	1693473223066	1693473223148	OK	 
REQUEST		string Redirect 1	1693473223148	1693473223163	OK	 
USER	string	END	1693473223163
USER	string	START	1693473223170
REQUEST		string	1693473223169	1693473223230	OK	 
REQUEST		string Redirect 1	1693473223230	1693473223251	OK	 
USER	string	END	1693473223253
USER	string	START	1693473223270
USER	string	START	1693473223367
REQUEST		string	1693473223268	1693473223368	OK	 
REQUEST		string Redirect 1	1693473223369	1693473223384	OK	 
USER	string	END	1693473223386
REQUEST		string	1693473223365	1693473223416	OK	 
USER	string	START	1693473223471
REQUEST		string Redirect 1	1693473223418	1693473223550	OK	 
USER	string	END	1693473223553
USER	string	START	1693473223568
REQUEST		string	1693473223470	1693473223654	OK	 
USER	string	START	1693473223670
REQUEST		string Redirect 1	1693473223655	1693473223700	OK	 
REQUEST		string	1693473223567	1693473223700	OK	 
USER	string	END	1693473223701
REQUEST		string Redirect 1	1693473223701	1693473223728	OK	 
USER	string	END	1693473223729
USER	string	START	1693473223769
REQUEST		string	1693473223670	1693473223781	OK	 
REQUEST		string Redirect 1	1693473223782	1693473223797	OK	 
USER	string	END	1693473223798
REQUEST		string	1693473223767	1693473223830	OK	 
REQUEST		string Redirect 1	1693473223831	1693473223856	OK	 
USER	string	END	1693473223858
USER	string	START	1693473223867
REQUEST		string	1693473223865	1693473223918	OK	 
REQUEST		string Redirect 1	1693473223919	1693473223936	OK	 
USER	string	END	1693473223938
USER	string	START	1693473223961
REQUEST		string	1693473223961	1693473224044	OK	 
REQUEST		string Redirect 1	1693473224045	1693473224059	OK	 
USER	string	END	1693473224060
USER	string	START	1693473224066
REQUEST		string	1693473224066	1693473224127	OK	 
USER	string	START	1693473224165
REQUEST		string Redirect 1	1693473224128	1693473224176	OK	 
USER	string	END	1693473224178
REQUEST		string	1693473224163	1693473224219	OK	 
REQUEST		string Redirect 1	1693473224221	1693473224238	OK	 
USER	string	END	1693473224241
USER	string	START	1693473224266
REQUEST		string	1693473224266	1693473224360	OK	 
USER	string	START	1693473224364
REQUEST		string Redirect 1	1693473224361	1693473224415	OK	 
USER	string	END	1693473224417
REQUEST		string	1693473224363	1693473224461	OK	 
USER	string	START	1693473224463
REQUEST		string Redirect 1	1693473224462	1693473224479	OK	 
USER	string	END	1693473224482
REQUEST		string	1693473224462	1693473224509	OK	 
REQUEST		string Redirect 1	1693473224510	1693473224561	OK	 
USER	string	END	1693473224564
USER	string	START	1693473224567
REQUEST		string	1693473224566	1693473224660	OK	 
USER	string	START	1693473224665
REQUEST		string Redirect 1	1693473224661	1693473224684	OK	 
USER	string	END	1693473224685
REQUEST		string	1693473224664	1693473224745	OK	 
REQUEST		string Redirect 1	1693473224747	1693473224761	OK	 
USER	string	START	1693473224762
USER	string	END	1693473224764
REQUEST		string	1693473224761	1693473224849	OK	 
USER	string	START	1693473224867
REQUEST		string Redirect 1	1693473224851	1693473224916	OK	 
USER	string	END	1693473224917
USER	string	START	1693473224964
REQUEST		string	1693473224865	1693473224997	OK	 
REQUEST		string Redirect 1	1693473224998	1693473225018	OK	 
USER	string	END	1693473225019
REQUEST		string	1693473224962	1693473225040	OK	 
REQUEST		string Redirect 1	1693473225041	1693473225056	OK	 
USER	string	END	1693473225058
USER	string	START	1693473225067
REQUEST		string	1693473225066	1693473225136	OK	 
REQUEST		string Redirect 1	1693473225137	1693473225155	OK	 
USER	string	END	1693473225157
USER	string	START	1693473225164
REQUEST		string	1693473225163	1693473225231	OK	 
REQUEST		string Redirect 1	1693473225232	1693473225260	OK	 
USER	string	END	1693473225262
USER	string	START	1693473225262
REQUEST		string	1693473225261	1693473225358	OK	 
USER	string	START	1693473225365
REQUEST		string Redirect 1	1693473225358	1693473225400	OK	 
USER	string	END	1693473225402
REQUEST		string	1693473225364	1693473225433	OK	 
REQUEST		string Redirect 1	1693473225434	1693473225448	OK	 
USER	string	END	1693473225450
USER	string	START	1693473225463
USER	string	START	1693473225567
REQUEST		string	1693473225462	1693473225594	OK	 
REQUEST		string Redirect 1	1693473225596	1693473225616	OK	 
USER	string	END	1693473225619
REQUEST		string	1693473225566	1693473225630	OK	 
REQUEST		string Redirect 1	1693473225631	1693473225672	OK	 
USER	string	END	1693473225674
USER	string	START	1693473225680
USER	string	START	1693473225761
REQUEST		string	1693473225679	1693473225764	OK	 
REQUEST		string Redirect 1	1693473225765	1693473225780	OK	 
USER	string	END	1693473225782
USER	string	START	1693473225866
REQUEST		string	1693473225760	1693473225872	OK	 
REQUEST		string Redirect 1	1693473225874	1693473225895	OK	 
USER	string	END	1693473225897
REQUEST		string	1693473225865	1693473225961	OK	 
USER	string	START	1693473225963
REQUEST		string Redirect 1	1693473225962	1693473225997	OK	 
USER	string	END	1693473226000
USER	string	START	1693473226065
REQUEST		string	1693473225962	1693473226112	OK	 
REQUEST		string Redirect 1	1693473226113	1693473226132	OK	 
USER	string	END	1693473226133
REQUEST		string	1693473226065	1693473226148	OK	 
USER	string	START	1693473226165
REQUEST		string Redirect 1	1693473226149	1693473226168	OK	 
USER	string	END	1693473226170
REQUEST		string	1693473226163	1693473226252	OK	 
USER	string	START	1693473226268
REQUEST		string Redirect 1	1693473226253	1693473226297	OK	 
USER	string	END	1693473226299
REQUEST		string	1693473226267	1693473226339	OK	 
USER	string	START	1693473226364
REQUEST		string Redirect 1	1693473226341	1693473226395	OK	 
USER	string	END	1693473226396
USER	string	START	1693473226469
REQUEST		string	1693473226363	1693473226546	OK	 
USER	string	START	1693473226565
REQUEST		string Redirect 1	1693473226547	1693473226617	OK	 
USER	string	END	1693473226617
REQUEST		string	1693473226468	1693473226629	OK	 
REQUEST		string Redirect 1	1693473226629	1693473226649	OK	 
REQUEST		string	1693473226564	1693473226649	OK	 
USER	string	END	1693473226650
REQUEST		string Redirect 1	1693473226650	1693473226700	OK	 
USER	string	END	1693473226702
