RUN	com.machinestalk.geenerateclass.MachinesTalk	machinestalk	1693343506033	 	3.9.5
USER	string	START	1693343507057
USER	string	START	1693343507115
USER	string	START	1693343507207
REQUEST		string	1693343507055	1693343507225	OK	 
REQUEST		string	1693343507114	1693343507260	OK	 
USER	string	START	1693343507286
REQUEST		string Redirect 1	1693343507246	1693343507304	OK	 
USER	string	END	1693343507316
USER	string	START	1693343507318
REQUEST		string Redirect 1	1693343507260	1693343507321	OK	 
USER	string	END	1693343507322
USER	string	START	1693343507326
REQUEST		string	1693343507207	1693343507338	OK	 
USER	string	START	1693343507362
REQUEST		string Redirect 1	1693343507338	1693343507426	OK	 
REQUEST		string	1693343507285	1693343507426	OK	 
USER	string	END	1693343507427
USER	string	START	1693343507428
USER	string	START	1693343507455
USER	string	START	1693343507532
REQUEST		string Redirect 1	1693343507426	1693343507535	OK	 
USER	string	END	1693343507536
USER	string	START	1693343507537
REQUEST		string	1693343507317	1693343507582	OK	 
REQUEST		string	1693343507325	1693343507582	OK	 
REQUEST		string	1693343507361	1693343507593	OK	 
USER	string	START	1693343507625
USER	string	START	1693343507702
REQUEST		string Redirect 1	1693343507582	1693343507718	OK	 
USER	string	END	1693343507719
USER	string	START	1693343507721
REQUEST		string Redirect 1	1693343507582	1693343507724	OK	 
USER	string	END	1693343507725
REQUEST		string Redirect 1	1693343507593	1693343507729	OK	 
USER	string	START	1693343507729
USER	string	END	1693343507730
USER	string	START	1693343507731
REQUEST		string	1693343507428	1693343507738	OK	 
REQUEST		string	1693343507454	1693343507742	OK	 
USER	string	START	1693343507795
REQUEST		string	1693343507532	1693343507802	OK	 
REQUEST		string Redirect 1	1693343507743	1693343507808	OK	 
USER	string	END	1693343507809
USER	string	START	1693343507811
REQUEST		string Redirect 1	1693343507739	1693343507815	OK	 
REQUEST		string	1693343507537	1693343507815	OK	 
USER	string	END	1693343507816
USER	string	START	1693343507817
REQUEST		string	1693343507624	1693343507829	OK	 
REQUEST		string	1693343507701	1693343507848	OK	 
REQUEST		string Redirect 1	1693343507804	1693343507848	OK	 
USER	string	END	1693343507849
USER	string	START	1693343507850
REQUEST		string Redirect 1	1693343507815	1693343507857	OK	 
USER	string	END	1693343507858
REQUEST		string	1693343507720	1693343507858	OK	 
USER	string	START	1693343507859
REQUEST		string	1693343507728	1693343507860	OK	 
REQUEST		string	1693343507731	1693343507866	OK	 
USER	string	START	1693343507871
REQUEST		string Redirect 1	1693343507830	1693343507872	OK	 
USER	string	END	1693343507873
USER	string	START	1693343507874
REQUEST		string Redirect 1	1693343507848	1693343507884	OK	 
USER	string	END	1693343507885
USER	string	START	1693343507886
REQUEST		string Redirect 1	1693343507858	1693343507908	OK	 
USER	string	END	1693343507909
USER	string	START	1693343507910
REQUEST		string Redirect 1	1693343507867	1693343507916	OK	 
USER	string	END	1693343507917
USER	string	START	1693343507918
REQUEST		string Redirect 1	1693343507861	1693343507921	OK	 
USER	string	END	1693343507921
REQUEST		string	1693343507794	1693343507922	OK	 
USER	string	START	1693343507922
REQUEST		string	1693343507817	1693343507932	OK	 
REQUEST		string	1693343507810	1693343507941	OK	 
USER	string	START	1693343507949
REQUEST		string Redirect 1	1693343507922	1693343507968	OK	 
USER	string	END	1693343507969
USER	string	START	1693343507970
REQUEST		string	1693343507850	1693343507973	OK	 
REQUEST		string Redirect 1	1693343507933	1693343507977	OK	 
USER	string	END	1693343507978
USER	string	START	1693343507979
REQUEST		string	1693343507859	1693343507981	OK	 
REQUEST		string Redirect 1	1693343507942	1693343507989	OK	 
USER	string	END	1693343507990
USER	string	START	1693343507991
REQUEST		string	1693343507871	1693343508001	OK	 
REQUEST		string	1693343507874	1693343508022	OK	 
REQUEST		string	1693343507885	1693343508023	OK	 
USER	string	START	1693343508027
REQUEST		string Redirect 1	1693343507974	1693343508032	OK	 
USER	string	END	1693343508033
USER	string	START	1693343508034
REQUEST		string Redirect 1	1693343507982	1693343508051	OK	 
USER	string	END	1693343508052
REQUEST		string Redirect 1	1693343508002	1693343508052	OK	 
REQUEST		string	1693343507918	1693343508052	OK	 
USER	string	START	1693343508052
USER	string	END	1693343508053
USER	string	START	1693343508053
REQUEST		string	1693343507909	1693343508057	OK	 
REQUEST		string	1693343507922	1693343508063	OK	 
REQUEST		string Redirect 1	1693343508024	1693343508079	OK	 
USER	string	END	1693343508080
REQUEST		string Redirect 1	1693343508023	1693343508081	OK	 
USER	string	START	1693343508081
USER	string	END	1693343508082
USER	string	START	1693343508082
REQUEST		string	1693343507949	1693343508083	OK	 
REQUEST		string Redirect 1	1693343508052	1693343508105	OK	 
USER	string	END	1693343508106
USER	string	START	1693343508107
REQUEST		string Redirect 1	1693343508057	1693343508111	OK	 
USER	string	END	1693343508112
USER	string	START	1693343508113
REQUEST		string	1693343507969	1693343508118	OK	 
REQUEST		string Redirect 1	1693343508064	1693343508122	OK	 
USER	string	END	1693343508123
USER	string	START	1693343508124
REQUEST		string Redirect 1	1693343508083	1693343508157	OK	 
USER	string	END	1693343508158
USER	string	START	1693343508159
REQUEST		string	1693343507991	1693343508177	OK	 
REQUEST		string	1693343507978	1693343508179	OK	 
REQUEST		string	1693343508027	1693343508192	OK	 
REQUEST		string Redirect 1	1693343508119	1693343508202	OK	 
USER	string	END	1693343508203
USER	string	START	1693343508204
REQUEST		string	1693343508034	1693343508217	OK	 
REQUEST		string Redirect 1	1693343508179	1693343508276	OK	 
REQUEST		string Redirect 1	1693343508177	1693343508276	OK	 
REQUEST		string	1693343508053	1693343508276	OK	 
USER	string	END	1693343508277
USER	string	END	1693343508277
REQUEST		string	1693343508052	1693343508277	OK	 
USER	string	START	1693343508278
USER	string	START	1693343508278
REQUEST		string Redirect 1	1693343508192	1693343508326	OK	 
REQUEST		string	1693343508081	1693343508326	OK	 
REQUEST		string	1693343508082	1693343508326	OK	 
USER	string	END	1693343508328
USER	string	START	1693343508328
REQUEST		string Redirect 1	1693343508218	1693343508328	OK	 
USER	string	END	1693343508329
USER	string	START	1693343508330
REQUEST		string Redirect 1	1693343508278	1693343508365	OK	 
REQUEST		string Redirect 1	1693343508276	1693343508365	OK	 
USER	string	END	1693343508366
USER	string	START	1693343508366
USER	string	END	1693343508366
USER	string	START	1693343508366
USER	string	START	1693343508367
REQUEST		string	1693343508107	1693343508367	OK	 
REQUEST		string	1693343508113	1693343508371	OK	 
REQUEST		string Redirect 1	1693343508327	1693343508378	OK	 
USER	string	END	1693343508379
USER	string	START	1693343508380
REQUEST		string Redirect 1	1693343508327	1693343508383	OK	 
USER	string	END	1693343508384
USER	string	START	1693343508385
REQUEST		string	1693343508123	1693343508388	OK	 
REQUEST		string	1693343508158	1693343508393	OK	 
REQUEST		string Redirect 1	1693343508367	1693343508422	OK	 
USER	string	END	1693343508423
USER	string	START	1693343508424
REQUEST		string Redirect 1	1693343508371	1693343508438	OK	 
USER	string	END	1693343508439
USER	string	START	1693343508440
REQUEST		string	1693343508203	1693343508474	OK	 
REQUEST		string Redirect 1	1693343508388	1693343508486	OK	 
USER	string	END	1693343508487
USER	string	START	1693343508487
REQUEST		string Redirect 1	1693343508394	1693343508500	OK	 
REQUEST		string	1693343508277	1693343508500	OK	 
USER	string	END	1693343508501
USER	string	START	1693343508501
REQUEST		string	1693343508277	1693343508501	OK	 
REQUEST		string Redirect 1	1693343508475	1693343508545	OK	 
USER	string	END	1693343508546
REQUEST		string	1693343508328	1693343508546	OK	 
USER	string	START	1693343508547
REQUEST		string	1693343508329	1693343508547	OK	 
REQUEST		string Redirect 1	1693343508501	1693343508565	OK	 
USER	string	END	1693343508566
USER	string	START	1693343508567
REQUEST		string Redirect 1	1693343508500	1693343508571	OK	 
REQUEST		string	1693343508365	1693343508571	OK	 
REQUEST		string	1693343508366	1693343508571	OK	 
USER	string	END	1693343508572
USER	string	START	1693343508572
REQUEST		string	1693343508366	1693343508579	OK	 
REQUEST		string	1693343508380	1693343508590	OK	 
REQUEST		string	1693343508384	1693343508591	OK	 
REQUEST		string Redirect 1	1693343508548	1693343508623	OK	 
REQUEST		string Redirect 1	1693343508547	1693343508623	OK	 
USER	string	END	1693343508624
USER	string	END	1693343508624
USER	string	START	1693343508625
USER	string	START	1693343508625
REQUEST		string Redirect 1	1693343508571	1693343508638	OK	 
USER	string	END	1693343508639
USER	string	START	1693343508640
REQUEST		string Redirect 1	1693343508571	1693343508642	OK	 
REQUEST		string	1693343508423	1693343508643	OK	 
USER	string	END	1693343508643
USER	string	START	1693343508644
REQUEST		string Redirect 1	1693343508579	1693343508647	OK	 
USER	string	END	1693343508648
USER	string	START	1693343508649
REQUEST		string	1693343508439	1693343508665	OK	 
REQUEST		string Redirect 1	1693343508591	1693343508678	OK	 
USER	string	END	1693343508679
REQUEST		string	1693343508487	1693343508680	OK	 
USER	string	START	1693343508680
REQUEST		string Redirect 1	1693343508592	1693343508690	OK	 
REQUEST		string	1693343508501	1693343508690	OK	 
USER	string	END	1693343508691
USER	string	START	1693343508691
USER	string	START	1693343508695
REQUEST		string Redirect 1	1693343508643	1693343508714	OK	 
USER	string	END	1693343508714
USER	string	START	1693343508715
REQUEST		string Redirect 1	1693343508666	1693343508730	OK	 
REQUEST		string	1693343508546	1693343508730	OK	 
USER	string	END	1693343508731
USER	string	START	1693343508732
REQUEST		string Redirect 1	1693343508680	1693343508744	OK	 
USER	string	END	1693343508745
USER	string	START	1693343508746
REQUEST		string Redirect 1	1693343508690	1693343508753	OK	 
REQUEST		string	1693343508566	1693343508753	OK	 
USER	string	END	1693343508754
USER	string	START	1693343508754
REQUEST		string	1693343508572	1693343508773	OK	 
REQUEST		string Redirect 1	1693343508731	1693343508796	OK	 
USER	string	END	1693343508797
USER	string	START	1693343508798
REQUEST		string Redirect 1	1693343508753	1693343508809	OK	 
REQUEST		string	1693343508625	1693343508809	OK	 
USER	string	END	1693343508809
USER	string	START	1693343508810
REQUEST		string	1693343508625	1693343508817	OK	 
REQUEST		string Redirect 1	1693343508774	1693343508832	OK	 
REQUEST		string	1693343508639	1693343508832	OK	 
USER	string	END	1693343508833
USER	string	START	1693343508833
REQUEST		string	1693343508643	1693343508835	OK	 
REQUEST		string	1693343508649	1693343508841	OK	 
REQUEST		string	1693343508680	1693343508853	OK	 
REQUEST		string	1693343508691	1693343508888	OK	 
REQUEST		string Redirect 1	1693343508809	1693343508901	OK	 
USER	string	END	1693343508902
USER	string	START	1693343508903
REQUEST		string Redirect 1	1693343508817	1693343508906	OK	 
USER	string	END	1693343508907
USER	string	START	1693343508907
REQUEST		string	1693343508695	1693343508907	OK	 
REQUEST		string Redirect 1	1693343508832	1693343508913	OK	 
USER	string	END	1693343508914
USER	string	START	1693343508915
REQUEST		string Redirect 1	1693343508836	1693343508921	OK	 
USER	string	END	1693343508922
USER	string	START	1693343508923
REQUEST		string Redirect 1	1693343508842	1693343508926	OK	 
USER	string	END	1693343508927
REQUEST		string	1693343508715	1693343508927	OK	 
USER	string	START	1693343508928
REQUEST		string	1693343508731	1693343508928	OK	 
REQUEST		string Redirect 1	1693343508854	1693343508938	OK	 
REQUEST		string	1693343508745	1693343508938	OK	 
USER	string	END	1693343508939
USER	string	START	1693343508939
REQUEST		string Redirect 1	1693343508889	1693343508943	OK	 
USER	string	END	1693343508944
USER	string	START	1693343508945
REQUEST		string	1693343508754	1693343508950	OK	 
REQUEST		string Redirect 1	1693343508908	1693343508968	OK	 
USER	string	END	1693343508969
USER	string	START	1693343508969
REQUEST		string Redirect 1	1693343508928	1693343508992	OK	 
USER	string	END	1693343508993
USER	string	START	1693343508993
REQUEST		string Redirect 1	1693343508929	1693343509000	OK	 
USER	string	END	1693343509001
REQUEST		string	1693343508798	1693343509002	OK	 
USER	string	START	1693343509002
REQUEST		string Redirect 1	1693343508938	1693343509009	OK	 
USER	string	END	1693343509010
USER	string	START	1693343509010
REQUEST		string	1693343508810	1693343509014	OK	 
REQUEST		string Redirect 1	1693343508951	1693343509023	OK	 
USER	string	END	1693343509024
USER	string	START	1693343509025
USER	string	START	1693343509045
REQUEST		string	1693343508833	1693343509048	OK	 
REQUEST		string Redirect 1	1693343509002	1693343509069	OK	 
USER	string	END	1693343509070
USER	string	START	1693343509071
REQUEST		string Redirect 1	1693343509015	1693343509085	OK	 
USER	string	END	1693343509086
USER	string	START	1693343509087
REQUEST		string	1693343508902	1693343509104	OK	 
REQUEST		string	1693343508907	1693343509119	OK	 
REQUEST		string	1693343508922	1693343509125	OK	 
REQUEST		string	1693343508915	1693343509130	OK	 
REQUEST		string Redirect 1	1693343509048	1693343509141	OK	 
REQUEST		string	1693343508939	1693343509141	OK	 
REQUEST		string	1693343508927	1693343509141	OK	 
USER	string	END	1693343509142
USER	string	START	1693343509142
REQUEST		string	1693343508944	1693343509145	OK	 
REQUEST		string Redirect 1	1693343509105	1693343509181	OK	 
USER	string	END	1693343509181
REQUEST		string	1693343508969	1693343509182	OK	 
USER	string	START	1693343509182
REQUEST		string	1693343508993	1693343509190	OK	 
REQUEST		string Redirect 1	1693343509126	1693343509197	OK	 
USER	string	END	1693343509197
USER	string	START	1693343509198
REQUEST		string Redirect 1	1693343509120	1693343509200	OK	 
USER	string	END	1693343509201
USER	string	START	1693343509202
REQUEST		string Redirect 1	1693343509130	1693343509208	OK	 
USER	string	END	1693343509208
USER	string	START	1693343509209
REQUEST		string	1693343509002	1693343509221	OK	 
REQUEST		string Redirect 1	1693343509141	1693343509227	OK	 
USER	string	END	1693343509228
USER	string	START	1693343509229
REQUEST		string Redirect 1	1693343509145	1693343509231	OK	 
REQUEST		string	1693343509010	1693343509231	OK	 
USER	string	END	1693343509232
USER	string	START	1693343509233
REQUEST		string Redirect 1	1693343509141	1693343509244	OK	 
REQUEST		string	1693343509044	1693343509244	OK	 
REQUEST		string	1693343509024	1693343509244	OK	 
USER	string	END	1693343509244
USER	string	START	1693343509245
REQUEST		string Redirect 1	1693343509182	1693343509248	OK	 
USER	string	END	1693343509249
USER	string	START	1693343509250
REQUEST		string Redirect 1	1693343509191	1693343509253	OK	 
USER	string	END	1693343509254
USER	string	START	1693343509254
REQUEST		string	1693343509070	1693343509259	OK	 
REQUEST		string	1693343509087	1693343509265	OK	 
REQUEST		string Redirect 1	1693343509221	1693343509274	OK	 
USER	string	END	1693343509275
USER	string	START	1693343509275
REQUEST		string Redirect 1	1693343509232	1693343509283	OK	 
USER	string	END	1693343509284
USER	string	START	1693343509284
REQUEST		string Redirect 1	1693343509244	1693343509308	OK	 
USER	string	END	1693343509309
USER	string	START	1693343509309
REQUEST		string Redirect 1	1693343509244	1693343509310	OK	 
USER	string	END	1693343509311
USER	string	START	1693343509311
REQUEST		string	1693343509142	1693343509322	OK	 
REQUEST		string Redirect 1	1693343509259	1693343509352	OK	 
USER	string	END	1693343509353
USER	string	START	1693343509354
REQUEST		string Redirect 1	1693343509265	1693343509357	OK	 
USER	string	END	1693343509358
USER	string	START	1693343509359
REQUEST		string	1693343509198	1693343509374	OK	 
REQUEST		string	1693343509182	1693343509395	OK	 
REQUEST		string Redirect 1	1693343509322	1693343509400	OK	 
USER	string	END	1693343509401
USER	string	START	1693343509401
REQUEST		string	1693343509209	1693343509401	OK	 
REQUEST		string	1693343509201	1693343509404	OK	 
REQUEST		string	1693343509228	1693343509425	OK	 
REQUEST		string	1693343509233	1693343509438	OK	 
REQUEST		string Redirect 1	1693343509375	1693343509457	OK	 
REQUEST		string	1693343509250	1693343509457	OK	 
USER	string	END	1693343509458
REQUEST		string Redirect 1	1693343509396	1693343509459	OK	 
USER	string	START	1693343509459
REQUEST		string	1693343509245	1693343509459	OK	 
USER	string	END	1693343509459
USER	string	START	1693343509460
REQUEST		string Redirect 1	1693343509402	1693343509469	OK	 
REQUEST		string	1693343509254	1693343509470	OK	 
USER	string	END	1693343509470
USER	string	START	1693343509471
REQUEST		string Redirect 1	1693343509404	1693343509483	OK	 
USER	string	END	1693343509484
USER	string	START	1693343509485
REQUEST		string	1693343509275	1693343509489	OK	 
REQUEST		string	1693343509284	1693343509491	OK	 
REQUEST		string Redirect 1	1693343509426	1693343509501	OK	 
REQUEST		string	1693343509311	1693343509501	OK	 
USER	string	END	1693343509502
USER	string	START	1693343509503
REQUEST		string Redirect 1	1693343509439	1693343509505	OK	 
USER	string	END	1693343509505
USER	string	START	1693343509506
REQUEST		string	1693343509309	1693343509511	OK	 
USER	string	START	1693343509548
REQUEST		string Redirect 1	1693343509458	1693343509554	OK	 
USER	string	END	1693343509555
USER	string	START	1693343509556
REQUEST		string Redirect 1	1693343509459	1693343509558	OK	 
REQUEST		string Redirect 1	1693343509470	1693343509558	OK	 
USER	string	END	1693343509559
USER	string	END	1693343509559
USER	string	START	1693343509560
USER	string	START	1693343509560
REQUEST		string	1693343509353	1693343509560	OK	 
REQUEST		string	1693343509359	1693343509562	OK	 
REQUEST		string Redirect 1	1693343509489	1693343509563	OK	 
USER	string	END	1693343509564
USER	string	START	1693343509565
REQUEST		string Redirect 1	1693343509502	1693343509574	OK	 
USER	string	END	1693343509575
REQUEST		string Redirect 1	1693343509491	1693343509575	OK	 
USER	string	START	1693343509576
USER	string	END	1693343509576
USER	string	START	1693343509576
REQUEST		string Redirect 1	1693343509512	1693343509579	OK	 
USER	string	END	1693343509580
USER	string	START	1693343509581
REQUEST		string	1693343509401	1693343509628	OK	 
REQUEST		string Redirect 1	1693343509561	1693343509638	OK	 
USER	string	END	1693343509639
USER	string	START	1693343509640
REQUEST		string Redirect 1	1693343509562	1693343509644	OK	 
USER	string	END	1693343509644
USER	string	START	1693343509645
REQUEST		string	1693343509460	1693343509676	OK	 
REQUEST		string	1693343509458	1693343509681	OK	 
REQUEST		string	1693343509471	1693343509687	OK	 
REQUEST		string Redirect 1	1693343509629	1693343509701	OK	 
USER	string	END	1693343509701
USER	string	START	1693343509702
REQUEST		string	1693343509484	1693343509715	OK	 
REQUEST		string	1693343509502	1693343509734	OK	 
REQUEST		string	1693343509506	1693343509743	OK	 
REQUEST		string	1693343509556	1693343509800	OK	 
REQUEST		string	1693343509547	1693343509800	OK	 
REQUEST		string Redirect 1	1693343509677	1693343509811	OK	 
USER	string	END	1693343509812
USER	string	START	1693343509812
REQUEST		string Redirect 1	1693343509682	1693343509815	OK	 
USER	string	END	1693343509816
USER	string	START	1693343509816
REQUEST		string Redirect 1	1693343509688	1693343509819	OK	 
USER	string	END	1693343509820
USER	string	START	1693343509820
REQUEST		string Redirect 1	1693343509715	1693343509828	OK	 
USER	string	END	1693343509829
USER	string	START	1693343509830
REQUEST		string	1693343509560	1693343509836	OK	 
REQUEST		string	1693343509564	1693343509844	OK	 
REQUEST		string	1693343509575	1693343509846	OK	 
REQUEST		string	1693343509560	1693343509847	OK	 
REQUEST		string Redirect 1	1693343509734	1693343509865	OK	 
USER	string	END	1693343509866
USER	string	START	1693343509867
REQUEST		string	1693343509581	1693343509868	OK	 
REQUEST		string Redirect 1	1693343509743	1693343509870	OK	 
USER	string	END	1693343509871
REQUEST		string	1693343509576	1693343509871	OK	 
USER	string	START	1693343509872
REQUEST		string Redirect 1	1693343509800	1693343509880	OK	 
USER	string	END	1693343509881
USER	string	START	1693343509882
REQUEST		string Redirect 1	1693343509800	1693343509900	OK	 
REQUEST		string	1693343509639	1693343509900	OK	 
USER	string	END	1693343509901
USER	string	START	1693343509901
REQUEST		string	1693343509645	1693343509904	OK	 
REQUEST		string Redirect 1	1693343509837	1693343509914	OK	 
USER	string	END	1693343509915
USER	string	START	1693343509915
REQUEST		string Redirect 1	1693343509845	1693343509924	OK	 
USER	string	END	1693343509925
USER	string	START	1693343509925
REQUEST		string Redirect 1	1693343509848	1693343509928	OK	 
USER	string	END	1693343509928
USER	string	START	1693343509929
REQUEST		string Redirect 1	1693343509846	1693343509935	OK	 
USER	string	END	1693343509936
USER	string	START	1693343509937
REQUEST		string Redirect 1	1693343509872	1693343509958	OK	 
REQUEST		string Redirect 1	1693343509868	1693343509958	OK	 
USER	string	END	1693343509959
USER	string	END	1693343509959
USER	string	START	1693343509959
USER	string	START	1693343509959
REQUEST		string Redirect 1	1693343509900	1693343510006	OK	 
USER	string	END	1693343510006
USER	string	START	1693343510008
USER	string	START	1693343510024
REQUEST		string Redirect 1	1693343509904	1693343510028	OK	 
USER	string	END	1693343510029
USER	string	START	1693343510030
REQUEST		string	1693343509702	1693343510029	OK	 
REQUEST		string	1693343509812	1693343510065	OK	 
REQUEST		string	1693343509816	1693343510070	OK	 
REQUEST		string	1693343509820	1693343510081	OK	 
REQUEST		string	1693343509829	1693343510086	OK	 
REQUEST		string Redirect 1	1693343510030	1693343510103	OK	 
USER	string	END	1693343510104
USER	string	START	1693343510105
REQUEST		string	1693343509871	1693343510121	OK	 
REQUEST		string Redirect 1	1693343510065	1693343510132	OK	 
USER	string	END	1693343510133
USER	string	START	1693343510134
REQUEST		string Redirect 1	1693343510070	1693343510142	OK	 
REQUEST		string	1693343509881	1693343510142	OK	 
USER	string	END	1693343510143
USER	string	START	1693343510144
REQUEST		string Redirect 1	1693343510081	1693343510153	OK	 
USER	string	END	1693343510154
USER	string	START	1693343510155
REQUEST		string Redirect 1	1693343510087	1693343510158	OK	 
USER	string	END	1693343510159
USER	string	START	1693343510160
REQUEST		string	1693343509901	1693343510189	OK	 
REQUEST		string	1693343509925	1693343510194	OK	 
REQUEST		string	1693343509929	1693343510198	OK	 
REQUEST		string	1693343509937	1693343510204	OK	 
REQUEST		string Redirect 1	1693343510121	1693343510213	OK	 
USER	string	END	1693343510214
REQUEST		string	1693343509959	1693343510214	OK	 
USER	string	START	1693343510215
REQUEST		string	1693343509959	1693343510218	OK	 
REQUEST		string Redirect 1	1693343510142	1693343510230	OK	 
USER	string	END	1693343510231
REQUEST		string	1693343510007	1693343510232	OK	 
USER	string	START	1693343510232
REQUEST		string	1693343510024	1693343510239	OK	 
REQUEST		string	1693343510029	1693343510253	OK	 
REQUEST		string Redirect 1	1693343510189	1693343510267	OK	 
USER	string	END	1693343510269
USER	string	START	1693343510270
REQUEST		string Redirect 1	1693343510194	1693343510272	OK	 
USER	string	END	1693343510273
USER	string	START	1693343510273
REQUEST		string Redirect 1	1693343510199	1693343510276	OK	 
USER	string	END	1693343510276
USER	string	START	1693343510277
REQUEST		string Redirect 1	1693343510204	1693343510281	OK	 
USER	string	END	1693343510281
USER	string	START	1693343510282
REQUEST		string Redirect 1	1693343510215	1693343510291	OK	 
USER	string	END	1693343510291
USER	string	START	1693343510292
REQUEST		string Redirect 1	1693343510218	1693343510313	OK	 
USER	string	END	1693343510314
USER	string	START	1693343510315
REQUEST		string Redirect 1	1693343510232	1693343510317	OK	 
USER	string	END	1693343510317
USER	string	START	1693343510318
REQUEST		string Redirect 1	1693343510240	1693343510320	OK	 
USER	string	END	1693343510321
USER	string	START	1693343510322
REQUEST		string Redirect 1	1693343510254	1693343510326	OK	 
REQUEST		string	1693343510104	1693343510326	OK	 
USER	string	END	1693343510326
USER	string	START	1693343510327
REQUEST		string	1693343509866	1693343510341	OK	 
REQUEST		string	1693343510133	1693343510352	OK	 
USER	string	START	1693343510360
REQUEST		string	1693343510155	1693343510394	OK	 
REQUEST		string	1693343510143	1693343510398	OK	 
REQUEST		string	1693343510159	1693343510403	OK	 
REQUEST		string Redirect 1	1693343510326	1693343510418	OK	 
USER	string	END	1693343510419
USER	string	START	1693343510420
REQUEST		string Redirect 1	1693343510342	1693343510450	OK	 
USER	string	END	1693343510451
USER	string	START	1693343510451
REQUEST		string	1693343510215	1693343510451	OK	 
REQUEST		string Redirect 1	1693343510353	1693343510458	OK	 
USER	string	END	1693343510459
USER	string	START	1693343510459
REQUEST		string	1693343510232	1693343510463	OK	 
REQUEST		string Redirect 1	1693343510399	1693343510480	OK	 
USER	string	END	1693343510481
USER	string	START	1693343510481
REQUEST		string Redirect 1	1693343510394	1693343510485	OK	 
USER	string	END	1693343510485
USER	string	START	1693343510486
REQUEST		string Redirect 1	1693343510404	1693343510497	OK	 
USER	string	END	1693343510498
USER	string	START	1693343510499
REQUEST		string	1693343510273	1693343510512	OK	 
REQUEST		string	1693343510269	1693343510512	OK	 
REQUEST		string	1693343510277	1693343510512	OK	 
REQUEST		string	1693343510282	1693343510514	OK	 
REQUEST		string Redirect 1	1693343510451	1693343510521	OK	 
USER	string	END	1693343510522
USER	string	START	1693343510523
REQUEST		string	1693343510292	1693343510530	OK	 
REQUEST		string Redirect 1	1693343510463	1693343510560	OK	 
REQUEST		string	1693343510314	1693343510560	OK	 
USER	string	END	1693343510561
USER	string	START	1693343510561
REQUEST		string	1693343510322	1693343510574	OK	 
REQUEST		string	1693343510318	1693343510578	OK	 
REQUEST		string	1693343510327	1693343510617	OK	 
REQUEST		string Redirect 1	1693343510512	1693343510619	OK	 
USER	string	END	1693343510619
USER	string	START	1693343510620
REQUEST		string Redirect 1	1693343510512	1693343510622	OK	 
USER	string	END	1693343510623
USER	string	START	1693343510624
REQUEST		string Redirect 1	1693343510512	1693343510630	OK	 
USER	string	END	1693343510631
USER	string	START	1693343510632
REQUEST		string Redirect 1	1693343510514	1693343510632	OK	 
USER	string	END	1693343510633
USER	string	START	1693343510633
REQUEST		string	1693343510360	1693343510645	OK	 
REQUEST		string Redirect 1	1693343510560	1693343510655	OK	 
USER	string	END	1693343510655
USER	string	START	1693343510656
REQUEST		string Redirect 1	1693343510531	1693343510664	OK	 
USER	string	END	1693343510665
USER	string	START	1693343510666
REQUEST		string Redirect 1	1693343510575	1693343510681	OK	 
USER	string	END	1693343510682
USER	string	START	1693343510683
REQUEST		string Redirect 1	1693343510578	1693343510684	OK	 
REQUEST		string	1693343510419	1693343510684	OK	 
USER	string	END	1693343510684
USER	string	START	1693343510685
REQUEST		string Redirect 1	1693343510618	1693343510690	OK	 
USER	string	END	1693343510691
USER	string	START	1693343510692
REQUEST		string	1693343510451	1693343510691	OK	 
USER	string	START	1693343510699
REQUEST		string	1693343510459	1693343510715	OK	 
REQUEST		string Redirect 1	1693343510645	1693343510736	OK	 
REQUEST		string	1693343510481	1693343510736	OK	 
USER	string	END	1693343510737
USER	string	START	1693343510737
REQUEST		string	1693343510486	1693343510740	OK	 
REQUEST		string	1693343510498	1693343510746	OK	 
REQUEST		string Redirect 1	1693343510684	1693343510761	OK	 
USER	string	END	1693343510762
USER	string	START	1693343510762
REQUEST		string Redirect 1	1693343510692	1693343510778	OK	 
USER	string	END	1693343510779
USER	string	START	1693343510780
REQUEST		string	1693343510523	1693343510796	OK	 
REQUEST		string Redirect 1	1693343510715	1693343510801	OK	 
REQUEST		string	1693343510561	1693343510801	OK	 
USER	string	END	1693343510801
USER	string	START	1693343510802
REQUEST		string Redirect 1	1693343510736	1693343510827	OK	 
USER	string	END	1693343510828
USER	string	START	1693343510829
REQUEST		string Redirect 1	1693343510740	1693343510836	OK	 
USER	string	END	1693343510837
USER	string	START	1693343510838
REQUEST		string Redirect 1	1693343510746	1693343510840	OK	 
USER	string	END	1693343510840
USER	string	START	1693343510841
REQUEST		string	1693343510623	1693343510858	OK	 
REQUEST		string	1693343510619	1693343510873	OK	 
REQUEST		string	1693343510631	1693343510873	OK	 
REQUEST		string	1693343510633	1693343510881	OK	 
REQUEST		string Redirect 1	1693343510796	1693343510886	OK	 
USER	string	END	1693343510887
USER	string	START	1693343510887
REQUEST		string Redirect 1	1693343510801	1693343510893	OK	 
REQUEST		string	1693343510656	1693343510893	OK	 
USER	string	END	1693343510893
USER	string	START	1693343510894
REQUEST		string	1693343510665	1693343510915	OK	 
REQUEST		string	1693343510682	1693343510919	OK	 
REQUEST		string	1693343510685	1693343510928	OK	 
REQUEST		string	1693343510691	1693343510931	OK	 
REQUEST		string Redirect 1	1693343510858	1693343510940	OK	 
USER	string	END	1693343510941
USER	string	START	1693343510942
REQUEST		string	1693343510698	1693343510949	OK	 
REQUEST		string Redirect 1	1693343510873	1693343510955	OK	 
USER	string	END	1693343510955
USER	string	START	1693343510956
REQUEST		string Redirect 1	1693343510874	1693343510959	OK	 
USER	string	END	1693343510960
USER	string	START	1693343510961
REQUEST		string Redirect 1	1693343510881	1693343510968	OK	 
USER	string	END	1693343510968
USER	string	START	1693343510969
REQUEST		string Redirect 1	1693343510893	1693343510972	OK	 
USER	string	END	1693343510972
USER	string	START	1693343510973
REQUEST		string	1693343510737	1693343510979	OK	 
REQUEST		string Redirect 1	1693343510915	1693343510984	OK	 
USER	string	END	1693343510985
USER	string	START	1693343510986
REQUEST		string Redirect 1	1693343510920	1693343510997	OK	 
USER	string	END	1693343510998
USER	string	START	1693343510998
REQUEST		string	1693343510762	1693343511000	OK	 
REQUEST		string Redirect 1	1693343510929	1693343511010	OK	 
USER	string	END	1693343511010
USER	string	START	1693343511011
REQUEST		string Redirect 1	1693343510932	1693343511016	OK	 
REQUEST		string	1693343510779	1693343511016	OK	 
USER	string	END	1693343511017
USER	string	START	1693343511017
REQUEST		string Redirect 1	1693343510949	1693343511019	OK	 
USER	string	END	1693343511020
REQUEST		string	1693343510802	1693343511034	OK	 
REQUEST		string	1693343510828	1693343511056	OK	 
REQUEST		string Redirect 1	1693343510980	1693343511064	OK	 
USER	string	END	1693343511064
REQUEST		string	1693343510837	1693343511070	OK	 
REQUEST		string	1693343510841	1693343511071	OK	 
REQUEST		string Redirect 1	1693343511000	1693343511090	OK	 
USER	string	END	1693343511091
REQUEST		string Redirect 1	1693343511016	1693343511102	OK	 
USER	string	END	1693343511103
REQUEST		string Redirect 1	1693343511035	1693343511125	OK	 
USER	string	END	1693343511126
REQUEST		string	1693343510887	1693343511126	OK	 
REQUEST		string	1693343510894	1693343511141	OK	 
REQUEST		string Redirect 1	1693343511056	1693343511148	OK	 
USER	string	END	1693343511149
REQUEST		string Redirect 1	1693343511070	1693343511167	OK	 
USER	string	END	1693343511168
REQUEST		string Redirect 1	1693343511072	1693343511176	OK	 
USER	string	END	1693343511177
REQUEST		string	1693343509915	1693343511177	OK	 
REQUEST		string	1693343510941	1693343511186	OK	 
REQUEST		string	1693343510956	1693343511205	OK	 
REQUEST		string	1693343510961	1693343511212	OK	 
REQUEST		string Redirect 1	1693343511126	1693343511231	OK	 
USER	string	END	1693343511231
REQUEST		string	1693343510969	1693343511232	OK	 
REQUEST		string Redirect 1	1693343511141	1693343511237	OK	 
USER	string	END	1693343511237
REQUEST		string	1693343510973	1693343511241	OK	 
REQUEST		string	1693343510985	1693343511244	OK	 
REQUEST		string	1693343510998	1693343511266	OK	 
REQUEST		string Redirect 1	1693343511178	1693343511276	OK	 
USER	string	END	1693343511277
REQUEST		string Redirect 1	1693343511187	1693343511283	OK	 
USER	string	END	1693343511284
REQUEST		string	1693343511011	1693343511284	OK	 
REQUEST		string Redirect 1	1693343511205	1693343511289	OK	 
USER	string	END	1693343511289
REQUEST		string	1693343511017	1693343511290	OK	 
REQUEST		string Redirect 1	1693343511213	1693343511294	OK	 
USER	string	END	1693343511294
REQUEST		string Redirect 1	1693343511232	1693343511299	OK	 
USER	string	END	1693343511300
REQUEST		string Redirect 1	1693343511241	1693343511310	OK	 
USER	string	END	1693343511311
REQUEST		string Redirect 1	1693343511245	1693343511313	OK	 
USER	string	END	1693343511314
REQUEST		string Redirect 1	1693343511267	1693343511320	OK	 
USER	string	END	1693343511321
REQUEST		string Redirect 1	1693343511285	1693343511332	OK	 
USER	string	END	1693343511332
REQUEST		string Redirect 1	1693343511290	1693343511339	OK	 
USER	string	END	1693343511340
