RUN	com.machinestalk.geenerateclass.MachinesTalk	machinestalk	1693392203322	 	3.9.5
USER	string	START	1693392204282
USER	string	START	1693392204355
USER	string	START	1693392204431
REQUEST		string	1693392204280	1693392204486	OK	 
USER	string	START	1693392204525
REQUEST		string	1693392204353	1693392204569	OK	 
REQUEST		string Redirect 1	1693392204501	1693392204572	OK	 
USER	string	END	1693392204585
USER	string	START	1693392204588
USER	string	START	1693392204603
REQUEST		string	1693392204430	1693392204639	OK	 
REQUEST		string Redirect 1	1693392204570	1693392204641	OK	 
USER	string	END	1693392204642
USER	string	START	1693392204644
USER	string	START	1693392204696
REQUEST		string Redirect 1	1693392204641	1693392204704	OK	 
USER	string	END	1693392204705
USER	string	START	1693392204707
REQUEST		string	1693392204524	1693392204719	OK	 
USER	string	START	1693392204775
REQUEST		string	1693392204587	1693392204781	OK	 
REQUEST		string Redirect 1	1693392204719	1693392204788	OK	 
USER	string	END	1693392204789
USER	string	START	1693392204791
REQUEST		string	1693392204602	1693392204810	OK	 
REQUEST		string	1693392204643	1693392204833	OK	 
REQUEST		string Redirect 1	1693392204781	1693392204840	OK	 
USER	string	END	1693392204842
USER	string	START	1693392204843
USER	string	START	1693392204853
REQUEST		string Redirect 1	1693392204810	1693392204862	OK	 
REQUEST		string	1693392204696	1693392204862	OK	 
USER	string	END	1693392204863
USER	string	START	1693392204864
REQUEST		string	1693392204706	1693392204865	OK	 
REQUEST		string Redirect 1	1693392204833	1693392204871	OK	 
USER	string	END	1693392204872
USER	string	START	1693392204874
REQUEST		string Redirect 1	1693392204862	1693392204892	OK	 
USER	string	END	1693392204893
USER	string	START	1693392204894
REQUEST		string	1693392204775	1693392204903	OK	 
REQUEST		string Redirect 1	1693392204865	1693392204904	OK	 
USER	string	END	1693392204905
USER	string	START	1693392204907
REQUEST		string	1693392204790	1693392204927	OK	 
USER	string	START	1693392204946
REQUEST		string Redirect 1	1693392204903	1693392204953	OK	 
USER	string	END	1693392204954
USER	string	START	1693392204956
REQUEST		string	1693392204842	1693392204960	OK	 
REQUEST		string	1693392204852	1693392204987	OK	 
REQUEST		string	1693392204864	1693392204988	OK	 
REQUEST		string Redirect 1	1693392204928	1693392204992	OK	 
USER	string	END	1693392204993
USER	string	START	1693392204994
USER	string	START	1693392205024
REQUEST		string	1693392204874	1693392205027	OK	 
REQUEST		string Redirect 1	1693392204960	1693392205032	OK	 
USER	string	END	1693392205033
USER	string	START	1693392205033
REQUEST		string Redirect 1	1693392204988	1693392205070	OK	 
REQUEST		string Redirect 1	1693392204988	1693392205070	OK	 
USER	string	END	1693392205072
USER	string	END	1693392205072
USER	string	START	1693392205073
USER	string	START	1693392205073
REQUEST		string	1693392204893	1693392205079	OK	 
REQUEST		string	1693392204906	1693392205089	OK	 
REQUEST		string Redirect 1	1693392205027	1693392205099	OK	 
USER	string	END	1693392205100
USER	string	START	1693392205100
USER	string	START	1693392205102
REQUEST		string Redirect 1	1693392205079	1693392205151	OK	 
USER	string	END	1693392205152
USER	string	START	1693392205153
REQUEST		string	1693392204945	1693392205153	OK	 
REQUEST		string	1693392204955	1693392205159	OK	 
REQUEST		string Redirect 1	1693392205090	1693392205165	OK	 
USER	string	END	1693392205166
USER	string	START	1693392205167
USER	string	START	1693392205195
REQUEST		string Redirect 1	1693392205154	1693392205261	OK	 
REQUEST		string	1693392204993	1693392205261	OK	 
USER	string	END	1693392205263
USER	string	START	1693392205263
USER	string	START	1693392205272
REQUEST		string Redirect 1	1693392205160	1693392205274	OK	 
REQUEST		string	1693392205033	1693392205274	OK	 
REQUEST		string	1693392205023	1693392205274	OK	 
USER	string	END	1693392205275
USER	string	START	1693392205276
REQUEST		string Redirect 1	1693392205262	1693392205345	OK	 
REQUEST		string	1693392205072	1693392205345	OK	 
REQUEST		string	1693392205073	1693392205345	OK	 
USER	string	END	1693392205348
REQUEST		string	1693392205100	1693392205348	OK	 
USER	string	START	1693392205350
REQUEST		string Redirect 1	1693392205275	1693392205350	OK	 
REQUEST		string Redirect 1	1693392205275	1693392205350	OK	 
REQUEST		string	1693392205101	1693392205350	OK	 
USER	string	END	1693392205351
USER	string	END	1693392205351
USER	string	START	1693392205352
USER	string	START	1693392205352
REQUEST		string Redirect 1	1693392205347	1693392205414	OK	 
REQUEST		string	1693392205166	1693392205414	OK	 
USER	string	END	1693392205415
USER	string	START	1693392205416
REQUEST		string Redirect 1	1693392205349	1693392205417	OK	 
REQUEST		string	1693392205152	1693392205417	OK	 
USER	string	END	1693392205418
USER	string	START	1693392205419
REQUEST		string Redirect 1	1693392205347	1693392205420	OK	 
USER	string	END	1693392205421
USER	string	START	1693392205421
REQUEST		string Redirect 1	1693392205350	1693392205423	OK	 
USER	string	END	1693392205423
USER	string	START	1693392205424
REQUEST		string	1693392205195	1693392205426	OK	 
REQUEST		string	1693392205272	1693392205460	OK	 
REQUEST		string	1693392205263	1693392205460	OK	 
REQUEST		string	1693392205276	1693392205473	OK	 
REQUEST		string Redirect 1	1693392205415	1693392205480	OK	 
REQUEST		string Redirect 1	1693392205418	1693392205480	OK	 
USER	string	END	1693392205480
USER	string	END	1693392205481
USER	string	START	1693392205482
USER	string	START	1693392205482
REQUEST		string Redirect 1	1693392205427	1693392205485	OK	 
USER	string	END	1693392205486
USER	string	START	1693392205486
REQUEST		string	1693392205349	1693392205503	OK	 
REQUEST		string Redirect 1	1693392205461	1693392205509	OK	 
USER	string	END	1693392205510
USER	string	START	1693392205511
REQUEST		string	1693392205351	1693392205516	OK	 
REQUEST		string Redirect 1	1693392205461	1693392205516	OK	 
USER	string	END	1693392205517
USER	string	START	1693392205518
REQUEST		string	1693392205351	1693392205531	OK	 
REQUEST		string Redirect 1	1693392205503	1693392205570	OK	 
REQUEST		string Redirect 1	1693392205474	1693392205570	OK	 
USER	string	END	1693392205571
USER	string	END	1693392205571
USER	string	START	1693392205572
USER	string	START	1693392205572
REQUEST		string Redirect 1	1693392205516	1693392205578	OK	 
USER	string	END	1693392205579
USER	string	START	1693392205580
REQUEST		string	1693392205518	1693392205767	OK	 
USER	string	START	1693392205782
REQUEST		string Redirect 1	1693392205532	1693392205829	OK	 
USER	string	END	1693392205829
USER	string	START	1693392205830
REQUEST		string	1693392205424	1693392205869	OK	 
REQUEST		string	1693392205418	1693392205888	OK	 
REQUEST		string	1693392205421	1693392205899	OK	 
REQUEST		string	1693392205415	1693392205902	OK	 
REQUEST		string	1693392205486	1693392205911	OK	 
REQUEST		string	1693392205481	1693392205914	OK	 
REQUEST		string Redirect 1	1693392205870	1693392205934	OK	 
USER	string	END	1693392205935
USER	string	START	1693392205936
REQUEST		string	1693392205510	1693392205951	OK	 
REQUEST		string Redirect 1	1693392205889	1693392205955	OK	 
USER	string	END	1693392205955
USER	string	START	1693392205956
REQUEST		string Redirect 1	1693392205899	1693392205960	OK	 
USER	string	END	1693392205960
USER	string	START	1693392205961
REQUEST		string Redirect 1	1693392205911	1693392206007	OK	 
REQUEST		string Redirect 1	1693392205915	1693392206007	OK	 
REQUEST		string	1693392205782	1693392206007	OK	 
USER	string	END	1693392206008
USER	string	END	1693392206008
USER	string	START	1693392206008
USER	string	START	1693392206008
REQUEST		string Redirect 1	1693392205952	1693392206025	OK	 
USER	string	END	1693392206025
USER	string	START	1693392206026
REQUEST		string Redirect 1	1693392206007	1693392206091	OK	 
REQUEST		string	1693392205830	1693392206091	OK	 
USER	string	END	1693392206092
USER	string	START	1693392206094
REQUEST		string Redirect 1	1693392205769	1693392206156	OK	 
REQUEST		string	1693392205571	1693392206156	OK	 
REQUEST		string	1693392205571	1693392206156	OK	 
REQUEST		string	1693392205580	1693392206156	OK	 
USER	string	END	1693392206157
USER	string	START	1693392206157
REQUEST		string	1693392205956	1693392206165	OK	 
REQUEST		string	1693392205935	1693392206168	OK	 
REQUEST		string Redirect 1	1693392206092	1693392206168	OK	 
USER	string	END	1693392206169
USER	string	START	1693392206170
REQUEST		string	1693392205481	1693392206222	OK	 
REQUEST		string Redirect 1	1693392206156	1693392206230	OK	 
USER	string	END	1693392206230
USER	string	START	1693392206231
REQUEST		string Redirect 1	1693392206156	1693392206233	OK	 
USER	string	END	1693392206233
USER	string	START	1693392206234
REQUEST		string Redirect 1	1693392206156	1693392206239	OK	 
USER	string	END	1693392206240
USER	string	START	1693392206240
REQUEST		string	1693392206008	1693392206243	OK	 
REQUEST		string	1693392205961	1693392206243	OK	 
REQUEST		string	1693392206008	1693392206252	OK	 
USER	string	START	1693392206262
REQUEST		string Redirect 1	1693392206165	1693392206267	OK	 
REQUEST		string Redirect 1	1693392206168	1693392206267	OK	 
REQUEST		string	1693392206026	1693392206267	OK	 
USER	string	END	1693392206268
USER	string	END	1693392206268
USER	string	START	1693392206268
USER	string	START	1693392206268
REQUEST		string	1693392206093	1693392206320	OK	 
REQUEST		string Redirect 1	1693392206244	1693392206324	OK	 
REQUEST		string Redirect 1	1693392206244	1693392206324	OK	 
USER	string	END	1693392206324
USER	string	END	1693392206325
USER	string	START	1693392206325
USER	string	START	1693392206325
REQUEST		string Redirect 1	1693392206252	1693392206337	OK	 
USER	string	END	1693392206338
USER	string	START	1693392206338
REQUEST		string Redirect 1	1693392206267	1693392206343	OK	 
USER	string	END	1693392206344
USER	string	START	1693392206345
REQUEST		string Redirect 1	1693392206222	1693392206386	OK	 
USER	string	END	1693392206387
USER	string	START	1693392206387
REQUEST		string Redirect 1	1693392206321	1693392206407	OK	 
REQUEST		string	1693392206169	1693392206407	OK	 
REQUEST		string	1693392206157	1693392206407	OK	 
USER	string	END	1693392206408
USER	string	START	1693392206409
REQUEST		string	1693392206240	1693392206463	OK	 
REQUEST		string Redirect 1	1693392206408	1693392206479	OK	 
USER	string	END	1693392206480
REQUEST		string	1693392206231	1693392206480	OK	 
REQUEST		string	1693392206234	1693392206480	OK	 
USER	string	START	1693392206481
REQUEST		string Redirect 1	1693392206408	1693392206481	OK	 
USER	string	END	1693392206482
USER	string	START	1693392206482
REQUEST		string	1693392206262	1693392206483	OK	 
REQUEST		string	1693392206268	1693392206485	OK	 
REQUEST		string	1693392206268	1693392206485	OK	 
REQUEST		string Redirect 1	1693392206464	1693392206512	OK	 
USER	string	END	1693392206512
USER	string	START	1693392206513
REQUEST		string Redirect 1	1693392205902	1693392206522	OK	 
USER	string	END	1693392206523
USER	string	START	1693392206524
REQUEST		string	1693392206325	1693392206525	OK	 
REQUEST		string Redirect 1	1693392206481	1693392206528	OK	 
USER	string	END	1693392206528
USER	string	START	1693392206529
REQUEST		string	1693392206344	1693392206529	OK	 
REQUEST		string Redirect 1	1693392206481	1693392206534	OK	 
USER	string	END	1693392206534
USER	string	START	1693392206535
REQUEST		string	1693392206338	1693392206538	OK	 
REQUEST		string Redirect 1	1693392206485	1693392206541	OK	 
USER	string	END	1693392206542
USER	string	START	1693392206543
REQUEST		string Redirect 1	1693392206485	1693392206543	OK	 
REQUEST		string	1693392206325	1693392206543	OK	 
USER	string	END	1693392206544
USER	string	START	1693392206545
REQUEST		string Redirect 1	1693392206483	1693392206564	OK	 
REQUEST		string Redirect 1	1693392206525	1693392206564	OK	 
REQUEST		string Redirect 1	1693392206530	1693392206564	OK	 
REQUEST		string	1693392206387	1693392206564	OK	 
REQUEST		string	1693392206409	1693392206564	OK	 
USER	string	END	1693392206564
USER	string	END	1693392206564
USER	string	END	1693392206564
USER	string	START	1693392206565
USER	string	START	1693392206565
USER	string	START	1693392206565
REQUEST		string Redirect 1	1693392206539	1693392206569	OK	 
USER	string	END	1693392206570
REQUEST		string Redirect 1	1693392206544	1693392206570	OK	 
USER	string	END	1693392206571
USER	string	START	1693392206571
USER	string	START	1693392206571
REQUEST		string	1693392206482	1693392206575	OK	 
REQUEST		string	1693392206481	1693392206611	OK	 
REQUEST		string	1693392206513	1693392206611	OK	 
REQUEST		string Redirect 1	1693392206564	1693392206612	OK	 
USER	string	END	1693392206613
USER	string	START	1693392206614
REQUEST		string Redirect 1	1693392206575	1693392206618	OK	 
REQUEST		string Redirect 1	1693392206564	1693392206619	OK	 
USER	string	END	1693392206619
USER	string	END	1693392206619
USER	string	START	1693392206620
USER	string	START	1693392206620
REQUEST		string	1693392206524	1693392206622	OK	 
REQUEST		string	1693392206535	1693392206651	OK	 
REQUEST		string	1693392206528	1693392206657	OK	 
REQUEST		string	1693392206542	1693392206663	OK	 
REQUEST		string Redirect 1	1693392206611	1693392206668	OK	 
USER	string	END	1693392206668
USER	string	START	1693392206669
REQUEST		string	1693392206544	1693392206673	OK	 
REQUEST		string Redirect 1	1693392206611	1693392206675	OK	 
USER	string	END	1693392206676
REQUEST		string Redirect 1	1693392206622	1693392206676	OK	 
USER	string	START	1693392206677
USER	string	END	1693392206677
USER	string	START	1693392206677
REQUEST		string Redirect 1	1693392206652	1693392206727	OK	 
REQUEST		string	1693392206565	1693392206727	OK	 
REQUEST		string	1693392206565	1693392206727	OK	 
REQUEST		string	1693392206571	1693392206727	OK	 
REQUEST		string	1693392206571	1693392206727	OK	 
REQUEST		string	1693392206565	1693392206727	OK	 
REQUEST		string Redirect 1	1693392206663	1693392206727	OK	 
USER	string	END	1693392206728
USER	string	END	1693392206728
USER	string	START	1693392206729
USER	string	START	1693392206729
REQUEST		string Redirect 1	1693392206657	1693392206732	OK	 
REQUEST		string Redirect 1	1693392206674	1693392206732	OK	 
USER	string	END	1693392206732
USER	string	END	1693392206733
USER	string	START	1693392206733
USER	string	START	1693392206733
USER	string	START	1693392206775
REQUEST		string Redirect 1	1693392206727	1693392206795	OK	 
REQUEST		string Redirect 1	1693392206727	1693392206795	OK	 
USER	string	END	1693392206796
USER	string	END	1693392206796
USER	string	START	1693392206796
USER	string	START	1693392206796
REQUEST		string Redirect 1	1693392206727	1693392206798	OK	 
USER	string	END	1693392206799
USER	string	START	1693392206799
REQUEST		string Redirect 1	1693392206727	1693392206806	OK	 
REQUEST		string	1693392206613	1693392206806	OK	 
REQUEST		string	1693392206620	1693392206806	OK	 
USER	string	END	1693392206807
USER	string	START	1693392206807
REQUEST		string Redirect 1	1693392206727	1693392206811	OK	 
REQUEST		string	1693392206619	1693392206811	OK	 
USER	string	END	1693392206811
USER	string	START	1693392206812
REQUEST		string	1693392206677	1693392206865	OK	 
REQUEST		string	1693392206676	1693392206865	OK	 
REQUEST		string	1693392206669	1693392206865	OK	 
REQUEST		string Redirect 1	1693392206807	1693392206870	OK	 
USER	string	END	1693392206870
USER	string	START	1693392206871
REQUEST		string Redirect 1	1693392206807	1693392206872	OK	 
USER	string	END	1693392206872
USER	string	START	1693392206873
REQUEST		string Redirect 1	1693392206811	1693392206873	OK	 
USER	string	END	1693392206874
USER	string	START	1693392206874
REQUEST		string Redirect 1	1693392206865	1693392206920	OK	 
USER	string	END	1693392206921
REQUEST		string Redirect 1	1693392206865	1693392206921	OK	 
REQUEST		string	1693392206728	1693392206921	OK	 
USER	string	END	1693392206922
USER	string	START	1693392206922
REQUEST		string	1693392206728	1693392206922	OK	 
USER	string	START	1693392206922
REQUEST		string	1693392206733	1693392206922	OK	 
REQUEST		string Redirect 1	1693392206865	1693392206923	OK	 
USER	string	END	1693392206923
USER	string	START	1693392206924
REQUEST		string	1693392206733	1693392206926	OK	 
REQUEST		string	1693392206775	1693392206952	OK	 
REQUEST		string	1693392206796	1693392206952	OK	 
REQUEST		string	1693392206796	1693392206970	OK	 
REQUEST		string	1693392206811	1693392206971	OK	 
REQUEST		string	1693392206799	1693392206971	OK	 
REQUEST		string	1693392206807	1693392206971	OK	 
REQUEST		string Redirect 1	1693392206922	1693392206979	OK	 
USER	string	END	1693392206979
USER	string	START	1693392206980
REQUEST		string Redirect 1	1693392206922	1693392206984	OK	 
USER	string	END	1693392206984
USER	string	START	1693392206985
REQUEST		string Redirect 1	1693392206923	1693392206987	OK	 
USER	string	END	1693392206988
USER	string	START	1693392206988
REQUEST		string Redirect 1	1693392206926	1693392206993	OK	 
USER	string	END	1693392206994
USER	string	START	1693392206994
REQUEST		string Redirect 1	1693392206952	1693392207013	OK	 
USER	string	END	1693392207014
USER	string	START	1693392207014
REQUEST		string	1693392206871	1693392207015	OK	 
REQUEST		string	1693392206872	1693392207017	OK	 
REQUEST		string Redirect 1	1693392206952	1693392207024	OK	 
USER	string	END	1693392207024
USER	string	START	1693392207025
REQUEST		string	1693392206874	1693392207027	OK	 
REQUEST		string Redirect 1	1693392206971	1693392207039	OK	 
USER	string	END	1693392207039
USER	string	START	1693392207040
REQUEST		string Redirect 1	1693392206971	1693392207046	OK	 
USER	string	END	1693392207046
USER	string	START	1693392207047
REQUEST		string Redirect 1	1693392206971	1693392207047	OK	 
USER	string	END	1693392207047
USER	string	START	1693392207048
REQUEST		string Redirect 1	1693392206971	1693392207048	OK	 
USER	string	END	1693392207049
USER	string	START	1693392207049
REQUEST		string Redirect 1	1693392207015	1693392207102	OK	 
USER	string	END	1693392207102
USER	string	START	1693392207103
REQUEST		string Redirect 1	1693392207018	1693392207116	OK	 
USER	string	END	1693392207116
USER	string	START	1693392207117
REQUEST		string	1693392206922	1693392207125	OK	 
REQUEST		string	1693392206921	1693392207125	OK	 
REQUEST		string Redirect 1	1693392207027	1693392207127	OK	 
USER	string	END	1693392207127
USER	string	START	1693392207128
REQUEST		string	1693392206924	1693392207128	OK	 
REQUEST		string	1693392206979	1693392207198	OK	 
REQUEST		string	1693392206984	1693392207198	OK	 
REQUEST		string Redirect 1	1693392207125	1693392207205	OK	 
USER	string	END	1693392207206
USER	string	START	1693392207206
REQUEST		string Redirect 1	1693392207125	1693392207213	OK	 
REQUEST		string Redirect 1	1693392207129	1693392207213	OK	 
REQUEST		string	1693392206988	1693392207213	OK	 
USER	string	END	1693392207213
USER	string	END	1693392207213
USER	string	START	1693392207214
USER	string	START	1693392207214
REQUEST		string	1693392206994	1693392207226	OK	 
REQUEST		string	1693392207014	1693392207249	OK	 
USER	string	START	1693392207256
REQUEST		string	1693392207025	1693392207272	OK	 
REQUEST		string	1693392207039	1693392207304	OK	 
REQUEST		string Redirect 1	1693392207199	1693392207307	OK	 
REQUEST		string Redirect 1	1693392207199	1693392207307	OK	 
REQUEST		string	1693392207046	1693392207307	OK	 
REQUEST		string	1693392207047	1693392207307	OK	 
USER	string	END	1693392207308
USER	string	END	1693392207309
USER	string	START	1693392207310
USER	string	START	1693392207310
REQUEST		string Redirect 1	1693392207213	1693392207310	OK	 
REQUEST		string	1693392207049	1693392207310	OK	 
USER	string	END	1693392207312
USER	string	START	1693392207313
REQUEST		string Redirect 1	1693392207226	1693392207317	OK	 
USER	string	END	1693392207317
USER	string	START	1693392207318
REQUEST		string Redirect 1	1693392207249	1693392207332	OK	 
USER	string	END	1693392207332
USER	string	START	1693392207333
REQUEST		string	1693392207117	1693392207386	OK	 
REQUEST		string Redirect 1	1693392207308	1693392207406	OK	 
REQUEST		string Redirect 1	1693392207273	1693392207406	OK	 
REQUEST		string Redirect 1	1693392207305	1693392207406	OK	 
REQUEST		string Redirect 1	1693392207308	1693392207406	OK	 
REQUEST		string Redirect 1	1693392207311	1693392207406	OK	 
REQUEST		string	1693392207128	1693392207406	OK	 
REQUEST		string	1693392207102	1693392207406	OK	 
USER	string	END	1693392207407
USER	string	END	1693392207407
USER	string	END	1693392207407
USER	string	END	1693392207407
USER	string	END	1693392207408
USER	string	START	1693392207408
USER	string	START	1693392207408
USER	string	START	1693392207408
USER	string	START	1693392207408
USER	string	START	1693392207408
REQUEST		string	1693392207214	1693392207465	OK	 
REQUEST		string	1693392207206	1693392207466	OK	 
REQUEST		string Redirect 1	1693392207387	1693392207471	OK	 
USER	string	END	1693392207471
USER	string	START	1693392207472
REQUEST		string	1693392207255	1693392207483	OK	 
REQUEST		string	1693392207214	1693392207484	OK	 
REQUEST		string Redirect 1	1693392207407	1693392207485	OK	 
USER	string	END	1693392207485
USER	string	START	1693392207486
REQUEST		string Redirect 1	1693392207407	1693392207487	OK	 
USER	string	END	1693392207487
USER	string	START	1693392207488
REQUEST		string Redirect 1	1693392207467	1693392207557	OK	 
REQUEST		string	1693392207312	1693392207557	OK	 
REQUEST		string	1693392207333	1693392207557	OK	 
REQUEST		string	1693392207309	1693392207558	OK	 
USER	string	END	1693392207558
REQUEST		string Redirect 1	1693392207466	1693392207557	OK	 
REQUEST		string	1693392207318	1693392207558	OK	 
USER	string	END	1693392207559
USER	string	START	1693392207559
USER	string	START	1693392207560
REQUEST		string Redirect 1	1693392207484	1693392207567	OK	 
REQUEST		string Redirect 1	1693392207484	1693392207567	OK	 
REQUEST		string	1693392207309	1693392207567	OK	 
USER	string	END	1693392207568
USER	string	END	1693392207568
USER	string	START	1693392207569
USER	string	START	1693392207569
REQUEST		string	1693392207408	1693392207644	OK	 
REQUEST		string Redirect 1	1693392207559	1693392207644	OK	 
USER	string	END	1693392207646
REQUEST		string Redirect 1	1693392207558	1693392207645	OK	 
USER	string	END	1693392207646
USER	string	START	1693392207646
USER	string	START	1693392207647
REQUEST		string Redirect 1	1693392207568	1693392207649	OK	 
REQUEST		string	1693392207408	1693392207649	OK	 
USER	string	END	1693392207650
USER	string	START	1693392207650
REQUEST		string	1693392207408	1693392207652	OK	 
REQUEST		string	1693392207408	1693392207656	OK	 
REQUEST		string Redirect 1	1693392207558	1693392207658	OK	 
USER	string	END	1693392207658
USER	string	START	1693392207659
REQUEST		string	1693392207408	1693392207661	OK	 
REQUEST		string Redirect 1	1693392207558	1693392207662	OK	 
USER	string	END	1693392207663
USER	string	START	1693392207664
REQUEST		string	1693392207472	1693392207719	OK	 
REQUEST		string Redirect 1	1693392207645	1693392207727	OK	 
REQUEST		string	1693392207488	1693392207727	OK	 
USER	string	END	1693392207727
REQUEST		string	1693392207486	1693392207728	OK	 
USER	string	START	1693392207728
REQUEST		string Redirect 1	1693392207657	1693392207741	OK	 
REQUEST		string Redirect 1	1693392207649	1693392207741	OK	 
REQUEST		string Redirect 1	1693392207662	1693392207741	OK	 
REQUEST		string Redirect 1	1693392207652	1693392207741	OK	 
USER	string	END	1693392207741
USER	string	END	1693392207741
USER	string	END	1693392207741
USER	string	END	1693392207741
USER	string	START	1693392207742
USER	string	START	1693392207742
USER	string	START	1693392207742
USER	string	START	1693392207742
USER	string	START	1693392207766
REQUEST		string	1693392207569	1693392207772	OK	 
REQUEST		string	1693392207569	1693392207795	OK	 
REQUEST		string	1693392207559	1693392207795	OK	 
REQUEST		string	1693392207559	1693392207795	OK	 
REQUEST		string Redirect 1	1693392207720	1693392207799	OK	 
USER	string	END	1693392207800
USER	string	START	1693392207800
REQUEST		string Redirect 1	1693392207727	1693392207806	OK	 
REQUEST		string Redirect 1	1693392207728	1693392207806	OK	 
USER	string	END	1693392207806
USER	string	END	1693392207806
USER	string	START	1693392207807
USER	string	START	1693392207807
REQUEST		string	1693392207646	1693392207836	OK	 
REQUEST		string	1693392207646	1693392207841	OK	 
REQUEST		string Redirect 1	1693392207773	1693392207844	OK	 
USER	string	END	1693392207845
USER	string	START	1693392207846
REQUEST		string Redirect 1	1693392207796	1693392207868	OK	 
USER	string	END	1693392207868
USER	string	START	1693392207869
REQUEST		string	1693392207663	1693392207871	OK	 
REQUEST		string Redirect 1	1693392207796	1693392207871	OK	 
USER	string	END	1693392207872
USER	string	START	1693392207872
REQUEST		string	1693392207650	1693392207880	OK	 
REQUEST		string	1693392207659	1693392207881	OK	 
REQUEST		string Redirect 1	1693392207796	1693392207882	OK	 
USER	string	END	1693392207882
USER	string	START	1693392207883
REQUEST		string Redirect 1	1693392207837	1693392207901	OK	 
USER	string	END	1693392207901
USER	string	START	1693392207902
REQUEST		string Redirect 1	1693392207842	1693392207907	OK	 
USER	string	END	1693392207908
USER	string	START	1693392207908
REQUEST		string	1693392207728	1693392207913	OK	 
REQUEST		string	1693392207742	1693392207935	OK	 
REQUEST		string	1693392207742	1693392207935	OK	 
REQUEST		string	1693392207742	1693392207935	OK	 
REQUEST		string	1693392207742	1693392207937	OK	 
REQUEST		string Redirect 1	1693392207871	1693392207942	OK	 
USER	string	END	1693392207942
USER	string	START	1693392207943
REQUEST		string Redirect 1	1693392207880	1693392207948	OK	 
REQUEST		string	1693392207766	1693392207948	OK	 
USER	string	END	1693392207949
REQUEST		string Redirect 1	1693392207881	1693392207949	OK	 
USER	string	START	1693392207949
USER	string	END	1693392207950
USER	string	START	1693392207950
REQUEST		string Redirect 1	1693392207913	1693392207952	OK	 
USER	string	END	1693392207953
USER	string	START	1693392207954
REQUEST		string	1693392207807	1693392207958	OK	 
REQUEST		string	1693392207800	1693392207958	OK	 
REQUEST		string	1693392207807	1693392207963	OK	 
REQUEST		string Redirect 1	1693392207937	1693392207970	OK	 
USER	string	END	1693392207970
USER	string	START	1693392207971
REQUEST		string Redirect 1	1693392207935	1693392207982	OK	 
USER	string	END	1693392207983
USER	string	START	1693392207983
REQUEST		string Redirect 1	1693392207935	1693392207984	OK	 
USER	string	END	1693392207984
REQUEST		string Redirect 1	1693392207935	1693392207984	OK	 
USER	string	START	1693392207985
USER	string	END	1693392207985
USER	string	START	1693392207985
REQUEST		string Redirect 1	1693392207949	1693392207988	OK	 
USER	string	END	1693392207988
USER	string	START	1693392207989
REQUEST		string	1693392207846	1693392207989	OK	 
REQUEST		string	1693392207869	1693392207995	OK	 
REQUEST		string Redirect 1	1693392207958	1693392208009	OK	 
USER	string	END	1693392208010
USER	string	START	1693392208010
REQUEST		string Redirect 1	1693392207958	1693392208015	OK	 
USER	string	END	1693392208016
REQUEST		string	1693392207872	1693392208016	OK	 
USER	string	START	1693392208016
REQUEST		string Redirect 1	1693392207963	1693392208019	OK	 
USER	string	END	1693392208020
USER	string	START	1693392208020
REQUEST		string	1693392207882	1693392208033	OK	 
REQUEST		string	1693392207902	1693392208033	OK	 
REQUEST		string	1693392207908	1693392208042	OK	 
REQUEST		string Redirect 1	1693392207995	1693392208052	OK	 
USER	string	END	1693392208053
USER	string	START	1693392208053
REQUEST		string	1693392207942	1693392208057	OK	 
REQUEST		string Redirect 1	1693392207989	1693392208060	OK	 
USER	string	END	1693392208061
REQUEST		string	1693392207954	1693392208061	OK	 
USER	string	START	1693392208062
REQUEST		string	1693392207950	1693392208071	OK	 
REQUEST		string	1693392207949	1693392208071	OK	 
REQUEST		string Redirect 1	1693392208016	1693392208077	OK	 
USER	string	END	1693392208078
USER	string	START	1693392208078
REQUEST		string Redirect 1	1693392208034	1693392208095	OK	 
USER	string	END	1693392208096
USER	string	START	1693392208096
REQUEST		string Redirect 1	1693392208034	1693392208099	OK	 
USER	string	END	1693392208100
USER	string	START	1693392208100
REQUEST		string Redirect 1	1693392208042	1693392208102	OK	 
USER	string	END	1693392208103
USER	string	START	1693392208103
REQUEST		string	1693392207971	1693392208131	OK	 
REQUEST		string Redirect 1	1693392208058	1693392208147	OK	 
REQUEST		string Redirect 1	1693392208061	1693392208147	OK	 
USER	string	END	1693392208149
USER	string	END	1693392208149
REQUEST		string	1693392207983	1693392208149	OK	 
REQUEST		string Redirect 1	1693392208071	1693392208150	OK	 
REQUEST		string Redirect 1	1693392208071	1693392208150	OK	 
USER	string	START	1693392208151
USER	string	START	1693392208151
USER	string	END	1693392208151
USER	string	END	1693392208151
USER	string	START	1693392208152
USER	string	START	1693392208152
REQUEST		string	1693392207989	1693392208165	OK	 
REQUEST		string	1693392207984	1693392208165	OK	 
REQUEST		string	1693392207985	1693392208165	OK	 
REQUEST		string Redirect 1	1693392208131	1693392208207	OK	 
USER	string	END	1693392208209
USER	string	START	1693392208211
REQUEST		string	1693392208010	1693392208210	OK	 
REQUEST		string	1693392208016	1693392208262	OK	 
REQUEST		string Redirect 1	1693392208150	1693392208264	OK	 
REQUEST		string Redirect 1	1693392208166	1693392208264	OK	 
REQUEST		string Redirect 1	1693392208166	1693392208264	OK	 
REQUEST		string Redirect 1	1693392208166	1693392208264	OK	 
REQUEST		string	1693392208020	1693392208264	OK	 
USER	string	END	1693392208265
USER	string	END	1693392208265
USER	string	END	1693392208265
USER	string	END	1693392208265
USER	string	START	1693392208266
USER	string	START	1693392208266
USER	string	START	1693392208266
USER	string	START	1693392208266
REQUEST		string	1693392208053	1693392208268	OK	 
REQUEST		string	1693392208061	1693392208268	OK	 
REQUEST		string Redirect 1	1693392208211	1693392208271	OK	 
USER	string	END	1693392208272
USER	string	START	1693392208272
USER	string	START	1693392208276
REQUEST		string	1693392208078	1693392208319	OK	 
REQUEST		string	1693392208096	1693392208326	OK	 
REQUEST		string Redirect 1	1693392208263	1693392208340	OK	 
USER	string	END	1693392208340
USER	string	START	1693392208341
REQUEST		string Redirect 1	1693392208268	1693392208379	OK	 
REQUEST		string Redirect 1	1693392208268	1693392208379	OK	 
REQUEST		string Redirect 1	1693392208265	1693392208379	OK	 
REQUEST		string	1693392208103	1693392208379	OK	 
REQUEST		string	1693392208100	1693392208379	OK	 
USER	string	END	1693392208380
USER	string	END	1693392208380
USER	string	END	1693392208380
USER	string	START	1693392208381
USER	string	START	1693392208381
USER	string	START	1693392208381
REQUEST		string Redirect 1	1693392208320	1693392208396	OK	 
USER	string	END	1693392208396
USER	string	START	1693392208397
REQUEST		string	1693392208150	1693392208399	OK	 
REQUEST		string	1693392208150	1693392208399	OK	 
REQUEST		string	1693392208152	1693392208406	OK	 
REQUEST		string Redirect 1	1693392208327	1693392208409	OK	 
USER	string	END	1693392208409
USER	string	START	1693392208410
REQUEST		string	1693392208152	1693392208414	OK	 
REQUEST		string	1693392208210	1693392208414	OK	 
REQUEST		string Redirect 1	1693392208380	1693392208473	OK	 
USER	string	END	1693392208474
REQUEST		string	1693392208265	1693392208474	OK	 
USER	string	START	1693392208475
REQUEST		string	1693392208265	1693392208482	OK	 
REQUEST		string Redirect 1	1693392208380	1693392208483	OK	 
USER	string	END	1693392208483
USER	string	START	1693392208484
REQUEST		string	1693392208265	1693392208486	OK	 
REQUEST		string	1693392208265	1693392208502	OK	 
REQUEST		string Redirect 1	1693392208399	1693392208508	OK	 
USER	string	END	1693392208508
USER	string	START	1693392208509
REQUEST		string Redirect 1	1693392208399	1693392208509	OK	 
REQUEST		string	1693392208272	1693392208509	OK	 
USER	string	END	1693392208510
USER	string	START	1693392208510
REQUEST		string Redirect 1	1693392208406	1693392208515	OK	 
REQUEST		string	1693392208276	1693392208515	OK	 
USER	string	END	1693392208515
USER	string	START	1693392208516
REQUEST		string Redirect 1	1693392208414	1693392208522	OK	 
USER	string	END	1693392208522
USER	string	START	1693392208523
REQUEST		string Redirect 1	1693392208414	1693392208523	OK	 
USER	string	END	1693392208524
USER	string	START	1693392208524
REQUEST		string Redirect 1	1693392208483	1693392208580	OK	 
REQUEST		string Redirect 1	1693392208474	1693392208580	OK	 
USER	string	END	1693392208581
USER	string	END	1693392208581
USER	string	START	1693392208581
USER	string	START	1693392208581
REQUEST		string Redirect 1	1693392208486	1693392208582	OK	 
REQUEST		string	1693392208341	1693392208582	OK	 
USER	string	END	1693392208583
USER	string	START	1693392208583
REQUEST		string Redirect 1	1693392208502	1693392208586	OK	 
USER	string	END	1693392208586
USER	string	START	1693392208587
REQUEST		string Redirect 1	1693392208510	1693392208589	OK	 
USER	string	END	1693392208589
USER	string	START	1693392208590
REQUEST		string Redirect 1	1693392208515	1693392208592	OK	 
USER	string	END	1693392208593
USER	string	START	1693392208594
REQUEST		string	1693392208380	1693392208657	OK	 
REQUEST		string	1693392208380	1693392208657	OK	 
REQUEST		string	1693392208397	1693392208661	OK	 
REQUEST		string Redirect 1	1693392208583	1693392208680	OK	 
REQUEST		string	1693392208409	1693392208680	OK	 
REQUEST		string	1693392208380	1693392208680	OK	 
USER	string	END	1693392208681
USER	string	START	1693392208681
REQUEST		string	1693392208474	1693392208751	OK	 
REQUEST		string Redirect 1	1693392208657	1693392208753	OK	 
REQUEST		string	1693392208484	1693392208753	OK	 
USER	string	END	1693392208754
REQUEST		string Redirect 1	1693392208657	1693392208754	OK	 
REQUEST		string Redirect 1	1693392208661	1693392208754	OK	 
USER	string	END	1693392208755
USER	string	START	1693392208755
USER	string	END	1693392208755
USER	string	START	1693392208755
USER	string	START	1693392208755
REQUEST		string	1693392208509	1693392208764	OK	 
REQUEST		string	1693392208510	1693392208765	OK	 
REQUEST		string Redirect 1	1693392208680	1693392208765	OK	 
USER	string	END	1693392208766
USER	string	START	1693392208767
REQUEST		string	1693392208516	1693392208767	OK	 
REQUEST		string Redirect 1	1693392208680	1693392208769	OK	 
USER	string	END	1693392208770
USER	string	START	1693392208770
REQUEST		string	1693392208524	1693392208774	OK	 
REQUEST		string	1693392208523	1693392208774	OK	 
USER	string	START	1693392208788
REQUEST		string Redirect 1	1693392208751	1693392208819	OK	 
REQUEST		string	1693392208581	1693392208819	OK	 
USER	string	END	1693392208820
USER	string	START	1693392208821
REQUEST		string	1693392208581	1693392208822	OK	 
REQUEST		string	1693392208587	1693392208824	OK	 
REQUEST		string	1693392208583	1693392208829	OK	 
REQUEST		string	1693392208589	1693392208834	OK	 
REQUEST		string	1693392208593	1693392208841	OK	 
REQUEST		string Redirect 1	1693392208754	1693392208841	OK	 
USER	string	END	1693392208841
USER	string	START	1693392208842
REQUEST		string Redirect 1	1693392208765	1693392208845	OK	 
USER	string	END	1693392208845
USER	string	START	1693392208846
REQUEST		string Redirect 1	1693392208766	1693392208850	OK	 
USER	string	END	1693392208851
USER	string	START	1693392208852
REQUEST		string Redirect 1	1693392208767	1693392208852	OK	 
USER	string	END	1693392208852
USER	string	START	1693392208852
REQUEST		string Redirect 1	1693392208775	1693392208858	OK	 
REQUEST		string Redirect 1	1693392208775	1693392208858	OK	 
USER	string	END	1693392208859
USER	string	END	1693392208859
USER	string	START	1693392208859
USER	string	START	1693392208859
REQUEST		string	1693392208681	1693392208898	OK	 
REQUEST		string Redirect 1	1693392208822	1693392208900	OK	 
USER	string	END	1693392208901
USER	string	START	1693392208902
REQUEST		string Redirect 1	1693392208820	1693392208904	OK	 
USER	string	END	1693392208905
USER	string	START	1693392208906
REQUEST		string Redirect 1	1693392208824	1693392208907	OK	 
USER	string	END	1693392208907
USER	string	START	1693392208908
REQUEST		string Redirect 1	1693392208829	1693392208911	OK	 
USER	string	END	1693392208912
USER	string	START	1693392208913
REQUEST		string Redirect 1	1693392208834	1693392208916	OK	 
USER	string	END	1693392208917
REQUEST		string Redirect 1	1693392208841	1693392208917	OK	 
USER	string	END	1693392208918
USER	string	START	1693392208918
USER	string	START	1693392208919
REQUEST		string Redirect 1	1693392208899	1693392208971	OK	 
REQUEST		string	1693392208766	1693392208971	OK	 
REQUEST		string	1693392208755	1693392208971	OK	 
REQUEST		string	1693392208755	1693392208971	OK	 
REQUEST		string	1693392208754	1693392208971	OK	 
USER	string	END	1693392208972
REQUEST		string	1693392208770	1693392208972	OK	 
USER	string	START	1693392208972
REQUEST		string	1693392208788	1693392208990	OK	 
REQUEST		string Redirect 1	1693392208972	1693392209040	OK	 
REQUEST		string	1693392208820	1693392209041	OK	 
USER	string	END	1693392209041
USER	string	START	1693392209042
REQUEST		string Redirect 1	1693392208972	1693392209059	OK	 
USER	string	END	1693392209060
USER	string	START	1693392209060
REQUEST		string Redirect 1	1693392208972	1693392209063	OK	 
REQUEST		string Redirect 1	1693392208972	1693392209063	OK	 
REQUEST		string	1693392208842	1693392209063	OK	 
REQUEST		string	1693392208851	1693392209063	OK	 
REQUEST		string	1693392208845	1693392209063	OK	 
USER	string	END	1693392209064
USER	string	END	1693392209064
USER	string	START	1693392209065
USER	string	START	1693392209065
REQUEST		string Redirect 1	1693392208990	1693392209074	OK	 
REQUEST		string Redirect 1	1693392208972	1693392209074	OK	 
REQUEST		string	1693392208852	1693392209074	OK	 
USER	string	END	1693392209075
USER	string	END	1693392209075
USER	string	START	1693392209075
USER	string	START	1693392209075
REQUEST		string	1693392208907	1693392209102	OK	 
REQUEST		string	1693392208859	1693392209110	OK	 
REQUEST		string Redirect 1	1693392209041	1693392209116	OK	 
USER	string	END	1693392209116
USER	string	START	1693392209117
REQUEST		string	1693392208859	1693392209119	OK	 
REQUEST		string	1693392208901	1693392209126	OK	 
REQUEST		string	1693392208912	1693392209127	OK	 
REQUEST		string	1693392208918	1693392209133	OK	 
REQUEST		string	1693392208905	1693392209139	OK	 
REQUEST		string	1693392208918	1693392209139	OK	 
REQUEST		string Redirect 1	1693392209064	1693392209170	OK	 
REQUEST		string Redirect 1	1693392209064	1693392209170	OK	 
REQUEST		string Redirect 1	1693392209074	1693392209170	OK	 
REQUEST		string Redirect 1	1693392209064	1693392209170	OK	 
USER	string	END	1693392209171
USER	string	END	1693392209171
USER	string	END	1693392209171
USER	string	END	1693392209171
USER	string	START	1693392209172
USER	string	START	1693392209172
USER	string	START	1693392209172
USER	string	START	1693392209172
REQUEST		string Redirect 1	1693392209111	1693392209226	OK	 
REQUEST		string Redirect 1	1693392209119	1693392209226	OK	 
REQUEST		string Redirect 1	1693392209102	1693392209226	OK	 
REQUEST		string	1693392208972	1693392209226	OK	 
USER	string	END	1693392209227
USER	string	END	1693392209227
USER	string	END	1693392209227
USER	string	START	1693392209227
USER	string	START	1693392209227
USER	string	START	1693392209227
REQUEST		string Redirect 1	1693392209127	1693392209234	OK	 
USER	string	END	1693392209234
USER	string	START	1693392209235
REQUEST		string Redirect 1	1693392209128	1693392209237	OK	 
USER	string	END	1693392209237
USER	string	START	1693392209238
REQUEST		string Redirect 1	1693392209133	1693392209239	OK	 
USER	string	END	1693392209239
USER	string	START	1693392209240
REQUEST		string Redirect 1	1693392209140	1693392209244	OK	 
REQUEST		string Redirect 1	1693392209140	1693392209244	OK	 
USER	string	END	1693392209244
USER	string	END	1693392209244
USER	string	START	1693392209244
USER	string	START	1693392209244
REQUEST		string Redirect 1	1693392209226	1693392209325	OK	 
USER	string	END	1693392209326
REQUEST		string	1693392209060	1693392209330	OK	 
REQUEST		string	1693392209041	1693392209330	OK	 
REQUEST		string	1693392209064	1693392209358	OK	 
REQUEST		string	1693392209064	1693392209369	OK	 
REQUEST		string	1693392209075	1693392209369	OK	 
REQUEST		string	1693392209075	1693392209369	OK	 
REQUEST		string	1693392209117	1693392209415	OK	 
REQUEST		string Redirect 1	1693392209330	1693392209423	OK	 
REQUEST		string Redirect 1	1693392209330	1693392209423	OK	 
USER	string	END	1693392209424
USER	string	END	1693392209424
REQUEST		string	1693392209171	1693392209437	OK	 
REQUEST		string	1693392209171	1693392209439	OK	 
REQUEST		string	1693392209171	1693392209440	OK	 
REQUEST		string Redirect 1	1693392209358	1693392209443	OK	 
USER	string	END	1693392209443
REQUEST		string Redirect 1	1693392209369	1693392209450	OK	 
USER	string	END	1693392209450
REQUEST		string Redirect 1	1693392209369	1693392209453	OK	 
USER	string	END	1693392209454
REQUEST		string	1693392209171	1693392209456	OK	 
REQUEST		string Redirect 1	1693392209369	1693392209459	OK	 
USER	string	END	1693392209459
REQUEST		string	1693392209227	1693392209480	OK	 
REQUEST		string	1693392209227	1693392209486	OK	 
REQUEST		string	1693392209238	1693392209488	OK	 
REQUEST		string	1693392209227	1693392209488	OK	 
REQUEST		string	1693392209244	1693392209488	OK	 
REQUEST		string	1693392209240	1693392209490	OK	 
REQUEST		string	1693392209244	1693392209496	OK	 
REQUEST		string	1693392209235	1693392209496	OK	 
REQUEST		string Redirect 1	1693392209415	1693392209497	OK	 
USER	string	END	1693392209497
REQUEST		string Redirect 1	1693392209437	1693392209511	OK	 
USER	string	END	1693392209511
REQUEST		string Redirect 1	1693392209440	1693392209522	OK	 
REQUEST		string Redirect 1	1693392209439	1693392209522	OK	 
USER	string	END	1693392209523
USER	string	END	1693392209523
REQUEST		string Redirect 1	1693392209456	1693392209529	OK	 
USER	string	END	1693392209530
REQUEST		string Redirect 1	1693392209480	1693392209558	OK	 
USER	string	END	1693392209559
REQUEST		string Redirect 1	1693392209488	1693392209571	OK	 
USER	string	END	1693392209572
REQUEST		string Redirect 1	1693392209488	1693392209573	OK	 
REQUEST		string Redirect 1	1693392209486	1693392209573	OK	 
REQUEST		string Redirect 1	1693392209488	1693392209573	OK	 
USER	string	END	1693392209573
USER	string	END	1693392209573
USER	string	END	1693392209573
REQUEST		string Redirect 1	1693392209490	1693392209574	OK	 
USER	string	END	1693392209574
REQUEST		string Redirect 1	1693392209496	1693392209579	OK	 
REQUEST		string Redirect 1	1693392209496	1693392209579	OK	 
USER	string	END	1693392209580
USER	string	END	1693392209580
