RUN	com.machinestalk.geenerateclass.MachinesTalk	machinestalk	1693307281710	 	3.9.5
USER	string	START	1693307287424
REQUEST		string	1693307287423	1693307287475	OK	 
REQUEST		string Redirect 1	1693307287490	1693307287506	OK	 
USER	string	END	1693307287512
USER	string	START	1693307288411
REQUEST		string	1693307288406	1693307288462	OK	 
REQUEST		string Redirect 1	1693307288463	1693307288476	OK	 
USER	string	END	1693307288477
USER	string	START	1693307290415
REQUEST		string	1693307290414	1693307290470	OK	 
REQUEST		string Redirect 1	1693307290471	1693307290483	OK	 
USER	string	END	1693307290485
USER	string	START	1693307292405
REQUEST		string	1693307292403	1693307292455	OK	 
REQUEST		string Redirect 1	1693307292456	1693307292472	OK	 
USER	string	END	1693307292473
USER	string	START	1693307294396
REQUEST		string	1693307294394	1693307294445	OK	 
REQUEST		string Redirect 1	1693307294446	1693307294459	OK	 
USER	string	END	1693307294460
USER	string	START	1693307295406
REQUEST		string	1693307295404	1693307295464	OK	 
REQUEST		string Redirect 1	1693307295465	1693307295476	OK	 
USER	string	END	1693307295478
USER	string	START	1693307297409
REQUEST		string	1693307297406	1693307297458	OK	 
REQUEST		string Redirect 1	1693307297458	1693307297473	OK	 
USER	string	END	1693307297475
USER	string	START	1693307299397
REQUEST		string	1693307299395	1693307299461	OK	 
REQUEST		string Redirect 1	1693307299462	1693307299476	OK	 
USER	string	END	1693307299478
USER	string	START	1693307301398
REQUEST		string	1693307301396	1693307301448	OK	 
REQUEST		string Redirect 1	1693307301449	1693307301462	OK	 
USER	string	END	1693307301463
USER	string	START	1693307302398
REQUEST		string	1693307302397	1693307302446	OK	 
REQUEST		string Redirect 1	1693307302447	1693307302462	OK	 
USER	string	END	1693307302463
USER	string	START	1693307304407
REQUEST		string	1693307304405	1693307304497	OK	 
REQUEST		string Redirect 1	1693307304498	1693307304540	OK	 
USER	string	END	1693307304542
USER	string	START	1693307306405
REQUEST		string	1693307306403	1693307306528	OK	 
REQUEST		string Redirect 1	1693307306530	1693307306547	OK	 
USER	string	END	1693307306549
USER	string	START	1693307308398
REQUEST		string	1693307308396	1693307308451	OK	 
REQUEST		string Redirect 1	1693307308452	1693307308468	OK	 
USER	string	END	1693307308469
USER	string	START	1693307315405
REQUEST		string	1693307315401	1693307315460	OK	 
REQUEST		string Redirect 1	1693307315461	1693307315478	OK	 
USER	string	END	1693307315480
USER	string	START	1693307315495
REQUEST		string	1693307315494	1693307315551	OK	 
REQUEST		string Redirect 1	1693307315552	1693307315569	OK	 
USER	string	END	1693307315571
USER	string	START	1693307315604
REQUEST		string	1693307315603	1693307315656	OK	 
REQUEST		string Redirect 1	1693307315657	1693307315671	OK	 
USER	string	END	1693307315673
USER	string	START	1693307315697
REQUEST		string	1693307315696	1693307315744	OK	 
REQUEST		string Redirect 1	1693307315745	1693307315760	OK	 
USER	string	END	1693307315761
USER	string	START	1693307315808
REQUEST		string	1693307315805	1693307315861	OK	 
REQUEST		string Redirect 1	1693307315862	1693307315877	OK	 
USER	string	END	1693307315879
USER	string	START	1693307315901
REQUEST		string	1693307315899	1693307315956	OK	 
REQUEST		string Redirect 1	1693307315957	1693307315971	OK	 
USER	string	END	1693307315972
USER	string	START	1693307315992
REQUEST		string	1693307315991	1693307316039	OK	 
REQUEST		string Redirect 1	1693307316040	1693307316054	OK	 
USER	string	END	1693307316055
USER	string	START	1693307316101
REQUEST		string	1693307316100	1693307316152	OK	 
REQUEST		string Redirect 1	1693307316152	1693307316163	OK	 
USER	string	END	1693307316164
USER	string	START	1693307316194
REQUEST		string	1693307316193	1693307316236	OK	 
REQUEST		string Redirect 1	1693307316236	1693307316247	OK	 
USER	string	END	1693307316248
USER	string	START	1693307316306
REQUEST		string	1693307316305	1693307316364	OK	 
REQUEST		string Redirect 1	1693307316364	1693307316379	OK	 
USER	string	END	1693307316380
USER	string	START	1693307316398
REQUEST		string	1693307316398	1693307316448	OK	 
REQUEST		string Redirect 1	1693307316449	1693307316463	OK	 
USER	string	END	1693307316463
USER	string	START	1693307316491
REQUEST		string	1693307316490	1693307316549	OK	 
REQUEST		string Redirect 1	1693307316550	1693307316566	OK	 
USER	string	END	1693307316567
USER	string	START	1693307316600
REQUEST		string	1693307316599	1693307316662	OK	 
REQUEST		string Redirect 1	1693307316663	1693307316679	OK	 
USER	string	END	1693307316680
USER	string	START	1693307316694
REQUEST		string	1693307316694	1693307316730	OK	 
REQUEST		string Redirect 1	1693307316730	1693307316747	OK	 
USER	string	END	1693307316748
USER	string	START	1693307316804
REQUEST		string	1693307316803	1693307316858	OK	 
REQUEST		string Redirect 1	1693307316859	1693307316873	OK	 
USER	string	END	1693307316874
USER	string	START	1693307316896
REQUEST		string	1693307316895	1693307316939	OK	 
REQUEST		string Redirect 1	1693307316939	1693307316951	OK	 
USER	string	END	1693307316952
USER	string	START	1693307317005
REQUEST		string	1693307317004	1693307317049	OK	 
REQUEST		string Redirect 1	1693307317050	1693307317064	OK	 
USER	string	END	1693307317065
USER	string	START	1693307317099
REQUEST		string	1693307317098	1693307317147	OK	 
REQUEST		string Redirect 1	1693307317147	1693307317165	OK	 
USER	string	END	1693307317167
USER	string	START	1693307317194
REQUEST		string	1693307317193	1693307317243	OK	 
REQUEST		string Redirect 1	1693307317244	1693307317258	OK	 
USER	string	END	1693307317259
USER	string	START	1693307317304
REQUEST		string	1693307317303	1693307317361	OK	 
REQUEST		string Redirect 1	1693307317362	1693307317380	OK	 
USER	string	END	1693307317382
USER	string	START	1693307317397
REQUEST		string	1693307317396	1693307317450	OK	 
REQUEST		string Redirect 1	1693307317451	1693307317469	OK	 
USER	string	END	1693307317470
USER	string	START	1693307317491
REQUEST		string	1693307317490	1693307317561	OK	 
REQUEST		string Redirect 1	1693307317562	1693307317578	OK	 
USER	string	END	1693307317581
USER	string	START	1693307317598
REQUEST		string	1693307317597	1693307317652	OK	 
REQUEST		string Redirect 1	1693307317652	1693307317667	OK	 
USER	string	END	1693307317668
USER	string	START	1693307317692
REQUEST		string	1693307317692	1693307317745	OK	 
REQUEST		string Redirect 1	1693307317746	1693307317764	OK	 
USER	string	END	1693307317765
USER	string	START	1693307317802
REQUEST		string	1693307317801	1693307317843	OK	 
REQUEST		string Redirect 1	1693307317844	1693307317859	OK	 
USER	string	END	1693307317860
USER	string	START	1693307317896
REQUEST		string	1693307317895	1693307317941	OK	 
REQUEST		string Redirect 1	1693307317941	1693307317952	OK	 
USER	string	END	1693307317953
USER	string	START	1693307318005
REQUEST		string	1693307318005	1693307318069	OK	 
REQUEST		string Redirect 1	1693307318071	1693307318086	OK	 
USER	string	END	1693307318088
USER	string	START	1693307318099
REQUEST		string	1693307318099	1693307318161	OK	 
REQUEST		string Redirect 1	1693307318162	1693307318177	OK	 
USER	string	END	1693307318180
USER	string	START	1693307318193
REQUEST		string	1693307318192	1693307318236	OK	 
REQUEST		string Redirect 1	1693307318237	1693307318258	OK	 
USER	string	END	1693307318260
USER	string	START	1693307318301
REQUEST		string	1693307318301	1693307318346	OK	 
REQUEST		string Redirect 1	1693307318347	1693307318365	OK	 
USER	string	END	1693307318366
USER	string	START	1693307318395
REQUEST		string	1693307318394	1693307318444	OK	 
REQUEST		string Redirect 1	1693307318445	1693307318460	OK	 
USER	string	END	1693307318461
USER	string	START	1693307318504
REQUEST		string	1693307318503	1693307318549	OK	 
REQUEST		string Redirect 1	1693307318550	1693307318564	OK	 
USER	string	END	1693307318565
USER	string	START	1693307318598
REQUEST		string	1693307318597	1693307318666	OK	 
REQUEST		string Redirect 1	1693307318667	1693307318679	OK	 
USER	string	END	1693307318680
USER	string	START	1693307318705
REQUEST		string	1693307318705	1693307318750	OK	 
REQUEST		string Redirect 1	1693307318750	1693307318765	OK	 
USER	string	END	1693307318767
USER	string	START	1693307318800
REQUEST		string	1693307318800	1693307318857	OK	 
REQUEST		string Redirect 1	1693307318858	1693307318870	OK	 
USER	string	END	1693307318871
USER	string	START	1693307318892
REQUEST		string	1693307318891	1693307318939	OK	 
REQUEST		string Redirect 1	1693307318940	1693307318966	OK	 
USER	string	END	1693307318967
USER	string	START	1693307319001
REQUEST		string	1693307319001	1693307319069	OK	 
REQUEST		string Redirect 1	1693307319069	1693307319083	OK	 
USER	string	END	1693307319084
USER	string	START	1693307319097
REQUEST		string	1693307319096	1693307319133	OK	 
REQUEST		string Redirect 1	1693307319134	1693307319149	OK	 
USER	string	END	1693307319149
USER	string	START	1693307319207
REQUEST		string	1693307319206	1693307319255	OK	 
REQUEST		string Redirect 1	1693307319256	1693307319284	OK	 
USER	string	END	1693307319286
USER	string	START	1693307319300
REQUEST		string	1693307319300	1693307319338	OK	 
REQUEST		string Redirect 1	1693307319339	1693307319354	OK	 
USER	string	END	1693307319355
USER	string	START	1693307324397
REQUEST		string	1693307324396	1693307324456	OK	 
REQUEST		string Redirect 1	1693307324457	1693307324474	OK	 
USER	string	END	1693307324476
USER	string	START	1693307324601
REQUEST		string	1693307324600	1693307324655	OK	 
REQUEST		string Redirect 1	1693307324656	1693307324667	OK	 
USER	string	END	1693307324669
USER	string	START	1693307324803
REQUEST		string	1693307324802	1693307324858	OK	 
REQUEST		string Redirect 1	1693307324858	1693307324875	OK	 
USER	string	END	1693307324876
USER	string	START	1693307325005
REQUEST		string	1693307325005	1693307325051	OK	 
REQUEST		string Redirect 1	1693307325052	1693307325066	OK	 
USER	string	END	1693307325068
USER	string	START	1693307325205
REQUEST		string	1693307325205	1693307325249	OK	 
REQUEST		string Redirect 1	1693307325249	1693307325268	OK	 
USER	string	END	1693307325270
USER	string	START	1693307325395
REQUEST		string	1693307325393	1693307325454	OK	 
REQUEST		string Redirect 1	1693307325455	1693307325483	OK	 
USER	string	END	1693307325485
USER	string	START	1693307325596
REQUEST		string	1693307325595	1693307325646	OK	 
REQUEST		string Redirect 1	1693307325646	1693307325663	OK	 
USER	string	END	1693307325664
USER	string	START	1693307325799
REQUEST		string	1693307325798	1693307325870	OK	 
REQUEST		string Redirect 1	1693307325871	1693307325881	OK	 
USER	string	END	1693307325883
USER	string	START	1693307326002
REQUEST		string	1693307326001	1693307326049	OK	 
REQUEST		string Redirect 1	1693307326050	1693307326065	OK	 
USER	string	END	1693307326067
USER	string	START	1693307326208
REQUEST		string	1693307326202	1693307326258	OK	 
REQUEST		string Redirect 1	1693307326259	1693307326277	OK	 
USER	string	END	1693307326279
USER	string	START	1693307326405
REQUEST		string	1693307326405	1693307326452	OK	 
REQUEST		string Redirect 1	1693307326452	1693307326468	OK	 
USER	string	END	1693307326469
USER	string	START	1693307326559
REQUEST		string	1693307326559	1693307326611	OK	 
REQUEST		string Redirect 1	1693307326612	1693307326630	OK	 
USER	string	END	1693307326632
USER	string	START	1693307326734
REQUEST		string	1693307326732	1693307326781	OK	 
REQUEST		string Redirect 1	1693307326781	1693307326799	OK	 
USER	string	END	1693307326800
USER	string	START	1693307326891
REQUEST		string	1693307326890	1693307326947	OK	 
REQUEST		string Redirect 1	1693307326947	1693307326959	OK	 
USER	string	END	1693307326961
USER	string	START	1693307327063
REQUEST		string	1693307327063	1693307327121	OK	 
REQUEST		string Redirect 1	1693307327121	1693307327138	OK	 
USER	string	END	1693307327142
USER	string	START	1693307327237
REQUEST		string	1693307327237	1693307327278	OK	 
REQUEST		string Redirect 1	1693307327279	1693307327292	OK	 
USER	string	END	1693307327293
USER	string	START	1693307327397
REQUEST		string	1693307327397	1693307327442	OK	 
REQUEST		string Redirect 1	1693307327442	1693307327458	OK	 
USER	string	END	1693307327459
USER	string	START	1693307327540
REQUEST		string	1693307327539	1693307327601	OK	 
REQUEST		string Redirect 1	1693307327602	1693307327627	OK	 
USER	string	END	1693307327628
USER	string	START	1693307327681
REQUEST		string	1693307327680	1693307327737	OK	 
REQUEST		string Redirect 1	1693307327738	1693307327750	OK	 
USER	string	END	1693307327752
USER	string	START	1693307327820
REQUEST		string	1693307327819	1693307327871	OK	 
REQUEST		string Redirect 1	1693307327871	1693307327893	OK	 
USER	string	END	1693307327894
USER	string	START	1693307327976
REQUEST		string	1693307327976	1693307328030	OK	 
REQUEST		string Redirect 1	1693307328031	1693307328052	OK	 
USER	string	END	1693307328053
USER	string	START	1693307328115
REQUEST		string	1693307328115	1693307328167	OK	 
REQUEST		string Redirect 1	1693307328168	1693307328179	OK	 
USER	string	END	1693307328180
USER	string	START	1693307328254
REQUEST		string	1693307328254	1693307328305	OK	 
REQUEST		string Redirect 1	1693307328305	1693307328327	OK	 
USER	string	END	1693307328328
USER	string	START	1693307328394
REQUEST		string	1693307328394	1693307328439	OK	 
USER	string	START	1693307328532
USER	string	START	1693307328685
REQUEST		string Redirect 1	1693307328440	1693307328749	OK	 
USER	string	END	1693307328750
REQUEST		string	1693307328532	1693307328810	OK	 
REQUEST		string	1693307328685	1693307328810	OK	 
USER	string	START	1693307328825
REQUEST		string Redirect 1	1693307328810	1693307328844	OK	 
REQUEST		string Redirect 1	1693307328810	1693307328844	OK	 
USER	string	END	1693307328845
USER	string	END	1693307328845
REQUEST		string	1693307328825	1693307328871	OK	 
REQUEST		string Redirect 1	1693307328872	1693307328893	OK	 
USER	string	END	1693307328894
USER	string	START	1693307328964
REQUEST		string	1693307328964	1693307329014	OK	 
REQUEST		string Redirect 1	1693307329014	1693307329029	OK	 
USER	string	END	1693307329030
USER	string	START	1693307329119
REQUEST		string	1693307329119	1693307329160	OK	 
REQUEST		string Redirect 1	1693307329161	1693307329175	OK	 
USER	string	END	1693307329176
USER	string	START	1693307329258
REQUEST		string	1693307329258	1693307329306	OK	 
REQUEST		string Redirect 1	1693307329307	1693307329327	OK	 
USER	string	END	1693307329328
