RUN	com.machinestalk.geenerateclass.MachinesTalk	machinestalk	1693385748061	 	3.9.5
USER	string	START	1693385748689
REQUEST		string	1693385748688	1693385748736	OK	 
USER	string	START	1693385748761
REQUEST		string Redirect 1	1693385748751	1693385748766	OK	 
USER	string	END	1693385748772
REQUEST		string	1693385748761	1693385748815	OK	 
REQUEST		string Redirect 1	1693385748815	1693385748829	OK	 
USER	string	END	1693385748830
USER	string	START	1693385748853
REQUEST		string	1693385748853	1693385748897	OK	 
REQUEST		string Redirect 1	1693385748897	1693385748909	OK	 
USER	string	END	1693385748911
USER	string	START	1693385748947
REQUEST		string	1693385748947	1693385749000	OK	 
REQUEST		string Redirect 1	1693385749001	1693385749023	OK	 
USER	string	END	1693385749026
USER	string	START	1693385749041
REQUEST		string	1693385749039	1693385749086	OK	 
REQUEST		string Redirect 1	1693385749086	1693385749098	OK	 
USER	string	END	1693385749099
USER	string	START	1693385749117
REQUEST		string	1693385749117	1693385749168	OK	 
REQUEST		string Redirect 1	1693385749168	1693385749180	OK	 
USER	string	END	1693385749181
USER	string	START	1693385749212
REQUEST		string	1693385749210	1693385749264	OK	 
REQUEST		string Redirect 1	1693385749265	1693385749285	OK	 
USER	string	END	1693385749288
USER	string	START	1693385749304
REQUEST		string	1693385749303	1693385749365	OK	 
REQUEST		string Redirect 1	1693385749366	1693385749388	OK	 
USER	string	END	1693385749389
USER	string	START	1693385749399
REQUEST		string	1693385749397	1693385749431	OK	 
REQUEST		string Redirect 1	1693385749431	1693385749444	OK	 
USER	string	END	1693385749445
USER	string	START	1693385749490
USER	string	START	1693385749585
REQUEST		string	1693385749490	1693385749586	OK	 
REQUEST		string Redirect 1	1693385749586	1693385749611	OK	 
USER	string	END	1693385749611
REQUEST		string	1693385749585	1693385749674	OK	 
USER	string	START	1693385749678
USER	string	START	1693385749756
REQUEST		string Redirect 1	1693385749674	1693385749763	OK	 
USER	string	END	1693385749764
USER	string	START	1693385749819
USER	string	START	1693385749896
REQUEST		string	1693385749678	1693385749917	OK	 
USER	string	START	1693385749974
REQUEST		string Redirect 1	1693385749918	1693385749991	OK	 
REQUEST		string	1693385749755	1693385749991	OK	 
USER	string	END	1693385749994
REQUEST		string Redirect 1	1693385749993	1693385750009	OK	 
USER	string	END	1693385750010
REQUEST		string	1693385749818	1693385750014	OK	 
REQUEST		string	1693385749896	1693385750020	OK	 
REQUEST		string	1693385749973	1693385750024	OK	 
REQUEST		string Redirect 1	1693385750020	1693385750036	OK	 
REQUEST		string Redirect 1	1693385750015	1693385750036	OK	 
USER	string	END	1693385750037
USER	string	END	1693385750037
REQUEST		string Redirect 1	1693385750024	1693385750039	OK	 
USER	string	END	1693385750039
USER	string	START	1693385750051
REQUEST		string	1693385750050	1693385750095	OK	 
REQUEST		string Redirect 1	1693385750096	1693385750112	OK	 
USER	string	END	1693385750113
USER	string	START	1693385750130
REQUEST		string	1693385750129	1693385750177	OK	 
REQUEST		string Redirect 1	1693385750177	1693385750189	OK	 
USER	string	END	1693385750189
USER	string	START	1693385750206
REQUEST		string	1693385750205	1693385750253	OK	 
REQUEST		string Redirect 1	1693385750253	1693385750268	OK	 
USER	string	END	1693385750268
USER	string	START	1693385750285
REQUEST		string	1693385750284	1693385750332	OK	 
REQUEST		string Redirect 1	1693385750332	1693385750346	OK	 
USER	string	END	1693385750348
USER	string	START	1693385750363
REQUEST		string	1693385750362	1693385750422	OK	 
REQUEST		string Redirect 1	1693385750423	1693385750441	OK	 
USER	string	START	1693385750442
USER	string	END	1693385750443
REQUEST		string	1693385750441	1693385750499	OK	 
REQUEST		string Redirect 1	1693385750500	1693385750514	OK	 
USER	string	END	1693385750516
USER	string	START	1693385750519
REQUEST		string	1693385750518	1693385750566	OK	 
REQUEST		string Redirect 1	1693385750567	1693385750581	OK	 
USER	string	END	1693385750582
USER	string	START	1693385750597
REQUEST		string	1693385750597	1693385750649	OK	 
REQUEST		string Redirect 1	1693385750651	1693385750667	OK	 
USER	string	END	1693385750669
USER	string	START	1693385750676
REQUEST		string	1693385750675	1693385750730	OK	 
USER	string	START	1693385750738
REQUEST		string Redirect 1	1693385750732	1693385750748	OK	 
USER	string	END	1693385750750
REQUEST		string	1693385750737	1693385750776	OK	 
REQUEST		string Redirect 1	1693385750778	1693385750792	OK	 
USER	string	END	1693385750793
USER	string	START	1693385750800
REQUEST		string	1693385750800	1693385750839	OK	 
REQUEST		string Redirect 1	1693385750840	1693385750855	OK	 
USER	string	END	1693385750856
USER	string	START	1693385750864
REQUEST		string	1693385750864	1693385750899	OK	 
REQUEST		string Redirect 1	1693385750900	1693385750916	OK	 
USER	string	END	1693385750919
USER	string	START	1693385750926
REQUEST		string	1693385750926	1693385750973	OK	 
REQUEST		string Redirect 1	1693385750974	1693385750990	OK	 
USER	string	END	1693385750991
USER	string	START	1693385751004
REQUEST		string	1693385751004	1693385751055	OK	 
USER	string	START	1693385751065
REQUEST		string Redirect 1	1693385751056	1693385751069	OK	 
USER	string	END	1693385751070
REQUEST		string	1693385751064	1693385751111	OK	 
REQUEST		string Redirect 1	1693385751111	1693385751125	OK	 
USER	string	END	1693385751126
USER	string	START	1693385751127
REQUEST		string	1693385751127	1693385751168	OK	 
REQUEST		string Redirect 1	1693385751168	1693385751182	OK	 
USER	string	END	1693385751183
USER	string	START	1693385751206
REQUEST		string	1693385751205	1693385751257	OK	 
USER	string	START	1693385751268
REQUEST		string Redirect 1	1693385751258	1693385751270	OK	 
USER	string	END	1693385751272
REQUEST		string	1693385751267	1693385751314	OK	 
REQUEST		string Redirect 1	1693385751316	1693385751327	OK	 
USER	string	END	1693385751329
USER	string	START	1693385751331
REQUEST		string	1693385751330	1693385751378	OK	 
REQUEST		string Redirect 1	1693385751379	1693385751391	OK	 
USER	string	END	1693385751392
USER	string	START	1693385751410
REQUEST		string	1693385751409	1693385751468	OK	 
USER	string	START	1693385751471
REQUEST		string Redirect 1	1693385751470	1693385751483	OK	 
USER	string	END	1693385751486
REQUEST		string	1693385751470	1693385751507	OK	 
REQUEST		string Redirect 1	1693385751507	1693385751522	OK	 
USER	string	END	1693385751523
USER	string	START	1693385751533
REQUEST		string	1693385751532	1693385751565	OK	 
REQUEST		string Redirect 1	1693385751566	1693385751580	OK	 
USER	string	END	1693385751581
USER	string	START	1693385751595
REQUEST		string	1693385751595	1693385751626	OK	 
REQUEST		string Redirect 1	1693385751626	1693385751641	OK	 
USER	string	END	1693385751642
USER	string	START	1693385751674
USER	string	START	1693385751721
REQUEST		string	1693385751673	1693385751730	OK	 
REQUEST		string Redirect 1	1693385751731	1693385751756	OK	 
USER	string	END	1693385751759
REQUEST		string	1693385751720	1693385751772	OK	 
USER	string	START	1693385751781
REQUEST		string Redirect 1	1693385751773	1693385751787	OK	 
USER	string	END	1693385751787
REQUEST		string	1693385751781	1693385751825	OK	 
REQUEST		string Redirect 1	1693385751826	1693385751836	OK	 
USER	string	END	1693385751837
USER	string	START	1693385751843
REQUEST		string	1693385751843	1693385751890	OK	 
REQUEST		string Redirect 1	1693385751891	1693385751904	OK	 
USER	string	END	1693385751906
USER	string	START	1693385751906
USER	string	START	1693385751968
REQUEST		string	1693385751906	1693385751968	OK	 
REQUEST		string Redirect 1	1693385751969	1693385751981	OK	 
USER	string	END	1693385751983
REQUEST		string	1693385751967	1693385752005	OK	 
USER	string	START	1693385752014
REQUEST		string Redirect 1	1693385752006	1693385752026	OK	 
USER	string	END	1693385752027
REQUEST		string	1693385752014	1693385752065	OK	 
USER	string	START	1693385752077
REQUEST		string Redirect 1	1693385752065	1693385752077	OK	 
USER	string	END	1693385752078
REQUEST		string	1693385752077	1693385752130	OK	 
USER	string	START	1693385752140
REQUEST		string Redirect 1	1693385752131	1693385752145	OK	 
USER	string	END	1693385752147
REQUEST		string	1693385752139	1693385752194	OK	 
USER	string	START	1693385752202
REQUEST		string Redirect 1	1693385752195	1693385752211	OK	 
USER	string	END	1693385752211
REQUEST		string	1693385752201	1693385752238	OK	 
REQUEST		string Redirect 1	1693385752239	1693385752255	OK	 
USER	string	END	1693385752258
USER	string	START	1693385752263
REQUEST		string	1693385752263	1693385752301	OK	 
USER	string	START	1693385752309
REQUEST		string Redirect 1	1693385752302	1693385752315	OK	 
USER	string	END	1693385752316
REQUEST		string	1693385752309	1693385752360	OK	 
USER	string	START	1693385752373
REQUEST		string Redirect 1	1693385752362	1693385752378	OK	 
USER	string	END	1693385752380
REQUEST		string	1693385752372	1693385752424	OK	 
USER	string	START	1693385752434
REQUEST		string Redirect 1	1693385752424	1693385752439	OK	 
USER	string	END	1693385752441
REQUEST		string	1693385752433	1693385752480	OK	 
REQUEST		string Redirect 1	1693385752481	1693385752493	OK	 
USER	string	END	1693385752495
USER	string	START	1693385752496
REQUEST		string	1693385752495	1693385752540	OK	 
USER	string	START	1693385752543
REQUEST		string Redirect 1	1693385752541	1693385752557	OK	 
USER	string	END	1693385752558
REQUEST		string	1693385752542	1693385752578	OK	 
REQUEST		string Redirect 1	1693385752579	1693385752589	OK	 
USER	string	END	1693385752590
USER	string	START	1693385752604
REQUEST		string	1693385752604	1693385752662	OK	 
USER	string	START	1693385752669
REQUEST		string Redirect 1	1693385752662	1693385752679	OK	 
USER	string	END	1693385752681
USER	string	START	1693385752714
REQUEST		string	1693385752668	1693385752725	OK	 
REQUEST		string Redirect 1	1693385752725	1693385752745	OK	 
USER	string	END	1693385752746
REQUEST		string	1693385752713	1693385752767	OK	 
USER	string	START	1693385752777
REQUEST		string Redirect 1	1693385752768	1693385752780	OK	 
USER	string	END	1693385752781
USER	string	START	1693385752823
REQUEST		string	1693385752776	1693385752824	OK	 
REQUEST		string Redirect 1	1693385752825	1693385752836	OK	 
USER	string	END	1693385752839
REQUEST		string	1693385752822	1693385752864	OK	 
USER	string	START	1693385752870
REQUEST		string Redirect 1	1693385752865	1693385752878	OK	 
USER	string	END	1693385752880
REQUEST		string	1693385752869	1693385752914	OK	 
REQUEST		string Redirect 1	1693385752914	1693385752927	OK	 
USER	string	END	1693385752928
USER	string	START	1693385752930
USER	string	START	1693385752979
REQUEST		string	1693385752930	1693385752995	OK	 
REQUEST		string Redirect 1	1693385752996	1693385753013	OK	 
USER	string	END	1693385753016
REQUEST		string	1693385752978	1693385753029	OK	 
USER	string	START	1693385753040
REQUEST		string Redirect 1	1693385753029	1693385753052	OK	 
USER	string	END	1693385753052
USER	string	START	1693385753086
REQUEST		string	1693385753040	1693385753121	OK	 
REQUEST		string	1693385753086	1693385753127	OK	 
REQUEST		string Redirect 1	1693385753122	1693385753132	OK	 
USER	string	END	1693385753132
REQUEST		string Redirect 1	1693385753127	1693385753138	OK	 
USER	string	END	1693385753138
USER	string	START	1693385753147
USER	string	START	1693385753195
REQUEST		string	1693385753147	1693385753200	OK	 
REQUEST		string Redirect 1	1693385753201	1693385753215	OK	 
USER	string	END	1693385753217
REQUEST		string	1693385753194	1693385753238	OK	 
USER	string	START	1693385753240
REQUEST		string Redirect 1	1693385753239	1693385753254	OK	 
USER	string	END	1693385753255
REQUEST		string	1693385753240	1693385753276	OK	 
REQUEST		string Redirect 1	1693385753276	1693385753287	OK	 
USER	string	END	1693385753287
USER	string	START	1693385753302
USER	string	START	1693385753348
REQUEST		string	1693385753301	1693385753357	OK	 
REQUEST		string Redirect 1	1693385753358	1693385753370	OK	 
USER	string	END	1693385753371
REQUEST		string	1693385753348	1693385753394	OK	 
USER	string	START	1693385753412
REQUEST		string Redirect 1	1693385753396	1693385753418	OK	 
USER	string	END	1693385753420
REQUEST		string	1693385753411	1693385753456	OK	 
USER	string	START	1693385753458
REQUEST		string Redirect 1	1693385753457	1693385753468	OK	 
USER	string	END	1693385753468
REQUEST		string	1693385753457	1693385753489	OK	 
USER	string	START	1693385753503
REQUEST		string Redirect 1	1693385753489	1693385753503	OK	 
USER	string	END	1693385753504
REQUEST		string	1693385753503	1693385753548	OK	 
REQUEST		string Redirect 1	1693385753549	1693385753564	OK	 
USER	string	END	1693385753565
USER	string	START	1693385753566
USER	string	START	1693385753615
REQUEST		string	1693385753566	1693385753616	OK	 
REQUEST		string Redirect 1	1693385753617	1693385753633	OK	 
USER	string	END	1693385753635
REQUEST		string	1693385753614	1693385753655	OK	 
REQUEST		string Redirect 1	1693385753656	1693385753667	OK	 
USER	string	END	1693385753668
