RUN	com.machinestalk.geenerateclass.MachinesTalk	machinestalk	1693746418261	 	3.9.5
USER	Set1With GEneration	START	1693746418656
USER	Set1With GEneration	START	1693746418656
USER	Set1With GEneration	START	1693746418656
USER	Set1With GEneration	START	1693746418656
USER	Set1With GEneration	START	1693746418656
USER	Set1With GEneration	START	1693746418656
USER	Set1With GEneration	START	1693746418656
USER	Set1With GEneration	START	1693746418656
USER	Set1With GEneration	START	1693746418656
USER	Set1With GEneration	START	1693746418656
USER	Set1With GEneration	START	1693746418656
USER	Set1With GEneration	START	1693746418656
USER	Set1With GEneration	START	1693746418656
USER	Set1With GEneration	START	1693746418656
USER	Set1With GEneration	START	1693746418657
USER	Set1With GEneration	START	1693746418657
USER	Set1With GEneration	START	1693746418657
USER	Set1With GEneration	START	1693746418657
USER	Set1With GEneration	START	1693746418657
USER	Set1With GEneration	START	1693746418657
REQUEST		20	1693746418655	1693746418978	OK	 
REQUEST		20	1693746418655	1693746418978	OK	 
REQUEST		20	1693746418655	1693746418978	OK	 
REQUEST		20	1693746418655	1693746418978	OK	 
REQUEST		20	1693746418656	1693746418996	OK	 
REQUEST		20	1693746418656	1693746418996	OK	 
REQUEST		20	1693746418655	1693746418996	OK	 
REQUEST		20	1693746418656	1693746419019	OK	 
REQUEST		20	1693746418656	1693746419019	OK	 
REQUEST		20	1693746418656	1693746419020	OK	 
REQUEST		20	1693746418657	1693746419034	OK	 
REQUEST		20	1693746418656	1693746419034	OK	 
REQUEST		20	1693746418656	1693746419035	OK	 
REQUEST		20	1693746418656	1693746419053	OK	 
REQUEST		20	1693746418656	1693746419053	OK	 
REQUEST		20	1693746418655	1693746419053	OK	 
REQUEST		20	1693746418657	1693746419053	OK	 
REQUEST		20	1693746418656	1693746419079	OK	 
REQUEST		20	1693746418655	1693746419079	OK	 
REQUEST		20	1693746418657	1693746419080	OK	 
REQUEST		20 Redirect 1	1693746418979	1693746419635	OK	 
USER	Set1With GEneration	END	1693746419636
REQUEST		20 Redirect 1	1693746419035	1693746420314	OK	 
USER	Set1With GEneration	END	1693746420316
REQUEST		20 Redirect 1	1693746418996	1693746420417	OK	 
USER	Set1With GEneration	END	1693746420417
REQUEST		20 Redirect 1	1693746419053	1693746420541	OK	 
USER	Set1With GEneration	END	1693746420542
REQUEST		20 Redirect 1	1693746419080	1693746420543	OK	 
USER	Set1With GEneration	END	1693746420543
REQUEST		20 Redirect 1	1693746419035	1693746420623	OK	 
USER	Set1With GEneration	END	1693746420624
REQUEST		20 Redirect 1	1693746419080	1693746420972	OK	 
USER	Set1With GEneration	END	1693746420973
REQUEST		20 Redirect 1	1693746418979	1693746421688	OK	 
USER	Set1With GEneration	END	1693746421689
REQUEST		20 Redirect 1	1693746418979	1693746421782	OK	 
USER	Set1With GEneration	END	1693746421783
REQUEST		20 Redirect 1	1693746419020	1693746421815	OK	 
USER	Set1With GEneration	END	1693746421816
REQUEST		20 Redirect 1	1693746419080	1693746421930	OK	 
USER	Set1With GEneration	END	1693746421930
REQUEST		20 Redirect 1	1693746419020	1693746422031	OK	 
USER	Set1With GEneration	END	1693746422032
REQUEST		20 Redirect 1	1693746419054	1693746422104	OK	 
USER	Set1With GEneration	END	1693746422105
REQUEST		20 Redirect 1	1693746419035	1693746422115	OK	 
USER	Set1With GEneration	END	1693746422116
REQUEST		20 Redirect 1	1693746418996	1693746422118	OK	 
USER	Set1With GEneration	END	1693746422118
REQUEST		20 Redirect 1	1693746419053	1693746422200	OK	 
USER	Set1With GEneration	END	1693746422201
REQUEST		20 Redirect 1	1693746419020	1693746422561	OK	 
USER	Set1With GEneration	END	1693746422562
REQUEST		20 Redirect 1	1693746419053	1693746422637	OK	 
USER	Set1With GEneration	END	1693746422638
REQUEST		20 Redirect 1	1693746418979	1693746422742	OK	 
USER	Set1With GEneration	END	1693746422742
REQUEST		20 Redirect 1	1693746418996	1693746422772	OK	 
USER	Set1With GEneration	END	1693746422773
