RUN	com.machinestalk.geenerateclass.MachinesTalk	machinestalk	1693385441522	 	3.9.5
USER	string	START	1693385442869
USER	string	START	1693385442948
USER	string	START	1693385443024
USER	string	START	1693385443102
USER	string	START	1693385443194
REQUEST		string	1693385442867	1693385443205	OK	 
USER	string	START	1693385443270
REQUEST		string	1693385443022	1693385443272	OK	 
REQUEST		string Redirect 1	1693385443233	1693385443269	OK	 
USER	string	END	1693385443277
USER	string	START	1693385443278
REQUEST		string	1693385443100	1693385443280	OK	 
REQUEST		string	1693385443193	1693385443291	OK	 
REQUEST		string Redirect 1	1693385443272	1693385443293	OK	 
USER	string	END	1693385443294
USER	string	START	1693385443295
REQUEST		string Redirect 1	1693385443281	1693385443301	OK	 
USER	string	END	1693385443302
USER	string	START	1693385443303
REQUEST		string Redirect 1	1693385443291	1693385443310	OK	 
USER	string	END	1693385443310
USER	string	START	1693385443312
REQUEST		string	1693385443269	1693385443322	OK	 
REQUEST		string	1693385443278	1693385443328	OK	 
REQUEST		string	1693385443303	1693385443343	OK	 
REQUEST		string Redirect 1	1693385443328	1693385443344	OK	 
USER	string	END	1693385443345
USER	string	START	1693385443346
REQUEST		string	1693385443295	1693385443347	OK	 
REQUEST		string Redirect 1	1693385443323	1693385443348	OK	 
USER	string	END	1693385443349
USER	string	START	1693385443350
USER	string	START	1693385443361
REQUEST		string Redirect 1	1693385443343	1693385443364	OK	 
REQUEST		string	1693385443311	1693385443364	OK	 
USER	string	END	1693385443364
USER	string	START	1693385443365
REQUEST		string Redirect 1	1693385443348	1693385443370	OK	 
USER	string	END	1693385443371
USER	string	START	1693385443372
REQUEST		string Redirect 1	1693385443364	1693385443390	OK	 
USER	string	END	1693385443391
USER	string	START	1693385443392
REQUEST		string	1693385443345	1693385443399	OK	 
REQUEST		string	1693385443361	1693385443408	OK	 
REQUEST		string	1693385443349	1693385443408	OK	 
REQUEST		string	1693385443365	1693385443410	OK	 
REQUEST		string Redirect 1	1693385443400	1693385443418	OK	 
USER	string	END	1693385443419
USER	string	START	1693385443420
REQUEST		string	1693385443371	1693385443428	OK	 
REQUEST		string	1693385443392	1693385443439	OK	 
REQUEST		string Redirect 1	1693385443409	1693385443440	OK	 
USER	string	START	1693385443440
USER	string	END	1693385443441
USER	string	START	1693385443442
REQUEST		string Redirect 1	1693385443409	1693385443442	OK	 
USER	string	END	1693385443443
USER	string	START	1693385443444
REQUEST		string Redirect 1	1693385443428	1693385443452	OK	 
REQUEST		string Redirect 1	1693385443410	1693385443452	OK	 
USER	string	END	1693385443453
USER	string	END	1693385443453
USER	string	START	1693385443453
USER	string	START	1693385443453
REQUEST		string Redirect 1	1693385443440	1693385443459	OK	 
USER	string	END	1693385443460
USER	string	START	1693385443461
REQUEST		string	1693385443420	1693385443469	OK	 
REQUEST		string	1693385443442	1693385443496	OK	 
REQUEST		string Redirect 1	1693385443469	1693385443499	OK	 
REQUEST		string	1693385443443	1693385443499	OK	 
REQUEST		string	1693385443440	1693385443499	OK	 
USER	string	END	1693385443500
USER	string	START	1693385443501
REQUEST		string	1693385443453	1693385443501	OK	 
REQUEST		string	1693385443460	1693385443507	OK	 
REQUEST		string	1693385443453	1693385443510	OK	 
USER	string	START	1693385443519
REQUEST		string Redirect 1	1693385443500	1693385443535	OK	 
USER	string	END	1693385443536
USER	string	START	1693385443536
REQUEST		string Redirect 1	1693385443497	1693385443539	OK	 
USER	string	END	1693385443540
USER	string	START	1693385443540
REQUEST		string Redirect 1	1693385443511	1693385443545	OK	 
REQUEST		string Redirect 1	1693385443501	1693385443545	OK	 
REQUEST		string Redirect 1	1693385443507	1693385443545	OK	 
USER	string	END	1693385443546
USER	string	END	1693385443546
USER	string	END	1693385443546
USER	string	START	1693385443547
USER	string	START	1693385443547
USER	string	START	1693385443547
REQUEST		string Redirect 1	1693385443500	1693385443560	OK	 
REQUEST		string	1693385443500	1693385443560	OK	 
REQUEST		string	1693385442945	1693385443560	OK	 
USER	string	END	1693385443562
USER	string	START	1693385443562
REQUEST		string Redirect 1	1693385443561	1693385443607	OK	 
REQUEST		string	1693385443540	1693385443607	OK	 
REQUEST		string	1693385443536	1693385443607	OK	 
USER	string	END	1693385443608
USER	string	START	1693385443610
USER	string	START	1693385443610
REQUEST		string	1693385443518	1693385443613	OK	 
REQUEST		string Redirect 1	1693385443561	1693385443620	OK	 
USER	string	END	1693385443621
USER	string	START	1693385443622
REQUEST		string	1693385443546	1693385443654	OK	 
REQUEST		string Redirect 1	1693385443608	1693385443668	OK	 
REQUEST		string Redirect 1	1693385443608	1693385443668	OK	 
REQUEST		string Redirect 1	1693385443614	1693385443668	OK	 
REQUEST		string	1693385443562	1693385443668	OK	 
REQUEST		string	1693385443546	1693385443668	OK	 
USER	string	END	1693385443669
USER	string	END	1693385443669
USER	string	END	1693385443669
REQUEST		string	1693385443546	1693385443669	OK	 
USER	string	START	1693385443669
USER	string	START	1693385443669
USER	string	START	1693385443670
REQUEST		string Redirect 1	1693385443656	1693385443683	OK	 
USER	string	END	1693385443685
USER	string	START	1693385443686
USER	string	START	1693385443687
REQUEST		string Redirect 1	1693385443668	1693385443703	OK	 
REQUEST		string Redirect 1	1693385443669	1693385443703	OK	 
USER	string	END	1693385443704
USER	string	END	1693385443704
USER	string	START	1693385443705
USER	string	START	1693385443705
REQUEST		string Redirect 1	1693385443668	1693385443707	OK	 
REQUEST		string	1693385443609	1693385443707	OK	 
USER	string	END	1693385443707
USER	string	START	1693385443708
USER	string	START	1693385443769
REQUEST		string	1693385443609	1693385443775	OK	 
REQUEST		string	1693385443621	1693385443775	OK	 
REQUEST		string Redirect 1	1693385443707	1693385443777	OK	 
USER	string	END	1693385443777
USER	string	START	1693385443778
REQUEST		string	1693385443669	1693385443806	OK	 
REQUEST		string	1693385443669	1693385443806	OK	 
REQUEST		string	1693385443669	1693385443814	OK	 
REQUEST		string Redirect 1	1693385443776	1693385443836	OK	 
USER	string	END	1693385443837
USER	string	START	1693385443838
REQUEST		string	1693385443704	1693385443848	OK	 
REQUEST		string	1693385443704	1693385443848	OK	 
REQUEST		string	1693385443687	1693385443848	OK	 
REQUEST		string Redirect 1	1693385443806	1693385443852	OK	 
REQUEST		string	1693385443707	1693385443852	OK	 
REQUEST		string	1693385443769	1693385443852	OK	 
USER	string	END	1693385443853
USER	string	START	1693385443854
REQUEST		string Redirect 1	1693385443806	1693385443859	OK	 
USER	string	END	1693385443860
USER	string	START	1693385443861
REQUEST		string Redirect 1	1693385443815	1693385443862	OK	 
USER	string	START	1693385443862
USER	string	END	1693385443862
USER	string	START	1693385443863
REQUEST		string	1693385443778	1693385443871	OK	 
REQUEST		string Redirect 1	1693385443849	1693385443891	OK	 
REQUEST		string Redirect 1	1693385443849	1693385443891	OK	 
USER	string	END	1693385443892
USER	string	END	1693385443892
USER	string	START	1693385443893
USER	string	START	1693385443893
REQUEST		string Redirect 1	1693385443849	1693385443902	OK	 
USER	string	END	1693385443903
USER	string	START	1693385443904
REQUEST		string Redirect 1	1693385443853	1693385443905	OK	 
REQUEST		string Redirect 1	1693385443853	1693385443905	OK	 
USER	string	END	1693385443906
USER	string	END	1693385443906
USER	string	START	1693385443906
USER	string	START	1693385443906
REQUEST		string Redirect 1	1693385443872	1693385443912	OK	 
USER	string	END	1693385443913
USER	string	START	1693385443913
REQUEST		string	1693385443837	1693385443941	OK	 
REQUEST		string	1693385443860	1693385443977	OK	 
REQUEST		string	1693385443862	1693385443977	OK	 
REQUEST		string	1693385443853	1693385443981	OK	 
REQUEST		string Redirect 1	1693385443941	1693385443996	OK	 
USER	string	END	1693385443997
USER	string	START	1693385443997
REQUEST		string	1693385443863	1693385444003	OK	 
REQUEST		string	1693385443892	1693385444038	OK	 
REQUEST		string Redirect 1	1693385443977	1693385444039	OK	 
USER	string	END	1693385444040
USER	string	START	1693385444041
REQUEST		string	1693385443892	1693385444043	OK	 
REQUEST		string Redirect 1	1693385443977	1693385444055	OK	 
USER	string	END	1693385444056
USER	string	START	1693385444057
REQUEST		string	1693385443903	1693385444061	OK	 
REQUEST		string	1693385443906	1693385444069	OK	 
REQUEST		string Redirect 1	1693385443981	1693385444070	OK	 
USER	string	END	1693385444071
USER	string	START	1693385444072
REQUEST		string	1693385443685	1693385444073	OK	 
REQUEST		string	1693385443906	1693385444075	OK	 
REQUEST		string Redirect 1	1693385444004	1693385444079	OK	 
USER	string	END	1693385444080
USER	string	START	1693385444081
REQUEST		string	1693385443913	1693385444085	OK	 
REQUEST		string Redirect 1	1693385444044	1693385444105	OK	 
REQUEST		string Redirect 1	1693385444039	1693385444105	OK	 
USER	string	END	1693385444106
USER	string	END	1693385444106
USER	string	START	1693385444107
USER	string	START	1693385444107
REQUEST		string Redirect 1	1693385444061	1693385444120	OK	 
USER	string	END	1693385444121
USER	string	START	1693385444122
REQUEST		string Redirect 1	1693385444070	1693385444130	OK	 
USER	string	END	1693385444131
USER	string	START	1693385444132
REQUEST		string Redirect 1	1693385444073	1693385444132	OK	 
USER	string	END	1693385444133
USER	string	START	1693385444133
REQUEST		string Redirect 1	1693385444076	1693385444135	OK	 
USER	string	END	1693385444136
USER	string	START	1693385444136
REQUEST		string Redirect 1	1693385444086	1693385444155	OK	 
USER	string	END	1693385444157
USER	string	START	1693385444158
REQUEST		string	1693385443997	1693385444187	OK	 
REQUEST		string Redirect 1	1693385443776	1693385444219	OK	 
USER	string	END	1693385444220
USER	string	START	1693385444221
REQUEST		string	1693385444040	1693385444235	OK	 
REQUEST		string	1693385444056	1693385444256	OK	 
REQUEST		string Redirect 1	1693385444188	1693385444257	OK	 
USER	string	END	1693385444258
USER	string	START	1693385444258
REQUEST		string	1693385444071	1693385444263	OK	 
REQUEST		string	1693385444080	1693385444288	OK	 
REQUEST		string Redirect 1	1693385444235	1693385444304	OK	 
USER	string	END	1693385444304
USER	string	START	1693385444305
REQUEST		string	1693385444106	1693385444318	OK	 
REQUEST		string	1693385444106	1693385444319	OK	 
REQUEST		string Redirect 1	1693385444257	1693385444325	OK	 
USER	string	END	1693385444325
USER	string	START	1693385444326
REQUEST		string	1693385444122	1693385444335	OK	 
REQUEST		string Redirect 1	1693385444263	1693385444344	OK	 
REQUEST		string	1693385444133	1693385444344	OK	 
USER	string	END	1693385444344
USER	string	START	1693385444345
REQUEST		string	1693385444131	1693385444346	OK	 
REQUEST		string	1693385444136	1693385444350	OK	 
REQUEST		string Redirect 1	1693385444289	1693385444366	OK	 
REQUEST		string	1693385444157	1693385444366	OK	 
USER	string	END	1693385444366
USER	string	START	1693385444367
USER	string	START	1693385444372
REQUEST		string Redirect 1	1693385444319	1693385444384	OK	 
USER	string	END	1693385444384
REQUEST		string Redirect 1	1693385444319	1693385444384	OK	 
USER	string	END	1693385444385
USER	string	START	1693385444385
USER	string	START	1693385444385
REQUEST		string Redirect 1	1693385444335	1693385444396	OK	 
USER	string	END	1693385444397
USER	string	START	1693385444398
REQUEST		string Redirect 1	1693385444344	1693385444413	OK	 
REQUEST		string Redirect 1	1693385444346	1693385444413	OK	 
REQUEST		string Redirect 1	1693385444350	1693385444414	OK	 
USER	string	END	1693385444414
USER	string	END	1693385444414
USER	string	END	1693385444414
USER	string	START	1693385444415
USER	string	START	1693385444415
USER	string	START	1693385444415
REQUEST		string	1693385444220	1693385444416	OK	 
REQUEST		string Redirect 1	1693385444366	1693385444428	OK	 
USER	string	END	1693385444429
USER	string	START	1693385444430
REQUEST		string	1693385444258	1693385444446	OK	 
REQUEST		string Redirect 1	1693385444417	1693385444488	OK	 
USER	string	END	1693385444488
USER	string	START	1693385444489
REQUEST		string	1693385444304	1693385444499	OK	 
REQUEST		string	1693385444326	1693385444515	OK	 
REQUEST		string Redirect 1	1693385444446	1693385444517	OK	 
USER	string	END	1693385444517
USER	string	START	1693385444518
REQUEST		string	1693385444345	1693385444546	OK	 
REQUEST		string	1693385444367	1693385444561	OK	 
REQUEST		string	1693385444372	1693385444569	OK	 
REQUEST		string Redirect 1	1693385444500	1693385444573	OK	 
USER	string	END	1693385444573
USER	string	START	1693385444574
REQUEST		string	1693385444385	1693385444576	OK	 
REQUEST		string	1693385444385	1693385444583	OK	 
REQUEST		string Redirect 1	1693385444515	1693385444587	OK	 
USER	string	END	1693385444588
USER	string	START	1693385444589
REQUEST		string	1693385444397	1693385444608	OK	 
REQUEST		string Redirect 1	1693385444546	1693385444626	OK	 
USER	string	END	1693385444628
USER	string	START	1693385444630
REQUEST		string	1693385444414	1693385444632	OK	 
REQUEST		string	1693385444414	1693385444633	OK	 
REQUEST		string	1693385444414	1693385444633	OK	 
REQUEST		string Redirect 1	1693385444569	1693385444661	OK	 
REQUEST		string Redirect 1	1693385444562	1693385444661	OK	 
REQUEST		string Redirect 1	1693385444576	1693385444661	OK	 
REQUEST		string Redirect 1	1693385444584	1693385444662	OK	 
REQUEST		string	1693385444429	1693385444661	OK	 
USER	string	END	1693385444663
USER	string	END	1693385444664
USER	string	END	1693385444664
USER	string	END	1693385444664
USER	string	START	1693385444666
USER	string	START	1693385444666
USER	string	START	1693385444666
USER	string	START	1693385444666
REQUEST		string Redirect 1	1693385444608	1693385444672	OK	 
USER	string	END	1693385444674
USER	string	START	1693385444675
REQUEST		string Redirect 1	1693385444633	1693385444703	OK	 
USER	string	END	1693385444703
USER	string	START	1693385444704
REQUEST		string Redirect 1	1693385444632	1693385444705	OK	 
USER	string	END	1693385444705
USER	string	START	1693385444706
REQUEST		string Redirect 1	1693385444633	1693385444706	OK	 
USER	string	END	1693385444707
USER	string	START	1693385444707
REQUEST		string	1693385444489	1693385444736	OK	 
REQUEST		string	1693385444518	1693385444739	OK	 
REQUEST		string Redirect 1	1693385444663	1693385444739	OK	 
USER	string	END	1693385444740
USER	string	START	1693385444740
REQUEST		string	1693385444574	1693385444792	OK	 
REQUEST		string	1693385444589	1693385444798	OK	 
REQUEST		string Redirect 1	1693385444737	1693385444809	OK	 
USER	string	END	1693385444810
USER	string	START	1693385444810
REQUEST		string Redirect 1	1693385444739	1693385444816	OK	 
USER	string	END	1693385444817
USER	string	START	1693385444818
REQUEST		string	1693385444629	1693385444822	OK	 
USER	string	START	1693385444837
REQUEST		string	1693385444665	1693385444859	OK	 
REQUEST		string	1693385444664	1693385444861	OK	 
REQUEST		string	1693385444665	1693385444867	OK	 
REQUEST		string	1693385444675	1693385444871	OK	 
REQUEST		string	1693385444665	1693385444872	OK	 
REQUEST		string Redirect 1	1693385444793	1693385444877	OK	 
USER	string	END	1693385444878
USER	string	START	1693385444878
REQUEST		string Redirect 1	1693385444799	1693385444887	OK	 
USER	string	END	1693385444887
USER	string	START	1693385444888
REQUEST		string Redirect 1	1693385444822	1693385444892	OK	 
USER	string	END	1693385444892
USER	string	START	1693385444893
REQUEST		string	1693385444704	1693385444917	OK	 
REQUEST		string	1693385444707	1693385444918	OK	 
REQUEST		string	1693385444705	1693385444919	OK	 
REQUEST		string Redirect 1	1693385444861	1693385444935	OK	 
REQUEST		string Redirect 1	1693385444860	1693385444936	OK	 
USER	string	END	1693385444937
USER	string	END	1693385444938
USER	string	START	1693385444939
USER	string	START	1693385444939
REQUEST		string	1693385444740	1693385444950	OK	 
REQUEST		string Redirect 1	1693385444868	1693385444963	OK	 
USER	string	END	1693385444963
USER	string	START	1693385444964
REQUEST		string Redirect 1	1693385444872	1693385444967	OK	 
USER	string	END	1693385444968
USER	string	START	1693385444969
REQUEST		string Redirect 1	1693385444873	1693385444969	OK	 
USER	string	END	1693385444969
USER	string	START	1693385444970
REQUEST		string Redirect 1	1693385444920	1693385445013	OK	 
USER	string	END	1693385445014
USER	string	START	1693385445014
REQUEST		string Redirect 1	1693385444918	1693385445017	OK	 
USER	string	END	1693385445018
USER	string	START	1693385445019
REQUEST		string Redirect 1	1693385444919	1693385445020	OK	 
USER	string	END	1693385445021
USER	string	START	1693385445021
REQUEST		string Redirect 1	1693385444951	1693385445047	OK	 
USER	string	END	1693385445047
REQUEST		string	1693385444810	1693385445047	OK	 
USER	string	START	1693385445048
REQUEST		string	1693385444817	1693385445059	OK	 
REQUEST		string	1693385444837	1693385445101	OK	 
REQUEST		string	1693385444878	1693385445137	OK	 
REQUEST		string	1693385444887	1693385445147	OK	 
REQUEST		string Redirect 1	1693385445048	1693385445154	OK	 
USER	string	END	1693385445154
USER	string	START	1693385445155
REQUEST		string	1693385444892	1693385445157	OK	 
REQUEST		string Redirect 1	1693385445059	1693385445161	OK	 
USER	string	END	1693385445161
USER	string	START	1693385445162
REQUEST		string Redirect 1	1693385445102	1693385445185	OK	 
USER	string	END	1693385445186
USER	string	START	1693385445186
REQUEST		string	1693385444938	1693385445211	OK	 
REQUEST		string	1693385444939	1693385445218	OK	 
REQUEST		string Redirect 1	1693385445138	1693385445221	OK	 
USER	string	END	1693385445222
USER	string	START	1693385445223
REQUEST		string Redirect 1	1693385445148	1693385445232	OK	 
USER	string	END	1693385445232
USER	string	START	1693385445233
REQUEST		string	1693385444964	1693385445237	OK	 
REQUEST		string	1693385444970	1693385445239	OK	 
REQUEST		string Redirect 1	1693385445157	1693385445241	OK	 
USER	string	END	1693385445241
REQUEST		string	1693385444968	1693385445241	OK	 
USER	string	START	1693385445242
REQUEST		string	1693385445018	1693385445274	OK	 
REQUEST		string	1693385445014	1693385445276	OK	 
REQUEST		string	1693385445021	1693385445285	OK	 
REQUEST		string Redirect 1	1693385445211	1693385445289	OK	 
USER	string	END	1693385445289
USER	string	START	1693385445290
REQUEST		string Redirect 1	1693385445218	1693385445303	OK	 
USER	string	END	1693385445304
USER	string	START	1693385445304
REQUEST		string	1693385445048	1693385445307	OK	 
REQUEST		string Redirect 1	1693385445239	1693385445320	OK	 
USER	string	END	1693385445320
USER	string	START	1693385445321
REQUEST		string Redirect 1	1693385445237	1693385445324	OK	 
REQUEST		string Redirect 1	1693385445241	1693385445324	OK	 
USER	string	END	1693385445324
USER	string	END	1693385445325
USER	string	START	1693385445325
USER	string	START	1693385445325
USER	string	START	1693385445347
REQUEST		string Redirect 1	1693385445277	1693385445362	OK	 
USER	string	END	1693385445362
USER	string	START	1693385445363
REQUEST		string Redirect 1	1693385445275	1693385445367	OK	 
REQUEST		string Redirect 1	1693385445286	1693385445367	OK	 
USER	string	END	1693385445367
USER	string	END	1693385445367
USER	string	START	1693385445368
USER	string	START	1693385445368
REQUEST		string Redirect 1	1693385445307	1693385445376	OK	 
USER	string	END	1693385445376
USER	string	START	1693385445377
REQUEST		string	1693385445154	1693385445386	OK	 
REQUEST		string	1693385445161	1693385445387	OK	 
REQUEST		string	1693385445186	1693385445428	OK	 
REQUEST		string	1693385445222	1693385445440	OK	 
REQUEST		string	1693385445232	1693385445443	OK	 
REQUEST		string Redirect 1	1693385445387	1693385445463	OK	 
USER	string	END	1693385445464
USER	string	START	1693385445464
REQUEST		string	1693385445241	1693385445468	OK	 
REQUEST		string Redirect 1	1693385445387	1693385445472	OK	 
USER	string	END	1693385445473
USER	string	START	1693385445473
REQUEST		string Redirect 1	1693385445428	1693385445494	OK	 
USER	string	END	1693385445494
USER	string	START	1693385445495
REQUEST		string	1693385445290	1693385445505	OK	 
REQUEST		string Redirect 1	1693385445444	1693385445507	OK	 
USER	string	END	1693385445508
USER	string	START	1693385445509
REQUEST		string	1693385445304	1693385445511	OK	 
REQUEST		string Redirect 1	1693385445440	1693385445514	OK	 
USER	string	END	1693385445515
USER	string	START	1693385445515
REQUEST		string	1693385445321	1693385445522	OK	 
REQUEST		string Redirect 1	1693385445468	1693385445538	OK	 
USER	string	END	1693385445538
USER	string	START	1693385445539
REQUEST		string	1693385445325	1693385445544	OK	 
REQUEST		string	1693385445325	1693385445544	OK	 
REQUEST		string	1693385445347	1693385445554	OK	 
REQUEST		string	1693385445362	1693385445569	OK	 
REQUEST		string	1693385445367	1693385445571	OK	 
REQUEST		string	1693385445367	1693385445573	OK	 
REQUEST		string Redirect 1	1693385445505	1693385445579	OK	 
USER	string	END	1693385445579
USER	string	START	1693385445580
REQUEST		string Redirect 1	1693385445512	1693385445582	OK	 
USER	string	END	1693385445582
USER	string	START	1693385445583
REQUEST		string	1693385445376	1693385445586	OK	 
REQUEST		string Redirect 1	1693385445522	1693385445590	OK	 
USER	string	END	1693385445590
USER	string	START	1693385445591
REQUEST		string Redirect 1	1693385445544	1693385445618	OK	 
REQUEST		string Redirect 1	1693385445544	1693385445618	OK	 
USER	string	END	1693385445618
USER	string	END	1693385445618
USER	string	START	1693385445619
USER	string	START	1693385445619
REQUEST		string Redirect 1	1693385445554	1693385445626	OK	 
USER	string	END	1693385445627
USER	string	START	1693385445627
REQUEST		string Redirect 1	1693385445569	1693385445643	OK	 
USER	string	END	1693385445643
USER	string	START	1693385445644
REQUEST		string Redirect 1	1693385445572	1693385445647	OK	 
USER	string	END	1693385445647
USER	string	START	1693385445648
REQUEST		string Redirect 1	1693385445573	1693385445648	OK	 
USER	string	END	1693385445649
USER	string	START	1693385445649
REQUEST		string Redirect 1	1693385445586	1693385445660	OK	 
USER	string	END	1693385445661
USER	string	START	1693385445662
REQUEST		string	1693385445464	1693385445671	OK	 
REQUEST		string	1693385445473	1693385445679	OK	 
REQUEST		string	1693385445495	1693385445697	OK	 
REQUEST		string	1693385445508	1693385445710	OK	 
REQUEST		string	1693385445515	1693385445718	OK	 
REQUEST		string Redirect 1	1693385445671	1693385445745	OK	 
USER	string	END	1693385445745
USER	string	START	1693385445746
REQUEST		string	1693385445539	1693385445749	OK	 
REQUEST		string Redirect 1	1693385445679	1693385445753	OK	 
USER	string	END	1693385445753
USER	string	START	1693385445754
REQUEST		string Redirect 1	1693385445697	1693385445772	OK	 
USER	string	END	1693385445773
USER	string	START	1693385445773
REQUEST		string Redirect 1	1693385445710	1693385445782	OK	 
USER	string	END	1693385445783
USER	string	START	1693385445784
REQUEST		string	1693385445582	1693385445800	OK	 
REQUEST		string Redirect 1	1693385445719	1693385445802	OK	 
REQUEST		string	1693385445580	1693385445802	OK	 
REQUEST		string	1693385445590	1693385445801	OK	 
USER	string	END	1693385445802
USER	string	START	1693385445803
REQUEST		string Redirect 1	1693385445749	1693385445820	OK	 
USER	string	END	1693385445820
USER	string	START	1693385445821
REQUEST		string	1693385445619	1693385445839	OK	 
REQUEST		string	1693385445619	1693385445844	OK	 
REQUEST		string	1693385445627	1693385445847	OK	 
USER	string	START	1693385445860
REQUEST		string	1693385445649	1693385445864	OK	 
REQUEST		string	1693385445647	1693385445869	OK	 
REQUEST		string	1693385445644	1693385445885	OK	 
REQUEST		string Redirect 1	1693385445802	1693385445898	OK	 
REQUEST		string Redirect 1	1693385445802	1693385445898	OK	 
REQUEST		string Redirect 1	1693385445800	1693385445898	OK	 
USER	string	END	1693385445898
USER	string	END	1693385445898
USER	string	END	1693385445898
USER	string	START	1693385445899
USER	string	START	1693385445899
USER	string	START	1693385445899
REQUEST		string	1693385445661	1693385445899	OK	 
REQUEST		string Redirect 1	1693385445840	1693385445923	OK	 
USER	string	END	1693385445923
USER	string	START	1693385445924
REQUEST		string Redirect 1	1693385445844	1693385445933	OK	 
USER	string	END	1693385445934
USER	string	START	1693385445934
REQUEST		string Redirect 1	1693385445847	1693385445935	OK	 
USER	string	END	1693385445935
USER	string	START	1693385445935
REQUEST		string Redirect 1	1693385445865	1693385445946	OK	 
USER	string	END	1693385445947
REQUEST		string Redirect 1	1693385445870	1693385445947	OK	 
USER	string	START	1693385445947
USER	string	END	1693385445948
USER	string	START	1693385445948
REQUEST		string Redirect 1	1693385445885	1693385445959	OK	 
USER	string	END	1693385445960
USER	string	START	1693385445960
REQUEST		string	1693385445745	1693385445974	OK	 
REQUEST		string Redirect 1	1693385445900	1693385445978	OK	 
USER	string	END	1693385445979
USER	string	START	1693385445979
REQUEST		string	1693385445754	1693385445984	OK	 
REQUEST		string	1693385445773	1693385445994	OK	 
REQUEST		string	1693385445783	1693385446009	OK	 
REQUEST		string	1693385445802	1693385446024	OK	 
REQUEST		string Redirect 1	1693385445974	1693385446039	OK	 
USER	string	END	1693385446039
USER	string	START	1693385446040
REQUEST		string	1693385445820	1693385446049	OK	 
REQUEST		string Redirect 1	1693385445984	1693385446053	OK	 
USER	string	END	1693385446054
USER	string	START	1693385446054
REQUEST		string Redirect 1	1693385445995	1693385446058	OK	 
USER	string	END	1693385446059
USER	string	START	1693385446059
REQUEST		string	1693385445859	1693385446060	OK	 
REQUEST		string Redirect 1	1693385446010	1693385446073	OK	 
USER	string	END	1693385446073
USER	string	START	1693385446074
REQUEST		string	1693385445899	1693385446085	OK	 
REQUEST		string	1693385445899	1693385446099	OK	 
REQUEST		string Redirect 1	1693385446025	1693385446101	OK	 
REQUEST		string	1693385445899	1693385446101	OK	 
USER	string	END	1693385446102
USER	string	START	1693385446102
REQUEST		string	1693385445924	1693385446108	OK	 
REQUEST		string Redirect 1	1693385446049	1693385446112	OK	 
USER	string	END	1693385446113
USER	string	START	1693385446113
REQUEST		string Redirect 1	1693385446060	1693385446123	OK	 
USER	string	END	1693385446124
USER	string	START	1693385446124
REQUEST		string	1693385445935	1693385446135	OK	 
REQUEST		string	1693385445934	1693385446135	OK	 
REQUEST		string	1693385445960	1693385446143	OK	 
REQUEST		string	1693385445948	1693385446155	OK	 
REQUEST		string	1693385445947	1693385446156	OK	 
REQUEST		string	1693385445979	1693385446157	OK	 
REQUEST		string Redirect 1	1693385446085	1693385446167	OK	 
USER	string	END	1693385446167
USER	string	START	1693385446168
REQUEST		string Redirect 1	1693385446102	1693385446176	OK	 
USER	string	END	1693385446176
USER	string	START	1693385446177
REQUEST		string Redirect 1	1693385446100	1693385446181	OK	 
USER	string	END	1693385446181
USER	string	START	1693385446182
REQUEST		string Redirect 1	1693385446109	1693385446184	OK	 
USER	string	END	1693385446184
USER	string	START	1693385446185
REQUEST		string Redirect 1	1693385446136	1693385446204	OK	 
USER	string	END	1693385446204
USER	string	START	1693385446205
REQUEST		string Redirect 1	1693385446144	1693385446222	OK	 
REQUEST		string Redirect 1	1693385446136	1693385446222	OK	 
USER	string	END	1693385446223
USER	string	END	1693385446223
USER	string	START	1693385446223
USER	string	START	1693385446223
REQUEST		string Redirect 1	1693385446156	1693385446236	OK	 
USER	string	END	1693385446237
USER	string	START	1693385446237
REQUEST		string Redirect 1	1693385446155	1693385446239	OK	 
USER	string	END	1693385446240
USER	string	START	1693385446240
REQUEST		string Redirect 1	1693385446157	1693385446241	OK	 
REQUEST		string	1693385446039	1693385446241	OK	 
USER	string	END	1693385446242
USER	string	START	1693385446242
REQUEST		string	1693385446054	1693385446254	OK	 
REQUEST		string	1693385446059	1693385446264	OK	 
REQUEST		string	1693385446074	1693385446280	OK	 
REQUEST		string	1693385446102	1693385446326	OK	 
REQUEST		string	1693385446113	1693385446337	OK	 
REQUEST		string Redirect 1	1693385446242	1693385446338	OK	 
USER	string	END	1693385446338
USER	string	START	1693385446339
REQUEST		string Redirect 1	1693385446254	1693385446343	OK	 
REQUEST		string	1693385446124	1693385446343	OK	 
USER	string	END	1693385446344
USER	string	START	1693385446344
REQUEST		string Redirect 1	1693385446264	1693385446345	OK	 
USER	string	END	1693385446345
USER	string	START	1693385446346
REQUEST		string Redirect 1	1693385446281	1693385446359	OK	 
USER	string	END	1693385446359
USER	string	START	1693385446360
USER	string	START	1693385446370
REQUEST		string	1693385446167	1693385446397	OK	 
REQUEST		string Redirect 1	1693385446327	1693385446404	OK	 
REQUEST		string	1693385446177	1693385446404	OK	 
USER	string	END	1693385446405
USER	string	START	1693385446405
REQUEST		string	1693385446182	1693385446412	OK	 
REQUEST		string	1693385446185	1693385446415	OK	 
REQUEST		string Redirect 1	1693385446337	1693385446421	OK	 
USER	string	END	1693385446421
USER	string	START	1693385446422
REQUEST		string Redirect 1	1693385446343	1693385446427	OK	 
USER	string	END	1693385446427
USER	string	START	1693385446428
REQUEST		string	1693385446205	1693385446441	OK	 
REQUEST		string	1693385446223	1693385446464	OK	 
REQUEST		string	1693385446223	1693385446467	OK	 
REQUEST		string	1693385446242	1693385446478	OK	 
REQUEST		string Redirect 1	1693385446398	1693385446497	OK	 
USER	string	END	1693385446497
USER	string	START	1693385446498
REQUEST		string	1693385446240	1693385446502	OK	 
REQUEST		string	1693385446237	1693385446502	OK	 
REQUEST		string Redirect 1	1693385446404	1693385446513	OK	 
REQUEST		string Redirect 1	1693385446415	1693385446513	OK	 
REQUEST		string Redirect 1	1693385446412	1693385446513	OK	 
USER	string	END	1693385446513
USER	string	END	1693385446513
USER	string	END	1693385446513
USER	string	START	1693385446514
USER	string	START	1693385446514
USER	string	START	1693385446514
REQUEST		string Redirect 1	1693385446441	1693385446527	OK	 
USER	string	END	1693385446527
USER	string	START	1693385446527
REQUEST		string Redirect 1	1693385446464	1693385446556	OK	 
USER	string	END	1693385446557
USER	string	START	1693385446558
REQUEST		string Redirect 1	1693385446467	1693385446563	OK	 
USER	string	END	1693385446564
USER	string	START	1693385446564
REQUEST		string Redirect 1	1693385446478	1693385446577	OK	 
USER	string	END	1693385446578
USER	string	START	1693385446578
REQUEST		string	1693385446339	1693385446591	OK	 
REQUEST		string	1693385446346	1693385446596	OK	 
REQUEST		string Redirect 1	1693385446502	1693385446602	OK	 
REQUEST		string Redirect 1	1693385446502	1693385446602	OK	 
REQUEST		string	1693385446344	1693385446602	OK	 
USER	string	END	1693385446602
USER	string	END	1693385446603
USER	string	START	1693385446603
USER	string	START	1693385446603
REQUEST		string	1693385446359	1693385446608	OK	 
REQUEST		string	1693385446370	1693385446621	OK	 
REQUEST		string	1693385446405	1693385446678	OK	 
REQUEST		string	1693385446422	1693385446704	OK	 
REQUEST		string Redirect 1	1693385446591	1693385446704	OK	 
REQUEST		string Redirect 1	1693385446596	1693385446704	OK	 
USER	string	END	1693385446704
USER	string	END	1693385446704
USER	string	START	1693385446705
USER	string	START	1693385446705
REQUEST		string	1693385446427	1693385446710	OK	 
REQUEST		string Redirect 1	1693385446602	1693385446714	OK	 
USER	string	END	1693385446714
USER	string	START	1693385446715
REQUEST		string Redirect 1	1693385446621	1693385446724	OK	 
REQUEST		string Redirect 1	1693385446608	1693385446724	OK	 
USER	string	END	1693385446724
USER	string	END	1693385446724
USER	string	START	1693385446725
USER	string	START	1693385446725
REQUEST		string Redirect 1	1693385446679	1693385446805	OK	 
USER	string	END	1693385446807
USER	string	START	1693385446808
REQUEST		string	1693385446514	1693385446812	OK	 
REQUEST		string	1693385446497	1693385446812	OK	 
REQUEST		string	1693385446514	1693385446817	OK	 
REQUEST		string	1693385446514	1693385446826	OK	 
REQUEST		string Redirect 1	1693385446704	1693385446828	OK	 
USER	string	END	1693385446829
USER	string	START	1693385446829
REQUEST		string Redirect 1	1693385446710	1693385446830	OK	 
USER	string	END	1693385446830
USER	string	START	1693385446831
REQUEST		string	1693385446527	1693385446831	OK	 
USER	string	START	1693385446857
REQUEST		string	1693385446557	1693385446907	OK	 
REQUEST		string	1693385446564	1693385446907	OK	 
REQUEST		string	1693385446578	1693385446921	OK	 
REQUEST		string	1693385446603	1693385446944	OK	 
REQUEST		string Redirect 1	1693385446812	1693385446945	OK	 
USER	string	END	1693385446946
USER	string	START	1693385446947
REQUEST		string Redirect 1	1693385446817	1693385446947	OK	 
USER	string	END	1693385446948
USER	string	START	1693385446948
REQUEST		string Redirect 1	1693385446826	1693385446954	OK	 
USER	string	END	1693385446955
USER	string	START	1693385446955
REQUEST		string Redirect 1	1693385446832	1693385446956	OK	 
USER	string	END	1693385446956
USER	string	START	1693385446956
REQUEST		string Redirect 1	1693385446908	1693385447001	OK	 
REQUEST		string Redirect 1	1693385446908	1693385447001	OK	 
USER	string	END	1693385447002
USER	string	END	1693385447003
REQUEST		string Redirect 1	1693385446922	1693385447003	OK	 
USER	string	START	1693385447004
USER	string	START	1693385447004
USER	string	END	1693385447005
REQUEST		string	1693385446705	1693385447005	OK	 
USER	string	START	1693385447006
REQUEST		string	1693385446714	1693385447008	OK	 
REQUEST		string	1693385446725	1693385447015	OK	 
REQUEST		string	1693385446724	1693385447018	OK	 
REQUEST		string Redirect 1	1693385446945	1693385447019	OK	 
USER	string	END	1693385447020
USER	string	START	1693385447020
REQUEST		string	1693385446807	1693385447087	OK	 
REQUEST		string Redirect 1	1693385447006	1693385447102	OK	 
USER	string	END	1693385447103
USER	string	START	1693385447104
REQUEST		string Redirect 1	1693385447008	1693385447104	OK	 
REQUEST		string	1693385446830	1693385447104	OK	 
USER	string	END	1693385447105
USER	string	START	1693385447106
REQUEST		string	1693385446856	1693385447114	OK	 
REQUEST		string Redirect 1	1693385447018	1693385447116	OK	 
REQUEST		string Redirect 1	1693385447016	1693385447116	OK	 
USER	string	END	1693385447117
USER	string	END	1693385447117
USER	string	START	1693385447117
USER	string	START	1693385447117
REQUEST		string Redirect 1	1693385447088	1693385447139	OK	 
REQUEST		string	1693385446955	1693385447139	OK	 
REQUEST		string	1693385446948	1693385447139	OK	 
REQUEST		string	1693385446946	1693385447139	OK	 
REQUEST		string	1693385446603	1693385447139	OK	 
USER	string	END	1693385447140
USER	string	START	1693385447140
REQUEST		string Redirect 1	1693385447105	1693385447144	OK	 
REQUEST		string	1693385446956	1693385447144	OK	 
USER	string	END	1693385447145
USER	string	START	1693385447145
REQUEST		string Redirect 1	1693385447115	1693385447147	OK	 
USER	string	END	1693385447147
USER	string	START	1693385447148
REQUEST		string	1693385447003	1693385447149	OK	 
REQUEST		string	1693385447003	1693385447149	OK	 
REQUEST		string	1693385447005	1693385447151	OK	 
REQUEST		string	1693385447020	1693385447153	OK	 
REQUEST		string Redirect 1	1693385447139	1693385447163	OK	 
USER	string	END	1693385447164
USER	string	START	1693385447164
REQUEST		string Redirect 1	1693385447139	1693385447171	OK	 
USER	string	END	1693385447172
USER	string	START	1693385447172
REQUEST		string Redirect 1	1693385447139	1693385447175	OK	 
USER	string	END	1693385447175
USER	string	START	1693385447176
REQUEST		string Redirect 1	1693385447139	1693385447177	OK	 
USER	string	END	1693385447177
USER	string	START	1693385447178
REQUEST		string Redirect 1	1693385447144	1693385447184	OK	 
USER	string	END	1693385447185
USER	string	START	1693385447185
REQUEST		string Redirect 1	1693385447149	1693385447198	OK	 
REQUEST		string Redirect 1	1693385447153	1693385447198	OK	 
USER	string	END	1693385447199
USER	string	END	1693385447199
USER	string	START	1693385447199
USER	string	START	1693385447199
REQUEST		string Redirect 1	1693385447149	1693385447206	OK	 
REQUEST		string Redirect 1	1693385447152	1693385447206	OK	 
REQUEST		string	1693385447104	1693385447206	OK	 
USER	string	END	1693385447206
USER	string	END	1693385447206
USER	string	START	1693385447207
USER	string	START	1693385447207
REQUEST		string	1693385447106	1693385447209	OK	 
REQUEST		string	1693385447117	1693385447209	OK	 
REQUEST		string	1693385447117	1693385447209	OK	 
REQUEST		string	1693385447140	1693385447210	OK	 
REQUEST		string	1693385447148	1693385447212	OK	 
REQUEST		string	1693385447145	1693385447212	OK	 
REQUEST		string	1693385447164	1693385447214	OK	 
REQUEST		string	1693385447178	1693385447232	OK	 
REQUEST		string Redirect 1	1693385447209	1693385447235	OK	 
USER	string	END	1693385447236
USER	string	START	1693385447236
REQUEST		string Redirect 1	1693385447209	1693385447238	OK	 
USER	string	END	1693385447238
USER	string	START	1693385447239
REQUEST		string Redirect 1	1693385447206	1693385447244	OK	 
USER	string	END	1693385447244
USER	string	START	1693385447244
REQUEST		string	1693385447172	1693385447245	OK	 
REQUEST		string Redirect 1	1693385447209	1693385447248	OK	 
USER	string	END	1693385447249
USER	string	START	1693385447249
REQUEST		string Redirect 1	1693385446812	1693385447251	OK	 
USER	string	END	1693385447251
USER	string	START	1693385447252
REQUEST		string Redirect 1	1693385447210	1693385447256	OK	 
USER	string	END	1693385447256
REQUEST		string	1693385447175	1693385447256	OK	 
USER	string	START	1693385447257
REQUEST		string Redirect 1	1693385447213	1693385447266	OK	 
USER	string	END	1693385447266
USER	string	START	1693385447267
REQUEST		string	1693385447185	1693385447270	OK	 
REQUEST		string Redirect 1	1693385447214	1693385447278	OK	 
USER	string	END	1693385447279
USER	string	START	1693385447279
REQUEST		string Redirect 1	1693385447213	1693385447280	OK	 
REQUEST		string	1693385447199	1693385447280	OK	 
USER	string	END	1693385447281
USER	string	START	1693385447281
REQUEST		string	1693385447199	1693385447281	OK	 
REQUEST		string Redirect 1	1693385447232	1693385447285	OK	 
USER	string	END	1693385447285
REQUEST		string	1693385447206	1693385447285	OK	 
USER	string	START	1693385447285
REQUEST		string	1693385447206	1693385447290	OK	 
REQUEST		string	1693385446705	1693385447301	OK	 
REQUEST		string Redirect 1	1693385447245	1693385447301	OK	 
USER	string	END	1693385447301
USER	string	START	1693385447302
REQUEST		string	1693385447236	1693385447306	OK	 
REQUEST		string Redirect 1	1693385447270	1693385447314	OK	 
USER	string	END	1693385447315
USER	string	START	1693385447315
REQUEST		string	1693385447239	1693385447318	OK	 
REQUEST		string Redirect 1	1693385447257	1693385447324	OK	 
USER	string	END	1693385447324
USER	string	START	1693385447325
REQUEST		string Redirect 1	1693385447280	1693385447331	OK	 
USER	string	END	1693385447331
USER	string	START	1693385447331
REQUEST		string	1693385447244	1693385447346	OK	 
REQUEST		string Redirect 1	1693385447282	1693385447349	OK	 
USER	string	END	1693385447349
USER	string	START	1693385447350
REQUEST		string Redirect 1	1693385447285	1693385447355	OK	 
REQUEST		string	1693385447249	1693385447355	OK	 
USER	string	END	1693385447356
USER	string	START	1693385447356
USER	string	START	1693385447360
REQUEST		string Redirect 1	1693385447290	1693385447360	OK	 
USER	string	END	1693385447361
USER	string	START	1693385447361
REQUEST		string	1693385447251	1693385447366	OK	 
REQUEST		string Redirect 1	1693385447301	1693385447367	OK	 
USER	string	END	1693385447368
USER	string	START	1693385447368
REQUEST		string	1693385447257	1693385447372	OK	 
REQUEST		string Redirect 1	1693385447306	1693385447374	OK	 
USER	string	END	1693385447374
USER	string	START	1693385447374
REQUEST		string Redirect 1	1693385447318	1693385447380	OK	 
REQUEST		string	1693385447266	1693385447380	OK	 
USER	string	END	1693385447380
USER	string	START	1693385447381
REQUEST		string	1693385447281	1693385447408	OK	 
REQUEST		string Redirect 1	1693385447347	1693385447411	OK	 
REQUEST		string	1693385447279	1693385447411	OK	 
USER	string	END	1693385447412
REQUEST		string	1693385447285	1693385447412	OK	 
USER	string	START	1693385447413
REQUEST		string Redirect 1	1693385447356	1693385447425	OK	 
USER	string	END	1693385447425
USER	string	START	1693385447426
REQUEST		string Redirect 1	1693385447372	1693385447435	OK	 
REQUEST		string Redirect 1	1693385447366	1693385447435	OK	 
USER	string	END	1693385447435
USER	string	END	1693385447435
USER	string	START	1693385447435
USER	string	START	1693385447435
REQUEST		string Redirect 1	1693385447380	1693385447440	OK	 
USER	string	END	1693385447440
USER	string	START	1693385447441
REQUEST		string	1693385447315	1693385447476	OK	 
REQUEST		string	1693385447301	1693385447483	OK	 
REQUEST		string	1693385447325	1693385447487	OK	 
REQUEST		string Redirect 1	1693385447408	1693385447495	OK	 
USER	string	END	1693385447496
USER	string	START	1693385447496
REQUEST		string Redirect 1	1693385447412	1693385447498	OK	 
USER	string	END	1693385447498
USER	string	START	1693385447499
REQUEST		string Redirect 1	1693385447412	1693385447505	OK	 
USER	string	END	1693385447505
USER	string	START	1693385447505
REQUEST		string	1693385447331	1693385447509	OK	 
REQUEST		string	1693385447349	1693385447538	OK	 
REQUEST		string	1693385447356	1693385447563	OK	 
REQUEST		string Redirect 1	1693385447476	1693385447571	OK	 
USER	string	END	1693385447572
USER	string	START	1693385447572
REQUEST		string Redirect 1	1693385447484	1693385447585	OK	 
USER	string	END	1693385447585
USER	string	START	1693385447586
REQUEST		string	1693385447361	1693385447586	OK	 
REQUEST		string	1693385447360	1693385447586	OK	 
REQUEST		string	1693385447368	1693385447591	OK	 
REQUEST		string Redirect 1	1693385447487	1693385447593	OK	 
USER	string	END	1693385447596
USER	string	START	1693385447597
REQUEST		string	1693385447374	1693385447598	OK	 
REQUEST		string Redirect 1	1693385447509	1693385447611	OK	 
USER	string	END	1693385447611
USER	string	START	1693385447612
REQUEST		string	1693385447381	1693385447612	OK	 
REQUEST		string Redirect 1	1693385447539	1693385447643	OK	 
USER	string	END	1693385447644
USER	string	START	1693385447646
REQUEST		string Redirect 1	1693385447564	1693385447677	OK	 
REQUEST		string	1693385447412	1693385447677	OK	 
USER	string	END	1693385447678
USER	string	START	1693385447679
REQUEST		string	1693385447425	1693385447687	OK	 
REQUEST		string Redirect 1	1693385447586	1693385447689	OK	 
USER	string	END	1693385447689
REQUEST		string Redirect 1	1693385447586	1693385447689	OK	 
USER	string	START	1693385447690
USER	string	END	1693385447690
USER	string	START	1693385447690
REQUEST		string Redirect 1	1693385447592	1693385447690	OK	 
USER	string	END	1693385447690
USER	string	START	1693385447691
REQUEST		string Redirect 1	1693385447598	1693385447695	OK	 
USER	string	END	1693385447696
USER	string	START	1693385447696
REQUEST		string	1693385447435	1693385447704	OK	 
REQUEST		string	1693385447435	1693385447708	OK	 
REQUEST		string	1693385447440	1693385447710	OK	 
REQUEST		string Redirect 1	1693385447612	1693385447712	OK	 
USER	string	END	1693385447712
USER	string	START	1693385447713
REQUEST		string Redirect 1	1693385447678	1693385447791	OK	 
USER	string	END	1693385447792
USER	string	START	1693385447793
REQUEST		string Redirect 1	1693385447687	1693385447802	OK	 
USER	string	END	1693385447803
USER	string	START	1693385447803
REQUEST		string	1693385447499	1693385447804	OK	 
REQUEST		string	1693385447496	1693385447804	OK	 
REQUEST		string	1693385447505	1693385447806	OK	 
REQUEST		string Redirect 1	1693385447704	1693385447817	OK	 
USER	string	END	1693385447818
USER	string	START	1693385447818
REQUEST		string Redirect 1	1693385447708	1693385447818	OK	 
USER	string	END	1693385447819
USER	string	START	1693385447819
REQUEST		string Redirect 1	1693385447710	1693385447820	OK	 
USER	string	END	1693385447821
USER	string	START	1693385447821
REQUEST		string	1693385447586	1693385447884	OK	 
REQUEST		string	1693385447596	1693385447893	OK	 
REQUEST		string	1693385447572	1693385447899	OK	 
REQUEST		string	1693385447611	1693385447904	OK	 
REQUEST		string Redirect 1	1693385447804	1693385447904	OK	 
USER	string	END	1693385447904
REQUEST		string Redirect 1	1693385447804	1693385447909	OK	 
USER	string	END	1693385447910
REQUEST		string Redirect 1	1693385447806	1693385447911	OK	 
USER	string	END	1693385447911
REQUEST		string	1693385447645	1693385447950	OK	 
REQUEST		string	1693385447679	1693385447975	OK	 
REQUEST		string Redirect 1	1693385447885	1693385447983	OK	 
REQUEST		string	1693385447690	1693385447983	OK	 
USER	string	END	1693385447983
REQUEST		string	1693385447691	1693385447988	OK	 
REQUEST		string	1693385447689	1693385447996	OK	 
REQUEST		string	1693385447696	1693385448005	OK	 
REQUEST		string Redirect 1	1693385447893	1693385448028	OK	 
REQUEST		string Redirect 1	1693385447899	1693385448028	OK	 
USER	string	END	1693385448029
USER	string	END	1693385448030
REQUEST		string Redirect 1	1693385447904	1693385448032	OK	 
REQUEST		string	1693385447713	1693385448032	OK	 
USER	string	END	1693385448033
REQUEST		string Redirect 1	1693385447951	1693385448059	OK	 
USER	string	END	1693385448060
REQUEST		string	1693385447792	1693385448085	OK	 
REQUEST		string Redirect 1	1693385447976	1693385448090	OK	 
USER	string	END	1693385448091
REQUEST		string	1693385447803	1693385448091	OK	 
REQUEST		string Redirect 1	1693385447983	1693385448103	OK	 
USER	string	END	1693385448104
REQUEST		string Redirect 1	1693385447988	1693385448106	OK	 
USER	string	END	1693385448107
REQUEST		string	1693385447818	1693385448112	OK	 
REQUEST		string Redirect 1	1693385447997	1693385448112	OK	 
USER	string	END	1693385448113
REQUEST		string Redirect 1	1693385448006	1693385448122	OK	 
REQUEST		string	1693385447819	1693385448123	OK	 
USER	string	END	1693385448124
REQUEST		string	1693385447821	1693385448126	OK	 
REQUEST		string Redirect 1	1693385448033	1693385448133	OK	 
USER	string	END	1693385448133
REQUEST		string	1693385446829	1693385448153	OK	 
REQUEST		string Redirect 1	1693385448091	1693385448203	OK	 
REQUEST		string Redirect 1	1693385448085	1693385448203	OK	 
USER	string	END	1693385448203
USER	string	END	1693385448203
REQUEST		string Redirect 1	1693385448112	1693385448210	OK	 
USER	string	END	1693385448210
REQUEST		string Redirect 1	1693385448123	1693385448226	OK	 
REQUEST		string Redirect 1	1693385448126	1693385448226	OK	 
USER	string	END	1693385448226
USER	string	END	1693385448226
REQUEST		string Redirect 1	1693385448154	1693385448247	OK	 
USER	string	END	1693385448247
