RUN	com.machinestalk.geenerateclass.MachinesTalk	machinestalk	1693571004613	 	3.9.5
USER	setup1	START	1693571005451
USER	setup1	START	1693571005540
REQUEST		sc1	1693571005450	1693571005586	OK	 
USER	setup1	START	1693571005647
REQUEST		sc1 Redirect 1	1693571005602	1693571005660	OK	 
USER	setup1	END	1693571005667
USER	setup1	START	1693571005668
REQUEST		sc1	1693571005539	1693571005693	OK	 
USER	setup1	START	1693571005740
REQUEST		sc1 Redirect 1	1693571005694	1693571005748	OK	 
USER	setup1	END	1693571005748
USER	setup1	START	1693571005749
REQUEST		sc1	1693571005646	1693571005803	OK	 
REQUEST		sc1	1693571005668	1693571005825	OK	 
USER	setup1	START	1693571005847
REQUEST		sc1 Redirect 1	1693571005804	1693571005858	OK	 
USER	setup1	END	1693571005858
USER	setup1	START	1693571005860
REQUEST		sc1 Redirect 1	1693571005825	1693571005889	OK	 
REQUEST		sc1	1693571005739	1693571005889	OK	 
USER	setup1	END	1693571005890
USER	setup1	START	1693571005891
REQUEST		sc1	1693571005749	1693571005911	OK	 
REQUEST		sc1 Redirect 1	1693571005889	1693571005939	OK	 
USER	setup1	END	1693571005940
USER	setup1	START	1693571005941
USER	setup1	START	1693571005942
REQUEST		sc1 Redirect 1	1693571005911	1693571005965	OK	 
USER	setup1	END	1693571005966
USER	setup1	START	1693571005967
REQUEST		sc1	1693571005847	1693571005986	OK	 
REQUEST		sc1	1693571005860	1693571006007	OK	 
REQUEST		sc1	1693571005891	1693571006021	OK	 
REQUEST		sc1 Redirect 1	1693571005987	1693571006037	OK	 
USER	setup1	END	1693571006038
USER	setup1	START	1693571006039
REQUEST		sc1 Redirect 1	1693571006007	1693571006047	OK	 
USER	setup1	START	1693571006047
USER	setup1	END	1693571006047
USER	setup1	START	1693571006048
REQUEST		sc1 Redirect 1	1693571006021	1693571006061	OK	 
REQUEST		sc1	1693571005941	1693571006061	OK	 
USER	setup1	END	1693571006061
USER	setup1	START	1693571006062
REQUEST		sc1	1693571005941	1693571006071	OK	 
REQUEST		sc1	1693571005966	1693571006088	OK	 
REQUEST		sc1 Redirect 1	1693571006061	1693571006109	OK	 
USER	setup1	END	1693571006110
USER	setup1	START	1693571006111
REQUEST		sc1 Redirect 1	1693571006071	1693571006113	OK	 
USER	setup1	END	1693571006114
USER	setup1	START	1693571006115
REQUEST		sc1 Redirect 1	1693571006088	1693571006130	OK	 
USER	setup1	END	1693571006131
USER	setup1	START	1693571006131
USER	setup1	START	1693571006139
REQUEST		sc1	1693571006038	1693571006156	OK	 
REQUEST		sc1	1693571006047	1693571006161	OK	 
REQUEST		sc1	1693571006048	1693571006168	OK	 
REQUEST		sc1	1693571006061	1693571006182	OK	 
REQUEST		sc1 Redirect 1	1693571006157	1693571006207	OK	 
USER	setup1	END	1693571006208
USER	setup1	START	1693571006209
REQUEST		sc1 Redirect 1	1693571006162	1693571006211	OK	 
USER	setup1	END	1693571006212
USER	setup1	START	1693571006213
REQUEST		sc1 Redirect 1	1693571006168	1693571006216	OK	 
USER	setup1	END	1693571006216
USER	setup1	START	1693571006217
REQUEST		sc1 Redirect 1	1693571006182	1693571006228	OK	 
REQUEST		sc1	1693571006110	1693571006228	OK	 
USER	setup1	END	1693571006229
USER	setup1	START	1693571006229
REQUEST		sc1	1693571006114	1693571006231	OK	 
USER	setup1	START	1693571006246
REQUEST		sc1	1693571006138	1693571006259	OK	 
REQUEST		sc1	1693571006131	1693571006264	OK	 
REQUEST		sc1 Redirect 1	1693571006229	1693571006281	OK	 
USER	setup1	END	1693571006282
USER	setup1	START	1693571006283
REQUEST		sc1 Redirect 1	1693571006231	1693571006286	OK	 
USER	setup1	END	1693571006287
USER	setup1	START	1693571006287
REQUEST		sc1 Redirect 1	1693571006259	1693571006310	OK	 
USER	setup1	END	1693571006311
USER	setup1	START	1693571006312
REQUEST		sc1 Redirect 1	1693571006265	1693571006318	OK	 
USER	setup1	END	1693571006319
USER	setup1	START	1693571006320
REQUEST		sc1	1693571006209	1693571006328	OK	 
USER	setup1	START	1693571006336
REQUEST		sc1	1693571006212	1693571006340	OK	 
REQUEST		sc1	1693571006216	1693571006344	OK	 
REQUEST		sc1	1693571006229	1693571006358	OK	 
REQUEST		sc1 Redirect 1	1693571006329	1693571006383	OK	 
USER	setup1	END	1693571006384
USER	setup1	START	1693571006385
REQUEST		sc1	1693571006245	1693571006389	OK	 
REQUEST		sc1 Redirect 1	1693571006340	1693571006398	OK	 
USER	setup1	END	1693571006399
USER	setup1	START	1693571006399
REQUEST		sc1 Redirect 1	1693571006345	1693571006407	OK	 
USER	setup1	END	1693571006407
USER	setup1	START	1693571006408
REQUEST		sc1 Redirect 1	1693571006358	1693571006411	OK	 
USER	setup1	END	1693571006412
USER	setup1	START	1693571006412
REQUEST		sc1	1693571006282	1693571006419	OK	 
REQUEST		sc1	1693571006287	1693571006419	OK	 
REQUEST		sc1 Redirect 1	1693571006390	1693571006436	OK	 
USER	setup1	END	1693571006436
USER	setup1	START	1693571006437
REQUEST		sc1	1693571006311	1693571006444	OK	 
REQUEST		sc1	1693571006319	1693571006469	OK	 
REQUEST		sc1	1693571006336	1693571006481	OK	 
REQUEST		sc1 Redirect 1	1693571006420	1693571006481	OK	 
USER	setup1	END	1693571006481
USER	setup1	START	1693571006482
REQUEST		sc1 Redirect 1	1693571006420	1693571006490	OK	 
USER	setup1	END	1693571006490
USER	setup1	START	1693571006491
REQUEST		sc1 Redirect 1	1693571006444	1693571006505	OK	 
USER	setup1	END	1693571006505
USER	setup1	START	1693571006506
REQUEST		sc1 Redirect 1	1693571006469	1693571006520	OK	 
USER	setup1	END	1693571006520
USER	setup1	START	1693571006521
REQUEST		sc1 Redirect 1	1693571006481	1693571006524	OK	 
USER	setup1	END	1693571006524
USER	setup1	START	1693571006525
REQUEST		sc1	1693571006384	1693571006528	OK	 
REQUEST		sc1	1693571006399	1693571006543	OK	 
REQUEST		sc1	1693571006408	1693571006555	OK	 
REQUEST		sc1	1693571006412	1693571006562	OK	 
REQUEST		sc1 Redirect 1	1693571006529	1693571006586	OK	 
USER	setup1	END	1693571006587
USER	setup1	START	1693571006587
REQUEST		sc1	1693571006436	1693571006593	OK	 
REQUEST		sc1 Redirect 1	1693571006544	1693571006601	OK	 
USER	setup1	END	1693571006601
USER	setup1	START	1693571006602
REQUEST		sc1 Redirect 1	1693571006555	1693571006610	OK	 
USER	setup1	END	1693571006610
USER	setup1	START	1693571006610
REQUEST		sc1 Redirect 1	1693571006562	1693571006614	OK	 
USER	setup1	END	1693571006615
USER	setup1	START	1693571006615
REQUEST		sc1	1693571006481	1693571006622	OK	 
REQUEST		sc1	1693571006491	1693571006640	OK	 
REQUEST		sc1 Redirect 1	1693571006593	1693571006648	OK	 
USER	setup1	END	1693571006649
USER	setup1	START	1693571006649
REQUEST		sc1	1693571006505	1693571006656	OK	 
REQUEST		sc1	1693571006520	1693571006677	OK	 
REQUEST		sc1 Redirect 1	1693571006622	1693571006691	OK	 
USER	setup1	END	1693571006692
USER	setup1	START	1693571006692
REQUEST		sc1	1693571006524	1693571006693	OK	 
REQUEST		sc1 Redirect 1	1693571006641	1693571006696	OK	 
USER	setup1	END	1693571006696
USER	setup1	START	1693571006697
REQUEST		sc1 Redirect 1	1693571006656	1693571006724	OK	 
USER	setup1	END	1693571006724
USER	setup1	START	1693571006725
REQUEST		sc1 Redirect 1	1693571006677	1693571006731	OK	 
REQUEST		sc1	1693571006587	1693571006731	OK	 
USER	setup1	END	1693571006731
USER	setup1	START	1693571006732
REQUEST		sc1 Redirect 1	1693571006693	1693571006741	OK	 
USER	setup1	END	1693571006741
USER	setup1	START	1693571006742
REQUEST		sc1	1693571006602	1693571006758	OK	 
REQUEST		sc1	1693571006610	1693571006763	OK	 
REQUEST		sc1	1693571006615	1693571006774	OK	 
REQUEST		sc1 Redirect 1	1693571006731	1693571006793	OK	 
USER	setup1	END	1693571006793
USER	setup1	START	1693571006794
REQUEST		sc1	1693571006649	1693571006809	OK	 
REQUEST		sc1 Redirect 1	1693571006758	1693571006816	OK	 
USER	setup1	END	1693571006817
USER	setup1	START	1693571006817
REQUEST		sc1 Redirect 1	1693571006763	1693571006826	OK	 
USER	setup1	END	1693571006826
USER	setup1	START	1693571006826
REQUEST		sc1 Redirect 1	1693571006774	1693571006832	OK	 
USER	setup1	END	1693571006833
USER	setup1	START	1693571006833
REQUEST		sc1	1693571006692	1693571006834	OK	 
REQUEST		sc1	1693571006697	1693571006854	OK	 
REQUEST		sc1 Redirect 1	1693571006809	1693571006859	OK	 
USER	setup1	END	1693571006860
USER	setup1	START	1693571006860
REQUEST		sc1	1693571006724	1693571006867	OK	 
REQUEST		sc1 Redirect 1	1693571006834	1693571006890	OK	 
REQUEST		sc1	1693571006731	1693571006890	OK	 
USER	setup1	END	1693571006896
USER	setup1	START	1693571006896
REQUEST		sc1	1693571006742	1693571006903	OK	 
REQUEST		sc1 Redirect 1	1693571006854	1693571006911	OK	 
USER	setup1	END	1693571006912
USER	setup1	START	1693571006912
REQUEST		sc1 Redirect 1	1693571006867	1693571006931	OK	 
USER	setup1	END	1693571006932
USER	setup1	START	1693571006932
REQUEST		sc1	1693571006794	1693571006942	OK	 
REQUEST		sc1 Redirect 1	1693571006896	1693571006951	OK	 
USER	setup1	END	1693571006951
USER	setup1	START	1693571006952
REQUEST		sc1 Redirect 1	1693571006903	1693571006955	OK	 
USER	setup1	END	1693571006956
USER	setup1	START	1693571006956
REQUEST		sc1	1693571006817	1693571006968	OK	 
REQUEST		sc1	1693571006826	1693571006972	OK	 
REQUEST		sc1	1693571006833	1693571006985	OK	 
REQUEST		sc1 Redirect 1	1693571006943	1693571006995	OK	 
USER	setup1	END	1693571006996
USER	setup1	START	1693571006996
REQUEST		sc1	1693571006860	1693571007021	OK	 
REQUEST		sc1 Redirect 1	1693571006969	1693571007036	OK	 
USER	setup1	END	1693571007036
USER	setup1	START	1693571007037
REQUEST		sc1 Redirect 1	1693571006973	1693571007040	OK	 
USER	setup1	END	1693571007041
USER	setup1	START	1693571007041
REQUEST		sc1 Redirect 1	1693571006986	1693571007045	OK	 
REQUEST		sc1	1693571006896	1693571007045	OK	 
USER	setup1	END	1693571007045
USER	setup1	START	1693571007045
REQUEST		sc1	1693571006912	1693571007062	OK	 
REQUEST		sc1 Redirect 1	1693571007021	1693571007075	OK	 
USER	setup1	END	1693571007076
USER	setup1	START	1693571007076
REQUEST		sc1	1693571006932	1693571007077	OK	 
REQUEST		sc1 Redirect 1	1693571007045	1693571007104	OK	 
USER	setup1	END	1693571007105
USER	setup1	START	1693571007105
REQUEST		sc1	1693571006952	1693571007106	OK	 
REQUEST		sc1	1693571006956	1693571007116	OK	 
REQUEST		sc1 Redirect 1	1693571007063	1693571007124	OK	 
USER	setup1	END	1693571007124
USER	setup1	START	1693571007125
REQUEST		sc1 Redirect 1	1693571007077	1693571007133	OK	 
USER	setup1	END	1693571007133
USER	setup1	START	1693571007134
REQUEST		sc1	1693571006996	1693571007144	OK	 
REQUEST		sc1 Redirect 1	1693571007107	1693571007167	OK	 
USER	setup1	END	1693571007167
USER	setup1	START	1693571007167
REQUEST		sc1 Redirect 1	1693571007116	1693571007170	OK	 
USER	setup1	END	1693571007170
USER	setup1	START	1693571007170
REQUEST		sc1	1693571007037	1693571007188	OK	 
REQUEST		sc1	1693571007041	1693571007194	OK	 
REQUEST		sc1 Redirect 1	1693571007144	1693571007202	OK	 
USER	setup1	END	1693571007203
USER	setup1	START	1693571007203
REQUEST		sc1	1693571007045	1693571007204	OK	 
REQUEST		sc1	1693571007076	1693571007241	OK	 
REQUEST		sc1 Redirect 1	1693571007188	1693571007250	OK	 
USER	setup1	END	1693571007250
USER	setup1	START	1693571007251
REQUEST		sc1 Redirect 1	1693571007194	1693571007254	OK	 
USER	setup1	END	1693571007254
USER	setup1	START	1693571007255
REQUEST		sc1 Redirect 1	1693571007204	1693571007258	OK	 
USER	setup1	END	1693571007258
USER	setup1	START	1693571007259
REQUEST		sc1	1693571007105	1693571007267	OK	 
REQUEST		sc1	1693571007124	1693571007280	OK	 
REQUEST		sc1 Redirect 1	1693571007241	1693571007287	OK	 
USER	setup1	END	1693571007287
USER	setup1	START	1693571007287
REQUEST		sc1	1693571007134	1693571007288	OK	 
REQUEST		sc1	1693571007167	1693571007316	OK	 
REQUEST		sc1 Redirect 1	1693571007267	1693571007329	OK	 
USER	setup1	END	1693571007330
USER	setup1	START	1693571007330
REQUEST		sc1	1693571007170	1693571007331	OK	 
REQUEST		sc1 Redirect 1	1693571007280	1693571007340	OK	 
USER	setup1	END	1693571007340
USER	setup1	START	1693571007340
REQUEST		sc1 Redirect 1	1693571007288	1693571007344	OK	 
USER	setup1	END	1693571007345
USER	setup1	START	1693571007345
REQUEST		sc1	1693571007203	1693571007360	OK	 
REQUEST		sc1 Redirect 1	1693571007316	1693571007383	OK	 
USER	setup1	END	1693571007383
USER	setup1	START	1693571007383
REQUEST		sc1 Redirect 1	1693571007331	1693571007391	OK	 
USER	setup1	END	1693571007392
USER	setup1	START	1693571007392
REQUEST		sc1	1693571007251	1693571007403	OK	 
REQUEST		sc1	1693571007255	1693571007408	OK	 
REQUEST		sc1 Redirect 1	1693571007361	1693571007415	OK	 
USER	setup1	END	1693571007415
USER	setup1	START	1693571007416
REQUEST		sc1	1693571007258	1693571007419	OK	 
REQUEST		sc1	1693571007287	1693571007436	OK	 
REQUEST		sc1 Redirect 1	1693571007403	1693571007465	OK	 
USER	setup1	END	1693571007465
REQUEST		sc1 Redirect 1	1693571007409	1693571007470	OK	 
USER	setup1	END	1693571007470
REQUEST		sc1 Redirect 1	1693571007419	1693571007474	OK	 
USER	setup1	END	1693571007474
REQUEST		sc1	1693571007330	1693571007478	OK	 
REQUEST		sc1 Redirect 1	1693571007436	1693571007489	OK	 
REQUEST		sc1	1693571007340	1693571007489	OK	 
USER	setup1	END	1693571007489
REQUEST		sc1	1693571007345	1693571007497	OK	 
REQUEST		sc1	1693571007383	1693571007527	OK	 
REQUEST		sc1 Redirect 1	1693571007478	1693571007543	OK	 
REQUEST		sc1	1693571007392	1693571007543	OK	 
USER	setup1	END	1693571007543
REQUEST		sc1 Redirect 1	1693571007489	1693571007549	OK	 
USER	setup1	END	1693571007550
REQUEST		sc1 Redirect 1	1693571007497	1693571007554	OK	 
USER	setup1	END	1693571007554
REQUEST		sc1	1693571007415	1693571007555	OK	 
REQUEST		sc1 Redirect 1	1693571007527	1693571007566	OK	 
USER	setup1	END	1693571007567
REQUEST		sc1 Redirect 1	1693571007543	1693571007584	OK	 
USER	setup1	END	1693571007584
REQUEST		sc1 Redirect 1	1693571007555	1693571007599	OK	 
USER	setup1	END	1693571007599
