RUN	com.machinestalk.geenerateclass.MachinesTalk	machinestalk	1693471960140	 	3.9.5
USER	string	START	1693471960824
USER	string	START	1693471960907
REQUEST		string	1693471960822	1693471960949	OK	 
USER	string	START	1693471961004
REQUEST		string Redirect 1	1693471960981	1693471961071	OK	 
USER	string	END	1693471961084
REQUEST		string	1693471960906	1693471961092	OK	 
USER	string	START	1693471961116
REQUEST		string	1693471961004	1693471961128	OK	 
REQUEST		string Redirect 1	1693471961093	1693471961128	OK	 
USER	string	END	1693471961129
REQUEST		string Redirect 1	1693471961129	1693471961160	OK	 
USER	string	END	1693471961161
USER	string	START	1693471961207
REQUEST		string	1693471961115	1693471961265	OK	 
REQUEST		string Redirect 1	1693471961265	1693471961298	OK	 
USER	string	END	1693471961299
USER	string	START	1693471961311
REQUEST		string	1693471961207	1693471961331	OK	 
REQUEST		string Redirect 1	1693471961332	1693471961397	OK	 
USER	string	END	1693471961398
USER	string	START	1693471961408
REQUEST		string	1693471961310	1693471961419	OK	 
REQUEST		string Redirect 1	1693471961419	1693471961488	OK	 
USER	string	END	1693471961488
USER	string	START	1693471961507
USER	string	START	1693471961604
REQUEST		string	1693471961408	1693471961609	OK	 
REQUEST		string Redirect 1	1693471961610	1693471961638	OK	 
USER	string	END	1693471961639
USER	string	START	1693471961708
REQUEST		string	1693471961507	1693471961733	OK	 
REQUEST		string	1693471961602	1693471961733	OK	 
REQUEST		string Redirect 1	1693471961734	1693471961779	OK	 
REQUEST		string Redirect 1	1693471961734	1693471961779	OK	 
USER	string	END	1693471961780
USER	string	END	1693471961780
USER	string	START	1693471961811
REQUEST		string	1693471961708	1693471961838	OK	 
USER	string	START	1693471961912
REQUEST		string Redirect 1	1693471961839	1693471961954	OK	 
USER	string	END	1693471961955
USER	string	START	1693471962005
USER	string	START	1693471962116
REQUEST		string	1693471961911	1693471962163	OK	 
REQUEST		string	1693471962005	1693471962163	OK	 
REQUEST		string	1693471961810	1693471962163	OK	 
USER	string	START	1693471962209
REQUEST		string Redirect 1	1693471962164	1693471962239	OK	 
REQUEST		string Redirect 1	1693471962164	1693471962239	OK	 
REQUEST		string Redirect 1	1693471962164	1693471962239	OK	 
USER	string	END	1693471962240
USER	string	END	1693471962240
USER	string	END	1693471962240
REQUEST		string	1693471962115	1693471962266	OK	 
USER	string	START	1693471962318
REQUEST		string Redirect 1	1693471962267	1693471962324	OK	 
REQUEST		string	1693471962208	1693471962324	OK	 
USER	string	END	1693471962325
USER	string	START	1693471962412
REQUEST		string Redirect 1	1693471962324	1693471962424	OK	 
USER	string	END	1693471962425
USER	string	START	1693471962506
REQUEST		string	1693471962317	1693471962583	OK	 
REQUEST		string	1693471962411	1693471962583	OK	 
REQUEST		string Redirect 1	1693471962583	1693471962608	OK	 
REQUEST		string Redirect 1	1693471962583	1693471962608	OK	 
USER	string	END	1693471962609
USER	string	END	1693471962609
USER	string	START	1693471962615
REQUEST		string	1693471962505	1693471962640	OK	 
REQUEST		string Redirect 1	1693471962641	1693471962683	OK	 
USER	string	END	1693471962686
USER	string	START	1693471962708
REQUEST		string	1693471962614	1693471962715	OK	 
REQUEST		string Redirect 1	1693471962715	1693471962752	OK	 
USER	string	END	1693471962752
REQUEST		string	1693471962707	1693471962779	OK	 
USER	string	START	1693471962807
USER	string	START	1693471962914
REQUEST		string Redirect 1	1693471962780	1693471962984	OK	 
USER	string	END	1693471962985
USER	string	START	1693471963008
REQUEST		string	1693471962914	1693471963075	OK	 
REQUEST		string	1693471962805	1693471963075	OK	 
USER	string	START	1693471963102
REQUEST		string Redirect 1	1693471963076	1693471963131	OK	 
REQUEST		string Redirect 1	1693471963076	1693471963131	OK	 
USER	string	END	1693471963133
USER	string	END	1693471963133
REQUEST		string	1693471963007	1693471963204	OK	 
USER	string	START	1693471963211
REQUEST		string Redirect 1	1693471963205	1693471963294	OK	 
REQUEST		string	1693471963101	1693471963294	OK	 
USER	string	END	1693471963297
USER	string	START	1693471963306
REQUEST		string Redirect 1	1693471963296	1693471963358	OK	 
USER	string	END	1693471963360
REQUEST		string	1693471963210	1693471963393	OK	 
USER	string	START	1693471963415
REQUEST		string	1693471963305	1693471963426	OK	 
REQUEST		string Redirect 1	1693471963395	1693471963448	OK	 
USER	string	END	1693471963451
REQUEST		string Redirect 1	1693471963428	1693471963475	OK	 
USER	string	END	1693471963478
USER	string	START	1693471963510
REQUEST		string	1693471963414	1693471963540	OK	 
REQUEST		string Redirect 1	1693471963541	1693471963585	OK	 
USER	string	END	1693471963587
USER	string	START	1693471963603
REQUEST		string	1693471963508	1693471963696	OK	 
USER	string	START	1693471963711
REQUEST		string Redirect 1	1693471963697	1693471963745	OK	 
USER	string	END	1693471963746
USER	string	START	1693471963805
REQUEST		string	1693471963602	1693471963811	OK	 
REQUEST		string	1693471963711	1693471963840	OK	 
REQUEST		string Redirect 1	1693471963812	1693471963841	OK	 
USER	string	END	1693471963843
REQUEST		string Redirect 1	1693471963841	1693471963902	OK	 
USER	string	END	1693471963904
REQUEST		string	1693471963805	1693471963904	OK	 
USER	string	START	1693471963914
REQUEST		string Redirect 1	1693471963905	1693471963941	OK	 
USER	string	END	1693471963943
USER	string	START	1693471964009
REQUEST		string	1693471963914	1693471964016	OK	 
REQUEST		string Redirect 1	1693471964017	1693471964087	OK	 
USER	string	END	1693471964089
USER	string	START	1693471964103
USER	string	START	1693471964213
REQUEST		string	1693471964008	1693471964216	OK	 
REQUEST		string	1693471964102	1693471964265	OK	 
REQUEST		string Redirect 1	1693471964217	1693471964265	OK	 
USER	string	END	1693471964267
USER	string	START	1693471964306
REQUEST		string Redirect 1	1693471964265	1693471964328	OK	 
USER	string	END	1693471964330
REQUEST		string	1693471964212	1693471964372	OK	 
USER	string	START	1693471964414
REQUEST		string Redirect 1	1693471964373	1693471964420	OK	 
USER	string	END	1693471964421
REQUEST		string	1693471964305	1693471964491	OK	 
USER	string	START	1693471964510
REQUEST		string Redirect 1	1693471964493	1693471964590	OK	 
USER	string	END	1693471964591
USER	string	START	1693471964602
REQUEST		string	1693471964414	1693471964636	OK	 
REQUEST		string Redirect 1	1693471964639	1693471964681	OK	 
REQUEST		string	1693471964509	1693471964681	OK	 
USER	string	END	1693471964684
REQUEST		string	1693471964602	1693471964700	OK	 
USER	string	START	1693471964713
REQUEST		string Redirect 1	1693471964701	1693471964731	OK	 
REQUEST		string Redirect 1	1693471964683	1693471964731	OK	 
USER	string	END	1693471964732
USER	string	END	1693471964732
USER	string	START	1693471964821
REQUEST		string	1693471964712	1693471964876	OK	 
USER	string	START	1693471964901
REQUEST		string Redirect 1	1693471964878	1693471964933	OK	 
USER	string	END	1693471964935
REQUEST		string	1693471964821	1693471964951	OK	 
REQUEST		string Redirect 1	1693471964953	1693471964980	OK	 
USER	string	END	1693471964982
USER	string	START	1693471965010
REQUEST		string	1693471964900	1693471965052	OK	 
REQUEST		string Redirect 1	1693471965054	1693471965076	OK	 
USER	string	END	1693471965076
USER	string	START	1693471965103
REQUEST		string	1693471965009	1693471965110	OK	 
REQUEST		string Redirect 1	1693471965110	1693471965175	OK	 
USER	string	END	1693471965177
USER	string	START	1693471965214
REQUEST		string	1693471965102	1693471965239	OK	 
REQUEST		string Redirect 1	1693471965240	1693471965296	OK	 
USER	string	END	1693471965298
USER	string	START	1693471965307
USER	string	START	1693471965416
REQUEST		string	1693471965213	1693471965438	OK	 
USER	string	START	1693471965509
REQUEST		string Redirect 1	1693471965439	1693471965549	OK	 
USER	string	END	1693471965550
REQUEST		string	1693471965306	1693471965550	OK	 
REQUEST		string Redirect 1	1693471965550	1693471965595	OK	 
REQUEST		string	1693471965415	1693471965595	OK	 
USER	string	END	1693471965595
USER	string	START	1693471965601
REQUEST		string Redirect 1	1693471965595	1693471965679	OK	 
REQUEST		string	1693471965508	1693471965679	OK	 
USER	string	END	1693471965681
USER	string	START	1693471965711
REQUEST		string Redirect 1	1693471965680	1693471965739	OK	 
USER	string	END	1693471965740
REQUEST		string	1693471965601	1693471965781	OK	 
REQUEST		string	1693471965710	1693471965850	OK	 
REQUEST		string Redirect 1	1693471965782	1693471965914	OK	 
USER	string	END	1693471965916
REQUEST		string Redirect 1	1693471965851	1693471965980	OK	 
USER	string	END	1693471965981
