RUN	com.machinestalk.geenerateclass.MachinesTalk	machinestalk	1693405324087	 	3.9.5
USER	string	START	1693405334736
USER	string	START	1693405334736
USER	string	START	1693405334736
USER	string	START	1693405334736
USER	string	START	1693405334736
USER	string	START	1693405334736
USER	string	START	1693405334736
USER	string	START	1693405334737
USER	string	START	1693405334736
USER	string	START	1693405334736
USER	string	START	1693405334736
USER	string	START	1693405334736
USER	string	START	1693405334736
USER	string	START	1693405334736
USER	string	START	1693405334736
USER	string	START	1693405334736
USER	string	START	1693405334736
USER	string	START	1693405334736
USER	string	START	1693405334736
USER	string	START	1693405334736
USER	string	START	1693405334736
REQUEST		string	1693405334730	1693405334807	OK	 
REQUEST		string	1693405334731	1693405334799	OK	 
REQUEST		string	1693405334731	1693405334814	OK	 
REQUEST		string	1693405334730	1693405334811	OK	 
REQUEST		string	1693405334731	1693405334807	OK	 
REQUEST		string	1693405334730	1693405334812	OK	 
REQUEST		string	1693405334731	1693405334858	OK	 
REQUEST		string	1693405334731	1693405334859	OK	 
REQUEST		string	1693405334730	1693405334859	OK	 
REQUEST		string	1693405334730	1693405334859	OK	 
REQUEST		string	1693405334731	1693405334859	OK	 
REQUEST		string	1693405334731	1693405334859	OK	 
REQUEST		string	1693405334731	1693405334859	OK	 
REQUEST		string	1693405334731	1693405334859	OK	 
REQUEST		string	1693405334730	1693405334859	OK	 
REQUEST		string	1693405334731	1693405334859	OK	 
REQUEST		string	1693405334730	1693405334859	OK	 
REQUEST		string	1693405334730	1693405334860	OK	 
REQUEST		string	1693405334731	1693405334860	OK	 
REQUEST		string	1693405334731	1693405334861	OK	 
REQUEST		string Redirect 1	1693405334835	1693405334884	OK	 
REQUEST		string Redirect 1	1693405334835	1693405334887	OK	 
USER	string	END	1693405334893
USER	string	END	1693405334893
REQUEST		string Redirect 1	1693405334835	1693405334895	OK	 
USER	string	END	1693405334896
REQUEST		string Redirect 1	1693405334835	1693405334898	OK	 
USER	string	END	1693405334899
REQUEST		string Redirect 1	1693405334835	1693405334905	OK	 
USER	string	END	1693405334906
REQUEST		string Redirect 1	1693405334835	1693405334908	OK	 
USER	string	END	1693405334909
REQUEST		string Redirect 1	1693405334858	1693405334910	OK	 
USER	string	END	1693405334911
REQUEST		string Redirect 1	1693405334859	1693405334920	OK	 
USER	string	END	1693405334922
REQUEST		string Redirect 1	1693405334859	1693405334925	OK	 
USER	string	END	1693405334926
REQUEST		string Redirect 1	1693405334859	1693405334936	OK	 
REQUEST		string Redirect 1	1693405334861	1693405334936	OK	 
USER	string	END	1693405334937
USER	string	END	1693405334937
REQUEST		string Redirect 1	1693405334860	1693405334944	OK	 
USER	string	END	1693405334945
REQUEST		string Redirect 1	1693405334860	1693405334955	OK	 
REQUEST		string Redirect 1	1693405334859	1693405334955	OK	 
USER	string	END	1693405334956
USER	string	END	1693405334956
REQUEST		string	1693405334731	1693405335019	OK	 
REQUEST		string Redirect 1	1693405335020	1693405335037	OK	 
USER	string	END	1693405335038
REQUEST		string Redirect 1	1693405334859	1693405335083	OK	 
USER	string	END	1693405335085
REQUEST		string Redirect 1	1693405334860	1693405335894	OK	 
USER	string	END	1693405335895
REQUEST		string Redirect 1	1693405334859	1693405335896	OK	 
USER	string	END	1693405335896
REQUEST		string Redirect 1	1693405334859	1693405335905	OK	 
USER	string	END	1693405335905
REQUEST		string Redirect 1	1693405334861	1693405335908	OK	 
USER	string	END	1693405335908
REQUEST		string Redirect 1	1693405334861	1693405335909	OK	 
USER	string	END	1693405335910
USER	string	START	1693405336674
REQUEST		string	1693405336674	1693405336718	OK	 
REQUEST		string Redirect 1	1693405336718	1693405336734	OK	 
USER	string	END	1693405336734
USER	string	START	1693405338677
REQUEST		string	1693405338677	1693405338756	OK	 
REQUEST		string Redirect 1	1693405338756	1693405338787	OK	 
USER	string	END	1693405338788
USER	string	START	1693405340671
REQUEST		string	1693405340670	1693405340717	OK	 
REQUEST		string Redirect 1	1693405340718	1693405340764	OK	 
USER	string	END	1693405340765
USER	string	START	1693405342678
REQUEST		string	1693405342677	1693405342803	OK	 
REQUEST		string Redirect 1	1693405342803	1693405342816	OK	 
USER	string	END	1693405342817
USER	string	START	1693405344664
REQUEST		string	1693405344663	1693405344708	OK	 
REQUEST		string Redirect 1	1693405344708	1693405344722	OK	 
USER	string	END	1693405344723
USER	string	START	1693405344914
REQUEST		string	1693405344913	1693405344955	OK	 
REQUEST		string Redirect 1	1693405344956	1693405344976	OK	 
USER	string	END	1693405344976
USER	string	START	1693405345163
REQUEST		string	1693405345162	1693405345209	OK	 
REQUEST		string Redirect 1	1693405345210	1693405345221	OK	 
USER	string	END	1693405345223
USER	string	START	1693405345427
REQUEST		string	1693405345426	1693405345471	OK	 
REQUEST		string Redirect 1	1693405345472	1693405345488	OK	 
USER	string	END	1693405345490
USER	string	START	1693405345675
REQUEST		string	1693405345674	1693405345775	OK	 
REQUEST		string Redirect 1	1693405345775	1693405345795	OK	 
USER	string	END	1693405345796
USER	string	START	1693405345927
REQUEST		string	1693405345926	1693405345979	OK	 
REQUEST		string Redirect 1	1693405345979	1693405345991	OK	 
USER	string	END	1693405345992
USER	string	START	1693405346172
REQUEST		string	1693405346171	1693405346221	OK	 
REQUEST		string Redirect 1	1693405346222	1693405346235	OK	 
USER	string	END	1693405346235
USER	string	START	1693405346422
REQUEST		string	1693405346420	1693405346491	OK	 
REQUEST		string Redirect 1	1693405346491	1693405346553	OK	 
USER	string	END	1693405346553
USER	string	START	1693405346671
REQUEST		string	1693405346669	1693405346744	OK	 
REQUEST		string Redirect 1	1693405346746	1693405346773	OK	 
USER	string	END	1693405346775
USER	string	START	1693405346916
REQUEST		string	1693405346916	1693405346977	OK	 
REQUEST		string Redirect 1	1693405346977	1693405346992	OK	 
USER	string	END	1693405346993
USER	string	START	1693405347164
REQUEST		string	1693405347164	1693405347210	OK	 
REQUEST		string Redirect 1	1693405347211	1693405347230	OK	 
USER	string	END	1693405347232
USER	string	START	1693405347413
REQUEST		string	1693405347412	1693405347475	OK	 
REQUEST		string Redirect 1	1693405347476	1693405347490	OK	 
USER	string	END	1693405347491
USER	string	START	1693405347682
REQUEST		string	1693405347681	1693405347734	OK	 
REQUEST		string Redirect 1	1693405347735	1693405347752	OK	 
USER	string	END	1693405347753
USER	string	START	1693405347929
REQUEST		string	1693405347928	1693405348031	OK	 
REQUEST		string Redirect 1	1693405348032	1693405348048	OK	 
USER	string	END	1693405348049
USER	string	START	1693405348175
REQUEST		string	1693405348175	1693405348218	OK	 
REQUEST		string Redirect 1	1693405348218	1693405348239	OK	 
USER	string	END	1693405348241
USER	string	START	1693405348425
REQUEST		string	1693405348425	1693405348483	OK	 
REQUEST		string Redirect 1	1693405348485	1693405348504	OK	 
USER	string	END	1693405348504
USER	string	START	1693405348676
REQUEST		string	1693405348675	1693405348727	OK	 
REQUEST		string Redirect 1	1693405348727	1693405348744	OK	 
USER	string	END	1693405348746
USER	string	START	1693405348923
REQUEST		string	1693405348922	1693405348975	OK	 
REQUEST		string Redirect 1	1693405348976	1693405348991	OK	 
USER	string	END	1693405348991
USER	string	START	1693405349172
REQUEST		string	1693405349171	1693405349231	OK	 
REQUEST		string Redirect 1	1693405349232	1693405349259	OK	 
USER	string	END	1693405349261
USER	string	START	1693405349420
REQUEST		string	1693405349420	1693405349464	OK	 
REQUEST		string Redirect 1	1693405349464	1693405349480	OK	 
USER	string	END	1693405349482
