RUN	com.machinestalk.geenerateclass.MachinesTalk	machinestalk	1693472420565	 	3.9.5
USER	string	START	1693472421103
USER	string	START	1693472421185
USER	string	START	1693472421283
REQUEST		string	1693472421102	1693472421282	OK	 
REQUEST		string	1693472421185	1693472421356	OK	 
REQUEST		string Redirect 1	1693472421300	1693472421357	OK	 
USER	string	END	1693472421367
USER	string	START	1693472421387
REQUEST		string Redirect 1	1693472421356	1693472421410	OK	 
USER	string	END	1693472421411
REQUEST		string	1693472421282	1693472421457	OK	 
USER	string	START	1693472421484
REQUEST		string Redirect 1	1693472421458	1693472421492	OK	 
USER	string	END	1693472421493
REQUEST		string	1693472421386	1693472421540	OK	 
USER	string	START	1693472421588
USER	string	START	1693472421684
REQUEST		string Redirect 1	1693472421540	1693472421747	OK	 
REQUEST		string	1693472421483	1693472421747	OK	 
USER	string	END	1693472421748
REQUEST		string Redirect 1	1693472421748	1693472421778	OK	 
USER	string	END	1693472421779
USER	string	START	1693472421788
REQUEST		string	1693472421684	1693472421865	OK	 
REQUEST		string	1693472421588	1693472421865	OK	 
USER	string	START	1693472421886
REQUEST		string Redirect 1	1693472421865	1693472421939	OK	 
REQUEST		string Redirect 1	1693472421865	1693472421939	OK	 
USER	string	END	1693472421939
USER	string	END	1693472421940
USER	string	START	1693472421984
REQUEST		string	1693472421788	1693472421996	OK	 
REQUEST		string Redirect 1	1693472421997	1693472422057	OK	 
REQUEST		string	1693472421886	1693472422057	OK	 
USER	string	END	1693472422058
USER	string	START	1693472422088
REQUEST		string Redirect 1	1693472422058	1693472422092	OK	 
USER	string	END	1693472422093
REQUEST		string	1693472421983	1693472422154	OK	 
USER	string	START	1693472422184
REQUEST		string Redirect 1	1693472422156	1693472422223	OK	 
USER	string	END	1693472422223
REQUEST		string	1693472422088	1693472422269	OK	 
USER	string	START	1693472422289
REQUEST		string	1693472422184	1693472422337	OK	 
REQUEST		string Redirect 1	1693472422269	1693472422385	OK	 
USER	string	END	1693472422386
USER	string	START	1693472422387
REQUEST		string Redirect 1	1693472422337	1693472422392	OK	 
USER	string	END	1693472422394
USER	string	START	1693472422484
REQUEST		string	1693472422289	1693472422518	OK	 
REQUEST		string Redirect 1	1693472422519	1693472422577	OK	 
REQUEST		string	1693472422386	1693472422577	OK	 
USER	string	END	1693472422578
USER	string	START	1693472422588
REQUEST		string	1693472422483	1693472422636	OK	 
REQUEST		string Redirect 1	1693472422577	1693472422663	OK	 
USER	string	END	1693472422666
USER	string	START	1693472422685
REQUEST		string Redirect 1	1693472422636	1693472422717	OK	 
USER	string	END	1693472422718
USER	string	START	1693472422788
REQUEST		string	1693472422587	1693472422874	OK	 
USER	string	START	1693472422888
REQUEST		string Redirect 1	1693472422874	1693472422970	OK	 
REQUEST		string	1693472422788	1693472422970	OK	 
REQUEST		string	1693472422684	1693472422970	OK	 
USER	string	END	1693472422971
USER	string	START	1693472422990
REQUEST		string Redirect 1	1693472422971	1693472423002	OK	 
REQUEST		string Redirect 1	1693472422971	1693472423002	OK	 
USER	string	END	1693472423003
USER	string	END	1693472423003
REQUEST		string	1693472422886	1693472423081	OK	 
USER	string	START	1693472423088
REQUEST		string Redirect 1	1693472423081	1693472423159	OK	 
USER	string	END	1693472423160
USER	string	START	1693472423185
REQUEST		string	1693472422990	1693472423204	OK	 
REQUEST		string Redirect 1	1693472423205	1693472423244	OK	 
REQUEST		string	1693472423087	1693472423244	OK	 
USER	string	END	1693472423245
USER	string	START	1693472423282
REQUEST		string Redirect 1	1693472423245	1693472423292	OK	 
USER	string	END	1693472423293
REQUEST		string	1693472423184	1693472423339	OK	 
USER	string	START	1693472423379
REQUEST		string Redirect 1	1693472423339	1693472423408	OK	 
REQUEST		string	1693472423282	1693472423408	OK	 
USER	string	END	1693472423409
REQUEST		string Redirect 1	1693472423408	1693472423449	OK	 
USER	string	END	1693472423450
USER	string	START	1693472423483
REQUEST		string	1693472423379	1693472423539	OK	 
USER	string	START	1693472423581
REQUEST		string	1693472423483	1693472423594	OK	 
REQUEST		string Redirect 1	1693472423539	1693472423630	OK	 
USER	string	END	1693472423631
REQUEST		string Redirect 1	1693472423595	1693472423647	OK	 
USER	string	END	1693472423647
USER	string	START	1693472423684
REQUEST		string	1693472423581	1693472423712	OK	 
USER	string	START	1693472423782
REQUEST		string Redirect 1	1693472423713	1693472423783	OK	 
USER	string	END	1693472423783
REQUEST		string	1693472423684	1693472423845	OK	 
USER	string	START	1693472423886
REQUEST		string Redirect 1	1693472423846	1693472423891	OK	 
USER	string	END	1693472423891
REQUEST		string	1693472423782	1693472423912	OK	 
REQUEST		string Redirect 1	1693472423913	1693472423962	OK	 
USER	string	END	1693472423964
USER	string	START	1693472423983
REQUEST		string	1693472423886	1693472423994	OK	 
REQUEST		string Redirect 1	1693472423994	1693472424026	OK	 
USER	string	END	1693472424026
USER	string	START	1693472424081
REQUEST		string	1693472423983	1693472424125	OK	 
USER	string	START	1693472424185
REQUEST		string Redirect 1	1693472424126	1693472424229	OK	 
USER	string	END	1693472424230
USER	string	START	1693472424282
REQUEST		string	1693472424080	1693472424291	OK	 
REQUEST		string	1693472424184	1693472424376	OK	 
REQUEST		string Redirect 1	1693472424292	1693472424376	OK	 
USER	string	END	1693472424376
USER	string	START	1693472424380
REQUEST		string Redirect 1	1693472424376	1693472424404	OK	 
USER	string	END	1693472424405
REQUEST		string	1693472424282	1693472424443	OK	 
USER	string	START	1693472424483
REQUEST		string Redirect 1	1693472424444	1693472424516	OK	 
REQUEST		string	1693472424379	1693472424516	OK	 
USER	string	END	1693472424517
REQUEST		string Redirect 1	1693472424517	1693472424534	OK	 
USER	string	END	1693472424535
USER	string	START	1693472424580
REQUEST		string	1693472424483	1693472424629	OK	 
REQUEST		string Redirect 1	1693472424629	1693472424666	OK	 
USER	string	END	1693472424666
USER	string	START	1693472424684
REQUEST		string	1693472424579	1693472424708	OK	 
REQUEST		string Redirect 1	1693472424709	1693472424767	OK	 
USER	string	END	1693472424770
USER	string	START	1693472424783
REQUEST		string	1693472424684	1693472424858	OK	 
USER	string	START	1693472424886
REQUEST		string	1693472424782	1693472424915	OK	 
USER	string	START	1693472424983
REQUEST		string Redirect 1	1693472424858	1693472425065	OK	 
REQUEST		string Redirect 1	1693472424915	1693472425065	OK	 
USER	string	END	1693472425065
USER	string	END	1693472425065
USER	string	START	1693472425081
REQUEST		string	1693472424886	1693472425149	OK	 
USER	string	START	1693472425185
REQUEST		string Redirect 1	1693472425149	1693472425221	OK	 
REQUEST		string	1693472424983	1693472425221	OK	 
USER	string	END	1693472425222
REQUEST		string Redirect 1	1693472425221	1693472425272	OK	 
REQUEST		string	1693472425080	1693472425272	OK	 
USER	string	END	1693472425272
USER	string	START	1693472425282
REQUEST		string Redirect 1	1693472425272	1693472425323	OK	 
USER	string	END	1693472425324
USER	string	START	1693472425386
REQUEST		string	1693472425184	1693472425412	OK	 
REQUEST		string Redirect 1	1693472425412	1693472425464	OK	 
REQUEST		string	1693472425282	1693472425464	OK	 
USER	string	END	1693472425465
USER	string	START	1693472425483
REQUEST		string Redirect 1	1693472425465	1693472425489	OK	 
USER	string	END	1693472425490
REQUEST		string	1693472425386	1693472425568	OK	 
USER	string	START	1693472425581
REQUEST		string Redirect 1	1693472425569	1693472425607	OK	 
USER	string	END	1693472425608
REQUEST		string	1693472425483	1693472425661	OK	 
USER	string	START	1693472425684
REQUEST		string Redirect 1	1693472425662	1693472425737	OK	 
USER	string	END	1693472425738
USER	string	START	1693472425782
USER	string	START	1693472425886
REQUEST		string	1693472425580	1693472425903	OK	 
USER	string	START	1693472425983
REQUEST		string	1693472425684	1693472426015	OK	 
REQUEST		string Redirect 1	1693472425903	1693472426045	OK	 
USER	string	END	1693472426046
REQUEST		string Redirect 1	1693472426016	1693472426069	OK	 
REQUEST		string	1693472425781	1693472426068	OK	 
USER	string	END	1693472426069
REQUEST		string	1693472425983	1693472426108	OK	 
REQUEST		string	1693472425886	1693472426108	OK	 
REQUEST		string Redirect 1	1693472426069	1693472426112	OK	 
USER	string	END	1693472426113
REQUEST		string Redirect 1	1693472426109	1693472426176	OK	 
REQUEST		string Redirect 1	1693472426109	1693472426176	OK	 
USER	string	END	1693472426177
USER	string	END	1693472426177
