RUN	com.machinestalk.geenerateclass.MachinesTalk	machinestalk	1693386714750	 	3.9.5
USER	string	START	1693386715248
REQUEST		string	1693386715246	1693386715299	OK	 
REQUEST		string Redirect 1	1693386715312	1693386715325	OK	 
USER	string	START	1693386715330
USER	string	END	1693386715332
REQUEST		string	1693386715329	1693386715372	OK	 
REQUEST		string Redirect 1	1693386715372	1693386715390	OK	 
USER	string	END	1693386715392
USER	string	START	1693386715409
REQUEST		string	1693386715407	1693386715465	OK	 
REQUEST		string Redirect 1	1693386715466	1693386715489	OK	 
USER	string	END	1693386715491
USER	string	START	1693386715502
REQUEST		string	1693386715500	1693386715544	OK	 
REQUEST		string Redirect 1	1693386715545	1693386715561	OK	 
USER	string	END	1693386715562
USER	string	START	1693386715594
REQUEST		string	1693386715594	1693386715653	OK	 
REQUEST		string Redirect 1	1693386715653	1693386715666	OK	 
USER	string	END	1693386715666
USER	string	START	1693386715688
REQUEST		string	1693386715687	1693386715734	OK	 
REQUEST		string Redirect 1	1693386715735	1693386715752	OK	 
USER	string	END	1693386715753
USER	string	START	1693386715783
REQUEST		string	1693386715782	1693386715847	OK	 
REQUEST		string Redirect 1	1693386715847	1693386715862	OK	 
USER	string	END	1693386715863
USER	string	START	1693386715877
REQUEST		string	1693386715876	1693386715904	OK	 
REQUEST		string Redirect 1	1693386715904	1693386715919	OK	 
USER	string	END	1693386715920
USER	string	START	1693386715955
REQUEST		string	1693386715954	1693386716012	OK	 
REQUEST		string Redirect 1	1693386716013	1693386716025	OK	 
USER	string	END	1693386716026
USER	string	START	1693386716050
REQUEST		string	1693386716049	1693386716105	OK	 
REQUEST		string Redirect 1	1693386716106	1693386716123	OK	 
USER	string	END	1693386716124
USER	string	START	1693386716147
REQUEST		string	1693386716146	1693386716207	OK	 
REQUEST		string Redirect 1	1693386716208	1693386716223	OK	 
USER	string	END	1693386716225
USER	string	START	1693386716237
REQUEST		string	1693386716236	1693386716284	OK	 
REQUEST		string Redirect 1	1693386716284	1693386716296	OK	 
USER	string	END	1693386716298
USER	string	START	1693386716315
REQUEST		string	1693386716315	1693386716362	OK	 
REQUEST		string Redirect 1	1693386716364	1693386716381	OK	 
USER	string	END	1693386716383
USER	string	START	1693386716394
REQUEST		string	1693386716394	1693386716430	OK	 
REQUEST		string Redirect 1	1693386716431	1693386716445	OK	 
USER	string	END	1693386716447
USER	string	START	1693386716472
REQUEST		string	1693386716472	1693386716514	OK	 
REQUEST		string Redirect 1	1693386716514	1693386716525	OK	 
USER	string	END	1693386716526
USER	string	START	1693386716535
REQUEST		string	1693386716534	1693386716575	OK	 
REQUEST		string Redirect 1	1693386716576	1693386716590	OK	 
USER	string	END	1693386716591
USER	string	START	1693386716612
REQUEST		string	1693386716612	1693386716657	OK	 
REQUEST		string Redirect 1	1693386716657	1693386716668	OK	 
USER	string	END	1693386716669
USER	string	START	1693386716692
REQUEST		string	1693386716691	1693386716731	OK	 
REQUEST		string Redirect 1	1693386716731	1693386716742	OK	 
USER	string	END	1693386716743
USER	string	START	1693386716768
REQUEST		string	1693386716767	1693386716816	OK	 
REQUEST		string Redirect 1	1693386716816	1693386716831	OK	 
USER	string	END	1693386716831
USER	string	START	1693386716846
REQUEST		string	1693386716846	1693386716894	OK	 
REQUEST		string Redirect 1	1693386716894	1693386716911	OK	 
USER	string	END	1693386716914
USER	string	START	1693386716923
REQUEST		string	1693386716923	1693386716962	OK	 
REQUEST		string Redirect 1	1693386716963	1693386716978	OK	 
USER	string	END	1693386716980
USER	string	START	1693386717002
REQUEST		string	1693386717001	1693386717049	OK	 
REQUEST		string Redirect 1	1693386717049	1693386717065	OK	 
USER	string	END	1693386717066
USER	string	START	1693386717080
REQUEST		string	1693386717079	1693386717126	OK	 
REQUEST		string Redirect 1	1693386717127	1693386717141	OK	 
USER	string	END	1693386717141
USER	string	START	1693386717158
REQUEST		string	1693386717158	1693386717218	OK	 
REQUEST		string Redirect 1	1693386717219	1693386717231	OK	 
USER	string	END	1693386717233
USER	string	START	1693386717237
REQUEST		string	1693386717236	1693386717283	OK	 
USER	string	START	1693386717300
REQUEST		string Redirect 1	1693386717285	1693386717302	OK	 
USER	string	END	1693386717304
REQUEST		string	1693386717298	1693386717346	OK	 
USER	string	START	1693386717362
REQUEST		string Redirect 1	1693386717347	1693386717363	OK	 
USER	string	END	1693386717365
REQUEST		string	1693386717361	1693386717431	OK	 
USER	string	START	1693386717440
REQUEST		string Redirect 1	1693386717432	1693386717444	OK	 
USER	string	END	1693386717445
REQUEST		string	1693386717439	1693386717491	OK	 
USER	string	START	1693386717501
REQUEST		string Redirect 1	1693386717492	1693386717508	OK	 
USER	string	END	1693386717510
REQUEST		string	1693386717500	1693386717549	OK	 
REQUEST		string Redirect 1	1693386717550	1693386717561	OK	 
USER	string	END	1693386717561
USER	string	START	1693386717563
REQUEST		string	1693386717562	1693386717606	OK	 
REQUEST		string Redirect 1	1693386717608	1693386717619	OK	 
USER	string	END	1693386717620
USER	string	START	1693386717626
REQUEST		string	1693386717625	1693386717663	OK	 
REQUEST		string Redirect 1	1693386717664	1693386717680	OK	 
USER	string	END	1693386717681
USER	string	START	1693386717704
USER	string	START	1693386717767
REQUEST		string	1693386717703	1693386717772	OK	 
REQUEST		string Redirect 1	1693386717773	1693386717786	OK	 
USER	string	END	1693386717787
REQUEST		string	1693386717766	1693386717810	OK	 
REQUEST		string Redirect 1	1693386717812	1693386717827	OK	 
USER	string	START	1693386717829
USER	string	END	1693386717829
REQUEST		string	1693386717828	1693386717876	OK	 
USER	string	START	1693386717892
REQUEST		string Redirect 1	1693386717877	1693386717900	OK	 
USER	string	END	1693386717902
REQUEST		string	1693386717891	1693386717946	OK	 
REQUEST		string Redirect 1	1693386717947	1693386717959	OK	 
USER	string	END	1693386717961
USER	string	START	1693386717968
REQUEST		string	1693386717967	1693386718014	OK	 
REQUEST		string Redirect 1	1693386718015	1693386718029	OK	 
USER	string	START	1693386718030
USER	string	END	1693386718031
USER	string	START	1693386718092
REQUEST		string	1693386718029	1693386718092	OK	 
REQUEST		string Redirect 1	1693386718093	1693386718107	OK	 
USER	string	END	1693386718108
REQUEST		string	1693386718091	1693386718131	OK	 
REQUEST		string Redirect 1	1693386718132	1693386718149	OK	 
USER	string	END	1693386718151
USER	string	START	1693386718171
REQUEST		string	1693386718169	1693386718223	OK	 
USER	string	START	1693386718232
REQUEST		string Redirect 1	1693386718224	1693386718241	OK	 
USER	string	END	1693386718243
REQUEST		string	1693386718231	1693386718287	OK	 
USER	string	START	1693386718295
REQUEST		string Redirect 1	1693386718287	1693386718308	OK	 
USER	string	END	1693386718310
REQUEST		string	1693386718293	1693386718340	OK	 
USER	string	START	1693386718356
REQUEST		string Redirect 1	1693386718341	1693386718355	OK	 
USER	string	END	1693386718358
REQUEST		string	1693386718355	1693386718399	OK	 
USER	string	START	1693386718402
REQUEST		string Redirect 1	1693386718400	1693386718414	OK	 
USER	string	END	1693386718414
REQUEST		string	1693386718401	1693386718435	OK	 
REQUEST		string Redirect 1	1693386718435	1693386718450	OK	 
USER	string	END	1693386718451
USER	string	START	1693386718464
REQUEST		string	1693386718464	1693386718514	OK	 
USER	string	START	1693386718526
REQUEST		string Redirect 1	1693386718515	1693386718527	OK	 
USER	string	END	1693386718529
REQUEST		string	1693386718526	1693386718570	OK	 
REQUEST		string Redirect 1	1693386718570	1693386718584	OK	 
USER	string	END	1693386718585
USER	string	START	1693386718588
REQUEST		string	1693386718588	1693386718633	OK	 
REQUEST		string Redirect 1	1693386718634	1693386718650	OK	 
USER	string	START	1693386718652
USER	string	END	1693386718653
USER	string	START	1693386718698
REQUEST		string	1693386718651	1693386718704	OK	 
REQUEST		string Redirect 1	1693386718705	1693386718723	OK	 
USER	string	END	1693386718723
REQUEST		string	1693386718697	1693386718745	OK	 
USER	string	START	1693386718759
REQUEST		string Redirect 1	1693386718745	1693386718760	OK	 
USER	string	END	1693386718760
REQUEST		string	1693386718759	1693386718807	OK	 
USER	string	START	1693386718822
REQUEST		string Redirect 1	1693386718808	1693386718823	OK	 
USER	string	END	1693386718824
REQUEST		string	1693386718821	1693386718869	OK	 
USER	string	START	1693386718885
REQUEST		string Redirect 1	1693386718870	1693386718886	OK	 
USER	string	END	1693386718887
USER	string	START	1693386718930
REQUEST		string	1693386718884	1693386718938	OK	 
REQUEST		string Redirect 1	1693386718939	1693386718955	OK	 
USER	string	END	1693386718956
REQUEST		string	1693386718930	1693386718965	OK	 
REQUEST		string Redirect 1	1693386718966	1693386718976	OK	 
USER	string	END	1693386718977
USER	string	START	1693386718993
REQUEST		string	1693386718992	1693386719040	OK	 
USER	string	START	1693386719055
REQUEST		string Redirect 1	1693386719042	1693386719057	OK	 
USER	string	END	1693386719059
REQUEST		string	1693386719054	1693386719113	OK	 
USER	string	START	1693386719118
REQUEST		string Redirect 1	1693386719114	1693386719131	OK	 
USER	string	END	1693386719133
REQUEST		string	1693386719117	1693386719160	OK	 
REQUEST		string Redirect 1	1693386719161	1693386719175	OK	 
USER	string	END	1693386719177
USER	string	START	1693386719180
USER	string	START	1693386719227
REQUEST		string	1693386719179	1693386719228	OK	 
REQUEST		string Redirect 1	1693386719228	1693386719242	OK	 
USER	string	END	1693386719243
REQUEST		string	1693386719226	1693386719269	OK	 
REQUEST		string Redirect 1	1693386719270	1693386719288	OK	 
USER	string	START	1693386719289
USER	string	END	1693386719289
USER	string	START	1693386719335
REQUEST		string	1693386719288	1693386719349	OK	 
REQUEST		string Redirect 1	1693386719351	1693386719369	OK	 
USER	string	END	1693386719369
REQUEST		string	1693386719334	1693386719379	OK	 
USER	string	START	1693386719382
REQUEST		string Redirect 1	1693386719379	1693386719392	OK	 
USER	string	END	1693386719392
REQUEST		string	1693386719381	1693386719411	OK	 
REQUEST		string Redirect 1	1693386719411	1693386719423	OK	 
USER	string	END	1693386719424
USER	string	START	1693386719446
USER	string	START	1693386719492
REQUEST		string	1693386719445	1693386719497	OK	 
REQUEST		string Redirect 1	1693386719497	1693386719522	OK	 
USER	string	END	1693386719523
REQUEST		string	1693386719492	1693386719541	OK	 
USER	string	START	1693386719553
REQUEST		string Redirect 1	1693386719542	1693386719561	OK	 
USER	string	END	1693386719561
USER	string	START	1693386719601
REQUEST		string	1693386719552	1693386719614	OK	 
REQUEST		string Redirect 1	1693386719615	1693386719640	OK	 
USER	string	END	1693386719642
REQUEST		string	1693386719600	1693386719645	OK	 
USER	string	START	1693386719647
REQUEST		string Redirect 1	1693386719645	1693386719659	OK	 
USER	string	END	1693386719659
REQUEST		string	1693386719647	1693386719679	OK	 
REQUEST		string Redirect 1	1693386719679	1693386719691	OK	 
USER	string	END	1693386719692
USER	string	START	1693386719711
USER	string	START	1693386719757
USER	string	START	1693386719804
REQUEST		string	1693386719710	1693386719805	OK	 
REQUEST		string Redirect 1	1693386719806	1693386719845	OK	 
REQUEST		string	1693386719756	1693386719845	OK	 
USER	string	END	1693386719847
REQUEST		string Redirect 1	1693386719846	1693386719862	OK	 
USER	string	END	1693386719864
USER	string	START	1693386719865
REQUEST		string	1693386719803	1693386719875	OK	 
REQUEST		string Redirect 1	1693386719876	1693386719892	OK	 
USER	string	END	1693386719893
REQUEST		string	1693386719864	1693386719907	OK	 
USER	string	START	1693386719911
REQUEST		string Redirect 1	1693386719908	1693386719926	OK	 
USER	string	END	1693386719928
REQUEST		string	1693386719910	1693386719946	OK	 
REQUEST		string Redirect 1	1693386719947	1693386719956	OK	 
USER	string	END	1693386719957
USER	string	START	1693386719972
REQUEST		string	1693386719972	1693386720012	OK	 
USER	string	START	1693386720020
REQUEST		string Redirect 1	1693386720013	1693386720028	OK	 
USER	string	END	1693386720028
REQUEST		string	1693386720019	1693386720052	OK	 
REQUEST		string Redirect 1	1693386720052	1693386720063	OK	 
USER	string	END	1693386720064
USER	string	START	1693386720068
USER	string	START	1693386720130
REQUEST		string	1693386720067	1693386720137	OK	 
REQUEST		string Redirect 1	1693386720137	1693386720151	OK	 
USER	string	END	1693386720152
REQUEST		string	1693386720130	1693386720170	OK	 
USER	string	START	1693386720177
REQUEST		string Redirect 1	1693386720171	1693386720193	OK	 
USER	string	END	1693386720193
REQUEST		string	1693386720176	1693386720237	OK	 
REQUEST		string Redirect 1	1693386720238	1693386720257	OK	 
USER	string	END	1693386720258
