RUN	com.machinestalk.geenerateclass.MachinesTalk	machinestalk	1693490641600	 	3.9.5
USER	setup1	START	1693490642077
REQUEST		sc1	1693490642076	1693490642146	OK	 
USER	setup1	START	1693490642173
REQUEST		sc1 Redirect 1	1693490642161	1693490642184	OK	 
USER	setup1	END	1693490642190
USER	setup1	START	1693490642191
USER	setup1	START	1693490642268
REQUEST		sc1	1693490642172	1693490642268	OK	 
REQUEST		sc1	1693490642190	1693490642269	OK	 
REQUEST		sc1 Redirect 1	1693490642268	1693490642290	OK	 
USER	setup1	END	1693490642290
USER	setup1	START	1693490642291
REQUEST		sc1 Redirect 1	1693490642269	1693490642292	OK	 
USER	setup1	END	1693490642292
USER	setup1	START	1693490642293
REQUEST		sc1	1693490642268	1693490642331	OK	 
REQUEST		sc1	1693490642293	1693490642353	OK	 
REQUEST		sc1	1693490642291	1693490642353	OK	 
REQUEST		sc1 Redirect 1	1693490642331	1693490642353	OK	 
USER	setup1	END	1693490642354
USER	setup1	START	1693490642355
REQUEST		sc1 Redirect 1	1693490642353	1693490642373	OK	 
USER	setup1	END	1693490642374
USER	setup1	START	1693490642375
USER	setup1	START	1693490642375
REQUEST		sc1 Redirect 1	1693490642353	1693490642376	OK	 
USER	setup1	END	1693490642376
USER	setup1	START	1693490642377
REQUEST		sc1	1693490642354	1693490642396	OK	 
REQUEST		sc1	1693490642377	1693490642409	OK	 
REQUEST		sc1	1693490642375	1693490642409	OK	 
REQUEST		sc1	1693490642375	1693490642414	OK	 
REQUEST		sc1 Redirect 1	1693490642397	1693490642421	OK	 
USER	setup1	END	1693490642422
USER	setup1	START	1693490642423
REQUEST		sc1 Redirect 1	1693490642409	1693490642432	OK	 
USER	setup1	END	1693490642433
USER	setup1	START	1693490642434
REQUEST		sc1 Redirect 1	1693490642414	1693490642454	OK	 
REQUEST		sc1 Redirect 1	1693490642410	1693490642454	OK	 
USER	setup1	END	1693490642455
USER	setup1	END	1693490642455
USER	setup1	START	1693490642456
USER	setup1	START	1693490642456
USER	setup1	START	1693490642468
REQUEST		sc1	1693490642422	1693490642469	OK	 
REQUEST		sc1	1693490642434	1693490642483	OK	 
REQUEST		sc1 Redirect 1	1693490642469	1693490642493	OK	 
REQUEST		sc1	1693490642455	1693490642493	OK	 
REQUEST		sc1	1693490642455	1693490642493	OK	 
USER	setup1	END	1693490642493
USER	setup1	START	1693490642494
REQUEST		sc1 Redirect 1	1693490642484	1693490642505	OK	 
USER	setup1	END	1693490642505
USER	setup1	START	1693490642506
REQUEST		sc1 Redirect 1	1693490642493	1693490642548	OK	 
REQUEST		sc1	1693490642468	1693490642548	OK	 
REQUEST		sc1 Redirect 1	1693490642493	1693490642548	OK	 
USER	setup1	END	1693490642549
USER	setup1	END	1693490642549
USER	setup1	START	1693490642550
USER	setup1	START	1693490642550
REQUEST		sc1 Redirect 1	1693490642548	1693490642567	OK	 
USER	setup1	END	1693490642568
USER	setup1	START	1693490642568
USER	setup1	START	1693490642577
REQUEST		sc1	1693490642549	1693490642585	OK	 
REQUEST		sc1	1693490642494	1693490642599	OK	 
REQUEST		sc1 Redirect 1	1693490642585	1693490642600	OK	 
REQUEST		sc1	1693490642549	1693490642600	OK	 
REQUEST		sc1	1693490642506	1693490642600	OK	 
USER	setup1	END	1693490642601
USER	setup1	START	1693490642602
REQUEST		sc1	1693490642568	1693490642616	OK	 
REQUEST		sc1 Redirect 1	1693490642600	1693490642617	OK	 
USER	setup1	END	1693490642617
REQUEST		sc1	1693490642576	1693490642617	OK	 
USER	setup1	START	1693490642618
REQUEST		sc1 Redirect 1	1693490642600	1693490642644	OK	 
USER	setup1	END	1693490642645
USER	setup1	START	1693490642646
REQUEST		sc1 Redirect 1	1693490642618	1693490642647	OK	 
USER	setup1	END	1693490642648
REQUEST		sc1 Redirect 1	1693490642616	1693490642648	OK	 
REQUEST		sc1 Redirect 1	1693490642600	1693490642648	OK	 
REQUEST		sc1	1693490642601	1693490642648	OK	 
USER	setup1	END	1693490642648
USER	setup1	START	1693490642649
USER	setup1	END	1693490642649
USER	setup1	START	1693490642649
USER	setup1	START	1693490642649
REQUEST		sc1	1693490642618	1693490642656	OK	 
REQUEST		sc1 Redirect 1	1693490642648	1693490642662	OK	 
USER	setup1	END	1693490642663
USER	setup1	START	1693490642663
USER	setup1	START	1693490642670
REQUEST		sc1 Redirect 1	1693490642657	1693490642677	OK	 
USER	setup1	END	1693490642678
USER	setup1	START	1693490642678
REQUEST		sc1	1693490642649	1693490642683	OK	 
REQUEST		sc1	1693490642645	1693490642688	OK	 
REQUEST		sc1	1693490642648	1693490642688	OK	 
REQUEST		sc1	1693490642649	1693490642690	OK	 
REQUEST		sc1	1693490642663	1693490642699	OK	 
REQUEST		sc1	1693490642669	1693490642701	OK	 
REQUEST		sc1 Redirect 1	1693490642689	1693490642718	OK	 
REQUEST		sc1 Redirect 1	1693490642689	1693490642718	OK	 
REQUEST		sc1 Redirect 1	1693490642683	1693490642718	OK	 
USER	setup1	END	1693490642719
USER	setup1	END	1693490642719
USER	setup1	END	1693490642719
USER	setup1	START	1693490642719
USER	setup1	START	1693490642719
USER	setup1	START	1693490642719
REQUEST		sc1	1693490642678	1693490642724	OK	 
REQUEST		sc1 Redirect 1	1693490642701	1693490642734	OK	 
REQUEST		sc1 Redirect 1	1693490642699	1693490642734	OK	 
USER	setup1	END	1693490642735
USER	setup1	END	1693490642735
USER	setup1	START	1693490642735
USER	setup1	START	1693490642735
REQUEST		sc1 Redirect 1	1693490642690	1693490642737	OK	 
USER	setup1	END	1693490642737
USER	setup1	START	1693490642738
REQUEST		sc1 Redirect 1	1693490642724	1693490642740	OK	 
USER	setup1	END	1693490642740
USER	setup1	START	1693490642740
USER	setup1	START	1693490642762
REQUEST		sc1	1693490642719	1693490642777	OK	 
REQUEST		sc1	1693490642719	1693490642777	OK	 
REQUEST		sc1	1693490642719	1693490642777	OK	 
REQUEST		sc1	1693490642735	1693490642778	OK	 
REQUEST		sc1	1693490642738	1693490642782	OK	 
REQUEST		sc1	1693490642735	1693490642785	OK	 
REQUEST		sc1	1693490642740	1693490642794	OK	 
REQUEST		sc1 Redirect 1	1693490642777	1693490642800	OK	 
USER	setup1	END	1693490642801
USER	setup1	START	1693490642801
REQUEST		sc1 Redirect 1	1693490642782	1693490642803	OK	 
USER	setup1	END	1693490642803
USER	setup1	START	1693490642804
REQUEST		sc1 Redirect 1	1693490642777	1693490642816	OK	 
USER	setup1	END	1693490642817
USER	setup1	START	1693490642817
REQUEST		sc1	1693490642762	1693490642820	OK	 
REQUEST		sc1 Redirect 1	1693490642794	1693490642828	OK	 
USER	setup1	END	1693490642828
USER	setup1	START	1693490642829
REQUEST		sc1 Redirect 1	1693490642777	1693490642829	OK	 
USER	setup1	END	1693490642829
USER	setup1	START	1693490642829
REQUEST		sc1 Redirect 1	1693490642779	1693490642829	OK	 
USER	setup1	END	1693490642830
USER	setup1	START	1693490642830
REQUEST		sc1 Redirect 1	1693490642786	1693490642835	OK	 
USER	setup1	END	1693490642835
USER	setup1	START	1693490642835
REQUEST		sc1	1693490642801	1693490642840	OK	 
REQUEST		sc1 Redirect 1	1693490642820	1693490642840	OK	 
USER	setup1	END	1693490642841
USER	setup1	START	1693490642841
REQUEST		sc1	1693490642804	1693490642850	OK	 
REQUEST		sc1	1693490642817	1693490642852	OK	 
REQUEST		sc1 Redirect 1	1693490642840	1693490642864	OK	 
USER	setup1	END	1693490642865
REQUEST		sc1	1693490642829	1693490642865	OK	 
REQUEST		sc1	1693490642829	1693490642865	OK	 
USER	setup1	START	1693490642865
USER	setup1	START	1693490642865
REQUEST		sc1 Redirect 1	1693490642850	1693490642868	OK	 
USER	setup1	END	1693490642868
USER	setup1	START	1693490642868
REQUEST		sc1 Redirect 1	1693490642852	1693490642870	OK	 
USER	setup1	END	1693490642870
USER	setup1	START	1693490642870
REQUEST		sc1	1693490642830	1693490642872	OK	 
REQUEST		sc1	1693490642841	1693490642880	OK	 
REQUEST		sc1	1693490642835	1693490642911	OK	 
REQUEST		sc1 Redirect 1	1693490642880	1693490642916	OK	 
REQUEST		sc1 Redirect 1	1693490642865	1693490642916	OK	 
REQUEST		sc1 Redirect 1	1693490642865	1693490642916	OK	 
REQUEST		sc1 Redirect 1	1693490642872	1693490642916	OK	 
USER	setup1	END	1693490642916
USER	setup1	END	1693490642916
USER	setup1	END	1693490642916
USER	setup1	END	1693490642916
USER	setup1	START	1693490642917
USER	setup1	START	1693490642917
USER	setup1	START	1693490642917
USER	setup1	START	1693490642917
REQUEST		sc1	1693490642865	1693490642945	OK	 
REQUEST		sc1	1693490642865	1693490642945	OK	 
REQUEST		sc1 Redirect 1	1693490642912	1693490642952	OK	 
REQUEST		sc1	1693490642870	1693490642952	OK	 
USER	setup1	END	1693490642953
USER	setup1	START	1693490642953
REQUEST		sc1	1693490642868	1693490642954	OK	 
USER	setup1	START	1693490642961
REQUEST		sc1	1693490642916	1693490642965	OK	 
REQUEST		sc1 Redirect 1	1693490642945	1693490642966	OK	 
USER	setup1	END	1693490642967
USER	setup1	START	1693490642967
REQUEST		sc1 Redirect 1	1693490642945	1693490642968	OK	 
REQUEST		sc1	1693490642916	1693490642968	OK	 
USER	setup1	END	1693490642969
USER	setup1	START	1693490642969
REQUEST		sc1	1693490642916	1693490642971	OK	 
REQUEST		sc1	1693490642916	1693490642974	OK	 
REQUEST		sc1 Redirect 1	1693490642952	1693490642987	OK	 
USER	setup1	END	1693490642987
USER	setup1	START	1693490642988
REQUEST		sc1 Redirect 1	1693490642965	1693490642993	OK	 
USER	setup1	END	1693490642993
USER	setup1	START	1693490642994
REQUEST		sc1 Redirect 1	1693490642954	1693490642994	OK	 
USER	setup1	END	1693490642994
USER	setup1	START	1693490642994
REQUEST		sc1	1693490642953	1693490643001	OK	 
REQUEST		sc1 Redirect 1	1693490642969	1693490643017	OK	 
USER	setup1	END	1693490643018
USER	setup1	START	1693490643018
REQUEST		sc1 Redirect 1	1693490642971	1693490643018	OK	 
REQUEST		sc1 Redirect 1	1693490642975	1693490643018	OK	 
REQUEST		sc1	1693490642961	1693490643018	OK	 
REQUEST		sc1	1693490642969	1693490643018	OK	 
USER	setup1	END	1693490643018
USER	setup1	END	1693490643018
USER	setup1	START	1693490643019
USER	setup1	START	1693490643019
REQUEST		sc1	1693490642967	1693490643021	OK	 
REQUEST		sc1 Redirect 1	1693490643001	1693490643025	OK	 
USER	setup1	END	1693490643026
USER	setup1	START	1693490643026
REQUEST		sc1	1693490642994	1693490643036	OK	 
REQUEST		sc1	1693490642988	1693490643037	OK	 
REQUEST		sc1 Redirect 1	1693490643018	1693490643052	OK	 
REQUEST		sc1 Redirect 1	1693490643018	1693490643052	OK	 
REQUEST		sc1 Redirect 1	1693490643022	1693490643052	OK	 
USER	setup1	END	1693490643052
USER	setup1	END	1693490643052
USER	setup1	END	1693490643052
USER	setup1	START	1693490643052
USER	setup1	START	1693490643052
USER	setup1	START	1693490643052
REQUEST		sc1 Redirect 1	1693490643037	1693490643058	OK	 
USER	setup1	END	1693490643058
USER	setup1	START	1693490643059
REQUEST		sc1	1693490642994	1693490643059	OK	 
REQUEST		sc1 Redirect 1	1693490643037	1693490643060	OK	 
USER	setup1	END	1693490643060
USER	setup1	START	1693490643060
REQUEST		sc1	1693490643019	1693490643065	OK	 
REQUEST		sc1	1693490643019	1693490643069	OK	 
REQUEST		sc1	1693490643026	1693490643069	OK	 
REQUEST		sc1	1693490643018	1693490643077	OK	 
REQUEST		sc1 Redirect 1	1693490643059	1693490643084	OK	 
USER	setup1	END	1693490643085
USER	setup1	START	1693490643085
REQUEST		sc1 Redirect 1	1693490643065	1693490643091	OK	 
USER	setup1	END	1693490643091
USER	setup1	START	1693490643091
REQUEST		sc1 Redirect 1	1693490643069	1693490643092	OK	 
USER	setup1	END	1693490643092
USER	setup1	START	1693490643092
REQUEST		sc1 Redirect 1	1693490643069	1693490643098	OK	 
USER	setup1	END	1693490643099
USER	setup1	START	1693490643099
REQUEST		sc1	1693490643052	1693490643100	OK	 
REQUEST		sc1	1693490643052	1693490643104	OK	 
REQUEST		sc1 Redirect 1	1693490643077	1693490643106	OK	 
USER	setup1	END	1693490643106
USER	setup1	START	1693490643107
REQUEST		sc1	1693490643060	1693490643109	OK	 
REQUEST		sc1	1693490643052	1693490643109	OK	 
REQUEST		sc1	1693490643058	1693490643115	OK	 
REQUEST		sc1	1693490643085	1693490643127	OK	 
REQUEST		sc1 Redirect 1	1693490643100	1693490643127	OK	 
USER	setup1	END	1693490643127
USER	setup1	START	1693490643128
REQUEST		sc1 Redirect 1	1693490643104	1693490643130	OK	 
USER	setup1	END	1693490643130
USER	setup1	START	1693490643131
REQUEST		sc1 Redirect 1	1693490643109	1693490643133	OK	 
USER	setup1	END	1693490643134
USER	setup1	START	1693490643134
REQUEST		sc1	1693490643091	1693490643134	OK	 
REQUEST		sc1 Redirect 1	1693490643109	1693490643137	OK	 
USER	setup1	END	1693490643137
USER	setup1	START	1693490643137
REQUEST		sc1	1693490643092	1693490643144	OK	 
REQUEST		sc1 Redirect 1	1693490643116	1693490643156	OK	 
REQUEST		sc1 Redirect 1	1693490643127	1693490643157	OK	 
REQUEST		sc1	1693490643106	1693490643157	OK	 
REQUEST		sc1	1693490643099	1693490643157	OK	 
USER	setup1	END	1693490643157
USER	setup1	END	1693490643157
USER	setup1	START	1693490643157
USER	setup1	START	1693490643157
REQUEST		sc1 Redirect 1	1693490643134	1693490643170	OK	 
USER	setup1	END	1693490643171
USER	setup1	START	1693490643171
REQUEST		sc1	1693490643128	1693490643188	OK	 
REQUEST		sc1 Redirect 1	1693490643157	1693490643189	OK	 
USER	setup1	END	1693490643190
USER	setup1	START	1693490643190
REQUEST		sc1 Redirect 1	1693490643144	1693490643191	OK	 
USER	setup1	END	1693490643191
USER	setup1	START	1693490643191
REQUEST		sc1 Redirect 1	1693490643157	1693490643201	OK	 
REQUEST		sc1	1693490643134	1693490643201	OK	 
REQUEST		sc1	1693490643137	1693490643201	OK	 
USER	setup1	END	1693490643201
USER	setup1	START	1693490643202
REQUEST		sc1	1693490643130	1693490643203	OK	 
REQUEST		sc1 Redirect 1	1693490643188	1693490643204	OK	 
USER	setup1	END	1693490643205
USER	setup1	START	1693490643205
REQUEST		sc1	1693490643157	1693490643211	OK	 
REQUEST		sc1 Redirect 1	1693490643201	1693490643217	OK	 
REQUEST		sc1	1693490643171	1693490643217	OK	 
USER	setup1	END	1693490643218
USER	setup1	START	1693490643218
REQUEST		sc1 Redirect 1	1693490643201	1693490643223	OK	 
REQUEST		sc1	1693490643157	1693490643223	OK	 
USER	setup1	END	1693490643223
USER	setup1	START	1693490643223
REQUEST		sc1 Redirect 1	1693490643203	1693490643227	OK	 
USER	setup1	END	1693490643227
USER	setup1	START	1693490643228
REQUEST		sc1 Redirect 1	1693490643211	1693490643229	OK	 
REQUEST		sc1	1693490643191	1693490643229	OK	 
REQUEST		sc1	1693490643190	1693490643229	OK	 
USER	setup1	END	1693490643229
USER	setup1	START	1693490643230
REQUEST		sc1	1693490643202	1693490643236	OK	 
REQUEST		sc1 Redirect 1	1693490643223	1693490643242	OK	 
USER	setup1	END	1693490643243
USER	setup1	START	1693490643243
REQUEST		sc1 Redirect 1	1693490643218	1693490643248	OK	 
USER	setup1	END	1693490643248
USER	setup1	START	1693490643248
REQUEST		sc1	1693490643205	1693490643250	OK	 
REQUEST		sc1 Redirect 1	1693490643229	1693490643255	OK	 
REQUEST		sc1 Redirect 1	1693490643229	1693490643255	OK	 
USER	setup1	END	1693490643255
USER	setup1	END	1693490643255
USER	setup1	START	1693490643256
USER	setup1	START	1693490643256
REQUEST		sc1	1693490643218	1693490643258	OK	 
REQUEST		sc1 Redirect 1	1693490643236	1693490643267	OK	 
REQUEST		sc1	1693490643223	1693490643267	OK	 
USER	setup1	END	1693490643267
USER	setup1	START	1693490643267
REQUEST		sc1	1693490643227	1693490643271	OK	 
REQUEST		sc1	1693490643230	1693490643272	OK	 
REQUEST		sc1 Redirect 1	1693490643250	1693490643273	OK	 
USER	setup1	END	1693490643274
USER	setup1	START	1693490643274
REQUEST		sc1 Redirect 1	1693490643259	1693490643276	OK	 
USER	setup1	END	1693490643276
USER	setup1	START	1693490643276
REQUEST		sc1	1693490643243	1693490643282	OK	 
REQUEST		sc1 Redirect 1	1693490643267	1693490643287	OK	 
USER	setup1	END	1693490643287
USER	setup1	START	1693490643287
REQUEST		sc1	1693490643248	1693490643296	OK	 
REQUEST		sc1 Redirect 1	1693490643272	1693490643296	OK	 
USER	setup1	END	1693490643296
USER	setup1	START	1693490643297
REQUEST		sc1 Redirect 1	1693490643272	1693490643299	OK	 
USER	setup1	END	1693490643300
USER	setup1	START	1693490643300
REQUEST		sc1	1693490643255	1693490643319	OK	 
REQUEST		sc1	1693490643255	1693490643319	OK	 
REQUEST		sc1 Redirect 1	1693490643282	1693490643332	OK	 
USER	setup1	END	1693490643333
USER	setup1	START	1693490643333
REQUEST		sc1	1693490643274	1693490643339	OK	 
REQUEST		sc1	1693490643276	1693490643350	OK	 
REQUEST		sc1 Redirect 1	1693490643296	1693490643353	OK	 
REQUEST		sc1	1693490643267	1693490643353	OK	 
USER	setup1	END	1693490643353
USER	setup1	START	1693490643353
REQUEST		sc1 Redirect 1	1693490643319	1693490643365	OK	 
USER	setup1	END	1693490643365
REQUEST		sc1	1693490643287	1693490643365	OK	 
USER	setup1	START	1693490643365
REQUEST		sc1	1693490643296	1693490643368	OK	 
REQUEST		sc1 Redirect 1	1693490643319	1693490643373	OK	 
USER	setup1	END	1693490643373
USER	setup1	START	1693490643373
REQUEST		sc1 Redirect 1	1693490643339	1693490643388	OK	 
REQUEST		sc1	1693490643300	1693490643388	OK	 
USER	setup1	END	1693490643389
USER	setup1	START	1693490643389
REQUEST		sc1 Redirect 1	1693490643351	1693490643391	OK	 
REQUEST		sc1	1693490643333	1693490643390	OK	 
USER	setup1	END	1693490643391
USER	setup1	START	1693490643391
REQUEST		sc1 Redirect 1	1693490643353	1693490643392	OK	 
USER	setup1	END	1693490643392
USER	setup1	START	1693490643392
REQUEST		sc1 Redirect 1	1693490643365	1693490643396	OK	 
USER	setup1	END	1693490643396
USER	setup1	START	1693490643397
REQUEST		sc1 Redirect 1	1693490643368	1693490643397	OK	 
USER	setup1	END	1693490643398
USER	setup1	START	1693490643398
REQUEST		sc1	1693490643353	1693490643399	OK	 
REQUEST		sc1 Redirect 1	1693490643389	1693490643405	OK	 
USER	setup1	END	1693490643405
USER	setup1	START	1693490643405
REQUEST		sc1 Redirect 1	1693490643391	1693490643413	OK	 
USER	setup1	END	1693490643414
USER	setup1	START	1693490643414
REQUEST		sc1	1693490643365	1693490643415	OK	 
REQUEST		sc1	1693490643373	1693490643419	OK	 
REQUEST		sc1 Redirect 1	1693490643399	1693490643419	OK	 
USER	setup1	END	1693490643419
USER	setup1	START	1693490643420
REQUEST		sc1	1693490643392	1693490643423	OK	 
REQUEST		sc1	1693490643391	1693490643429	OK	 
REQUEST		sc1	1693490643389	1693490643431	OK	 
REQUEST		sc1 Redirect 1	1693490643415	1693490643431	OK	 
REQUEST		sc1	1693490643396	1693490643431	OK	 
USER	setup1	END	1693490643431
USER	setup1	START	1693490643432
REQUEST		sc1	1693490643398	1693490643436	OK	 
REQUEST		sc1 Redirect 1	1693490643419	1693490643437	OK	 
USER	setup1	END	1693490643437
USER	setup1	START	1693490643438
REQUEST		sc1	1693490643405	1693490643453	OK	 
REQUEST		sc1 Redirect 1	1693490643436	1693490643460	OK	 
REQUEST		sc1 Redirect 1	1693490643423	1693490643460	OK	 
USER	setup1	END	1693490643461
USER	setup1	END	1693490643461
USER	setup1	START	1693490643461
USER	setup1	START	1693490643461
REQUEST		sc1 Redirect 1	1693490643429	1693490643462	OK	 
REQUEST		sc1 Redirect 1	1693490643431	1693490643462	OK	 
USER	setup1	END	1693490643462
USER	setup1	END	1693490643462
USER	setup1	START	1693490643462
USER	setup1	START	1693490643462
REQUEST		sc1	1693490643420	1693490643465	OK	 
REQUEST		sc1 Redirect 1	1693490643431	1693490643470	OK	 
REQUEST		sc1	1693490643414	1693490643470	OK	 
USER	setup1	END	1693490643470
USER	setup1	START	1693490643471
REQUEST		sc1 Redirect 1	1693490643453	1693490643482	OK	 
USER	setup1	END	1693490643482
USER	setup1	START	1693490643482
REQUEST		sc1	1693490643431	1693490643498	OK	 
REQUEST		sc1	1693490643438	1693490643498	OK	 
REQUEST		sc1 Redirect 1	1693490643465	1693490643501	OK	 
USER	setup1	END	1693490643501
USER	setup1	START	1693490643502
REQUEST		sc1	1693490643461	1693490643504	OK	 
REQUEST		sc1 Redirect 1	1693490643470	1693490643505	OK	 
REQUEST		sc1	1693490643461	1693490643505	OK	 
USER	setup1	END	1693490643505
USER	setup1	START	1693490643505
REQUEST		sc1	1693490643462	1693490643509	OK	 
REQUEST		sc1 Redirect 1	1693490643499	1693490643530	OK	 
REQUEST		sc1	1693490643471	1693490643530	OK	 
REQUEST		sc1	1693490643462	1693490643530	OK	 
USER	setup1	END	1693490643530
USER	setup1	START	1693490643530
REQUEST		sc1	1693490643482	1693490643537	OK	 
REQUEST		sc1 Redirect 1	1693490643499	1693490643539	OK	 
USER	setup1	END	1693490643539
USER	setup1	START	1693490643540
REQUEST		sc1 Redirect 1	1693490643505	1693490643548	OK	 
USER	setup1	END	1693490643549
USER	setup1	START	1693490643549
REQUEST		sc1	1693490643501	1693490643553	OK	 
REQUEST		sc1 Redirect 1	1693490643530	1693490643558	OK	 
USER	setup1	END	1693490643558
USER	setup1	START	1693490643559
REQUEST		sc1 Redirect 1	1693490643509	1693490643561	OK	 
USER	setup1	END	1693490643562
REQUEST		sc1 Redirect 1	1693490643505	1693490643562	OK	 
USER	setup1	END	1693490643562
USER	setup1	START	1693490643562
USER	setup1	START	1693490643562
REQUEST		sc1	1693490643505	1693490643571	OK	 
REQUEST		sc1 Redirect 1	1693490643530	1693490643581	OK	 
USER	setup1	END	1693490643582
USER	setup1	START	1693490643583
REQUEST		sc1	1693490643530	1693490643585	OK	 
REQUEST		sc1 Redirect 1	1693490643537	1693490643585	OK	 
USER	setup1	END	1693490643586
USER	setup1	START	1693490643586
REQUEST		sc1 Redirect 1	1693490643553	1693490643592	OK	 
USER	setup1	END	1693490643592
USER	setup1	START	1693490643593
REQUEST		sc1	1693490643539	1693490643593	OK	 
REQUEST		sc1	1693490643549	1693490643597	OK	 
REQUEST		sc1	1693490643562	1693490643605	OK	 
REQUEST		sc1 Redirect 1	1693490643571	1693490643606	OK	 
USER	setup1	END	1693490643606
USER	setup1	START	1693490643607
REQUEST		sc1	1693490643558	1693490643610	OK	 
REQUEST		sc1	1693490643562	1693490643614	OK	 
REQUEST		sc1 Redirect 1	1693490643585	1693490643624	OK	 
REQUEST		sc1 Redirect 1	1693490643593	1693490643624	OK	 
USER	setup1	END	1693490643625
USER	setup1	END	1693490643625
USER	setup1	START	1693490643625
USER	setup1	START	1693490643625
REQUEST		sc1 Redirect 1	1693490643597	1693490643627	OK	 
REQUEST		sc1	1693490643582	1693490643627	OK	 
USER	setup1	END	1693490643628
USER	setup1	START	1693490643628
REQUEST		sc1	1693490643586	1693490643640	OK	 
REQUEST		sc1	1693490643593	1693490643646	OK	 
REQUEST		sc1 Redirect 1	1693490643614	1693490643650	OK	 
REQUEST		sc1 Redirect 1	1693490643610	1693490643650	OK	 
USER	setup1	END	1693490643651
USER	setup1	END	1693490643651
USER	setup1	START	1693490643651
USER	setup1	START	1693490643651
REQUEST		sc1 Redirect 1	1693490643605	1693490643653	OK	 
USER	setup1	END	1693490643653
USER	setup1	START	1693490643654
REQUEST		sc1	1693490643607	1693490643654	OK	 
REQUEST		sc1 Redirect 1	1693490643640	1693490643666	OK	 
REQUEST		sc1 Redirect 1	1693490643628	1693490643666	OK	 
REQUEST		sc1	1693490643625	1693490643666	OK	 
USER	setup1	END	1693490643667
USER	setup1	END	1693490643667
USER	setup1	START	1693490643667
USER	setup1	START	1693490643667
REQUEST		sc1	1693490643625	1693490643674	OK	 
REQUEST		sc1	1693490643628	1693490643676	OK	 
REQUEST		sc1 Redirect 1	1693490643647	1693490643684	OK	 
USER	setup1	END	1693490643684
USER	setup1	START	1693490643685
REQUEST		sc1 Redirect 1	1693490643655	1693490643703	OK	 
REQUEST		sc1 Redirect 1	1693490643667	1693490643704	OK	 
USER	setup1	END	1693490643704
USER	setup1	END	1693490643704
USER	setup1	START	1693490643704
USER	setup1	START	1693490643704
REQUEST		sc1 Redirect 1	1693490643674	1693490643705	OK	 
REQUEST		sc1 Redirect 1	1693490643676	1693490643705	OK	 
REQUEST		sc1	1693490643651	1693490643705	OK	 
REQUEST		sc1	1693490643651	1693490643705	OK	 
REQUEST		sc1	1693490643654	1693490643705	OK	 
USER	setup1	END	1693490643705
USER	setup1	END	1693490643705
USER	setup1	START	1693490643706
USER	setup1	START	1693490643706
REQUEST		sc1	1693490643667	1693490643707	OK	 
REQUEST		sc1	1693490643667	1693490643722	OK	 
REQUEST		sc1 Redirect 1	1693490643705	1693490643746	OK	 
USER	setup1	END	1693490643747
USER	setup1	START	1693490643747
REQUEST		sc1 Redirect 1	1693490643705	1693490643749	OK	 
REQUEST		sc1 Redirect 1	1693490643705	1693490643749	OK	 
USER	setup1	END	1693490643749
USER	setup1	END	1693490643749
USER	setup1	START	1693490643749
USER	setup1	START	1693490643749
REQUEST		sc1 Redirect 1	1693490643707	1693490643772	OK	 
REQUEST		sc1 Redirect 1	1693490643722	1693490643773	OK	 
REQUEST		sc1	1693490643704	1693490643773	OK	 
REQUEST		sc1	1693490643706	1693490643773	OK	 
REQUEST		sc1	1693490643685	1693490643773	OK	 
USER	setup1	END	1693490643773
USER	setup1	END	1693490643773
USER	setup1	START	1693490643773
USER	setup1	START	1693490643773
REQUEST		sc1	1693490643704	1693490643773	OK	 
REQUEST		sc1	1693490643706	1693490643773	OK	 
REQUEST		sc1 Redirect 1	1693490643773	1693490643801	OK	 
USER	setup1	END	1693490643802
USER	setup1	START	1693490643802
REQUEST		sc1 Redirect 1	1693490643773	1693490643805	OK	 
USER	setup1	END	1693490643805
REQUEST		sc1 Redirect 1	1693490643773	1693490643805	OK	 
USER	setup1	END	1693490643805
USER	setup1	START	1693490643805
USER	setup1	START	1693490643806
REQUEST		sc1 Redirect 1	1693490643773	1693490643815	OK	 
USER	setup1	END	1693490643815
USER	setup1	START	1693490643815
REQUEST		sc1	1693490643749	1693490643822	OK	 
REQUEST		sc1	1693490643747	1693490643823	OK	 
REQUEST		sc1	1693490643749	1693490643824	OK	 
REQUEST		sc1 Redirect 1	1693490643773	1693490643826	OK	 
USER	setup1	END	1693490643826
USER	setup1	START	1693490643827
REQUEST		sc1	1693490643773	1693490643828	OK	 
REQUEST		sc1	1693490643773	1693490643828	OK	 
REQUEST		sc1	1693490643802	1693490643837	OK	 
REQUEST		sc1 Redirect 1	1693490643823	1693490643847	OK	 
REQUEST		sc1 Redirect 1	1693490643822	1693490643847	OK	 
USER	setup1	END	1693490643847
USER	setup1	END	1693490643847
USER	setup1	START	1693490643847
USER	setup1	START	1693490643847
REQUEST		sc1	1693490643805	1693490643850	OK	 
REQUEST		sc1	1693490643805	1693490643850	OK	 
REQUEST		sc1 Redirect 1	1693490643824	1693490643851	OK	 
USER	setup1	END	1693490643851
USER	setup1	START	1693490643851
REQUEST		sc1 Redirect 1	1693490643828	1693490643856	OK	 
USER	setup1	END	1693490643857
USER	setup1	START	1693490643857
REQUEST		sc1 Redirect 1	1693490643828	1693490643870	OK	 
USER	setup1	END	1693490643870
USER	setup1	START	1693490643870
REQUEST		sc1	1693490643815	1693490643874	OK	 
REQUEST		sc1 Redirect 1	1693490643837	1693490643881	OK	 
REQUEST		sc1	1693490643827	1693490643881	OK	 
USER	setup1	END	1693490643882
USER	setup1	START	1693490643882
REQUEST		sc1	1693490643847	1693490643895	OK	 
REQUEST		sc1 Redirect 1	1693490643850	1693490643895	OK	 
USER	setup1	END	1693490643896
USER	setup1	START	1693490643896
REQUEST		sc1 Redirect 1	1693490643850	1693490643900	OK	 
REQUEST		sc1	1693490643851	1693490643901	OK	 
USER	setup1	END	1693490643901
REQUEST		sc1	1693490643847	1693490643901	OK	 
USER	setup1	START	1693490643901
REQUEST		sc1 Redirect 1	1693490643874	1693490643921	OK	 
REQUEST		sc1	1693490643857	1693490643921	OK	 
USER	setup1	END	1693490643921
USER	setup1	START	1693490643921
REQUEST		sc1 Redirect 1	1693490643882	1693490643925	OK	 
USER	setup1	END	1693490643925
USER	setup1	START	1693490643925
REQUEST		sc1 Redirect 1	1693490643895	1693490643943	OK	 
REQUEST		sc1	1693490643870	1693490643943	OK	 
USER	setup1	END	1693490643943
USER	setup1	START	1693490643943
REQUEST		sc1	1693490643882	1693490643946	OK	 
REQUEST		sc1 Redirect 1	1693490643901	1693490643958	OK	 
REQUEST		sc1 Redirect 1	1693490643921	1693490643958	OK	 
USER	setup1	END	1693490643958
USER	setup1	END	1693490643959
USER	setup1	START	1693490643959
USER	setup1	START	1693490643959
REQUEST		sc1 Redirect 1	1693490643901	1693490643961	OK	 
USER	setup1	END	1693490643962
USER	setup1	START	1693490643962
REQUEST		sc1 Redirect 1	1693490643943	1693490643971	OK	 
REQUEST		sc1	1693490643901	1693490643971	OK	 
USER	setup1	END	1693490643971
USER	setup1	START	1693490643971
REQUEST		sc1	1693490643896	1693490643976	OK	 
REQUEST		sc1 Redirect 1	1693490643946	1693490643981	OK	 
USER	setup1	END	1693490643981
USER	setup1	START	1693490643981
REQUEST		sc1	1693490643925	1693490643987	OK	 
REQUEST		sc1	1693490643921	1693490643987	OK	 
REQUEST		sc1 Redirect 1	1693490643971	1693490643988	OK	 
USER	setup1	END	1693490643988
USER	setup1	START	1693490643989
REQUEST		sc1	1693490643943	1693490643990	OK	 
REQUEST		sc1 Redirect 1	1693490643976	1693490643994	OK	 
REQUEST		sc1	1693490643959	1693490643994	OK	 
USER	setup1	END	1693490643994
USER	setup1	START	1693490643994
REQUEST		sc1	1693490643962	1693490644003	OK	 
REQUEST		sc1 Redirect 1	1693490643988	1693490644004	OK	 
USER	setup1	END	1693490644004
USER	setup1	START	1693490644005
REQUEST		sc1 Redirect 1	1693490643987	1693490644006	OK	 
USER	setup1	END	1693490644006
USER	setup1	START	1693490644006
REQUEST		sc1	1693490643959	1693490644008	OK	 
REQUEST		sc1 Redirect 1	1693490643990	1693490644017	OK	 
USER	setup1	END	1693490644017
USER	setup1	START	1693490644018
REQUEST		sc1	1693490643971	1693490644020	OK	 
REQUEST		sc1 Redirect 1	1693490644003	1693490644035	OK	 
REQUEST		sc1	1693490643981	1693490644035	OK	 
USER	setup1	END	1693490644035
USER	setup1	START	1693490644035
REQUEST		sc1 Redirect 1	1693490643994	1693490644042	OK	 
USER	setup1	END	1693490644042
USER	setup1	START	1693490644042
REQUEST		sc1	1693490643988	1693490644044	OK	 
REQUEST		sc1 Redirect 1	1693490644008	1693490644047	OK	 
USER	setup1	END	1693490644047
USER	setup1	START	1693490644047
REQUEST		sc1	1693490643994	1693490644049	OK	 
REQUEST		sc1	1693490644006	1693490644061	OK	 
REQUEST		sc1	1693490644004	1693490644062	OK	 
REQUEST		sc1 Redirect 1	1693490644020	1693490644064	OK	 
USER	setup1	END	1693490644065
REQUEST		sc1	1693490644017	1693490644066	OK	 
REQUEST		sc1 Redirect 1	1693490644035	1693490644066	OK	 
USER	setup1	END	1693490644067
REQUEST		sc1 Redirect 1	1693490644044	1693490644074	OK	 
REQUEST		sc1	1693490644035	1693490644074	OK	 
USER	setup1	END	1693490644074
REQUEST		sc1 Redirect 1	1693490644049	1693490644081	OK	 
USER	setup1	END	1693490644082
REQUEST		sc1 Redirect 1	1693490644062	1693490644122	OK	 
REQUEST		sc1 Redirect 1	1693490644074	1693490644122	OK	 
REQUEST		sc1 Redirect 1	1693490644062	1693490644122	OK	 
REQUEST		sc1 Redirect 1	1693490644066	1693490644122	OK	 
REQUEST		sc1	1693490644042	1693490644122	OK	 
REQUEST		sc1	1693490644047	1693490644122	OK	 
USER	setup1	END	1693490644122
USER	setup1	END	1693490644122
USER	setup1	END	1693490644122
USER	setup1	END	1693490644122
REQUEST		sc1 Redirect 1	1693490644122	1693490644152	OK	 
REQUEST		sc1 Redirect 1	1693490644122	1693490644152	OK	 
USER	setup1	END	1693490644152
USER	setup1	END	1693490644152
