RUN	com.machinestalk.geenerateclass.MachinesTalk	machinestalk	1693490554219	 	3.9.5
USER	Setup1	START	1693490554430
REQUEST		Sc1	1693490554430	1693490554500	OK	 
REQUEST		Sc1 Redirect 1	1693490554501	1693490554522	OK	 
USER	Setup1	END	1693490554523
USER	Setup1	START	1693490554524
USER	Setup1	START	1693490554539
REQUEST		Sc1	1693490554524	1693490554587	OK	 
REQUEST		Sc1	1693490554538	1693490554594	OK	 
REQUEST		Sc1 Redirect 1	1693490554588	1693490554602	OK	 
USER	Setup1	END	1693490554603
USER	Setup1	START	1693490554604
REQUEST		Sc1 Redirect 1	1693490554594	1693490554608	OK	 
USER	Setup1	END	1693490554609
USER	Setup1	START	1693490554609
USER	Setup1	START	1693490554633
REQUEST		Sc1	1693490554603	1693490554695	OK	 
REQUEST		Sc1	1693490554609	1693490554696	OK	 
REQUEST		Sc1	1693490554633	1693490554700	OK	 
REQUEST		Sc1 Redirect 1	1693490554695	1693490554718	OK	 
USER	Setup1	END	1693490554718
USER	Setup1	START	1693490554719
REQUEST		Sc1 Redirect 1	1693490554697	1693490554727	OK	 
REQUEST		Sc1 Redirect 1	1693490554700	1693490554727	OK	 
USER	Setup1	END	1693490554728
USER	Setup1	END	1693490554728
USER	Setup1	START	1693490554729
USER	Setup1	START	1693490554729
USER	Setup1	START	1693490554740
REQUEST		Sc1	1693490554719	1693490554814	OK	 
REQUEST		Sc1	1693490554728	1693490554824	OK	 
REQUEST		Sc1	1693490554728	1693490554824	OK	 
REQUEST		Sc1	1693490554740	1693490554828	OK	 
REQUEST		Sc1 Redirect 1	1693490554814	1693490554830	OK	 
USER	Setup1	END	1693490554831
USER	Setup1	START	1693490554831
USER	Setup1	START	1693490554833
REQUEST		Sc1 Redirect 1	1693490554828	1693490554844	OK	 
USER	Setup1	END	1693490554845
USER	Setup1	START	1693490554845
REQUEST		Sc1 Redirect 1	1693490554825	1693490554910	OK	 
REQUEST		Sc1 Redirect 1	1693490554825	1693490554910	OK	 
USER	Setup1	END	1693490554910
USER	Setup1	END	1693490554910
USER	Setup1	START	1693490554911
USER	Setup1	START	1693490554911
USER	Setup1	START	1693490554941
REQUEST		Sc1	1693490554831	1693490554980	OK	 
REQUEST		Sc1	1693490554911	1693490554984	OK	 
REQUEST		Sc1	1693490554833	1693490554984	OK	 
REQUEST		Sc1	1693490554941	1693490554996	OK	 
REQUEST		Sc1	1693490554911	1693490554997	OK	 
REQUEST		Sc1 Redirect 1	1693490554980	1693490555011	OK	 
USER	Setup1	END	1693490555011
USER	Setup1	START	1693490555012
REQUEST		Sc1	1693490554845	1693490555017	OK	 
REQUEST		Sc1 Redirect 1	1693490554984	1693490555018	OK	 
USER	Setup1	END	1693490555018
USER	Setup1	START	1693490555019
REQUEST		Sc1 Redirect 1	1693490554984	1693490555023	OK	 
USER	Setup1	END	1693490555023
USER	Setup1	START	1693490555024
REQUEST		Sc1 Redirect 1	1693490554997	1693490555028	OK	 
USER	Setup1	END	1693490555028
USER	Setup1	START	1693490555029
USER	Setup1	START	1693490555033
REQUEST		Sc1 Redirect 1	1693490554997	1693490555037	OK	 
USER	Setup1	END	1693490555037
USER	Setup1	START	1693490555038
REQUEST		Sc1 Redirect 1	1693490555017	1693490555039	OK	 
USER	Setup1	END	1693490555039
USER	Setup1	START	1693490555040
REQUEST		Sc1	1693490555012	1693490555060	OK	 
REQUEST		Sc1	1693490555018	1693490555060	OK	 
REQUEST		Sc1	1693490555024	1693490555081	OK	 
REQUEST		Sc1 Redirect 1	1693490555061	1693490555082	OK	 
USER	Setup1	END	1693490555083
USER	Setup1	START	1693490555084
REQUEST		Sc1 Redirect 1	1693490555061	1693490555089	OK	 
USER	Setup1	END	1693490555090
REQUEST		Sc1	1693490555028	1693490555090	OK	 
USER	Setup1	START	1693490555091
REQUEST		Sc1	1693490555033	1693490555096	OK	 
REQUEST		Sc1	1693490555040	1693490555098	OK	 
REQUEST		Sc1 Redirect 1	1693490555081	1693490555100	OK	 
USER	Setup1	END	1693490555100
USER	Setup1	START	1693490555101
REQUEST		Sc1	1693490555037	1693490555104	OK	 
REQUEST		Sc1 Redirect 1	1693490555090	1693490555107	OK	 
USER	Setup1	END	1693490555108
USER	Setup1	START	1693490555108
REQUEST		Sc1 Redirect 1	1693490555098	1693490555111	OK	 
USER	Setup1	END	1693490555111
USER	Setup1	START	1693490555112
REQUEST		Sc1 Redirect 1	1693490555096	1693490555113	OK	 
USER	Setup1	END	1693490555114
USER	Setup1	START	1693490555114
REQUEST		Sc1	1693490555084	1693490555119	OK	 
REQUEST		Sc1 Redirect 1	1693490555105	1693490555119	OK	 
REQUEST		Sc1	1693490555090	1693490555119	OK	 
USER	Setup1	END	1693490555120
USER	Setup1	START	1693490555120
REQUEST		Sc1	1693490555101	1693490555134	OK	 
REQUEST		Sc1 Redirect 1	1693490555120	1693490555138	OK	 
USER	Setup1	END	1693490555138
USER	Setup1	START	1693490555139
USER	Setup1	START	1693490555140
REQUEST		Sc1	1693490555112	1693490555140	OK	 
REQUEST		Sc1	1693490555108	1693490555140	OK	 
REQUEST		Sc1	1693490555114	1693490555147	OK	 
REQUEST		Sc1 Redirect 1	1693490555119	1693490555152	OK	 
USER	Setup1	END	1693490555152
USER	Setup1	START	1693490555153
REQUEST		Sc1 Redirect 1	1693490555135	1693490555153	OK	 
USER	Setup1	END	1693490555153
USER	Setup1	START	1693490555154
REQUEST		Sc1 Redirect 1	1693490555140	1693490555159	OK	 
USER	Setup1	END	1693490555159
USER	Setup1	START	1693490555159
REQUEST		Sc1	1693490555120	1693490555161	OK	 
REQUEST		Sc1 Redirect 1	1693490555140	1693490555164	OK	 
USER	Setup1	END	1693490555165
USER	Setup1	START	1693490555165
REQUEST		Sc1 Redirect 1	1693490555147	1693490555172	OK	 
USER	Setup1	END	1693490555173
USER	Setup1	START	1693490555173
REQUEST		Sc1	1693490555138	1693490555184	OK	 
REQUEST		Sc1	1693490555140	1693490555185	OK	 
REQUEST		Sc1	1693490555154	1693490555194	OK	 
REQUEST		Sc1 Redirect 1	1693490555161	1693490555195	OK	 
USER	Setup1	END	1693490555195
REQUEST		Sc1	1693490555152	1693490555195	OK	 
USER	Setup1	START	1693490555196
REQUEST		Sc1	1693490555165	1693490555208	OK	 
REQUEST		Sc1	1693490555159	1693490555208	OK	 
REQUEST		Sc1 Redirect 1	1693490555184	1693490555216	OK	 
USER	Setup1	END	1693490555217
USER	Setup1	START	1693490555217
REQUEST		Sc1	1693490555173	1693490555223	OK	 
REQUEST		Sc1 Redirect 1	1693490555185	1693490555228	OK	 
USER	Setup1	END	1693490555228
USER	Setup1	START	1693490555229
USER	Setup1	START	1693490555233
REQUEST		Sc1 Redirect 1	1693490555195	1693490555242	OK	 
USER	Setup1	END	1693490555242
USER	Setup1	START	1693490555243
REQUEST		Sc1 Redirect 1	1693490555195	1693490555243	OK	 
USER	Setup1	END	1693490555244
USER	Setup1	START	1693490555244
REQUEST		Sc1 Redirect 1	1693490555209	1693490555253	OK	 
USER	Setup1	END	1693490555254
USER	Setup1	START	1693490555254
REQUEST		Sc1 Redirect 1	1693490555223	1693490555259	OK	 
USER	Setup1	END	1693490555259
USER	Setup1	START	1693490555260
REQUEST		Sc1 Redirect 1	1693490555209	1693490555260	OK	 
REQUEST		Sc1	1693490555195	1693490555260	OK	 
REQUEST		Sc1	1693490555217	1693490555260	OK	 
USER	Setup1	END	1693490555260
USER	Setup1	START	1693490555260
REQUEST		Sc1	1693490555228	1693490555274	OK	 
REQUEST		Sc1	1693490555233	1693490555274	OK	 
REQUEST		Sc1 Redirect 1	1693490555260	1693490555287	OK	 
REQUEST		Sc1	1693490555244	1693490555287	OK	 
USER	Setup1	END	1693490555287
REQUEST		Sc1 Redirect 1	1693490555260	1693490555287	OK	 
USER	Setup1	END	1693490555288
USER	Setup1	START	1693490555288
USER	Setup1	START	1693490555288
REQUEST		Sc1	1693490555242	1693490555294	OK	 
REQUEST		Sc1 Redirect 1	1693490555274	1693490555296	OK	 
USER	Setup1	END	1693490555296
USER	Setup1	START	1693490555297
REQUEST		Sc1	1693490555254	1693490555298	OK	 
REQUEST		Sc1 Redirect 1	1693490555274	1693490555312	OK	 
REQUEST		Sc1	1693490555260	1693490555312	OK	 
USER	Setup1	END	1693490555312
USER	Setup1	START	1693490555313
REQUEST		Sc1	1693490555259	1693490555322	OK	 
REQUEST		Sc1 Redirect 1	1693490555287	1693490555328	OK	 
USER	Setup1	END	1693490555328
USER	Setup1	START	1693490555329
USER	Setup1	START	1693490555339
REQUEST		Sc1 Redirect 1	1693490555298	1693490555341	OK	 
USER	Setup1	END	1693490555342
REQUEST		Sc1 Redirect 1	1693490555295	1693490555342	OK	 
USER	Setup1	START	1693490555342
USER	Setup1	END	1693490555342
USER	Setup1	START	1693490555342
REQUEST		Sc1	1693490555287	1693490555355	OK	 
REQUEST		Sc1	1693490555288	1693490555355	OK	 
REQUEST		Sc1 Redirect 1	1693490555322	1693490555356	OK	 
REQUEST		Sc1 Redirect 1	1693490555312	1693490555356	OK	 
REQUEST		Sc1	1693490555297	1693490555356	OK	 
USER	Setup1	END	1693490555357
USER	Setup1	END	1693490555357
USER	Setup1	START	1693490555357
USER	Setup1	START	1693490555357
REQUEST		Sc1	1693490555313	1693490555362	OK	 
REQUEST		Sc1	1693490555328	1693490555367	OK	 
REQUEST		Sc1 Redirect 1	1693490555356	1693490555380	OK	 
USER	Setup1	END	1693490555380
USER	Setup1	START	1693490555381
REQUEST		Sc1 Redirect 1	1693490555355	1693490555382	OK	 
USER	Setup1	END	1693490555383
USER	Setup1	START	1693490555383
REQUEST		Sc1 Redirect 1	1693490555355	1693490555388	OK	 
USER	Setup1	END	1693490555388
USER	Setup1	START	1693490555389
REQUEST		Sc1	1693490555342	1693490555391	OK	 
REQUEST		Sc1	1693490555339	1693490555391	OK	 
REQUEST		Sc1 Redirect 1	1693490555362	1693490555394	OK	 
REQUEST		Sc1	1693490555342	1693490555394	OK	 
USER	Setup1	END	1693490555394
USER	Setup1	START	1693490555394
REQUEST		Sc1	1693490555357	1693490555405	OK	 
REQUEST		Sc1	1693490555357	1693490555405	OK	 
REQUEST		Sc1 Redirect 1	1693490555367	1693490555418	OK	 
USER	Setup1	END	1693490555419
USER	Setup1	START	1693490555419
REQUEST		Sc1 Redirect 1	1693490555391	1693490555419	OK	 
USER	Setup1	END	1693490555419
USER	Setup1	START	1693490555420
REQUEST		Sc1 Redirect 1	1693490555391	1693490555420	OK	 
USER	Setup1	END	1693490555420
USER	Setup1	START	1693490555421
REQUEST		Sc1	1693490555381	1693490555435	OK	 
REQUEST		Sc1 Redirect 1	1693490555405	1693490555436	OK	 
USER	Setup1	END	1693490555436
USER	Setup1	START	1693490555437
REQUEST		Sc1 Redirect 1	1693490555394	1693490555439	OK	 
USER	Setup1	END	1693490555439
USER	Setup1	START	1693490555439
REQUEST		Sc1	1693490555383	1693490555441	OK	 
REQUEST		Sc1 Redirect 1	1693490555405	1693490555451	OK	 
USER	Setup1	END	1693490555451
USER	Setup1	START	1693490555452
REQUEST		Sc1	1693490555394	1693490555452	OK	 
REQUEST		Sc1	1693490555389	1693490555453	OK	 
REQUEST		Sc1 Redirect 1	1693490555442	1693490555464	OK	 
USER	Setup1	END	1693490555464
USER	Setup1	START	1693490555465
REQUEST		Sc1 Redirect 1	1693490555435	1693490555467	OK	 
USER	Setup1	END	1693490555467
USER	Setup1	START	1693490555467
REQUEST		Sc1	1693490555420	1693490555474	OK	 
REQUEST		Sc1	1693490555419	1693490555478	OK	 
REQUEST		Sc1 Redirect 1	1693490555452	1693490555484	OK	 
USER	Setup1	END	1693490555484
USER	Setup1	START	1693490555484
REQUEST		Sc1	1693490555420	1693490555485	OK	 
REQUEST		Sc1	1693490555437	1693490555491	OK	 
REQUEST		Sc1 Redirect 1	1693490555454	1693490555496	OK	 
REQUEST		Sc1	1693490555439	1693490555496	OK	 
USER	Setup1	END	1693490555496
USER	Setup1	START	1693490555497
REQUEST		Sc1 Redirect 1	1693490555485	1693490555547	OK	 
REQUEST		Sc1 Redirect 1	1693490555478	1693490555547	OK	 
REQUEST		Sc1 Redirect 1	1693490555496	1693490555547	OK	 
REQUEST		Sc1	1693490555467	1693490555547	OK	 
USER	Setup1	END	1693490555548
USER	Setup1	END	1693490555548
USER	Setup1	END	1693490555548
USER	Setup1	START	1693490555548
USER	Setup1	START	1693490555548
USER	Setup1	START	1693490555548
REQUEST		Sc1 Redirect 1	1693490555491	1693490555551	OK	 
USER	Setup1	END	1693490555552
USER	Setup1	START	1693490555552
REQUEST		Sc1 Redirect 1	1693490555474	1693490555558	OK	 
USER	Setup1	END	1693490555558
USER	Setup1	START	1693490555559
REQUEST		Sc1 Redirect 1	1693490555548	1693490555561	OK	 
USER	Setup1	END	1693490555561
USER	Setup1	START	1693490555561
REQUEST		Sc1	1693490555497	1693490555570	OK	 
REQUEST		Sc1	1693490555484	1693490555573	OK	 
REQUEST		Sc1	1693490555548	1693490555586	OK	 
REQUEST		Sc1	1693490555548	1693490555588	OK	 
REQUEST		Sc1 Redirect 1	1693490555570	1693490555591	OK	 
USER	Setup1	END	1693490555591
USER	Setup1	START	1693490555592
REQUEST		Sc1	1693490555552	1693490555593	OK	 
REQUEST		Sc1	1693490555548	1693490555596	OK	 
REQUEST		Sc1 Redirect 1	1693490555573	1693490555596	OK	 
USER	Setup1	END	1693490555596
USER	Setup1	START	1693490555597
REQUEST		Sc1	1693490555559	1693490555598	OK	 
REQUEST		Sc1	1693490555561	1693490555600	OK	 
REQUEST		Sc1 Redirect 1	1693490555596	1693490555634	OK	 
REQUEST		Sc1 Redirect 1	1693490555600	1693490555634	OK	 
REQUEST		Sc1 Redirect 1	1693490555598	1693490555634	OK	 
REQUEST		Sc1 Redirect 1	1693490555587	1693490555634	OK	 
REQUEST		Sc1 Redirect 1	1693490555588	1693490555634	OK	 
REQUEST		Sc1 Redirect 1	1693490555593	1693490555634	OK	 
USER	Setup1	END	1693490555634
USER	Setup1	END	1693490555634
USER	Setup1	END	1693490555634
USER	Setup1	END	1693490555634
USER	Setup1	END	1693490555634
USER	Setup1	END	1693490555634
USER	Setup1	START	1693490555635
USER	Setup1	START	1693490555635
USER	Setup1	START	1693490555635
USER	Setup1	START	1693490555635
USER	Setup1	START	1693490555635
USER	Setup1	START	1693490555635
REQUEST		Sc1	1693490555591	1693490555650	OK	 
REQUEST		Sc1	1693490555596	1693490555668	OK	 
REQUEST		Sc1 Redirect 1	1693490555650	1693490555672	OK	 
USER	Setup1	END	1693490555673
USER	Setup1	START	1693490555673
REQUEST		Sc1	1693490555634	1693490555682	OK	 
REQUEST		Sc1	1693490555634	1693490555682	OK	 
REQUEST		Sc1	1693490555634	1693490555682	OK	 
REQUEST		Sc1	1693490555634	1693490555683	OK	 
REQUEST		Sc1	1693490555634	1693490555685	OK	 
REQUEST		Sc1	1693490555634	1693490555688	OK	 
REQUEST		Sc1 Redirect 1	1693490555682	1693490555697	OK	 
USER	Setup1	END	1693490555698
USER	Setup1	START	1693490555698
REQUEST		Sc1 Redirect 1	1693490555669	1693490555699	OK	 
USER	Setup1	END	1693490555699
USER	Setup1	START	1693490555700
REQUEST		Sc1 Redirect 1	1693490555682	1693490555707	OK	 
REQUEST		Sc1 Redirect 1	1693490555682	1693490555707	OK	 
USER	Setup1	END	1693490555707
USER	Setup1	END	1693490555707
USER	Setup1	START	1693490555708
USER	Setup1	START	1693490555708
REQUEST		Sc1	1693490555451	1693490555710	OK	 
REQUEST		Sc1	1693490555673	1693490555721	OK	 
REQUEST		Sc1	1693490555465	1693490555723	OK	 
REQUEST		Sc1 Redirect 1	1693490555688	1693490555725	OK	 
USER	Setup1	END	1693490555725
USER	Setup1	START	1693490555725
REQUEST		Sc1 Redirect 1	1693490555685	1693490555726	OK	 
USER	Setup1	END	1693490555726
USER	Setup1	START	1693490555727
REQUEST		Sc1 Redirect 1	1693490555683	1693490555734	OK	 
USER	Setup1	END	1693490555734
USER	Setup1	START	1693490555734
REQUEST		Sc1	1693490555698	1693490555738	OK	 
REQUEST		Sc1 Redirect 1	1693490555710	1693490555738	OK	 
USER	Setup1	END	1693490555738
USER	Setup1	START	1693490555739
REQUEST		Sc1	1693490555700	1693490555739	OK	 
REQUEST		Sc1	1693490555707	1693490555764	OK	 
REQUEST		Sc1 Redirect 1	1693490555723	1693490555765	OK	 
USER	Setup1	END	1693490555765
USER	Setup1	START	1693490555765
REQUEST		Sc1 Redirect 1	1693490555721	1693490555767	OK	 
REQUEST		Sc1	1693490555707	1693490555767	OK	 
USER	Setup1	END	1693490555767
USER	Setup1	START	1693490555768
REQUEST		Sc1 Redirect 1	1693490555738	1693490555775	OK	 
USER	Setup1	END	1693490555776
USER	Setup1	START	1693490555776
REQUEST		Sc1	1693490555725	1693490555779	OK	 
REQUEST		Sc1 Redirect 1	1693490555739	1693490555784	OK	 
REQUEST		Sc1	1693490555726	1693490555785	OK	 
USER	Setup1	END	1693490555785
USER	Setup1	START	1693490555785
REQUEST		Sc1	1693490555734	1693490555788	OK	 
REQUEST		Sc1	1693490555739	1693490555792	OK	 
REQUEST		Sc1	1693490555765	1693490555805	OK	 
REQUEST		Sc1 Redirect 1	1693490555780	1693490555805	OK	 
USER	Setup1	END	1693490555805
USER	Setup1	START	1693490555805
REQUEST		Sc1 Redirect 1	1693490555764	1693490555813	OK	 
USER	Setup1	END	1693490555813
USER	Setup1	START	1693490555813
REQUEST		Sc1 Redirect 1	1693490555767	1693490555823	OK	 
USER	Setup1	END	1693490555823
USER	Setup1	START	1693490555823
REQUEST		Sc1	1693490555768	1693490555824	OK	 
REQUEST		Sc1 Redirect 1	1693490555788	1693490555829	OK	 
USER	Setup1	END	1693490555830
USER	Setup1	START	1693490555830
REQUEST		Sc1	1693490555776	1693490555836	OK	 
REQUEST		Sc1 Redirect 1	1693490555785	1693490555841	OK	 
USER	Setup1	END	1693490555841
USER	Setup1	START	1693490555842
REQUEST		Sc1 Redirect 1	1693490555792	1693490555845	OK	 
USER	Setup1	END	1693490555845
USER	Setup1	START	1693490555845
REQUEST		Sc1 Redirect 1	1693490555805	1693490555849	OK	 
REQUEST		Sc1	1693490555785	1693490555849	OK	 
USER	Setup1	END	1693490555849
USER	Setup1	START	1693490555849
REQUEST		Sc1 Redirect 1	1693490555836	1693490555860	OK	 
USER	Setup1	END	1693490555861
USER	Setup1	START	1693490555861
REQUEST		Sc1	1693490555805	1693490555862	OK	 
REQUEST		Sc1	1693490555813	1693490555875	OK	 
REQUEST		Sc1 Redirect 1	1693490555824	1693490555880	OK	 
REQUEST		Sc1	1693490555830	1693490555880	OK	 
REQUEST		Sc1	1693490555823	1693490555880	OK	 
USER	Setup1	END	1693490555880
USER	Setup1	START	1693490555881
REQUEST		Sc1 Redirect 1	1693490555849	1693490555887	OK	 
USER	Setup1	END	1693490555887
USER	Setup1	START	1693490555887
REQUEST		Sc1 Redirect 1	1693490555862	1693490555888	OK	 
REQUEST		Sc1	1693490555845	1693490555888	OK	 
USER	Setup1	END	1693490555888
USER	Setup1	START	1693490555888
REQUEST		Sc1	1693490555841	1693490555894	OK	 
REQUEST		Sc1	1693490555849	1693490555901	OK	 
REQUEST		Sc1 Redirect 1	1693490555875	1693490555901	OK	 
REQUEST		Sc1 Redirect 1	1693490555880	1693490555901	OK	 
USER	Setup1	END	1693490555901
USER	Setup1	END	1693490555901
USER	Setup1	START	1693490555902
USER	Setup1	START	1693490555902
REQUEST		Sc1 Redirect 1	1693490555888	1693490555909	OK	 
USER	Setup1	END	1693490555910
USER	Setup1	START	1693490555910
REQUEST		Sc1 Redirect 1	1693490555880	1693490555911	OK	 
USER	Setup1	END	1693490555911
USER	Setup1	START	1693490555911
REQUEST		Sc1	1693490555861	1693490555925	OK	 
REQUEST		Sc1	1693490555881	1693490555925	OK	 
REQUEST		Sc1 Redirect 1	1693490555901	1693490555930	OK	 
REQUEST		Sc1 Redirect 1	1693490555894	1693490555930	OK	 
USER	Setup1	END	1693490555930
USER	Setup1	END	1693490555930
USER	Setup1	START	1693490555930
USER	Setup1	START	1693490555930
REQUEST		Sc1	1693490555888	1693490555940	OK	 
REQUEST		Sc1 Redirect 1	1693490555925	1693490555953	OK	 
REQUEST		Sc1 Redirect 1	1693490555925	1693490555953	OK	 
REQUEST		Sc1	1693490555902	1693490555953	OK	 
REQUEST		Sc1	1693490555887	1693490555953	OK	 
USER	Setup1	END	1693490555953
USER	Setup1	END	1693490555953
USER	Setup1	START	1693490555953
USER	Setup1	START	1693490555953
REQUEST		Sc1	1693490555902	1693490555955	OK	 
REQUEST		Sc1	1693490555910	1693490555957	OK	 
REQUEST		Sc1	1693490555911	1693490555962	OK	 
REQUEST		Sc1 Redirect 1	1693490555940	1693490555963	OK	 
USER	Setup1	END	1693490555963
USER	Setup1	START	1693490555963
REQUEST		Sc1 Redirect 1	1693490555953	1693490555975	OK	 
REQUEST		Sc1	1693490555930	1693490555975	OK	 
USER	Setup1	END	1693490555976
USER	Setup1	START	1693490555976
REQUEST		Sc1	1693490555930	1693490555976	OK	 
REQUEST		Sc1 Redirect 1	1693490555953	1693490555979	OK	 
USER	Setup1	END	1693490555979
USER	Setup1	START	1693490555979
REQUEST		Sc1 Redirect 1	1693490555955	1693490555981	OK	 
USER	Setup1	END	1693490555981
USER	Setup1	START	1693490555981
REQUEST		Sc1 Redirect 1	1693490555957	1693490555983	OK	 
USER	Setup1	END	1693490555983
USER	Setup1	START	1693490555983
REQUEST		Sc1 Redirect 1	1693490555962	1693490555986	OK	 
USER	Setup1	END	1693490555986
USER	Setup1	START	1693490555986
REQUEST		Sc1 Redirect 1	1693490555976	1693490555997	OK	 
USER	Setup1	END	1693490555997
USER	Setup1	START	1693490555997
REQUEST		Sc1	1693490555953	1693490555999	OK	 
REQUEST		Sc1 Redirect 1	1693490555976	1693490556000	OK	 
REQUEST		Sc1	1693490555953	1693490556000	OK	 
USER	Setup1	END	1693490556000
USER	Setup1	START	1693490556000
REQUEST		Sc1	1693490555963	1693490556002	OK	 
REQUEST		Sc1 Redirect 1	1693490555999	1693490556018	OK	 
USER	Setup1	END	1693490556018
USER	Setup1	START	1693490556018
REQUEST		Sc1	1693490555976	1693490556022	OK	 
REQUEST		Sc1 Redirect 1	1693490556000	1693490556026	OK	 
USER	Setup1	END	1693490556027
USER	Setup1	START	1693490556027
REQUEST		Sc1	1693490555981	1693490556027	OK	 
REQUEST		Sc1 Redirect 1	1693490556002	1693490556028	OK	 
USER	Setup1	END	1693490556028
USER	Setup1	START	1693490556028
REQUEST		Sc1	1693490555979	1693490556033	OK	 
REQUEST		Sc1	1693490555983	1693490556043	OK	 
REQUEST		Sc1	1693490555986	1693490556044	OK	 
REQUEST		Sc1	1693490556000	1693490556056	OK	 
REQUEST		Sc1 Redirect 1	1693490556022	1693490556057	OK	 
REQUEST		Sc1	1693490555997	1693490556057	OK	 
USER	Setup1	END	1693490556057
USER	Setup1	START	1693490556057
REQUEST		Sc1 Redirect 1	1693490556027	1693490556061	OK	 
USER	Setup1	END	1693490556062
USER	Setup1	START	1693490556062
REQUEST		Sc1 Redirect 1	1693490556033	1693490556065	OK	 
USER	Setup1	END	1693490556066
USER	Setup1	START	1693490556066
REQUEST		Sc1	1693490556018	1693490556069	OK	 
REQUEST		Sc1 Redirect 1	1693490556043	1693490556072	OK	 
USER	Setup1	END	1693490556072
USER	Setup1	START	1693490556072
REQUEST		Sc1	1693490556027	1693490556079	OK	 
REQUEST		Sc1 Redirect 1	1693490556044	1693490556079	OK	 
USER	Setup1	END	1693490556079
USER	Setup1	START	1693490556080
REQUEST		Sc1	1693490556028	1693490556082	OK	 
REQUEST		Sc1 Redirect 1	1693490556056	1693490556090	OK	 
REQUEST		Sc1	1693490556057	1693490556090	OK	 
USER	Setup1	END	1693490556090
USER	Setup1	START	1693490556091
REQUEST		Sc1 Redirect 1	1693490556057	1693490556096	OK	 
REQUEST		Sc1	1693490556066	1693490556096	OK	 
USER	Setup1	END	1693490556096
USER	Setup1	START	1693490556096
REQUEST		Sc1	1693490556062	1693490556097	OK	 
REQUEST		Sc1 Redirect 1	1693490556082	1693490556126	OK	 
REQUEST		Sc1 Redirect 1	1693490556079	1693490556126	OK	 
REQUEST		Sc1 Redirect 1	1693490556069	1693490556126	OK	 
REQUEST		Sc1	1693490556072	1693490556126	OK	 
USER	Setup1	END	1693490556126
USER	Setup1	END	1693490556126
USER	Setup1	END	1693490556126
USER	Setup1	START	1693490556126
USER	Setup1	START	1693490556126
USER	Setup1	START	1693490556126
REQUEST		Sc1 Redirect 1	1693490556090	1693490556127	OK	 
REQUEST		Sc1 Redirect 1	1693490556096	1693490556127	OK	 
USER	Setup1	END	1693490556127
USER	Setup1	END	1693490556127
USER	Setup1	START	1693490556127
USER	Setup1	START	1693490556128
REQUEST		Sc1 Redirect 1	1693490556097	1693490556160	OK	 
REQUEST		Sc1 Redirect 1	1693490556126	1693490556159	OK	 
REQUEST		Sc1	1693490556080	1693490556160	OK	 
USER	Setup1	END	1693490556160
USER	Setup1	END	1693490556160
USER	Setup1	START	1693490556160
USER	Setup1	START	1693490556160
REQUEST		Sc1	1693490556090	1693490556166	OK	 
REQUEST		Sc1 Redirect 1	1693490556160	1693490556170	OK	 
USER	Setup1	END	1693490556171
USER	Setup1	START	1693490556171
REQUEST		Sc1	1693490556126	1693490556183	OK	 
REQUEST		Sc1	1693490556126	1693490556183	OK	 
REQUEST		Sc1 Redirect 1	1693490556166	1693490556185	OK	 
REQUEST		Sc1	1693490556127	1693490556185	OK	 
USER	Setup1	END	1693490556185
USER	Setup1	START	1693490556185
REQUEST		Sc1	1693490556126	1693490556187	OK	 
REQUEST		Sc1	1693490556096	1693490556195	OK	 
REQUEST		Sc1 Redirect 1	1693490556183	1693490556197	OK	 
REQUEST		Sc1	1693490556127	1693490556197	OK	 
USER	Setup1	END	1693490556197
USER	Setup1	START	1693490556198
REQUEST		Sc1 Redirect 1	1693490556183	1693490556203	OK	 
USER	Setup1	END	1693490556204
USER	Setup1	START	1693490556204
REQUEST		Sc1	1693490556160	1693490556205	OK	 
REQUEST		Sc1	1693490556160	1693490556212	OK	 
REQUEST		Sc1 Redirect 1	1693490556185	1693490556220	OK	 
USER	Setup1	END	1693490556220
REQUEST		Sc1	1693490556171	1693490556221	OK	 
USER	Setup1	START	1693490556221
REQUEST		Sc1 Redirect 1	1693490556187	1693490556222	OK	 
USER	Setup1	END	1693490556222
USER	Setup1	START	1693490556223
REQUEST		Sc1 Redirect 1	1693490556195	1693490556231	OK	 
USER	Setup1	END	1693490556231
USER	Setup1	START	1693490556231
REQUEST		Sc1 Redirect 1	1693490556197	1693490556237	OK	 
USER	Setup1	END	1693490556237
USER	Setup1	START	1693490556238
REQUEST		Sc1	1693490556185	1693490556247	OK	 
REQUEST		Sc1 Redirect 1	1693490556206	1693490556251	OK	 
USER	Setup1	END	1693490556251
REQUEST		Sc1 Redirect 1	1693490556212	1693490556251	OK	 
REQUEST		Sc1	1693490556198	1693490556251	OK	 
USER	Setup1	END	1693490556251
USER	Setup1	START	1693490556252
USER	Setup1	START	1693490556252
REQUEST		Sc1	1693490556204	1693490556263	OK	 
REQUEST		Sc1	1693490556221	1693490556268	OK	 
REQUEST		Sc1 Redirect 1	1693490556221	1693490556273	OK	 
USER	Setup1	END	1693490556273
USER	Setup1	START	1693490556274
REQUEST		Sc1	1693490556222	1693490556277	OK	 
REQUEST		Sc1 Redirect 1	1693490556247	1693490556279	OK	 
USER	Setup1	END	1693490556280
USER	Setup1	START	1693490556280
REQUEST		Sc1	1693490556231	1693490556286	OK	 
REQUEST		Sc1	1693490556237	1693490556297	OK	 
REQUEST		Sc1 Redirect 1	1693490556251	1693490556298	OK	 
USER	Setup1	END	1693490556298
USER	Setup1	START	1693490556298
REQUEST		Sc1 Redirect 1	1693490556263	1693490556299	OK	 
REQUEST		Sc1	1693490556251	1693490556299	OK	 
USER	Setup1	END	1693490556299
USER	Setup1	START	1693490556300
REQUEST		Sc1	1693490556252	1693490556310	OK	 
REQUEST		Sc1 Redirect 1	1693490556268	1693490556313	OK	 
USER	Setup1	END	1693490556313
USER	Setup1	START	1693490556313
REQUEST		Sc1 Redirect 1	1693490556277	1693490556314	OK	 
USER	Setup1	END	1693490556314
USER	Setup1	START	1693490556315
REQUEST		Sc1	1693490556273	1693490556321	OK	 
REQUEST		Sc1 Redirect 1	1693490556286	1693490556334	OK	 
REQUEST		Sc1	1693490556280	1693490556334	OK	 
USER	Setup1	END	1693490556334
REQUEST		Sc1 Redirect 1	1693490556297	1693490556335	OK	 
USER	Setup1	END	1693490556335
USER	Setup1	START	1693490556335
USER	Setup1	START	1693490556335
REQUEST		Sc1 Redirect 1	1693490556299	1693490556341	OK	 
USER	Setup1	END	1693490556341
USER	Setup1	START	1693490556342
REQUEST		Sc1 Redirect 1	1693490556321	1693490556353	OK	 
USER	Setup1	END	1693490556353
USER	Setup1	START	1693490556353
REQUEST		Sc1	1693490556298	1693490556354	OK	 
REQUEST		Sc1	1693490556299	1693490556354	OK	 
REQUEST		Sc1 Redirect 1	1693490556310	1693490556362	OK	 
USER	Setup1	END	1693490556362
USER	Setup1	START	1693490556363
REQUEST		Sc1	1693490556313	1693490556371	OK	 
REQUEST		Sc1	1693490556314	1693490556371	OK	 
REQUEST		Sc1 Redirect 1	1693490556334	1693490556386	OK	 
USER	Setup1	END	1693490556387
USER	Setup1	START	1693490556387
REQUEST		Sc1 Redirect 1	1693490556371	1693490556396	OK	 
USER	Setup1	END	1693490556396
USER	Setup1	START	1693490556397
REQUEST		Sc1 Redirect 1	1693490556354	1693490556398	OK	 
USER	Setup1	END	1693490556399
USER	Setup1	START	1693490556399
REQUEST		Sc1 Redirect 1	1693490556371	1693490556403	OK	 
USER	Setup1	END	1693490556404
USER	Setup1	START	1693490556404
REQUEST		Sc1 Redirect 1	1693490556354	1693490556405	OK	 
USER	Setup1	END	1693490556405
USER	Setup1	START	1693490556405
REQUEST		Sc1	1693490556335	1693490556406	OK	 
REQUEST		Sc1	1693490556353	1693490556423	OK	 
REQUEST		Sc1	1693490556362	1693490556424	OK	 
REQUEST		Sc1	1693490556341	1693490556424	OK	 
REQUEST		Sc1	1693490556335	1693490556424	OK	 
REQUEST		Sc1	1693490556387	1693490556427	OK	 
REQUEST		Sc1 Redirect 1	1693490556407	1693490556435	OK	 
USER	Setup1	END	1693490556436
USER	Setup1	START	1693490556436
REQUEST		Sc1	1693490556396	1693490556462	OK	 
REQUEST		Sc1 Redirect 1	1693490556424	1693490556462	OK	 
USER	Setup1	END	1693490556463
REQUEST		Sc1 Redirect 1	1693490556424	1693490556464	OK	 
USER	Setup1	END	1693490556465
REQUEST		Sc1 Redirect 1	1693490556424	1693490556472	OK	 
USER	Setup1	END	1693490556472
REQUEST		Sc1	1693490556405	1693490556478	OK	 
REQUEST		Sc1 Redirect 1	1693490556423	1693490556482	OK	 
USER	Setup1	END	1693490556482
REQUEST		Sc1	1693490556399	1693490556483	OK	 
REQUEST		Sc1	1693490556404	1693490556490	OK	 
REQUEST		Sc1 Redirect 1	1693490556427	1693490556490	OK	 
USER	Setup1	END	1693490556490
REQUEST		Sc1	1693490556436	1693490556495	OK	 
REQUEST		Sc1 Redirect 1	1693490556478	1693490556506	OK	 
USER	Setup1	END	1693490556507
REQUEST		Sc1 Redirect 1	1693490556462	1693490556519	OK	 
USER	Setup1	END	1693490556519
REQUEST		Sc1 Redirect 1	1693490556483	1693490556521	OK	 
USER	Setup1	END	1693490556522
REQUEST		Sc1 Redirect 1	1693490556490	1693490556523	OK	 
USER	Setup1	END	1693490556523
REQUEST		Sc1 Redirect 1	1693490556495	1693490556527	OK	 
USER	Setup1	END	1693490556528
