RUN	com.machinestalk.geenerateclass.MachinesTalk	machinestalk	1693746913247	 	3.9.5
USER	Set1With GEneration	START	1693746913699
USER	Set1With GEneration	START	1693746913699
USER	Set1With GEneration	START	1693746913699
USER	Set1With GEneration	START	1693746913699
USER	Set1With GEneration	START	1693746913699
USER	Set1With GEneration	START	1693746913699
USER	Set1With GEneration	START	1693746913699
USER	Set1With GEneration	START	1693746913699
USER	Set1With GEneration	START	1693746913699
USER	Set1With GEneration	START	1693746913699
USER	Set1With GEneration	START	1693746913699
USER	Set1With GEneration	START	1693746913699
USER	Set1With GEneration	START	1693746913699
USER	Set1With GEneration	START	1693746913699
USER	Set1With GEneration	START	1693746913699
USER	Set1With GEneration	START	1693746913699
USER	Set1With GEneration	START	1693746913699
USER	Set1With GEneration	START	1693746913699
USER	Set1With GEneration	START	1693746913699
USER	Set1With GEneration	START	1693746913699
REQUEST		20	1693746913698	1693746913986	OK	 
REQUEST		20	1693746913698	1693746913984	OK	 
REQUEST		20	1693746913698	1693746913987	OK	 
REQUEST		20	1693746913698	1693746913993	OK	 
REQUEST		20	1693746913698	1693746913997	OK	 
REQUEST		20	1693746913698	1693746914002	OK	 
REQUEST		20	1693746913698	1693746914011	OK	 
REQUEST		20	1693746913698	1693746914013	OK	 
REQUEST		20	1693746913698	1693746914021	OK	 
REQUEST		20	1693746913698	1693746914023	OK	 
REQUEST		20	1693746913698	1693746914032	OK	 
REQUEST		20	1693746913698	1693746914047	OK	 
REQUEST		20	1693746913698	1693746914049	OK	 
REQUEST		20	1693746913698	1693746914052	OK	 
REQUEST		20	1693746913698	1693746914052	OK	 
REQUEST		20	1693746913698	1693746914062	OK	 
REQUEST		20	1693746913698	1693746914071	OK	 
REQUEST		20	1693746913698	1693746914077	OK	 
REQUEST		20	1693746913698	1693746914140	OK	 
REQUEST		20	1693746913699	1693746914150	OK	 
REQUEST		20 Redirect 1	1693746913987	1693746914680	OK	 
USER	Set1With GEneration	END	1693746914682
REQUEST		20 Redirect 1	1693746913987	1693746914958	OK	 
USER	Set1With GEneration	END	1693746914959
REQUEST		20 Redirect 1	1693746914021	1693746915282	OK	 
USER	Set1With GEneration	END	1693746915283
REQUEST		20 Redirect 1	1693746914052	1693746915738	OK	 
USER	Set1With GEneration	END	1693746915738
REQUEST		20 Redirect 1	1693746914024	1693746915878	OK	 
USER	Set1With GEneration	END	1693746915879
REQUEST		20 Redirect 1	1693746914071	1693746916102	OK	 
USER	Set1With GEneration	END	1693746916102
REQUEST		20 Redirect 1	1693746914002	1693746916158	OK	 
USER	Set1With GEneration	END	1693746916158
REQUEST		20 Redirect 1	1693746913987	1693746916651	OK	 
USER	Set1With GEneration	END	1693746916652
REQUEST		20 Redirect 1	1693746914052	1693746916930	OK	 
USER	Set1With GEneration	END	1693746916931
REQUEST		20 Redirect 1	1693746914062	1693746917039	OK	 
USER	Set1With GEneration	END	1693746917040
REQUEST		20 Redirect 1	1693746914150	1693746917051	OK	 
USER	Set1With GEneration	END	1693746917051
REQUEST		20 Redirect 1	1693746914140	1693746917262	OK	 
USER	Set1With GEneration	END	1693746917263
REQUEST		20 Redirect 1	1693746913998	1693746917306	OK	 
USER	Set1With GEneration	END	1693746917307
REQUEST		20 Redirect 1	1693746914049	1693746917361	OK	 
USER	Set1With GEneration	END	1693746917362
REQUEST		20 Redirect 1	1693746914011	1693746917371	OK	 
USER	Set1With GEneration	END	1693746917371
REQUEST		20 Redirect 1	1693746914048	1693746917449	OK	 
USER	Set1With GEneration	END	1693746917450
REQUEST		20 Redirect 1	1693746914014	1693746917459	OK	 
USER	Set1With GEneration	END	1693746917460
REQUEST		20 Redirect 1	1693746914077	1693746917638	OK	 
USER	Set1With GEneration	END	1693746917638
REQUEST		20 Redirect 1	1693746913993	1693746917905	OK	 
USER	Set1With GEneration	END	1693746917906
REQUEST		20 Redirect 1	1693746914032	1693746918572	OK	 
USER	Set1With GEneration	END	1693746918572
