RUN	com.machinestalk.geenerateclass.MachinesTalk	machinestalk	1693490366574	 	3.9.5
USER	Setup1	START	1693490367850
USER	Setup1	START	1693490367945
USER	Setup1	START	1693490368037
REQUEST		Sc1	1693490367944	1693490368043	OK	 
REQUEST		Sc1	1693490367849	1693490368036	OK	 
REQUEST		Sc1 Redirect 1	1693490368052	1693490368075	OK	 
REQUEST		Sc1 Redirect 1	1693490368052	1693490368075	OK	 
USER	Setup1	END	1693490368081
USER	Setup1	END	1693490368081
USER	Setup1	START	1693490368082
USER	Setup1	START	1693490368082
REQUEST		Sc1	1693490368036	1693490368083	OK	 
REQUEST		Sc1 Redirect 1	1693490368084	1693490368100	OK	 
USER	Setup1	END	1693490368101
USER	Setup1	START	1693490368102
USER	Setup1	START	1693490368145
USER	Setup1	START	1693490368238
REQUEST		Sc1	1693490368082	1693490368255	OK	 
REQUEST		Sc1	1693490368082	1693490368255	OK	 
REQUEST		Sc1	1693490368101	1693490368262	OK	 
REQUEST		Sc1 Redirect 1	1693490368255	1693490368277	OK	 
REQUEST		Sc1 Redirect 1	1693490368255	1693490368277	OK	 
REQUEST		Sc1	1693490368144	1693490368278	OK	 
USER	Setup1	END	1693490368278
USER	Setup1	END	1693490368278
USER	Setup1	START	1693490368279
USER	Setup1	START	1693490368279
REQUEST		Sc1	1693490368237	1693490368298	OK	 
REQUEST		Sc1 Redirect 1	1693490368278	1693490368302	OK	 
USER	Setup1	END	1693490368302
REQUEST		Sc1 Redirect 1	1693490368262	1693490368303	OK	 
USER	Setup1	START	1693490368303
USER	Setup1	END	1693490368303
USER	Setup1	START	1693490368304
REQUEST		Sc1 Redirect 1	1693490368298	1693490368314	OK	 
USER	Setup1	END	1693490368315
USER	Setup1	START	1693490368316
REQUEST		Sc1	1693490368279	1693490368341	OK	 
REQUEST		Sc1	1693490368279	1693490368341	OK	 
USER	Setup1	START	1693490368342
REQUEST		Sc1	1693490368304	1693490368358	OK	 
REQUEST		Sc1 Redirect 1	1693490368341	1693490368364	OK	 
USER	Setup1	END	1693490368365
USER	Setup1	START	1693490368366
REQUEST		Sc1	1693490368303	1693490368367	OK	 
REQUEST		Sc1 Redirect 1	1693490368341	1693490368377	OK	 
REQUEST		Sc1	1693490368316	1693490368377	OK	 
USER	Setup1	END	1693490368377
USER	Setup1	START	1693490368378
REQUEST		Sc1 Redirect 1	1693490368358	1693490368383	OK	 
USER	Setup1	END	1693490368383
USER	Setup1	START	1693490368384
REQUEST		Sc1 Redirect 1	1693490368377	1693490368419	OK	 
REQUEST		Sc1 Redirect 1	1693490368368	1693490368419	OK	 
REQUEST		Sc1	1693490368342	1693490368419	OK	 
USER	Setup1	END	1693490368420
USER	Setup1	END	1693490368420
USER	Setup1	START	1693490368421
USER	Setup1	START	1693490368421
USER	Setup1	START	1693490368449
REQUEST		Sc1 Redirect 1	1693490368420	1693490368482	OK	 
USER	Setup1	END	1693490368482
USER	Setup1	START	1693490368483
USER	Setup1	START	1693490368542
REQUEST		Sc1	1693490368365	1693490368544	OK	 
REQUEST		Sc1	1693490368421	1693490368553	OK	 
REQUEST		Sc1	1693490368378	1693490368553	OK	 
REQUEST		Sc1	1693490368384	1693490368557	OK	 
REQUEST		Sc1	1693490368421	1693490368557	OK	 
REQUEST		Sc1 Redirect 1	1693490368544	1693490368628	OK	 
USER	Setup1	END	1693490368629
REQUEST		Sc1 Redirect 1	1693490368557	1693490368630	OK	 
REQUEST		Sc1 Redirect 1	1693490368557	1693490368630	OK	 
REQUEST		Sc1 Redirect 1	1693490368553	1693490368630	OK	 
REQUEST		Sc1 Redirect 1	1693490368553	1693490368630	OK	 
REQUEST		Sc1	1693490368449	1693490368630	OK	 
REQUEST		Sc1	1693490368483	1693490368630	OK	 
USER	Setup1	START	1693490368630
USER	Setup1	END	1693490368631
USER	Setup1	END	1693490368631
USER	Setup1	END	1693490368631
USER	Setup1	END	1693490368631
USER	Setup1	START	1693490368632
USER	Setup1	START	1693490368632
USER	Setup1	START	1693490368632
USER	Setup1	START	1693490368632
USER	Setup1	START	1693490368649
REQUEST		Sc1	1693490368542	1693490368683	OK	 
REQUEST		Sc1 Redirect 1	1693490368630	1693490368683	OK	 
REQUEST		Sc1 Redirect 1	1693490368630	1693490368683	OK	 
USER	Setup1	END	1693490368684
USER	Setup1	END	1693490368684
USER	Setup1	START	1693490368685
USER	Setup1	START	1693490368685
REQUEST		Sc1 Redirect 1	1693490368683	1693490368699	OK	 
USER	Setup1	END	1693490368699
USER	Setup1	START	1693490368699
REQUEST		Sc1	1693490368631	1693490368702	OK	 
REQUEST		Sc1	1693490368631	1693490368709	OK	 
REQUEST		Sc1	1693490368630	1693490368709	OK	 
REQUEST		Sc1	1693490368631	1693490368710	OK	 
REQUEST		Sc1	1693490368631	1693490368718	OK	 
REQUEST		Sc1 Redirect 1	1693490368702	1693490368718	OK	 
USER	Setup1	END	1693490368718
USER	Setup1	START	1693490368719
REQUEST		Sc1	1693490368649	1693490368720	OK	 
REQUEST		Sc1	1693490368684	1693490368726	OK	 
REQUEST		Sc1	1693490368684	1693490368726	OK	 
REQUEST		Sc1 Redirect 1	1693490368709	1693490368738	OK	 
USER	Setup1	END	1693490368738
USER	Setup1	START	1693490368739
USER	Setup1	START	1693490368741
REQUEST		Sc1 Redirect 1	1693490368709	1693490368751	OK	 
REQUEST		Sc1	1693490368699	1693490368751	OK	 
USER	Setup1	END	1693490368752
USER	Setup1	START	1693490368752
REQUEST		Sc1 Redirect 1	1693490368718	1693490368754	OK	 
USER	Setup1	END	1693490368754
USER	Setup1	START	1693490368755
REQUEST		Sc1 Redirect 1	1693490368710	1693490368764	OK	 
USER	Setup1	END	1693490368765
USER	Setup1	START	1693490368765
REQUEST		Sc1 Redirect 1	1693490368720	1693490368767	OK	 
USER	Setup1	END	1693490368767
USER	Setup1	START	1693490368768
REQUEST		Sc1 Redirect 1	1693490368726	1693490368819	OK	 
REQUEST		Sc1 Redirect 1	1693490368726	1693490368819	OK	 
REQUEST		Sc1 Redirect 1	1693490368751	1693490368819	OK	 
USER	Setup1	END	1693490368819
REQUEST		Sc1	1693490368741	1693490368819	OK	 
REQUEST		Sc1	1693490368719	1693490368819	OK	 
REQUEST		Sc1	1693490368754	1693490368819	OK	 
REQUEST		Sc1	1693490368752	1693490368819	OK	 
REQUEST		Sc1	1693490368738	1693490368819	OK	 
USER	Setup1	END	1693490368820
USER	Setup1	END	1693490368820
USER	Setup1	START	1693490368820
USER	Setup1	START	1693490368820
USER	Setup1	START	1693490368820
REQUEST		Sc1 Redirect 1	1693490368820	1693490368862	OK	 
USER	Setup1	END	1693490368862
USER	Setup1	START	1693490368863
REQUEST		Sc1 Redirect 1	1693490368820	1693490368895	OK	 
REQUEST		Sc1 Redirect 1	1693490368820	1693490368895	OK	 
USER	Setup1	END	1693490368896
USER	Setup1	END	1693490368896
USER	Setup1	START	1693490368896
USER	Setup1	START	1693490368896
REQUEST		Sc1 Redirect 1	1693490368820	1693490368899	OK	 
REQUEST		Sc1 Redirect 1	1693490368820	1693490368899	OK	 
USER	Setup1	END	1693490368900
USER	Setup1	END	1693490368900
USER	Setup1	START	1693490368900
USER	Setup1	START	1693490368900
REQUEST		Sc1	1693490368767	1693490368913	OK	 
REQUEST		Sc1	1693490368765	1693490368913	OK	 
REQUEST		Sc1	1693490368820	1693490368937	OK	 
REQUEST		Sc1 Redirect 1	1693490368913	1693490368947	OK	 
REQUEST		Sc1 Redirect 1	1693490368913	1693490368947	OK	 
USER	Setup1	END	1693490368947
USER	Setup1	END	1693490368947
REQUEST		Sc1	1693490368820	1693490368947	OK	 
USER	Setup1	START	1693490368948
USER	Setup1	START	1693490368948
REQUEST		Sc1	1693490368863	1693490368954	OK	 
REQUEST		Sc1	1693490368820	1693490368954	OK	 
REQUEST		Sc1	1693490368896	1693490368954	OK	 
REQUEST		Sc1 Redirect 1	1693490368937	1693490368989	OK	 
REQUEST		Sc1	1693490368900	1693490368989	OK	 
REQUEST		Sc1	1693490368896	1693490368989	OK	 
REQUEST		Sc1	1693490368900	1693490368989	OK	 
USER	Setup1	END	1693490368989
REQUEST		Sc1 Redirect 1	1693490368948	1693490368990	OK	 
REQUEST		Sc1 Redirect 1	1693490368954	1693490368990	OK	 
USER	Setup1	END	1693490368990
USER	Setup1	START	1693490368990
USER	Setup1	END	1693490368990
USER	Setup1	START	1693490368990
USER	Setup1	START	1693490368990
REQUEST		Sc1 Redirect 1	1693490368954	1693490368994	OK	 
USER	Setup1	END	1693490368994
USER	Setup1	START	1693490368994
REQUEST		Sc1 Redirect 1	1693490368989	1693490369067	OK	 
REQUEST		Sc1 Redirect 1	1693490368989	1693490369067	OK	 
REQUEST		Sc1 Redirect 1	1693490368989	1693490369067	OK	 
REQUEST		Sc1 Redirect 1	1693490368954	1693490369067	OK	 
REQUEST		Sc1	1693490368948	1693490369067	OK	 
USER	Setup1	END	1693490369067
USER	Setup1	END	1693490369067
USER	Setup1	END	1693490369067
USER	Setup1	END	1693490369067
USER	Setup1	START	1693490369068
USER	Setup1	START	1693490369068
USER	Setup1	START	1693490369068
USER	Setup1	START	1693490369068
REQUEST		Sc1	1693490368990	1693490369115	OK	 
REQUEST		Sc1	1693490368948	1693490369115	OK	 
REQUEST		Sc1	1693490368990	1693490369115	OK	 
REQUEST		Sc1	1693490368990	1693490369120	OK	 
REQUEST		Sc1 Redirect 1	1693490369067	1693490369120	OK	 
USER	Setup1	END	1693490369120
USER	Setup1	START	1693490369121
REQUEST		Sc1	1693490368994	1693490369132	OK	 
REQUEST		Sc1 Redirect 1	1693490369120	1693490369142	OK	 
USER	Setup1	END	1693490369143
USER	Setup1	START	1693490369143
REQUEST		Sc1 Redirect 1	1693490369115	1693490369146	OK	 
USER	Setup1	END	1693490369147
USER	Setup1	START	1693490369147
REQUEST		Sc1 Redirect 1	1693490369115	1693490369147	OK	 
REQUEST		Sc1 Redirect 1	1693490369115	1693490369147	OK	 
REQUEST		Sc1	1693490369068	1693490369147	OK	 
USER	Setup1	END	1693490369148
USER	Setup1	END	1693490369148
USER	Setup1	START	1693490369148
USER	Setup1	START	1693490369148
REQUEST		Sc1	1693490369068	1693490369150	OK	 
REQUEST		Sc1	1693490369068	1693490369150	OK	 
REQUEST		Sc1 Redirect 1	1693490369133	1693490369164	OK	 
REQUEST		Sc1	1693490369068	1693490369164	OK	 
REQUEST		Sc1	1693490369120	1693490369164	OK	 
USER	Setup1	END	1693490369164
USER	Setup1	START	1693490369164
REQUEST		Sc1 Redirect 1	1693490369151	1693490369177	OK	 
USER	Setup1	END	1693490369178
USER	Setup1	START	1693490369178
REQUEST		Sc1 Redirect 1	1693490369151	1693490369181	OK	 
REQUEST		Sc1 Redirect 1	1693490369148	1693490369181	OK	 
USER	Setup1	END	1693490369181
USER	Setup1	END	1693490369181
USER	Setup1	START	1693490369181
USER	Setup1	START	1693490369181
REQUEST		Sc1 Redirect 1	1693490369164	1693490369182	OK	 
REQUEST		Sc1 Redirect 1	1693490369164	1693490369182	OK	 
USER	Setup1	END	1693490369182
USER	Setup1	END	1693490369182
USER	Setup1	START	1693490369182
USER	Setup1	START	1693490369182
REQUEST		Sc1	1693490369143	1693490369183	OK	 
REQUEST		Sc1	1693490369148	1693490369187	OK	 
REQUEST		Sc1	1693490369148	1693490369187	OK	 
REQUEST		Sc1	1693490369147	1693490369196	OK	 
REQUEST		Sc1	1693490369164	1693490369199	OK	 
REQUEST		Sc1 Redirect 1	1693490369183	1693490369216	OK	 
REQUEST		Sc1 Redirect 1	1693490369188	1693490369216	OK	 
REQUEST		Sc1	1693490369178	1693490369216	OK	 
REQUEST		Sc1 Redirect 1	1693490369188	1693490369216	OK	 
USER	Setup1	END	1693490369217
USER	Setup1	END	1693490369217
USER	Setup1	END	1693490369217
USER	Setup1	START	1693490369217
USER	Setup1	START	1693490369217
USER	Setup1	START	1693490369217
REQUEST		Sc1 Redirect 1	1693490369197	1693490369240	OK	 
USER	Setup1	END	1693490369241
USER	Setup1	START	1693490369242
REQUEST		Sc1 Redirect 1	1693490369199	1693490369252	OK	 
REQUEST		Sc1 Redirect 1	1693490369216	1693490369252	OK	 
REQUEST		Sc1	1693490369182	1693490369252	OK	 
REQUEST		Sc1	1693490369181	1693490369252	OK	 
REQUEST		Sc1	1693490369181	1693490369252	OK	 
REQUEST		Sc1	1693490369182	1693490369252	OK	 
USER	Setup1	END	1693490369253
USER	Setup1	END	1693490369253
USER	Setup1	START	1693490369253
USER	Setup1	START	1693490369253
REQUEST		Sc1 Redirect 1	1693490369253	1693490369288	OK	 
REQUEST		Sc1 Redirect 1	1693490369253	1693490369288	OK	 
USER	Setup1	END	1693490369288
USER	Setup1	END	1693490369288
USER	Setup1	START	1693490369289
USER	Setup1	START	1693490369289
REQUEST		Sc1 Redirect 1	1693490369253	1693490369297	OK	 
REQUEST		Sc1 Redirect 1	1693490369253	1693490369297	OK	 
USER	Setup1	END	1693490369297
USER	Setup1	END	1693490369298
USER	Setup1	START	1693490369298
USER	Setup1	START	1693490369298
REQUEST		Sc1	1693490369241	1693490369298	OK	 
REQUEST		Sc1	1693490369217	1693490369298	OK	 
REQUEST		Sc1	1693490369217	1693490369304	OK	 
REQUEST		Sc1	1693490369217	1693490369304	OK	 
REQUEST		Sc1 Redirect 1	1693490369298	1693490369340	OK	 
REQUEST		Sc1 Redirect 1	1693490369298	1693490369340	OK	 
REQUEST		Sc1	1693490369253	1693490369340	OK	 
REQUEST		Sc1	1693490369253	1693490369340	OK	 
USER	Setup1	END	1693490369340
USER	Setup1	END	1693490369340
USER	Setup1	START	1693490369341
USER	Setup1	START	1693490369341
REQUEST		Sc1 Redirect 1	1693490369304	1693490369347	OK	 
REQUEST		Sc1 Redirect 1	1693490369304	1693490369347	OK	 
USER	Setup1	END	1693490369348
USER	Setup1	END	1693490369348
USER	Setup1	START	1693490369348
USER	Setup1	START	1693490369348
REQUEST		Sc1	1693490369288	1693490369366	OK	 
REQUEST		Sc1	1693490369288	1693490369384	OK	 
REQUEST		Sc1	1693490369298	1693490369400	OK	 
REQUEST		Sc1 Redirect 1	1693490369340	1693490369400	OK	 
REQUEST		Sc1 Redirect 1	1693490369340	1693490369400	OK	 
REQUEST		Sc1	1693490369341	1693490369400	OK	 
REQUEST		Sc1	1693490369298	1693490369400	OK	 
USER	Setup1	END	1693490369401
USER	Setup1	END	1693490369401
USER	Setup1	START	1693490369401
USER	Setup1	START	1693490369401
REQUEST		Sc1	1693490369341	1693490369432	OK	 
REQUEST		Sc1	1693490369348	1693490369432	OK	 
REQUEST		Sc1 Redirect 1	1693490369400	1693490369470	OK	 
REQUEST		Sc1 Redirect 1	1693490369400	1693490369470	OK	 
REQUEST		Sc1 Redirect 1	1693490369366	1693490369470	OK	 
REQUEST		Sc1 Redirect 1	1693490369400	1693490369470	OK	 
REQUEST		Sc1 Redirect 1	1693490369384	1693490369470	OK	 
REQUEST		Sc1	1693490369348	1693490369470	OK	 
USER	Setup1	END	1693490369471
USER	Setup1	END	1693490369471
USER	Setup1	END	1693490369471
USER	Setup1	END	1693490369471
USER	Setup1	END	1693490369471
USER	Setup1	START	1693490369471
USER	Setup1	START	1693490369471
USER	Setup1	START	1693490369471
USER	Setup1	START	1693490369471
USER	Setup1	START	1693490369471
REQUEST		Sc1	1693490369401	1693490369553	OK	 
REQUEST		Sc1 Redirect 1	1693490369432	1693490369557	OK	 
REQUEST		Sc1 Redirect 1	1693490369470	1693490369557	OK	 
REQUEST		Sc1 Redirect 1	1693490369432	1693490369557	OK	 
REQUEST		Sc1	1693490369401	1693490369557	OK	 
USER	Setup1	END	1693490369557
USER	Setup1	END	1693490369557
USER	Setup1	END	1693490369558
USER	Setup1	START	1693490369558
USER	Setup1	START	1693490369558
USER	Setup1	START	1693490369558
REQUEST		Sc1 Redirect 1	1693490369553	1693490369607	OK	 
USER	Setup1	END	1693490369608
USER	Setup1	START	1693490369609
REQUEST		Sc1 Redirect 1	1693490369557	1693490369611	OK	 
REQUEST		Sc1	1693490369471	1693490369611	OK	 
USER	Setup1	END	1693490369611
USER	Setup1	START	1693490369612
REQUEST		Sc1	1693490369471	1693490369612	OK	 
REQUEST		Sc1	1693490369471	1693490369612	OK	 
REQUEST		Sc1	1693490369471	1693490369614	OK	 
REQUEST		Sc1	1693490369471	1693490369615	OK	 
REQUEST		Sc1 Redirect 1	1693490369612	1693490369658	OK	 
REQUEST		Sc1 Redirect 1	1693490369612	1693490369658	OK	 
REQUEST		Sc1 Redirect 1	1693490369615	1693490369658	OK	 
USER	Setup1	END	1693490369659
USER	Setup1	END	1693490369659
USER	Setup1	END	1693490369659
USER	Setup1	START	1693490369659
USER	Setup1	START	1693490369659
USER	Setup1	START	1693490369659
REQUEST		Sc1 Redirect 1	1693490369611	1693490369659	OK	 
REQUEST		Sc1 Redirect 1	1693490369614	1693490369659	OK	 
REQUEST		Sc1	1693490369558	1693490369659	OK	 
REQUEST		Sc1	1693490369558	1693490369659	OK	 
USER	Setup1	END	1693490369660
USER	Setup1	END	1693490369660
USER	Setup1	START	1693490369660
USER	Setup1	START	1693490369660
REQUEST		Sc1	1693490369558	1693490369757	OK	 
REQUEST		Sc1 Redirect 1	1693490369660	1693490369759	OK	 
REQUEST		Sc1	1693490369608	1693490369759	OK	 
USER	Setup1	END	1693490369759
USER	Setup1	START	1693490369760
REQUEST		Sc1 Redirect 1	1693490369660	1693490369760	OK	 
USER	Setup1	END	1693490369761
USER	Setup1	START	1693490369761
REQUEST		Sc1	1693490369612	1693490369781	OK	 
REQUEST		Sc1 Redirect 1	1693490369757	1693490369792	OK	 
USER	Setup1	END	1693490369793
REQUEST		Sc1 Redirect 1	1693490369759	1693490369793	OK	 
REQUEST		Sc1	1693490369659	1693490369793	OK	 
USER	Setup1	END	1693490369793
USER	Setup1	START	1693490369793
USER	Setup1	START	1693490369794
REQUEST		Sc1	1693490369659	1693490369799	OK	 
REQUEST		Sc1 Redirect 1	1693490369781	1693490369811	OK	 
REQUEST		Sc1	1693490369659	1693490369811	OK	 
USER	Setup1	END	1693490369812
USER	Setup1	START	1693490369812
REQUEST		Sc1	1693490369660	1693490369817	OK	 
REQUEST		Sc1 Redirect 1	1693490369793	1693490369834	OK	 
REQUEST		Sc1	1693490369660	1693490369834	OK	 
REQUEST		Sc1	1693490369761	1693490369834	OK	 
REQUEST		Sc1	1693490369760	1693490369834	OK	 
USER	Setup1	END	1693490369834
USER	Setup1	START	1693490369835
REQUEST		Sc1 Redirect 1	1693490369800	1693490369847	OK	 
USER	Setup1	END	1693490369847
USER	Setup1	START	1693490369848
REQUEST		Sc1	1693490369793	1693490369853	OK	 
REQUEST		Sc1 Redirect 1	1693490369817	1693490369855	OK	 
USER	Setup1	END	1693490369855
REQUEST		Sc1 Redirect 1	1693490369812	1693490369904	OK	 
REQUEST		Sc1	1693490369793	1693490369904	OK	 
USER	Setup1	END	1693490369904
REQUEST		Sc1 Redirect 1	1693490369834	1693490369911	OK	 
USER	Setup1	END	1693490369911
REQUEST		Sc1 Redirect 1	1693490369834	1693490369911	OK	 
REQUEST		Sc1 Redirect 1	1693490369834	1693490369911	OK	 
REQUEST		Sc1 Redirect 1	1693490369853	1693490369911	OK	 
REQUEST		Sc1	1693490369834	1693490369911	OK	 
REQUEST		Sc1	1693490369812	1693490369911	OK	 
USER	Setup1	END	1693490369911
USER	Setup1	END	1693490369911
USER	Setup1	END	1693490369911
REQUEST		Sc1 Redirect 1	1693490369911	1693490369960	OK	 
REQUEST		Sc1 Redirect 1	1693490369911	1693490369960	OK	 
REQUEST		Sc1 Redirect 1	1693490369904	1693490369960	OK	 
REQUEST		Sc1	1693490369848	1693490369960	OK	 
USER	Setup1	END	1693490369960
USER	Setup1	END	1693490369960
USER	Setup1	END	1693490369960
REQUEST		Sc1 Redirect 1	1693490369960	1693490370013	OK	 
USER	Setup1	END	1693490370013
