RUN	com.machinestalk.geenerateclass.MachinesTalk	machinestalk	1693386704893	 	3.9.5
USER	string	START	1693386705645
REQUEST		string	1693386705643	1693386705686	OK	 
USER	string	START	1693386705716
REQUEST		string Redirect 1	1693386705700	1693386705713	OK	 
USER	string	END	1693386705719
REQUEST		string	1693386705716	1693386705762	OK	 
REQUEST		string Redirect 1	1693386705762	1693386705774	OK	 
USER	string	END	1693386705776
USER	string	START	1693386705808
USER	string	START	1693386705903
REQUEST		string	1693386705808	1693386705909	OK	 
REQUEST		string Redirect 1	1693386705911	1693386705925	OK	 
USER	string	END	1693386705926
REQUEST		string	1693386705901	1693386705947	OK	 
REQUEST		string Redirect 1	1693386705947	1693386705963	OK	 
USER	string	END	1693386705964
USER	string	START	1693386705994
REQUEST		string	1693386705994	1693386706045	OK	 
REQUEST		string Redirect 1	1693386706047	1693386706082	OK	 
USER	string	END	1693386706085
USER	string	START	1693386706088
USER	string	START	1693386706182
REQUEST		string	1693386706088	1693386706185	OK	 
REQUEST		string Redirect 1	1693386706185	1693386706200	OK	 
USER	string	END	1693386706201
REQUEST		string	1693386706181	1693386706223	OK	 
REQUEST		string Redirect 1	1693386706224	1693386706239	OK	 
USER	string	END	1693386706240
USER	string	START	1693386706275
REQUEST		string	1693386706274	1693386706342	OK	 
USER	string	START	1693386706354
REQUEST		string Redirect 1	1693386706344	1693386706403	OK	 
USER	string	END	1693386706404
REQUEST		string	1693386706352	1693386706442	OK	 
USER	string	START	1693386706445
REQUEST		string Redirect 1	1693386706442	1693386706461	OK	 
USER	string	END	1693386706462
REQUEST		string	1693386706444	1693386706486	OK	 
REQUEST		string Redirect 1	1693386706487	1693386706504	OK	 
USER	string	END	1693386706506
USER	string	START	1693386706538
USER	string	START	1693386706634
REQUEST		string	1693386706538	1693386706642	OK	 
REQUEST		string Redirect 1	1693386706643	1693386706669	OK	 
USER	string	END	1693386706670
REQUEST		string	1693386706632	1693386706691	OK	 
REQUEST		string Redirect 1	1693386706692	1693386706703	OK	 
USER	string	END	1693386706705
USER	string	START	1693386706710
REQUEST		string	1693386706709	1693386706747	OK	 
REQUEST		string Redirect 1	1693386706748	1693386706762	OK	 
USER	string	END	1693386706762
USER	string	START	1693386706787
USER	string	START	1693386706867
REQUEST		string	1693386706787	1693386706887	OK	 
REQUEST		string Redirect 1	1693386706888	1693386706899	OK	 
USER	string	END	1693386706900
REQUEST		string	1693386706866	1693386706907	OK	 
REQUEST		string Redirect 1	1693386706908	1693386706918	OK	 
USER	string	END	1693386706919
USER	string	START	1693386706945
REQUEST		string	1693386706944	1693386706996	OK	 
REQUEST		string Redirect 1	1693386706997	1693386707011	OK	 
USER	string	END	1693386707012
USER	string	START	1693386707023
REQUEST		string	1693386707022	1693386707071	OK	 
USER	string	START	1693386707102
REQUEST		string Redirect 1	1693386707072	1693386707120	OK	 
USER	string	END	1693386707121
REQUEST		string	1693386707101	1693386707171	OK	 
USER	string	START	1693386707178
REQUEST		string Redirect 1	1693386707171	1693386707186	OK	 
USER	string	END	1693386707187
REQUEST		string	1693386707178	1693386707207	OK	 
REQUEST		string Redirect 1	1693386707208	1693386707221	OK	 
USER	string	END	1693386707222
USER	string	START	1693386707242
REQUEST		string	1693386707241	1693386707292	OK	 
USER	string	START	1693386707321
REQUEST		string Redirect 1	1693386707293	1693386707338	OK	 
USER	string	END	1693386707340
USER	string	START	1693386707398
REQUEST		string	1693386707320	1693386707401	OK	 
REQUEST		string Redirect 1	1693386707401	1693386707418	OK	 
USER	string	END	1693386707419
REQUEST		string	1693386707397	1693386707440	OK	 
REQUEST		string Redirect 1	1693386707441	1693386707452	OK	 
USER	string	END	1693386707453
USER	string	START	1693386707476
REQUEST		string	1693386707476	1693386707523	OK	 
REQUEST		string Redirect 1	1693386707523	1693386707534	OK	 
USER	string	END	1693386707534
USER	string	START	1693386707553
REQUEST		string	1693386707553	1693386707608	OK	 
REQUEST		string Redirect 1	1693386707609	1693386707625	OK	 
USER	string	END	1693386707628
USER	string	START	1693386707631
REQUEST		string	1693386707630	1693386707684	OK	 
USER	string	START	1693386707693
REQUEST		string Redirect 1	1693386707686	1693386707699	OK	 
USER	string	END	1693386707702
REQUEST		string	1693386707692	1693386707741	OK	 
USER	string	START	1693386707754
REQUEST		string Redirect 1	1693386707741	1693386707762	OK	 
USER	string	END	1693386707764
REQUEST		string	1693386707754	1693386707801	OK	 
REQUEST		string Redirect 1	1693386707803	1693386707819	OK	 
USER	string	END	1693386707822
USER	string	START	1693386707832
REQUEST		string	1693386707831	1693386707872	OK	 
REQUEST		string Redirect 1	1693386707874	1693386707892	OK	 
USER	string	END	1693386707894
USER	string	START	1693386707895
REQUEST		string	1693386707894	1693386707945	OK	 
USER	string	START	1693386707956
REQUEST		string Redirect 1	1693386707945	1693386707965	OK	 
USER	string	END	1693386707965
REQUEST		string	1693386707956	1693386707985	OK	 
REQUEST		string Redirect 1	1693386707986	1693386708001	OK	 
USER	string	END	1693386708004
USER	string	START	1693386708035
REQUEST		string	1693386708034	1693386708082	OK	 
USER	string	START	1693386708096
REQUEST		string Redirect 1	1693386708083	1693386708104	OK	 
USER	string	END	1693386708105
USER	string	START	1693386708157
REQUEST		string	1693386708096	1693386708162	OK	 
REQUEST		string Redirect 1	1693386708163	1693386708182	OK	 
USER	string	END	1693386708185
REQUEST		string	1693386708157	1693386708208	OK	 
REQUEST		string Redirect 1	1693386708210	1693386708227	OK	 
USER	string	END	1693386708229
USER	string	START	1693386708237
REQUEST		string	1693386708236	1693386708291	OK	 
USER	string	START	1693386708298
REQUEST		string Redirect 1	1693386708292	1693386708319	OK	 
USER	string	END	1693386708321
USER	string	START	1693386708360
REQUEST		string	1693386708297	1693386708383	OK	 
REQUEST		string Redirect 1	1693386708384	1693386708400	OK	 
USER	string	END	1693386708402
REQUEST		string	1693386708358	1693386708431	OK	 
USER	string	START	1693386708436
REQUEST		string Redirect 1	1693386708432	1693386708446	OK	 
USER	string	END	1693386708447
REQUEST		string	1693386708436	1693386708466	OK	 
REQUEST		string Redirect 1	1693386708466	1693386708481	OK	 
USER	string	END	1693386708481
USER	string	START	1693386708498
USER	string	START	1693386708559
REQUEST		string	1693386708497	1693386708567	OK	 
REQUEST		string Redirect 1	1693386708568	1693386708620	OK	 
USER	string	END	1693386708622
USER	string	START	1693386708636
REQUEST		string	1693386708558	1693386708648	OK	 
REQUEST		string Redirect 1	1693386708648	1693386708662	OK	 
USER	string	END	1693386708662
REQUEST		string	1693386708635	1693386708668	OK	 
USER	string	START	1693386708681
REQUEST		string Redirect 1	1693386708668	1693386708686	OK	 
USER	string	END	1693386708687
REQUEST		string	1693386708681	1693386708734	OK	 
USER	string	START	1693386708744
REQUEST		string Redirect 1	1693386708735	1693386708750	OK	 
USER	string	END	1693386708750
REQUEST		string	1693386708743	1693386708772	OK	 
USER	string	START	1693386708809
REQUEST		string Redirect 1	1693386708772	1693386708808	OK	 
USER	string	END	1693386708811
USER	string	START	1693386708870
REQUEST		string	1693386708807	1693386708906	OK	 
REQUEST		string	1693386708868	1693386708913	OK	 
REQUEST		string Redirect 1	1693386708907	1693386708919	OK	 
USER	string	END	1693386708919
REQUEST		string Redirect 1	1693386708913	1693386708926	OK	 
USER	string	END	1693386708926
USER	string	START	1693386708930
REQUEST		string	1693386708930	1693386708959	OK	 
REQUEST		string Redirect 1	1693386708959	1693386708974	OK	 
USER	string	END	1693386708974
USER	string	START	1693386708978
REQUEST		string	1693386708978	1693386709013	OK	 
REQUEST		string Redirect 1	1693386709014	1693386709029	OK	 
USER	string	END	1693386709030
USER	string	START	1693386709039
REQUEST		string	1693386709038	1693386709077	OK	 
REQUEST		string Redirect 1	1693386709078	1693386709097	OK	 
USER	string	END	1693386709097
USER	string	START	1693386709101
REQUEST		string	1693386709100	1693386709137	OK	 
USER	string	START	1693386709162
REQUEST		string Redirect 1	1693386709138	1693386709167	OK	 
USER	string	END	1693386709167
USER	string	START	1693386709226
REQUEST		string	1693386709162	1693386709256	OK	 
USER	string	START	1693386709270
REQUEST		string	1693386709224	1693386709270	OK	 
REQUEST		string Redirect 1	1693386709257	1693386709273	OK	 
USER	string	END	1693386709274
REQUEST		string Redirect 1	1693386709270	1693386709292	OK	 
USER	string	END	1693386709292
USER	string	START	1693386709332
REQUEST		string	1693386709270	1693386709343	OK	 
REQUEST		string Redirect 1	1693386709344	1693386709364	OK	 
USER	string	END	1693386709365
REQUEST		string	1693386709331	1693386709375	OK	 
REQUEST		string Redirect 1	1693386709376	1693386709388	OK	 
USER	string	END	1693386709388
USER	string	START	1693386709393
REQUEST		string	1693386709393	1693386709437	OK	 
REQUEST		string Redirect 1	1693386709437	1693386709453	OK	 
USER	string	END	1693386709453
USER	string	START	1693386709455
REQUEST		string	1693386709455	1693386709495	OK	 
REQUEST		string Redirect 1	1693386709495	1693386709506	OK	 
USER	string	END	1693386709507
USER	string	START	1693386709517
REQUEST		string	1693386709516	1693386709564	OK	 
USER	string	START	1693386709579
REQUEST		string Redirect 1	1693386709564	1693386709618	OK	 
USER	string	END	1693386709621
USER	string	START	1693386709627
REQUEST		string	1693386709579	1693386709645	OK	 
REQUEST		string Redirect 1	1693386709646	1693386709665	OK	 
USER	string	END	1693386709666
REQUEST		string	1693386709626	1693386709669	OK	 
REQUEST		string Redirect 1	1693386709670	1693386709681	OK	 
USER	string	END	1693386709681
USER	string	START	1693386709687
USER	string	START	1693386709733
REQUEST		string	1693386709687	1693386709743	OK	 
REQUEST		string Redirect 1	1693386709744	1693386709777	OK	 
USER	string	END	1693386709778
USER	string	START	1693386709780
REQUEST		string	1693386709733	1693386709788	OK	 
REQUEST		string Redirect 1	1693386709789	1693386709812	OK	 
USER	string	END	1693386709813
REQUEST		string	1693386709780	1693386709818	OK	 
REQUEST		string Redirect 1	1693386709818	1693386709833	OK	 
USER	string	END	1693386709834
USER	string	START	1693386709842
REQUEST		string	1693386709841	1693386709880	OK	 
USER	string	START	1693386709889
REQUEST		string Redirect 1	1693386709880	1693386709908	OK	 
USER	string	END	1693386709909
REQUEST		string	1693386709889	1693386709940	OK	 
USER	string	START	1693386709951
USER	string	START	1693386709997
REQUEST		string Redirect 1	1693386709941	1693386709999	OK	 
USER	string	END	1693386710000
REQUEST		string	1693386709951	1693386710041	OK	 
USER	string	START	1693386710044
REQUEST		string	1693386709997	1693386710049	OK	 
REQUEST		string Redirect 1	1693386710042	1693386710060	OK	 
USER	string	END	1693386710061
REQUEST		string Redirect 1	1693386710049	1693386710064	OK	 
USER	string	END	1693386710065
REQUEST		string	1693386710044	1693386710079	OK	 
REQUEST		string Redirect 1	1693386710079	1693386710091	OK	 
USER	string	END	1693386710091
USER	string	START	1693386710105
USER	string	START	1693386710152
REQUEST		string	1693386710105	1693386710158	OK	 
REQUEST		string Redirect 1	1693386710158	1693386710168	OK	 
USER	string	END	1693386710169
REQUEST		string	1693386710152	1693386710189	OK	 
REQUEST		string Redirect 1	1693386710190	1693386710203	OK	 
USER	string	END	1693386710204
USER	string	START	1693386710214
USER	string	START	1693386710262
REQUEST		string	1693386710214	1693386710274	OK	 
USER	string	START	1693386710309
REQUEST		string Redirect 1	1693386710275	1693386710334	OK	 
USER	string	END	1693386710336
REQUEST		string	1693386710261	1693386710350	OK	 
REQUEST		string Redirect 1	1693386710351	1693386710363	OK	 
REQUEST		string	1693386710308	1693386710363	OK	 
USER	string	END	1693386710364
USER	string	START	1693386710369
REQUEST		string Redirect 1	1693386710364	1693386710376	OK	 
USER	string	END	1693386710377
REQUEST		string	1693386710369	1693386710401	OK	 
REQUEST		string Redirect 1	1693386710402	1693386710413	OK	 
USER	string	END	1693386710413
USER	string	START	1693386710416
REQUEST		string	1693386710416	1693386710452	OK	 
REQUEST		string Redirect 1	1693386710453	1693386710464	OK	 
USER	string	END	1693386710465
USER	string	START	1693386710479
USER	string	START	1693386710527
REQUEST		string	1693386710478	1693386710529	OK	 
REQUEST		string Redirect 1	1693386710530	1693386710555	OK	 
USER	string	END	1693386710557
USER	string	START	1693386710574
REQUEST		string	1693386710526	1693386710598	OK	 
REQUEST		string Redirect 1	1693386710598	1693386710619	OK	 
USER	string	END	1693386710620
REQUEST		string	1693386710573	1693386710630	OK	 
REQUEST		string Redirect 1	1693386710631	1693386710661	OK	 
USER	string	END	1693386710662
