RUN	com.machinestalk.geenerateclass.MachinesTalk	machinestalk	1693472820869	 	3.9.5
USER	string	START	1693472821314
REQUEST		string	1693472821313	1693472821367	OK	 
REQUEST		string Redirect 1	1693472821380	1693472821393	OK	 
USER	string	END	1693472821399
USER	string	START	1693472821408
REQUEST		string	1693472821408	1693472821445	OK	 
REQUEST		string Redirect 1	1693472821446	1693472821457	OK	 
USER	string	END	1693472821458
USER	string	START	1693472821502
REQUEST		string	1693472821501	1693472821546	OK	 
REQUEST		string Redirect 1	1693472821546	1693472821577	OK	 
USER	string	END	1693472821578
USER	string	START	1693472821597
REQUEST		string	1693472821597	1693472821641	OK	 
REQUEST		string Redirect 1	1693472821642	1693472821670	OK	 
USER	string	END	1693472821671
USER	string	START	1693472821706
REQUEST		string	1693472821706	1693472821776	OK	 
USER	string	START	1693472821799
REQUEST		string Redirect 1	1693472821776	1693472821805	OK	 
USER	string	END	1693472821806
REQUEST		string	1693472821798	1693472821863	OK	 
REQUEST		string Redirect 1	1693472821864	1693472821878	OK	 
USER	string	END	1693472821879
USER	string	START	1693472821908
REQUEST		string	1693472821907	1693472821961	OK	 
REQUEST		string Redirect 1	1693472821961	1693472822000	OK	 
USER	string	START	1693472822001
USER	string	END	1693472822001
REQUEST		string	1693472822000	1693472822048	OK	 
REQUEST		string Redirect 1	1693472822049	1693472822060	OK	 
USER	string	END	1693472822060
USER	string	START	1693472822109
REQUEST		string	1693472822109	1693472822183	OK	 
REQUEST		string Redirect 1	1693472822184	1693472822198	OK	 
USER	string	END	1693472822199
USER	string	START	1693472822201
REQUEST		string	1693472822201	1693472822243	OK	 
REQUEST		string Redirect 1	1693472822243	1693472822256	OK	 
USER	string	END	1693472822257
USER	string	START	1693472822311
REQUEST		string	1693472822310	1693472822369	OK	 
REQUEST		string Redirect 1	1693472822369	1693472822381	OK	 
USER	string	END	1693472822382
USER	string	START	1693472822404
REQUEST		string	1693472822403	1693472822463	OK	 
REQUEST		string Redirect 1	1693472822463	1693472822478	OK	 
USER	string	END	1693472822479
USER	string	START	1693472822497
REQUEST		string	1693472822496	1693472822547	OK	 
REQUEST		string Redirect 1	1693472822547	1693472822576	OK	 
USER	string	END	1693472822577
USER	string	START	1693472822607
REQUEST		string	1693472822606	1693472822658	OK	 
REQUEST		string Redirect 1	1693472822658	1693472822695	OK	 
USER	string	END	1693472822696
USER	string	START	1693472822699
REQUEST		string	1693472822698	1693472822753	OK	 
REQUEST		string Redirect 1	1693472822753	1693472822767	OK	 
USER	string	END	1693472822768
USER	string	START	1693472822809
REQUEST		string	1693472822808	1693472822875	OK	 
REQUEST		string Redirect 1	1693472822875	1693472822889	OK	 
USER	string	END	1693472822889
USER	string	START	1693472822902
USER	string	START	1693472822996
REQUEST		string	1693472822901	1693472823019	OK	 
REQUEST		string Redirect 1	1693472823019	1693472823033	OK	 
USER	string	END	1693472823034
REQUEST		string	1693472822996	1693472823066	OK	 
REQUEST		string Redirect 1	1693472823067	1693472823082	OK	 
USER	string	END	1693472823083
USER	string	START	1693472823105
REQUEST		string	1693472823105	1693472823170	OK	 
REQUEST		string Redirect 1	1693472823170	1693472823187	OK	 
USER	string	END	1693472823188
USER	string	START	1693472823200
REQUEST		string	1693472823199	1693472823235	OK	 
REQUEST		string Redirect 1	1693472823235	1693472823247	OK	 
USER	string	END	1693472823247
USER	string	START	1693472823308
REQUEST		string	1693472823307	1693472823360	OK	 
REQUEST		string Redirect 1	1693472823361	1693472823383	OK	 
USER	string	END	1693472823383
USER	string	START	1693472823399
REQUEST		string	1693472823399	1693472823443	OK	 
REQUEST		string Redirect 1	1693472823444	1693472823464	OK	 
USER	string	END	1693472823464
USER	string	START	1693472823507
REQUEST		string	1693472823507	1693472823570	OK	 
REQUEST		string Redirect 1	1693472823570	1693472823595	OK	 
USER	string	END	1693472823596
USER	string	START	1693472823601
REQUEST		string	1693472823601	1693472823634	OK	 
REQUEST		string Redirect 1	1693472823635	1693472823649	OK	 
USER	string	END	1693472823650
USER	string	START	1693472823696
REQUEST		string	1693472823695	1693472823736	OK	 
REQUEST		string Redirect 1	1693472823736	1693472823751	OK	 
USER	string	END	1693472823751
USER	string	START	1693472823803
REQUEST		string	1693472823803	1693472823843	OK	 
REQUEST		string Redirect 1	1693472823844	1693472823858	OK	 
USER	string	END	1693472823859
USER	string	START	1693472823897
REQUEST		string	1693472823896	1693472823946	OK	 
REQUEST		string Redirect 1	1693472823948	1693472823966	OK	 
USER	string	END	1693472823966
USER	string	START	1693472824005
REQUEST		string	1693472824005	1693472824046	OK	 
REQUEST		string Redirect 1	1693472824046	1693472824057	OK	 
USER	string	END	1693472824058
USER	string	START	1693472824099
REQUEST		string	1693472824099	1693472824130	OK	 
REQUEST		string Redirect 1	1693472824131	1693472824143	OK	 
USER	string	END	1693472824143
USER	string	START	1693472824195
REQUEST		string	1693472824194	1693472824248	OK	 
USER	string	START	1693472824302
REQUEST		string Redirect 1	1693472824248	1693472824302	OK	 
USER	string	END	1693472824302
REQUEST		string	1693472824301	1693472824345	OK	 
REQUEST		string Redirect 1	1693472824345	1693472824357	OK	 
USER	string	END	1693472824358
USER	string	START	1693472824396
REQUEST		string	1693472824396	1693472824469	OK	 
REQUEST		string Redirect 1	1693472824470	1693472824484	OK	 
USER	string	END	1693472824485
USER	string	START	1693472824503
REQUEST		string	1693472824503	1693472824570	OK	 
REQUEST		string Redirect 1	1693472824570	1693472824584	OK	 
USER	string	END	1693472824585
USER	string	START	1693472824596
REQUEST		string	1693472824596	1693472824626	OK	 
REQUEST		string Redirect 1	1693472824626	1693472824639	OK	 
USER	string	END	1693472824640
USER	string	START	1693472824706
REQUEST		string	1693472824706	1693472824762	OK	 
USER	string	START	1693472824800
REQUEST		string Redirect 1	1693472824762	1693472824823	OK	 
USER	string	END	1693472824823
USER	string	START	1693472824893
REQUEST		string	1693472824799	1693472824919	OK	 
REQUEST		string Redirect 1	1693472824920	1693472824934	OK	 
USER	string	END	1693472824934
REQUEST		string	1693472824892	1693472824972	OK	 
REQUEST		string Redirect 1	1693472824973	1693472824991	OK	 
USER	string	END	1693472824992
USER	string	START	1693472825003
REQUEST		string	1693472825002	1693472825062	OK	 
REQUEST		string Redirect 1	1693472825063	1693472825076	OK	 
USER	string	END	1693472825077
USER	string	START	1693472825095
REQUEST		string	1693472825094	1693472825168	OK	 
REQUEST		string Redirect 1	1693472825168	1693472825187	OK	 
USER	string	END	1693472825187
USER	string	START	1693472825203
REQUEST		string	1693472825203	1693472825247	OK	 
REQUEST		string Redirect 1	1693472825247	1693472825261	OK	 
USER	string	END	1693472825262
USER	string	START	1693472825312
REQUEST		string	1693472825312	1693472825356	OK	 
REQUEST		string Redirect 1	1693472825356	1693472825371	OK	 
USER	string	END	1693472825371
USER	string	START	1693472825406
USER	string	START	1693472825498
REQUEST		string	1693472825405	1693472825506	OK	 
REQUEST		string Redirect 1	1693472825506	1693472825529	OK	 
USER	string	END	1693472825530
REQUEST		string	1693472825498	1693472825588	OK	 
USER	string	START	1693472825593
REQUEST		string Redirect 1	1693472825589	1693472825603	OK	 
USER	string	END	1693472825603
REQUEST		string	1693472825593	1693472825642	OK	 
REQUEST		string Redirect 1	1693472825642	1693472825654	OK	 
USER	string	END	1693472825655
USER	string	START	1693472825704
REQUEST		string	1693472825703	1693472825796	OK	 
USER	string	START	1693472825797
REQUEST		string Redirect 1	1693472825796	1693472825809	OK	 
USER	string	END	1693472825810
REQUEST		string	1693472825796	1693472825839	OK	 
REQUEST		string Redirect 1	1693472825840	1693472825855	OK	 
USER	string	END	1693472825856
USER	string	START	1693472825905
REQUEST		string	1693472825904	1693472825949	OK	 
REQUEST		string Redirect 1	1693472825949	1693472825977	OK	 
USER	string	END	1693472825977
USER	string	START	1693472825997
REQUEST		string	1693472825996	1693472826064	OK	 
REQUEST		string Redirect 1	1693472826065	1693472826082	OK	 
USER	string	END	1693472826083
USER	string	START	1693472826107
REQUEST		string	1693472826107	1693472826156	OK	 
REQUEST		string Redirect 1	1693472826156	1693472826170	OK	 
USER	string	END	1693472826171
USER	string	START	1693472826201
REQUEST		string	1693472826201	1693472826253	OK	 
REQUEST		string Redirect 1	1693472826254	1693472826266	OK	 
USER	string	END	1693472826267
