RUN	com.machinestalk.geenerateclass.MachinesTalk	machinestalk	1693304523074	 	3.9.5
USER	string	START	1693304535815
USER	string	START	1693304535815
USER	string	START	1693304535815
USER	string	START	1693304535815
USER	string	START	1693304535816
USER	string	START	1693304535815
USER	string	START	1693304535815
USER	string	START	1693304535816
USER	string	START	1693304535816
USER	string	START	1693304535816
USER	string	START	1693304535816
USER	string	START	1693304535816
USER	string	START	1693304535816
USER	string	START	1693304535816
REQUEST		string	1693304535814	1693304535915	OK	 
REQUEST		string	1693304535813	1693304535901	OK	 
REQUEST		string	1693304535812	1693304535900	OK	 
REQUEST		string	1693304535811	1693304535903	OK	 
REQUEST		string	1693304535814	1693304535893	OK	 
REQUEST		string	1693304535813	1693304535915	OK	 
REQUEST		string	1693304535814	1693304535907	OK	 
REQUEST		string	1693304535811	1693304535907	OK	 
REQUEST		string	1693304535814	1693304535915	OK	 
REQUEST		string	1693304535811	1693304535901	OK	 
REQUEST		string	1693304535812	1693304535915	OK	 
REQUEST		string	1693304535811	1693304535922	OK	 
REQUEST		string	1693304535811	1693304535925	OK	 
REQUEST		string	1693304535812	1693304535929	OK	 
REQUEST		string Redirect 1	1693304535920	1693304535954	OK	 
REQUEST		string Redirect 1	1693304535920	1693304535950	OK	 
REQUEST		string Redirect 1	1693304535921	1693304535951	OK	 
USER	string	END	1693304535968
USER	string	END	1693304535968
USER	string	END	1693304535969
REQUEST		string Redirect 1	1693304535920	1693304535973	OK	 
REQUEST		string Redirect 1	1693304535920	1693304535973	OK	 
USER	string	END	1693304535974
USER	string	END	1693304535974
USER	string	START	1693304535996
REQUEST		string Redirect 1	1693304535920	1693304536008	OK	 
USER	string	END	1693304536009
REQUEST		string Redirect 1	1693304535921	1693304536011	OK	 
REQUEST		string Redirect 1	1693304535921	1693304536011	OK	 
USER	string	END	1693304536012
USER	string	END	1693304536012
REQUEST		string Redirect 1	1693304535921	1693304536054	OK	 
USER	string	END	1693304536057
REQUEST		string Redirect 1	1693304535920	1693304536089	OK	 
REQUEST		string Redirect 1	1693304535920	1693304536089	OK	 
REQUEST		string Redirect 1	1693304535922	1693304536090	OK	 
USER	string	END	1693304536091
USER	string	END	1693304536092
USER	string	END	1693304536092
REQUEST		string	1693304535995	1693304536105	OK	 
REQUEST		string Redirect 1	1693304536106	1693304536121	OK	 
USER	string	END	1693304536124
REQUEST		string Redirect 1	1693304535926	1693304536146	OK	 
REQUEST		string Redirect 1	1693304535929	1693304536147	OK	 
USER	string	END	1693304536148
USER	string	END	1693304536148
USER	string	START	1693304536248
REQUEST		string	1693304536246	1693304536309	OK	 
REQUEST		string Redirect 1	1693304536310	1693304536335	OK	 
USER	string	END	1693304536337
USER	string	START	1693304536496
REQUEST		string	1693304536494	1693304536548	OK	 
REQUEST		string Redirect 1	1693304536549	1693304536565	OK	 
USER	string	END	1693304536567
USER	string	START	1693304536765
REQUEST		string	1693304536764	1693304536828	OK	 
REQUEST		string Redirect 1	1693304536828	1693304536840	OK	 
USER	string	END	1693304536841
USER	string	START	1693304537090
REQUEST		string	1693304537087	1693304537144	OK	 
REQUEST		string Redirect 1	1693304537145	1693304537160	OK	 
USER	string	END	1693304537161
USER	string	START	1693304537418
REQUEST		string	1693304537415	1693304537484	OK	 
REQUEST		string Redirect 1	1693304537484	1693304537499	OK	 
USER	string	END	1693304537500
USER	string	START	1693304537746
REQUEST		string	1693304537744	1693304537807	OK	 
REQUEST		string Redirect 1	1693304537809	1693304537826	OK	 
USER	string	END	1693304537829
USER	string	START	1693304538072
REQUEST		string	1693304538070	1693304538120	OK	 
REQUEST		string Redirect 1	1693304538121	1693304538136	OK	 
USER	string	END	1693304538137
USER	string	START	1693304538412
REQUEST		string	1693304538411	1693304538472	OK	 
REQUEST		string Redirect 1	1693304538472	1693304538493	OK	 
USER	string	END	1693304538494
USER	string	START	1693304538755
REQUEST		string	1693304538754	1693304538809	OK	 
REQUEST		string Redirect 1	1693304538810	1693304538826	OK	 
USER	string	END	1693304538827
USER	string	START	1693304538943
REQUEST		string	1693304538942	1693304538991	OK	 
REQUEST		string Redirect 1	1693304538992	1693304539006	OK	 
USER	string	END	1693304539007
USER	string	START	1693304539145
REQUEST		string	1693304539144	1693304539189	OK	 
REQUEST		string Redirect 1	1693304539190	1693304539205	OK	 
USER	string	END	1693304539207
USER	string	START	1693304539347
REQUEST		string	1693304539346	1693304539395	OK	 
REQUEST		string Redirect 1	1693304539395	1693304539411	OK	 
USER	string	END	1693304539412
USER	string	START	1693304539551
REQUEST		string	1693304539550	1693304539610	OK	 
REQUEST		string Redirect 1	1693304539611	1693304539631	OK	 
USER	string	END	1693304539632
USER	string	START	1693304539754
REQUEST		string	1693304539752	1693304539805	OK	 
REQUEST		string Redirect 1	1693304539806	1693304539819	OK	 
USER	string	END	1693304539821
USER	string	START	1693304539941
REQUEST		string	1693304539939	1693304539991	OK	 
REQUEST		string Redirect 1	1693304539992	1693304540007	OK	 
USER	string	END	1693304540009
USER	string	START	1693304540142
REQUEST		string	1693304540140	1693304540195	OK	 
REQUEST		string Redirect 1	1693304540196	1693304540211	OK	 
USER	string	END	1693304540213
USER	string	START	1693304540341
REQUEST		string	1693304540340	1693304540387	OK	 
REQUEST		string Redirect 1	1693304540388	1693304540404	OK	 
USER	string	END	1693304540406
USER	string	START	1693304540545
REQUEST		string	1693304540543	1693304540596	OK	 
REQUEST		string Redirect 1	1693304540598	1693304540612	OK	 
USER	string	END	1693304540614
USER	string	START	1693304540746
REQUEST		string	1693304540745	1693304540790	OK	 
REQUEST		string Redirect 1	1693304540790	1693304540805	OK	 
USER	string	END	1693304540806
USER	string	START	1693304540950
REQUEST		string	1693304540949	1693304541008	OK	 
REQUEST		string Redirect 1	1693304541008	1693304541024	OK	 
USER	string	END	1693304541025
USER	string	START	1693304541152
REQUEST		string	1693304541151	1693304541235	OK	 
REQUEST		string Redirect 1	1693304541236	1693304541249	OK	 
USER	string	END	1693304541251
USER	string	START	1693304541352
REQUEST		string	1693304541351	1693304541405	OK	 
REQUEST		string Redirect 1	1693304541406	1693304541421	OK	 
USER	string	END	1693304541423
USER	string	START	1693304541539
REQUEST		string	1693304541538	1693304541598	OK	 
REQUEST		string Redirect 1	1693304541599	1693304541652	OK	 
USER	string	END	1693304541654
USER	string	START	1693304541743
REQUEST		string	1693304541742	1693304541789	OK	 
REQUEST		string Redirect 1	1693304541789	1693304541804	OK	 
USER	string	END	1693304541805
USER	string	START	1693304541942
REQUEST		string	1693304541941	1693304541983	OK	 
REQUEST		string Redirect 1	1693304541984	1693304541996	OK	 
USER	string	END	1693304541997
USER	string	START	1693304542147
REQUEST		string	1693304542146	1693304542210	OK	 
REQUEST		string Redirect 1	1693304542211	1693304542224	OK	 
USER	string	END	1693304542225
USER	string	START	1693304542347
REQUEST		string	1693304542346	1693304542438	OK	 
REQUEST		string Redirect 1	1693304542439	1693304542456	OK	 
USER	string	END	1693304542458
USER	string	START	1693304542548
REQUEST		string	1693304542547	1693304542595	OK	 
REQUEST		string Redirect 1	1693304542595	1693304542608	OK	 
USER	string	END	1693304542609
