RUN	com.machinestalk.geenerateclass.MachinesTalk	machinestalk	1693492454019	 	3.9.5
USER	setup1	START	1693492455365
REQUEST		sc1	1693492455364	1693492455422	OK	 
USER	setup1	START	1693492455450
REQUEST		sc1 Redirect 1	1693492455438	1693492455454	OK	 
USER	setup1	END	1693492455459
USER	setup1	START	1693492455460
REQUEST		sc1	1693492455460	1693492455497	OK	 
REQUEST		sc1	1693492455450	1693492455497	OK	 
REQUEST		sc1 Redirect 1	1693492455497	1693492455518	OK	 
REQUEST		sc1 Redirect 1	1693492455497	1693492455518	OK	 
USER	setup1	END	1693492455518
USER	setup1	END	1693492455518
USER	setup1	START	1693492455519
USER	setup1	START	1693492455520
USER	setup1	START	1693492455558
REQUEST		sc1	1693492455519	1693492455564	OK	 
REQUEST		sc1	1693492455519	1693492455568	OK	 
REQUEST		sc1 Redirect 1	1693492455564	1693492455579	OK	 
USER	setup1	END	1693492455579
USER	setup1	START	1693492455580
REQUEST		sc1 Redirect 1	1693492455569	1693492455581	OK	 
USER	setup1	END	1693492455582
USER	setup1	START	1693492455583
REQUEST		sc1	1693492455557	1693492455589	OK	 
REQUEST		sc1 Redirect 1	1693492455590	1693492455603	OK	 
USER	setup1	END	1693492455604
USER	setup1	START	1693492455605
REQUEST		sc1	1693492455580	1693492455610	OK	 
REQUEST		sc1	1693492455582	1693492455615	OK	 
REQUEST		sc1 Redirect 1	1693492455610	1693492455622	OK	 
USER	setup1	END	1693492455623
USER	setup1	START	1693492455624
REQUEST		sc1 Redirect 1	1693492455615	1693492455627	OK	 
USER	setup1	END	1693492455627
USER	setup1	START	1693492455628
REQUEST		sc1	1693492455605	1693492455643	OK	 
USER	setup1	START	1693492455650
REQUEST		sc1 Redirect 1	1693492455643	1693492455659	OK	 
USER	setup1	END	1693492455659
USER	setup1	START	1693492455660
REQUEST		sc1	1693492455627	1693492455667	OK	 
REQUEST		sc1	1693492455623	1693492455673	OK	 
REQUEST		sc1	1693492455650	1693492455683	OK	 
REQUEST		sc1 Redirect 1	1693492455674	1693492455688	OK	 
USER	setup1	END	1693492455689
USER	setup1	START	1693492455690
REQUEST		sc1 Redirect 1	1693492455668	1693492455691	OK	 
USER	setup1	END	1693492455692
USER	setup1	START	1693492455693
REQUEST		sc1	1693492455660	1693492455694	OK	 
REQUEST		sc1 Redirect 1	1693492455684	1693492455697	OK	 
USER	setup1	END	1693492455697
USER	setup1	START	1693492455698
REQUEST		sc1 Redirect 1	1693492455694	1693492455705	OK	 
USER	setup1	END	1693492455706
USER	setup1	START	1693492455706
REQUEST		sc1	1693492455698	1693492455733	OK	 
REQUEST		sc1	1693492455692	1693492455737	OK	 
REQUEST		sc1	1693492455689	1693492455737	OK	 
REQUEST		sc1	1693492455706	1693492455745	OK	 
REQUEST		sc1 Redirect 1	1693492455733	1693492455748	OK	 
USER	setup1	END	1693492455748
USER	setup1	START	1693492455749
USER	setup1	START	1693492455755
REQUEST		sc1 Redirect 1	1693492455737	1693492455770	OK	 
USER	setup1	END	1693492455771
USER	setup1	START	1693492455772
REQUEST		sc1 Redirect 1	1693492455737	1693492455772	OK	 
REQUEST		sc1 Redirect 1	1693492455745	1693492455772	OK	 
USER	setup1	END	1693492455773
USER	setup1	END	1693492455773
USER	setup1	START	1693492455774
USER	setup1	START	1693492455774
REQUEST		sc1	1693492455749	1693492455802	OK	 
REQUEST		sc1	1693492455755	1693492455829	OK	 
REQUEST		sc1 Redirect 1	1693492455802	1693492455833	OK	 
USER	setup1	END	1693492455833
USER	setup1	START	1693492455834
REQUEST		sc1	1693492455772	1693492455843	OK	 
REQUEST		sc1	1693492455773	1693492455845	OK	 
REQUEST		sc1	1693492455773	1693492455850	OK	 
REQUEST		sc1 Redirect 1	1693492455829	1693492455851	OK	 
USER	setup1	END	1693492455851
USER	setup1	START	1693492455852
USER	setup1	START	1693492455862
REQUEST		sc1 Redirect 1	1693492455845	1693492455868	OK	 
REQUEST		sc1 Redirect 1	1693492455843	1693492455868	OK	 
USER	setup1	END	1693492455868
USER	setup1	END	1693492455868
USER	setup1	START	1693492455869
USER	setup1	START	1693492455869
REQUEST		sc1 Redirect 1	1693492455850	1693492455874	OK	 
USER	setup1	END	1693492455875
USER	setup1	START	1693492455875
REQUEST		sc1	1693492455834	1693492455881	OK	 
REQUEST		sc1	1693492455851	1693492455893	OK	 
REQUEST		sc1 Redirect 1	1693492455881	1693492455896	OK	 
USER	setup1	END	1693492455896
USER	setup1	START	1693492455897
REQUEST		sc1	1693492455869	1693492455898	OK	 
REQUEST		sc1	1693492455869	1693492455905	OK	 
REQUEST		sc1	1693492455862	1693492455909	OK	 
REQUEST		sc1	1693492455875	1693492455919	OK	 
REQUEST		sc1 Redirect 1	1693492455893	1693492455924	OK	 
USER	setup1	END	1693492455925
USER	setup1	START	1693492455925
REQUEST		sc1 Redirect 1	1693492455898	1693492455937	OK	 
USER	setup1	END	1693492455938
USER	setup1	START	1693492455938
REQUEST		sc1 Redirect 1	1693492455905	1693492455938	OK	 
REQUEST		sc1 Redirect 1	1693492455909	1693492455938	OK	 
USER	setup1	END	1693492455939
USER	setup1	END	1693492455939
USER	setup1	START	1693492455939
USER	setup1	START	1693492455939
REQUEST		sc1	1693492455897	1693492455950	OK	 
REQUEST		sc1 Redirect 1	1693492455919	1693492455953	OK	 
USER	setup1	END	1693492455954
USER	setup1	START	1693492455954
USER	setup1	START	1693492455955
REQUEST		sc1	1693492455925	1693492455971	OK	 
REQUEST		sc1 Redirect 1	1693492455950	1693492455971	OK	 
USER	setup1	END	1693492455972
USER	setup1	START	1693492455973
REQUEST		sc1	1693492455939	1693492455976	OK	 
REQUEST		sc1	1693492455938	1693492455981	OK	 
REQUEST		sc1	1693492455939	1693492455991	OK	 
REQUEST		sc1 Redirect 1	1693492455971	1693492455991	OK	 
USER	setup1	END	1693492455992
USER	setup1	START	1693492455993
REQUEST		sc1	1693492455954	1693492455996	OK	 
REQUEST		sc1 Redirect 1	1693492455976	1693492455997	OK	 
REQUEST		sc1	1693492455954	1693492455997	OK	 
USER	setup1	END	1693492455997
USER	setup1	START	1693492455998
REQUEST		sc1 Redirect 1	1693492455981	1693492456003	OK	 
USER	setup1	END	1693492456003
USER	setup1	START	1693492456003
REQUEST		sc1 Redirect 1	1693492455991	1693492456010	OK	 
USER	setup1	END	1693492456011
USER	setup1	START	1693492456011
REQUEST		sc1	1693492455972	1693492456015	OK	 
REQUEST		sc1 Redirect 1	1693492455997	1693492456018	OK	 
USER	setup1	END	1693492456018
USER	setup1	START	1693492456018
REQUEST		sc1 Redirect 1	1693492455997	1693492456021	OK	 
USER	setup1	END	1693492456021
USER	setup1	START	1693492456021
REQUEST		sc1	1693492455992	1693492456024	OK	 
REQUEST		sc1 Redirect 1	1693492456016	1693492456028	OK	 
USER	setup1	END	1693492456028
USER	setup1	START	1693492456029
REQUEST		sc1	1693492456003	1693492456041	OK	 
REQUEST		sc1 Redirect 1	1693492456024	1693492456042	OK	 
USER	setup1	END	1693492456042
USER	setup1	START	1693492456043
REQUEST		sc1	1693492455998	1693492456046	OK	 
REQUEST		sc1	1693492456011	1693492456049	OK	 
USER	setup1	START	1693492456061
REQUEST		sc1 Redirect 1	1693492456042	1693492456064	OK	 
REQUEST		sc1	1693492456018	1693492456064	OK	 
REQUEST		sc1	1693492456021	1693492456064	OK	 
USER	setup1	END	1693492456065
USER	setup1	START	1693492456065
REQUEST		sc1 Redirect 1	1693492456047	1693492456066	OK	 
REQUEST		sc1	1693492456029	1693492456066	OK	 
USER	setup1	END	1693492456066
USER	setup1	START	1693492456067
REQUEST		sc1 Redirect 1	1693492456049	1693492456068	OK	 
USER	setup1	END	1693492456068
USER	setup1	START	1693492456068
REQUEST		sc1 Redirect 1	1693492456064	1693492456088	OK	 
REQUEST		sc1 Redirect 1	1693492456066	1693492456088	OK	 
USER	setup1	END	1693492456089
USER	setup1	END	1693492456089
USER	setup1	START	1693492456089
USER	setup1	START	1693492456089
REQUEST		sc1 Redirect 1	1693492456064	1693492456090	OK	 
REQUEST		sc1	1693492456043	1693492456090	OK	 
USER	setup1	END	1693492456090
USER	setup1	START	1693492456090
REQUEST		sc1 Redirect 1	1693492456090	1693492456106	OK	 
REQUEST		sc1	1693492456060	1693492456106	OK	 
USER	setup1	END	1693492456107
USER	setup1	START	1693492456107
REQUEST		sc1	1693492456068	1693492456122	OK	 
REQUEST		sc1	1693492456065	1693492456124	OK	 
REQUEST		sc1	1693492456067	1693492456125	OK	 
REQUEST		sc1 Redirect 1	1693492456107	1693492456133	OK	 
REQUEST		sc1	1693492456089	1693492456133	OK	 
USER	setup1	END	1693492456133
USER	setup1	START	1693492456134
REQUEST		sc1	1693492456090	1693492456137	OK	 
REQUEST		sc1	1693492456089	1693492456144	OK	 
REQUEST		sc1 Redirect 1	1693492456122	1693492456145	OK	 
USER	setup1	END	1693492456145
USER	setup1	START	1693492456146
USER	setup1	START	1693492456150
REQUEST		sc1 Redirect 1	1693492456125	1693492456157	OK	 
REQUEST		sc1	1693492456107	1693492456157	OK	 
USER	setup1	END	1693492456157
USER	setup1	START	1693492456157
REQUEST		sc1 Redirect 1	1693492456125	1693492456163	OK	 
USER	setup1	END	1693492456164
USER	setup1	START	1693492456164
REQUEST		sc1 Redirect 1	1693492456133	1693492456164	OK	 
USER	setup1	END	1693492456164
USER	setup1	START	1693492456165
REQUEST		sc1 Redirect 1	1693492456137	1693492456169	OK	 
USER	setup1	END	1693492456169
USER	setup1	START	1693492456170
REQUEST		sc1 Redirect 1	1693492456144	1693492456171	OK	 
REQUEST		sc1	1693492456134	1693492456171	OK	 
USER	setup1	END	1693492456172
USER	setup1	START	1693492456172
REQUEST		sc1 Redirect 1	1693492456157	1693492456175	OK	 
USER	setup1	END	1693492456175
USER	setup1	START	1693492456176
REQUEST		sc1 Redirect 1	1693492456172	1693492456185	OK	 
USER	setup1	END	1693492456185
USER	setup1	START	1693492456185
REQUEST		sc1	1693492456145	1693492456190	OK	 
REQUEST		sc1	1693492456157	1693492456192	OK	 
REQUEST		sc1	1693492456150	1693492456193	OK	 
REQUEST		sc1	1693492456164	1693492456197	OK	 
REQUEST		sc1	1693492456165	1693492456199	OK	 
REQUEST		sc1	1693492456170	1693492456200	OK	 
REQUEST		sc1 Redirect 1	1693492456190	1693492456204	OK	 
REQUEST		sc1	1693492456172	1693492456204	OK	 
USER	setup1	END	1693492456204
USER	setup1	START	1693492456205
REQUEST		sc1	1693492456176	1693492456211	OK	 
REQUEST		sc1 Redirect 1	1693492456193	1693492456214	OK	 
USER	setup1	END	1693492456215
USER	setup1	START	1693492456215
REQUEST		sc1 Redirect 1	1693492456193	1693492456216	OK	 
USER	setup1	END	1693492456217
USER	setup1	START	1693492456217
REQUEST		sc1 Redirect 1	1693492456197	1693492456217	OK	 
USER	setup1	END	1693492456217
USER	setup1	START	1693492456217
REQUEST		sc1 Redirect 1	1693492456200	1693492456225	OK	 
REQUEST		sc1 Redirect 1	1693492456199	1693492456225	OK	 
USER	setup1	END	1693492456225
USER	setup1	END	1693492456225
USER	setup1	START	1693492456225
USER	setup1	START	1693492456225
REQUEST		sc1	1693492456185	1693492456228	OK	 
REQUEST		sc1 Redirect 1	1693492456204	1693492456230	OK	 
USER	setup1	END	1693492456230
USER	setup1	START	1693492456231
REQUEST		sc1 Redirect 1	1693492456211	1693492456234	OK	 
USER	setup1	END	1693492456235
USER	setup1	START	1693492456235
REQUEST		sc1	1693492456204	1693492456236	OK	 
REQUEST		sc1	1693492456215	1693492456247	OK	 
REQUEST		sc1 Redirect 1	1693492456229	1693492456254	OK	 
USER	setup1	END	1693492456254
USER	setup1	START	1693492456254
USER	setup1	START	1693492456256
REQUEST		sc1 Redirect 1	1693492456236	1693492456257	OK	 
REQUEST		sc1	1693492456217	1693492456257	OK	 
USER	setup1	END	1693492456257
USER	setup1	START	1693492456258
REQUEST		sc1	1693492456217	1693492456263	OK	 
REQUEST		sc1	1693492456225	1693492456263	OK	 
REQUEST		sc1 Redirect 1	1693492456247	1693492456265	OK	 
REQUEST		sc1	1693492456230	1693492456265	OK	 
USER	setup1	END	1693492456266
USER	setup1	START	1693492456266
REQUEST		sc1	1693492456225	1693492456270	OK	 
REQUEST		sc1 Redirect 1	1693492456257	1693492456276	OK	 
REQUEST		sc1	1693492456235	1693492456276	OK	 
USER	setup1	END	1693492456276
USER	setup1	START	1693492456277
REQUEST		sc1 Redirect 1	1693492456266	1693492456282	OK	 
REQUEST		sc1 Redirect 1	1693492456263	1693492456282	OK	 
USER	setup1	END	1693492456283
USER	setup1	END	1693492456283
USER	setup1	START	1693492456283
USER	setup1	START	1693492456283
REQUEST		sc1 Redirect 1	1693492456263	1693492456287	OK	 
REQUEST		sc1	1693492456254	1693492456287	OK	 
USER	setup1	END	1693492456287
USER	setup1	START	1693492456288
REQUEST		sc1 Redirect 1	1693492456276	1693492456292	OK	 
USER	setup1	END	1693492456292
USER	setup1	START	1693492456293
REQUEST		sc1 Redirect 1	1693492456271	1693492456293	OK	 
REQUEST		sc1	1693492456258	1693492456293	OK	 
USER	setup1	END	1693492456297
REQUEST		sc1	1693492456255	1693492456297	OK	 
USER	setup1	START	1693492456298
REQUEST		sc1	1693492456266	1693492456301	OK	 
REQUEST		sc1 Redirect 1	1693492456287	1693492456304	OK	 
USER	setup1	END	1693492456305
USER	setup1	START	1693492456305
REQUEST		sc1	1693492456277	1693492456314	OK	 
REQUEST		sc1 Redirect 1	1693492456297	1693492456315	OK	 
USER	setup1	END	1693492456316
USER	setup1	START	1693492456316
REQUEST		sc1	1693492456283	1693492456316	OK	 
REQUEST		sc1 Redirect 1	1693492456297	1693492456324	OK	 
USER	setup1	END	1693492456325
USER	setup1	START	1693492456325
REQUEST		sc1	1693492456283	1693492456325	OK	 
REQUEST		sc1	1693492456288	1693492456326	OK	 
REQUEST		sc1 Redirect 1	1693492456301	1693492456332	OK	 
USER	setup1	END	1693492456333
USER	setup1	START	1693492456333
REQUEST		sc1 Redirect 1	1693492456316	1693492456333	OK	 
USER	setup1	END	1693492456334
USER	setup1	START	1693492456334
REQUEST		sc1	1693492456292	1693492456341	OK	 
REQUEST		sc1	1693492456297	1693492456344	OK	 
REQUEST		sc1 Redirect 1	1693492456314	1693492456355	OK	 
REQUEST		sc1	1693492456305	1693492456355	OK	 
USER	setup1	END	1693492456356
USER	setup1	START	1693492456356
REQUEST		sc1 Redirect 1	1693492456325	1693492456360	OK	 
USER	setup1	END	1693492456360
USER	setup1	START	1693492456360
REQUEST		sc1	1693492456316	1693492456366	OK	 
REQUEST		sc1 Redirect 1	1693492456327	1693492456372	OK	 
REQUEST		sc1	1693492456325	1693492456372	OK	 
USER	setup1	END	1693492456372
USER	setup1	START	1693492456372
REQUEST		sc1 Redirect 1	1693492456341	1693492456372	OK	 
USER	setup1	END	1693492456373
USER	setup1	START	1693492456373
REQUEST		sc1 Redirect 1	1693492456344	1693492456381	OK	 
USER	setup1	END	1693492456381
USER	setup1	START	1693492456381
REQUEST		sc1	1693492456334	1693492456387	OK	 
REQUEST		sc1	1693492456333	1693492456388	OK	 
REQUEST		sc1 Redirect 1	1693492456356	1693492456390	OK	 
USER	setup1	END	1693492456390
USER	setup1	START	1693492456390
REQUEST		sc1 Redirect 1	1693492456366	1693492456400	OK	 
USER	setup1	END	1693492456400
USER	setup1	START	1693492456401
REQUEST		sc1 Redirect 1	1693492456387	1693492456405	OK	 
USER	setup1	END	1693492456406
USER	setup1	START	1693492456406
REQUEST		sc1 Redirect 1	1693492456372	1693492456415	OK	 
USER	setup1	END	1693492456415
USER	setup1	START	1693492456416
REQUEST		sc1 Redirect 1	1693492456388	1693492456416	OK	 
REQUEST		sc1	1693492456360	1693492456416	OK	 
USER	setup1	END	1693492456416
USER	setup1	START	1693492456416
REQUEST		sc1	1693492456356	1693492456418	OK	 
REQUEST		sc1	1693492456372	1693492456423	OK	 
REQUEST		sc1	1693492456381	1693492456428	OK	 
REQUEST		sc1	1693492456390	1693492456434	OK	 
REQUEST		sc1	1693492456373	1693492456434	OK	 
REQUEST		sc1	1693492456400	1693492456443	OK	 
REQUEST		sc1 Redirect 1	1693492456416	1693492456452	OK	 
USER	setup1	END	1693492456452
USER	setup1	START	1693492456452
REQUEST		sc1	1693492456406	1693492456457	OK	 
REQUEST		sc1 Redirect 1	1693492456418	1693492456458	OK	 
USER	setup1	END	1693492456459
USER	setup1	START	1693492456459
REQUEST		sc1 Redirect 1	1693492456423	1693492456462	OK	 
USER	setup1	END	1693492456462
USER	setup1	START	1693492456463
REQUEST		sc1 Redirect 1	1693492456428	1693492456470	OK	 
USER	setup1	END	1693492456471
USER	setup1	START	1693492456471
REQUEST		sc1 Redirect 1	1693492456434	1693492456475	OK	 
USER	setup1	END	1693492456475
USER	setup1	START	1693492456475
REQUEST		sc1 Redirect 1	1693492456434	1693492456478	OK	 
REQUEST		sc1	1693492456415	1693492456478	OK	 
REQUEST		sc1	1693492456416	1693492456478	OK	 
USER	setup1	END	1693492456478
USER	setup1	START	1693492456479
REQUEST		sc1 Redirect 1	1693492456443	1693492456485	OK	 
USER	setup1	END	1693492456485
USER	setup1	START	1693492456486
REQUEST		sc1 Redirect 1	1693492456457	1693492456492	OK	 
USER	setup1	END	1693492456492
USER	setup1	START	1693492456492
REQUEST		sc1	1693492456452	1693492456496	OK	 
REQUEST		sc1 Redirect 1	1693492456478	1693492456498	OK	 
USER	setup1	END	1693492456498
USER	setup1	START	1693492456498
REQUEST		sc1 Redirect 1	1693492456478	1693492456499	OK	 
REQUEST		sc1	1693492456459	1693492456499	OK	 
USER	setup1	END	1693492456499
USER	setup1	START	1693492456499
REQUEST		sc1	1693492456463	1693492456501	OK	 
REQUEST		sc1	1693492456475	1693492456505	OK	 
REQUEST		sc1 Redirect 1	1693492456496	1693492456508	OK	 
USER	setup1	END	1693492456508
USER	setup1	START	1693492456508
REQUEST		sc1	1693492456471	1693492456509	OK	 
REQUEST		sc1	1693492456478	1693492456511	OK	 
REQUEST		sc1 Redirect 1	1693492456502	1693492456532	OK	 
USER	setup1	END	1693492456532
USER	setup1	START	1693492456532
REQUEST		sc1	1693492456486	1693492456532	OK	 
REQUEST		sc1 Redirect 1	1693492456499	1693492456533	OK	 
USER	setup1	END	1693492456534
USER	setup1	START	1693492456534
REQUEST		sc1 Redirect 1	1693492456509	1693492456546	OK	 
REQUEST		sc1 Redirect 1	1693492456505	1693492456546	OK	 
USER	setup1	END	1693492456546
USER	setup1	END	1693492456546
USER	setup1	START	1693492456547
USER	setup1	START	1693492456547
REQUEST		sc1	1693492456492	1693492456548	OK	 
REQUEST		sc1	1693492456499	1693492456552	OK	 
REQUEST		sc1 Redirect 1	1693492456511	1693492456557	OK	 
REQUEST		sc1	1693492456508	1693492456557	OK	 
REQUEST		sc1	1693492456498	1693492456557	OK	 
USER	setup1	END	1693492456558
USER	setup1	START	1693492456561
REQUEST		sc1 Redirect 1	1693492456533	1693492456565	OK	 
REQUEST		sc1 Redirect 1	1693492456548	1693492456565	OK	 
USER	setup1	END	1693492456565
USER	setup1	END	1693492456565
REQUEST		sc1 Redirect 1	1693492456552	1693492456565	OK	 
USER	setup1	END	1693492456565
USER	setup1	START	1693492456565
USER	setup1	START	1693492456565
USER	setup1	START	1693492456566
REQUEST		sc1 Redirect 1	1693492456557	1693492456619	OK	 
REQUEST		sc1	1693492456532	1693492456619	OK	 
REQUEST		sc1	1693492456534	1693492456619	OK	 
USER	setup1	END	1693492456619
USER	setup1	START	1693492456620
REQUEST		sc1 Redirect 1	1693492456557	1693492456620	OK	 
USER	setup1	END	1693492456620
USER	setup1	START	1693492456620
REQUEST		sc1	1693492456546	1693492456626	OK	 
REQUEST		sc1 Redirect 1	1693492456619	1693492456647	OK	 
USER	setup1	END	1693492456647
USER	setup1	START	1693492456647
REQUEST		sc1	1693492456565	1693492456648	OK	 
REQUEST		sc1	1693492456565	1693492456650	OK	 
REQUEST		sc1 Redirect 1	1693492456626	1693492456650	OK	 
USER	setup1	END	1693492456650
USER	setup1	START	1693492456651
REQUEST		sc1 Redirect 1	1693492456619	1693492456651	OK	 
USER	setup1	END	1693492456651
USER	setup1	START	1693492456651
REQUEST		sc1	1693492456558	1693492456656	OK	 
REQUEST		sc1	1693492456546	1693492456658	OK	 
REQUEST		sc1	1693492456565	1693492456664	OK	 
REQUEST		sc1	1693492456619	1693492456666	OK	 
REQUEST		sc1	1693492456620	1693492456674	OK	 
REQUEST		sc1 Redirect 1	1693492456648	1693492456677	OK	 
USER	setup1	END	1693492456677
USER	setup1	START	1693492456678
REQUEST		sc1 Redirect 1	1693492456650	1693492456682	OK	 
USER	setup1	END	1693492456683
USER	setup1	START	1693492456683
REQUEST		sc1 Redirect 1	1693492456656	1693492456692	OK	 
USER	setup1	END	1693492456693
USER	setup1	START	1693492456693
REQUEST		sc1 Redirect 1	1693492456664	1693492456694	OK	 
REQUEST		sc1 Redirect 1	1693492456659	1693492456694	OK	 
USER	setup1	END	1693492456694
USER	setup1	END	1693492456694
USER	setup1	START	1693492456694
USER	setup1	START	1693492456694
REQUEST		sc1	1693492456647	1693492456694	OK	 
REQUEST		sc1 Redirect 1	1693492456674	1693492456701	OK	 
REQUEST		sc1	1693492456651	1693492456701	OK	 
REQUEST		sc1 Redirect 1	1693492456667	1693492456701	OK	 
USER	setup1	END	1693492456701
USER	setup1	END	1693492456701
USER	setup1	START	1693492456701
USER	setup1	START	1693492456701
REQUEST		sc1	1693492456650	1693492456703	OK	 
REQUEST		sc1 Redirect 1	1693492456694	1693492456720	OK	 
USER	setup1	END	1693492456720
USER	setup1	START	1693492456721
REQUEST		sc1 Redirect 1	1693492456701	1693492456730	OK	 
USER	setup1	END	1693492456730
USER	setup1	START	1693492456731
REQUEST		sc1	1693492456678	1693492456731	OK	 
REQUEST		sc1 Redirect 1	1693492456704	1693492456734	OK	 
USER	setup1	END	1693492456734
USER	setup1	START	1693492456735
REQUEST		sc1	1693492456694	1693492456737	OK	 
REQUEST		sc1	1693492456694	1693492456737	OK	 
REQUEST		sc1	1693492456693	1693492456737	OK	 
REQUEST		sc1	1693492456683	1693492456744	OK	 
REQUEST		sc1	1693492456701	1693492456753	OK	 
REQUEST		sc1	1693492456701	1693492456756	OK	 
REQUEST		sc1 Redirect 1	1693492456731	1693492456756	OK	 
USER	setup1	END	1693492456756
USER	setup1	START	1693492456757
REQUEST		sc1 Redirect 1	1693492456737	1693492456780	OK	 
REQUEST		sc1 Redirect 1	1693492456737	1693492456780	OK	 
REQUEST		sc1 Redirect 1	1693492456737	1693492456780	OK	 
REQUEST		sc1	1693492456720	1693492456780	OK	 
USER	setup1	END	1693492456781
USER	setup1	END	1693492456781
USER	setup1	END	1693492456781
USER	setup1	START	1693492456781
USER	setup1	START	1693492456781
USER	setup1	START	1693492456781
REQUEST		sc1	1693492456730	1693492456782	OK	 
REQUEST		sc1 Redirect 1	1693492456744	1693492456791	OK	 
REQUEST		sc1	1693492456735	1693492456791	OK	 
USER	setup1	END	1693492456791
USER	setup1	START	1693492456791
REQUEST		sc1 Redirect 1	1693492456753	1693492456793	OK	 
USER	setup1	END	1693492456793
USER	setup1	START	1693492456793
REQUEST		sc1 Redirect 1	1693492456756	1693492456793	OK	 
USER	setup1	END	1693492456794
USER	setup1	START	1693492456794
REQUEST		sc1 Redirect 1	1693492456781	1693492456797	OK	 
REQUEST		sc1 Redirect 1	1693492456782	1693492456797	OK	 
USER	setup1	END	1693492456798
USER	setup1	END	1693492456798
USER	setup1	START	1693492456798
USER	setup1	START	1693492456798
REQUEST		sc1	1693492456757	1693492456810	OK	 
REQUEST		sc1 Redirect 1	1693492456791	1693492456812	OK	 
USER	setup1	END	1693492456812
USER	setup1	START	1693492456812
REQUEST		sc1	1693492456781	1693492456819	OK	 
REQUEST		sc1	1693492456781	1693492456820	OK	 
REQUEST		sc1	1693492456781	1693492456824	OK	 
REQUEST		sc1	1693492456798	1693492456839	OK	 
REQUEST		sc1	1693492456791	1693492456839	OK	 
REQUEST		sc1	1693492456798	1693492456839	OK	 
REQUEST		sc1	1693492456794	1693492456839	OK	 
REQUEST		sc1	1693492456793	1693492456839	OK	 
REQUEST		sc1 Redirect 1	1693492456810	1693492456839	OK	 
USER	setup1	END	1693492456840
USER	setup1	START	1693492456840
REQUEST		sc1 Redirect 1	1693492456820	1693492456851	OK	 
USER	setup1	END	1693492456851
USER	setup1	START	1693492456851
REQUEST		sc1 Redirect 1	1693492456819	1693492456852	OK	 
USER	setup1	END	1693492456852
USER	setup1	START	1693492456852
REQUEST		sc1 Redirect 1	1693492456825	1693492456884	OK	 
REQUEST		sc1 Redirect 1	1693492456839	1693492456884	OK	 
REQUEST		sc1 Redirect 1	1693492456839	1693492456884	OK	 
USER	setup1	END	1693492456884
USER	setup1	END	1693492456884
USER	setup1	END	1693492456884
USER	setup1	START	1693492456884
USER	setup1	START	1693492456884
USER	setup1	START	1693492456884
REQUEST		sc1	1693492456812	1693492456896	OK	 
REQUEST		sc1 Redirect 1	1693492456839	1693492456904	OK	 
REQUEST		sc1 Redirect 1	1693492456839	1693492456904	OK	 
REQUEST		sc1 Redirect 1	1693492456839	1693492456904	OK	 
USER	setup1	END	1693492456904
USER	setup1	END	1693492456904
USER	setup1	END	1693492456904
USER	setup1	START	1693492456904
USER	setup1	START	1693492456904
USER	setup1	START	1693492456904
REQUEST		sc1	1693492456851	1693492456906	OK	 
REQUEST		sc1	1693492456840	1693492456906	OK	 
REQUEST		sc1	1693492456852	1693492456907	OK	 
REQUEST		sc1 Redirect 1	1693492456896	1693492456911	OK	 
USER	setup1	END	1693492456911
USER	setup1	START	1693492456911
REQUEST		sc1	1693492456884	1693492456926	OK	 
REQUEST		sc1 Redirect 1	1693492456906	1693492456926	OK	 
REQUEST		sc1	1693492456884	1693492456926	OK	 
REQUEST		sc1	1693492456884	1693492456926	OK	 
USER	setup1	END	1693492456926
USER	setup1	START	1693492456927
REQUEST		sc1 Redirect 1	1693492456906	1693492456931	OK	 
USER	setup1	END	1693492456932
USER	setup1	START	1693492456932
REQUEST		sc1 Redirect 1	1693492456907	1693492456933	OK	 
USER	setup1	END	1693492456933
USER	setup1	START	1693492456933
REQUEST		sc1 Redirect 1	1693492456926	1693492456945	OK	 
USER	setup1	END	1693492456945
USER	setup1	START	1693492456946
REQUEST		sc1 Redirect 1	1693492456926	1693492456955	OK	 
REQUEST		sc1 Redirect 1	1693492456926	1693492456955	OK	 
REQUEST		sc1	1693492456904	1693492456955	OK	 
USER	setup1	END	1693492456955
USER	setup1	END	1693492456955
USER	setup1	START	1693492456955
USER	setup1	START	1693492456955
REQUEST		sc1	1693492456904	1693492456958	OK	 
REQUEST		sc1	1693492456911	1693492456965	OK	 
REQUEST		sc1	1693492456904	1693492456965	OK	 
REQUEST		sc1	1693492456932	1693492456973	OK	 
REQUEST		sc1	1693492456927	1693492456976	OK	 
REQUEST		sc1 Redirect 1	1693492456955	1693492456977	OK	 
USER	setup1	END	1693492456978
USER	setup1	START	1693492456978
REQUEST		sc1	1693492456933	1693492456980	OK	 
REQUEST		sc1	1693492456946	1693492456997	OK	 
REQUEST		sc1 Redirect 1	1693492456958	1693492456999	OK	 
USER	setup1	END	1693492456999
USER	setup1	START	1693492456999
REQUEST		sc1 Redirect 1	1693492456965	1693492457002	OK	 
USER	setup1	END	1693492457002
USER	setup1	START	1693492457002
REQUEST		sc1 Redirect 1	1693492456965	1693492457007	OK	 
REQUEST		sc1	1693492456955	1693492457007	OK	 
USER	setup1	END	1693492457007
USER	setup1	START	1693492457007
REQUEST		sc1	1693492456955	1693492457014	OK	 
REQUEST		sc1 Redirect 1	1693492456974	1693492457017	OK	 
USER	setup1	END	1693492457018
USER	setup1	START	1693492457018
REQUEST		sc1 Redirect 1	1693492456976	1693492457047	OK	 
USER	setup1	END	1693492457047
USER	setup1	START	1693492457048
REQUEST		sc1 Redirect 1	1693492456980	1693492457050	OK	 
REQUEST		sc1 Redirect 1	1693492456997	1693492457050	OK	 
REQUEST		sc1 Redirect 1	1693492457014	1693492457050	OK	 
REQUEST		sc1	1693492457007	1693492457050	OK	 
REQUEST		sc1	1693492456999	1693492457050	OK	 
REQUEST		sc1	1693492457002	1693492457050	OK	 
REQUEST		sc1	1693492456978	1693492457050	OK	 
REQUEST		sc1 Redirect 1	1693492457007	1693492457050	OK	 
USER	setup1	END	1693492457050
USER	setup1	END	1693492457050
USER	setup1	END	1693492457050
USER	setup1	END	1693492457050
USER	setup1	START	1693492457050
USER	setup1	START	1693492457050
USER	setup1	START	1693492457050
USER	setup1	START	1693492457051
REQUEST		sc1 Redirect 1	1693492457050	1693492457064	OK	 
USER	setup1	END	1693492457064
USER	setup1	START	1693492457065
REQUEST		sc1 Redirect 1	1693492457050	1693492457067	OK	 
USER	setup1	END	1693492457067
USER	setup1	START	1693492457068
REQUEST		sc1 Redirect 1	1693492457050	1693492457078	OK	 
REQUEST		sc1 Redirect 1	1693492457050	1693492457078	OK	 
REQUEST		sc1	1693492457018	1693492457078	OK	 
USER	setup1	END	1693492457078
USER	setup1	END	1693492457078
USER	setup1	START	1693492457078
USER	setup1	START	1693492457078
REQUEST		sc1	1693492457047	1693492457083	OK	 
REQUEST		sc1	1693492457050	1693492457084	OK	 
REQUEST		sc1	1693492457050	1693492457095	OK	 
REQUEST		sc1	1693492457050	1693492457095	OK	 
REQUEST		sc1	1693492457050	1693492457099	OK	 
REQUEST		sc1 Redirect 1	1693492457078	1693492457099	OK	 
USER	setup1	END	1693492457099
USER	setup1	START	1693492457100
REQUEST		sc1	1693492457065	1693492457124	OK	 
REQUEST		sc1	1693492457067	1693492457128	OK	 
REQUEST		sc1 Redirect 1	1693492457083	1693492457131	OK	 
USER	setup1	END	1693492457131
USER	setup1	START	1693492457132
REQUEST		sc1 Redirect 1	1693492457084	1693492457138	OK	 
USER	setup1	END	1693492457138
USER	setup1	START	1693492457139
REQUEST		sc1 Redirect 1	1693492457095	1693492457140	OK	 
REQUEST		sc1	1693492457078	1693492457140	OK	 
USER	setup1	END	1693492457140
USER	setup1	START	1693492457140
REQUEST		sc1 Redirect 1	1693492457095	1693492457143	OK	 
USER	setup1	END	1693492457144
REQUEST		sc1	1693492457078	1693492457144	OK	 
USER	setup1	START	1693492457144
REQUEST		sc1 Redirect 1	1693492457124	1693492457163	OK	 
REQUEST		sc1	1693492457100	1693492457163	OK	 
USER	setup1	END	1693492457163
USER	setup1	START	1693492457163
REQUEST		sc1 Redirect 1	1693492457099	1693492457166	OK	 
USER	setup1	END	1693492457166
USER	setup1	START	1693492457166
REQUEST		sc1 Redirect 1	1693492457140	1693492457175	OK	 
USER	setup1	END	1693492457175
USER	setup1	START	1693492457176
REQUEST		sc1 Redirect 1	1693492457128	1693492457178	OK	 
USER	setup1	END	1693492457178
REQUEST		sc1 Redirect 1	1693492457144	1693492457178	OK	 
USER	setup1	START	1693492457178
USER	setup1	END	1693492457178
USER	setup1	START	1693492457179
REQUEST		sc1	1693492457132	1693492457179	OK	 
REQUEST		sc1	1693492457144	1693492457181	OK	 
REQUEST		sc1	1693492457139	1693492457186	OK	 
REQUEST		sc1	1693492457140	1693492457193	OK	 
REQUEST		sc1 Redirect 1	1693492457163	1693492457199	OK	 
USER	setup1	END	1693492457199
USER	setup1	START	1693492457200
REQUEST		sc1 Redirect 1	1693492457181	1693492457208	OK	 
USER	setup1	END	1693492457208
USER	setup1	START	1693492457208
REQUEST		sc1 Redirect 1	1693492457179	1693492457210	OK	 
REQUEST		sc1	1693492457163	1693492457210	OK	 
USER	setup1	END	1693492457210
USER	setup1	START	1693492457210
REQUEST		sc1 Redirect 1	1693492457193	1693492457218	OK	 
REQUEST		sc1 Redirect 1	1693492457186	1693492457218	OK	 
USER	setup1	END	1693492457218
USER	setup1	END	1693492457218
USER	setup1	START	1693492457219
USER	setup1	START	1693492457219
REQUEST		sc1	1693492457176	1693492457221	OK	 
REQUEST		sc1	1693492457166	1693492457221	OK	 
REQUEST		sc1	1693492457178	1693492457228	OK	 
REQUEST		sc1	1693492457179	1693492457240	OK	 
REQUEST		sc1	1693492457199	1693492457240	OK	 
REQUEST		sc1 Redirect 1	1693492457221	1693492457241	OK	 
USER	setup1	END	1693492457241
USER	setup1	START	1693492457241
REQUEST		sc1 Redirect 1	1693492457221	1693492457244	OK	 
USER	setup1	END	1693492457245
USER	setup1	START	1693492457245
REQUEST		sc1 Redirect 1	1693492457210	1693492457247	OK	 
USER	setup1	END	1693492457247
USER	setup1	START	1693492457247
REQUEST		sc1	1693492457210	1693492457248	OK	 
REQUEST		sc1 Redirect 1	1693492457228	1693492457252	OK	 
USER	setup1	END	1693492457252
USER	setup1	START	1693492457252
REQUEST		sc1	1693492457219	1693492457258	OK	 
REQUEST		sc1	1693492457208	1693492457258	OK	 
REQUEST		sc1	1693492457219	1693492457263	OK	 
REQUEST		sc1 Redirect 1	1693492457240	1693492457268	OK	 
USER	setup1	END	1693492457268
USER	setup1	START	1693492457268
REQUEST		sc1 Redirect 1	1693492457240	1693492457269	OK	 
USER	setup1	END	1693492457269
USER	setup1	START	1693492457269
REQUEST		sc1 Redirect 1	1693492457258	1693492457284	OK	 
REQUEST		sc1 Redirect 1	1693492457258	1693492457284	OK	 
REQUEST		sc1 Redirect 1	1693492457249	1693492457284	OK	 
REQUEST		sc1 Redirect 1	1693492457263	1693492457284	OK	 
REQUEST		sc1	1693492457241	1693492457284	OK	 
USER	setup1	END	1693492457284
USER	setup1	END	1693492457284
USER	setup1	END	1693492457284
USER	setup1	END	1693492457284
USER	setup1	START	1693492457284
USER	setup1	START	1693492457284
USER	setup1	START	1693492457284
USER	setup1	START	1693492457284
REQUEST		sc1	1693492457245	1693492457291	OK	 
REQUEST		sc1	1693492457252	1693492457291	OK	 
REQUEST		sc1	1693492457247	1693492457294	OK	 
REQUEST		sc1 Redirect 1	1693492457284	1693492457297	OK	 
USER	setup1	END	1693492457297
USER	setup1	START	1693492457297
REQUEST		sc1 Redirect 1	1693492457291	1693492457310	OK	 
USER	setup1	END	1693492457310
USER	setup1	START	1693492457310
REQUEST		sc1	1693492457268	1693492457311	OK	 
REQUEST		sc1 Redirect 1	1693492457291	1693492457314	OK	 
USER	setup1	END	1693492457314
USER	setup1	START	1693492457314
REQUEST		sc1 Redirect 1	1693492457294	1693492457319	OK	 
REQUEST		sc1	1693492457269	1693492457320	OK	 
USER	setup1	END	1693492457320
USER	setup1	START	1693492457320
REQUEST		sc1	1693492457284	1693492457321	OK	 
REQUEST		sc1	1693492457284	1693492457321	OK	 
REQUEST		sc1	1693492457284	1693492457322	OK	 
REQUEST		sc1	1693492457284	1693492457325	OK	 
REQUEST		sc1 Redirect 1	1693492457311	1693492457327	OK	 
USER	setup1	END	1693492457328
USER	setup1	START	1693492457328
REQUEST		sc1	1693492457297	1693492457330	OK	 
REQUEST		sc1 Redirect 1	1693492457320	1693492457334	OK	 
USER	setup1	END	1693492457335
USER	setup1	START	1693492457335
REQUEST		sc1 Redirect 1	1693492457321	1693492457341	OK	 
USER	setup1	END	1693492457341
USER	setup1	START	1693492457341
REQUEST		sc1 Redirect 1	1693492457321	1693492457351	OK	 
USER	setup1	END	1693492457352
USER	setup1	START	1693492457352
REQUEST		sc1 Redirect 1	1693492457325	1693492457353	OK	 
USER	setup1	END	1693492457353
USER	setup1	START	1693492457353
REQUEST		sc1 Redirect 1	1693492457322	1693492457358	OK	 
USER	setup1	END	1693492457359
USER	setup1	START	1693492457359
REQUEST		sc1	1693492457314	1693492457366	OK	 
REQUEST		sc1	1693492457310	1693492457366	OK	 
REQUEST		sc1	1693492457320	1693492457366	OK	 
REQUEST		sc1 Redirect 1	1693492457330	1693492457369	OK	 
USER	setup1	END	1693492457369
REQUEST		sc1	1693492457328	1693492457373	OK	 
REQUEST		sc1	1693492457335	1693492457386	OK	 
REQUEST		sc1 Redirect 1	1693492457366	1693492457389	OK	 
REQUEST		sc1	1693492457341	1693492457390	OK	 
USER	setup1	END	1693492457390
REQUEST		sc1	1693492457352	1693492457391	OK	 
REQUEST		sc1 Redirect 1	1693492457366	1693492457401	OK	 
REQUEST		sc1 Redirect 1	1693492457366	1693492457401	OK	 
USER	setup1	END	1693492457401
USER	setup1	END	1693492457401
REQUEST		sc1	1693492457353	1693492457404	OK	 
REQUEST		sc1 Redirect 1	1693492457373	1693492457414	OK	 
REQUEST		sc1	1693492457359	1693492457414	OK	 
USER	setup1	END	1693492457414
REQUEST		sc1 Redirect 1	1693492457390	1693492457425	OK	 
USER	setup1	END	1693492457425
REQUEST		sc1 Redirect 1	1693492457386	1693492457429	OK	 
USER	setup1	END	1693492457429
REQUEST		sc1 Redirect 1	1693492457391	1693492457430	OK	 
USER	setup1	END	1693492457430
REQUEST		sc1 Redirect 1	1693492457404	1693492457431	OK	 
USER	setup1	END	1693492457431
REQUEST		sc1 Redirect 1	1693492457414	1693492457432	OK	 
USER	setup1	END	1693492457432
