RUN	com.machinestalk.geenerateclass.MachinesTalk	machinestalk	1693471657375	 	3.9.5
USER	string	START	1693471658148
USER	string	START	1693471658230
USER	string	START	1693471658338
REQUEST		string	1693471658147	1693471658354	OK	 
REQUEST		string	1693471658229	1693471658378	OK	 
USER	string	START	1693471658431
REQUEST		string Redirect 1	1693471658378	1693471658439	OK	 
REQUEST		string Redirect 1	1693471658367	1693471658439	OK	 
USER	string	END	1693471658446
USER	string	END	1693471658446
REQUEST		string	1693471658337	1693471658491	OK	 
USER	string	START	1693471658540
REQUEST		string Redirect 1	1693471658492	1693471658553	OK	 
USER	string	END	1693471658554
REQUEST		string	1693471658431	1693471658591	OK	 
USER	string	START	1693471658633
REQUEST		string Redirect 1	1693471658591	1693471658673	OK	 
REQUEST		string	1693471658539	1693471658673	OK	 
USER	string	END	1693471658674
REQUEST		string Redirect 1	1693471658673	1693471658697	OK	 
USER	string	END	1693471658698
USER	string	START	1693471658741
USER	string	START	1693471658834
REQUEST		string	1693471658633	1693471658856	OK	 
REQUEST		string Redirect 1	1693471658856	1693471658938	OK	 
USER	string	END	1693471658939
USER	string	START	1693471658942
REQUEST		string	1693471658834	1693471659003	OK	 
USER	string	START	1693471659036
REQUEST		string Redirect 1	1693471659003	1693471659103	OK	 
REQUEST		string	1693471658740	1693471659103	OK	 
USER	string	END	1693471659104
USER	string	START	1693471659131
REQUEST		string Redirect 1	1693471659104	1693471659162	OK	 
REQUEST		string	1693471658942	1693471659162	OK	 
USER	string	END	1693471659163
REQUEST		string Redirect 1	1693471659162	1693471659234	OK	 
REQUEST		string	1693471659035	1693471659234	OK	 
USER	string	END	1693471659235
USER	string	START	1693471659239
USER	string	START	1693471659332
REQUEST		string Redirect 1	1693471659234	1693471659337	OK	 
USER	string	END	1693471659338
REQUEST		string	1693471659131	1693471659410	OK	 
USER	string	START	1693471659441
REQUEST		string Redirect 1	1693471659410	1693471659465	OK	 
REQUEST		string	1693471659238	1693471659465	OK	 
USER	string	END	1693471659466
REQUEST		string Redirect 1	1693471659466	1693471659525	OK	 
REQUEST		string	1693471659332	1693471659525	OK	 
USER	string	END	1693471659526
USER	string	START	1693471659535
REQUEST		string Redirect 1	1693471659525	1693471659634	OK	 
USER	string	END	1693471659635
USER	string	START	1693471659643
REQUEST		string	1693471659440	1693471659670	OK	 
REQUEST		string Redirect 1	1693471659671	1693471659699	OK	 
USER	string	END	1693471659700
REQUEST		string	1693471659534	1693471659712	OK	 
USER	string	START	1693471659736
REQUEST		string Redirect 1	1693471659712	1693471659749	OK	 
USER	string	END	1693471659750
REQUEST		string	1693471659643	1693471659756	OK	 
REQUEST		string Redirect 1	1693471659756	1693471659818	OK	 
USER	string	END	1693471659819
USER	string	START	1693471659844
USER	string	START	1693471659937
REQUEST		string	1693471659736	1693471660010	OK	 
USER	string	START	1693471660029
REQUEST		string Redirect 1	1693471660010	1693471660135	OK	 
USER	string	END	1693471660136
USER	string	START	1693471660138
REQUEST		string	1693471659937	1693471660185	OK	 
REQUEST		string	1693471659844	1693471660185	OK	 
USER	string	START	1693471660233
REQUEST		string Redirect 1	1693471660186	1693471660258	OK	 
REQUEST		string Redirect 1	1693471660186	1693471660258	OK	 
REQUEST		string	1693471660029	1693471660258	OK	 
USER	string	END	1693471660259
USER	string	END	1693471660259
USER	string	START	1693471660326
REQUEST		string Redirect 1	1693471660258	1693471660398	OK	 
REQUEST		string	1693471660138	1693471660398	OK	 
USER	string	END	1693471660399
USER	string	START	1693471660434
REQUEST		string	1693471660233	1693471660472	OK	 
USER	string	START	1693471660527
REQUEST		string Redirect 1	1693471660473	1693471660538	OK	 
REQUEST		string Redirect 1	1693471660399	1693471660538	OK	 
USER	string	END	1693471660539
USER	string	END	1693471660539
REQUEST		string	1693471660326	1693471660566	OK	 
USER	string	START	1693471660636
REQUEST		string	1693471660527	1693471660721	OK	 
USER	string	START	1693471660729
REQUEST		string Redirect 1	1693471660567	1693471660832	OK	 
USER	string	END	1693471660833
USER	string	START	1693471660838
REQUEST		string	1693471660729	1693471660906	OK	 
USER	string	START	1693471660932
REQUEST		string Redirect 1	1693471660722	1693471660996	OK	 
REQUEST		string Redirect 1	1693471660906	1693471660996	OK	 
REQUEST		string	1693471660636	1693471660996	OK	 
REQUEST		string	1693471660838	1693471660996	OK	 
USER	string	END	1693471660997
USER	string	END	1693471660997
USER	string	START	1693471661027
REQUEST		string Redirect 1	1693471660996	1693471661052	OK	 
REQUEST		string Redirect 1	1693471660996	1693471661052	OK	 
USER	string	END	1693471661053
USER	string	END	1693471661053
REQUEST		string	1693471660931	1693471661121	OK	 
USER	string	START	1693471661140
REQUEST		string Redirect 1	1693471661122	1693471661147	OK	 
USER	string	END	1693471661148
USER	string	START	1693471661228
REQUEST		string	1693471661139	1693471661265	OK	 
USER	string	START	1693471661338
REQUEST		string Redirect 1	1693471661265	1693471661368	OK	 
USER	string	END	1693471661369
USER	string	START	1693471661431
REQUEST		string	1693471661228	1693471661440	OK	 
REQUEST		string Redirect 1	1693471661440	1693471661504	OK	 
USER	string	END	1693471661505
USER	string	START	1693471661540
USER	string	START	1693471661632
USER	string	START	1693471661726
USER	string	START	1693471661837
REQUEST		string	1693471660434	1693471661849	OK	 
REQUEST		string	1693471661430	1693471661849	OK	 
REQUEST		string	1693471661539	1693471661903	OK	 
USER	string	START	1693471661933
USER	string	START	1693471662027
USER	string	START	1693471662136
USER	string	START	1693471662229
USER	string	START	1693471662337
REQUEST		string	1693471661725	1693471662339	OK	 
REQUEST		string Redirect 1	1693471661904	1693471662373	OK	 
REQUEST		string Redirect 1	1693471661849	1693471662373	OK	 
USER	string	END	1693471662374
USER	string	END	1693471662374
USER	string	START	1693471662430
USER	string	START	1693471662540
REQUEST		string	1693471662337	1693471662570	OK	 
USER	string	START	1693471662632
USER	string	START	1693471662742
REQUEST		string	1693471661632	1693471662753	OK	 
USER	string	START	1693471662836
USER	string	START	1693471662929
REQUEST		string Redirect 1	1693471662570	1693471662937	OK	 
REQUEST		string Redirect 1	1693471662755	1693471662937	OK	 
USER	string	END	1693471662939
USER	string	END	1693471662939
USER	string	START	1693471663038
REQUEST		string	1693471662430	1693471663598	OK	 
REQUEST		string	1693471662539	1693471663806	OK	 
REQUEST		string Redirect 1	1693471663599	1693471664303	OK	 
REQUEST		string Redirect 1	1693471663806	1693471664303	OK	 
USER	string	END	1693471664304
USER	string	END	1693471664304
REQUEST		string	1693471662228	1693471664668	OK	 
REQUEST		string Redirect 1	1693471661849	1693471664677	OK	 
USER	string	END	1693471664678
REQUEST		string	1693471662135	1693471664681	OK	 
REQUEST		string	1693471662631	1693471664851	OK	 
REQUEST		string Redirect 1	1693471664682	1693471665047	OK	 
REQUEST		string Redirect 1	1693471664669	1693471665047	OK	 
REQUEST		string	1693471661932	1693471665047	OK	 
USER	string	END	1693471665049
USER	string	END	1693471665049
REQUEST		string Redirect 1	1693471664852	1693471665139	OK	 
USER	string	END	1693471665141
REQUEST		string Redirect 1	1693471665048	1693471665159	OK	 
USER	string	END	1693471665161
REQUEST		string	1693471662741	1693471665248	OK	 
REQUEST		string	1693471662929	1693471665248	OK	 
REQUEST		string	1693471662834	1693471665248	OK	 
REQUEST		string Redirect 1	1693471665249	1693471665304	OK	 
USER	string	END	1693471665306
REQUEST		string Redirect 1	1693471665249	1693471665310	OK	 
USER	string	END	1693471665312
REQUEST		string Redirect 1	1693471662340	1693471665346	OK	 
USER	string	END	1693471665348
REQUEST		string	1693471661836	1693471665355	OK	 
REQUEST		string Redirect 1	1693471665249	1693471665355	OK	 
USER	string	END	1693471665356
REQUEST		string Redirect 1	1693471665356	1693471665439	OK	 
USER	string	END	1693471665441
REQUEST		string	1693471661027	1693471668138	OK	 
REQUEST		string	1693471662026	1693471668151	OK	 
REQUEST		string Redirect 1	1693471668151	1693471668707	OK	 
USER	string	END	1693471668708
REQUEST		string Redirect 1	1693471668138	1693471669459	OK	 
USER	string	END	1693471669461
REQUEST		string	1693471661338	1693471669728	OK	 
REQUEST		string Redirect 1	1693471669729	1693471669875	OK	 
USER	string	END	1693471669875
REQUEST		string	1693471663037	1693471673669	OK	 
REQUEST		string Redirect 1	1693471673669	1693471673991	OK	 
USER	string	END	1693471673991
