RUN	com.machinestalk.geenerateclass.MachinesTalk	machinestalk	1693472291412	 	3.9.5
USER	string	START	1693472292349
USER	string	START	1693472292433
USER	string	START	1693472292529
REQUEST		string	1693472292348	1693472292555	OK	 
USER	string	START	1693472292633
REQUEST		string	1693472292433	1693472292671	OK	 
REQUEST		string Redirect 1	1693472292586	1693472292677	OK	 
USER	string	END	1693472292690
REQUEST		string Redirect 1	1693472292673	1693472292713	OK	 
REQUEST		string	1693472292528	1693472292713	OK	 
USER	string	END	1693472292714
USER	string	START	1693472292730
REQUEST		string Redirect 1	1693472292714	1693472292792	OK	 
REQUEST		string	1693472292632	1693472292792	OK	 
USER	string	END	1693472292793
USER	string	START	1693472292834
REQUEST		string Redirect 1	1693472292792	1693472292861	OK	 
USER	string	END	1693472292862
REQUEST		string	1693472292729	1693472292932	OK	 
USER	string	START	1693472292935
REQUEST		string Redirect 1	1693472292933	1693472292999	OK	 
REQUEST		string	1693472292834	1693472292999	OK	 
USER	string	END	1693472293001
USER	string	START	1693472293036
USER	string	START	1693472293133
REQUEST		string Redirect 1	1693472293000	1693472293171	OK	 
USER	string	END	1693472293172
REQUEST		string	1693472292932	1693472293211	OK	 
USER	string	START	1693472293237
REQUEST		string Redirect 1	1693472293211	1693472293248	OK	 
REQUEST		string	1693472293035	1693472293248	OK	 
USER	string	END	1693472293248
USER	string	START	1693472293334
REQUEST		string Redirect 1	1693472293248	1693472293359	OK	 
REQUEST		string	1693472293132	1693472293359	OK	 
USER	string	END	1693472293362
REQUEST		string Redirect 1	1693472293360	1693472293392	OK	 
REQUEST		string	1693472293237	1693472293392	OK	 
USER	string	END	1693472293393
USER	string	START	1693472293432
REQUEST		string	1693472293334	1693472293464	OK	 
REQUEST		string Redirect 1	1693472293393	1693472293464	OK	 
USER	string	END	1693472293465
REQUEST		string Redirect 1	1693472293465	1693472293509	OK	 
USER	string	END	1693472293510
USER	string	START	1693472293536
REQUEST		string	1693472293432	1693472293540	OK	 
USER	string	START	1693472293635
REQUEST		string Redirect 1	1693472293540	1693472293653	OK	 
USER	string	END	1693472293656
USER	string	START	1693472293732
REQUEST		string	1693472293634	1693472293822	OK	 
REQUEST		string	1693472293535	1693472293822	OK	 
USER	string	START	1693472293835
REQUEST		string Redirect 1	1693472293824	1693472293925	OK	 
REQUEST		string Redirect 1	1693472293824	1693472293925	OK	 
REQUEST		string	1693472293731	1693472293925	OK	 
USER	string	END	1693472293927
USER	string	END	1693472293927
USER	string	START	1693472293934
USER	string	START	1693472294038
REQUEST		string Redirect 1	1693472293926	1693472294042	OK	 
USER	string	END	1693472294044
USER	string	START	1693472294134
USER	string	START	1693472294231
REQUEST		string	1693472293834	1693472294255	OK	 
REQUEST		string	1693472293932	1693472294268	OK	 
USER	string	START	1693472294335
REQUEST		string Redirect 1	1693472294255	1693472294389	OK	 
REQUEST		string	1693472294133	1693472294389	OK	 
REQUEST		string	1693472294037	1693472294389	OK	 
USER	string	END	1693472294390
REQUEST		string Redirect 1	1693472294268	1693472294400	OK	 
USER	string	END	1693472294402
USER	string	START	1693472294432
REQUEST		string Redirect 1	1693472294390	1693472294504	OK	 
REQUEST		string Redirect 1	1693472294390	1693472294504	OK	 
USER	string	END	1693472294505
USER	string	END	1693472294505
USER	string	START	1693472294529
REQUEST		string	1693472294231	1693472294580	OK	 
USER	string	START	1693472294632
REQUEST		string Redirect 1	1693472294580	1693472294675	OK	 
REQUEST		string	1693472294335	1693472294675	OK	 
REQUEST		string	1693472294432	1693472294675	OK	 
USER	string	END	1693472294677
USER	string	START	1693472294731
REQUEST		string Redirect 1	1693472294676	1693472294761	OK	 
REQUEST		string Redirect 1	1693472294676	1693472294761	OK	 
REQUEST		string	1693472294528	1693472294761	OK	 
USER	string	END	1693472294762
USER	string	END	1693472294762
REQUEST		string Redirect 1	1693472294761	1693472294810	OK	 
REQUEST		string	1693472294632	1693472294810	OK	 
USER	string	END	1693472294810
USER	string	START	1693472294836
REQUEST		string Redirect 1	1693472294810	1693472294876	OK	 
REQUEST		string	1693472294730	1693472294876	OK	 
USER	string	END	1693472294878
REQUEST		string Redirect 1	1693472294877	1693472294917	OK	 
USER	string	END	1693472294919
USER	string	START	1693472294932
REQUEST		string	1693472294835	1693472295015	OK	 
USER	string	START	1693472295029
REQUEST		string Redirect 1	1693472295015	1693472295054	OK	 
USER	string	END	1693472295055
REQUEST		string	1693472294931	1693472295100	OK	 
USER	string	START	1693472295133
REQUEST		string Redirect 1	1693472295101	1693472295196	OK	 
USER	string	END	1693472295197
USER	string	START	1693472295230
REQUEST		string	1693472295028	1693472295271	OK	 
REQUEST		string	1693472295133	1693472295323	OK	 
USER	string	START	1693472295349
REQUEST		string Redirect 1	1693472295272	1693472295372	OK	 
REQUEST		string	1693472295229	1693472295372	OK	 
USER	string	END	1693472295372
REQUEST		string Redirect 1	1693472295372	1693472295401	OK	 
REQUEST		string Redirect 1	1693472295323	1693472295401	OK	 
USER	string	END	1693472295401
USER	string	END	1693472295402
USER	string	START	1693472295432
USER	string	START	1693472295529
REQUEST		string	1693472295348	1693472295598	OK	 
USER	string	START	1693472295634
REQUEST		string	1693472295431	1693472295654	OK	 
REQUEST		string Redirect 1	1693472295599	1693472295670	OK	 
USER	string	END	1693472295671
REQUEST		string Redirect 1	1693472295655	1693472295673	OK	 
USER	string	END	1693472295673
USER	string	START	1693472295731
REQUEST		string	1693472295529	1693472295739	OK	 
REQUEST		string Redirect 1	1693472295739	1693472295767	OK	 
REQUEST		string	1693472295633	1693472295767	OK	 
USER	string	END	1693472295768
USER	string	START	1693472295834
REQUEST		string Redirect 1	1693472295767	1693472295865	OK	 
USER	string	END	1693472295866
REQUEST		string	1693472295730	1693472295900	OK	 
REQUEST		string	1693472295833	1693472295915	OK	 
REQUEST		string Redirect 1	1693472295901	1693472295925	OK	 
USER	string	END	1693472295926
USER	string	START	1693472295932
REQUEST		string Redirect 1	1693472295915	1693472295941	OK	 
USER	string	END	1693472295942
REQUEST		string	1693472295932	1693472295971	OK	 
REQUEST		string Redirect 1	1693472295972	1693472295989	OK	 
USER	string	END	1693472295990
USER	string	START	1693472296029
REQUEST		string	1693472296029	1693472296070	OK	 
REQUEST		string Redirect 1	1693472296071	1693472296088	OK	 
USER	string	END	1693472296088
USER	string	START	1693472296133
REQUEST		string	1693472296133	1693472296198	OK	 
REQUEST		string Redirect 1	1693472296198	1693472296228	OK	 
USER	string	END	1693472296229
USER	string	START	1693472296231
USER	string	START	1693472296335
REQUEST		string	1693472296231	1693472296398	OK	 
USER	string	START	1693472296432
REQUEST		string Redirect 1	1693472296399	1693472296439	OK	 
USER	string	END	1693472296439
REQUEST		string	1693472296335	1693472296446	OK	 
REQUEST		string Redirect 1	1693472296447	1693472296466	OK	 
USER	string	END	1693472296467
REQUEST		string	1693472296431	1693472296469	OK	 
REQUEST		string Redirect 1	1693472296469	1693472296483	OK	 
USER	string	END	1693472296484
USER	string	START	1693472296529
REQUEST		string	1693472296528	1693472296598	OK	 
REQUEST		string Redirect 1	1693472296598	1693472296618	OK	 
USER	string	END	1693472296619
USER	string	START	1693472296633
REQUEST		string	1693472296632	1693472296689	OK	 
REQUEST		string Redirect 1	1693472296690	1693472296703	OK	 
USER	string	END	1693472296704
USER	string	START	1693472296730
REQUEST		string	1693472296729	1693472296792	OK	 
REQUEST		string Redirect 1	1693472296792	1693472296814	OK	 
USER	string	END	1693472296814
USER	string	START	1693472296834
REQUEST		string	1693472296833	1693472296888	OK	 
REQUEST		string Redirect 1	1693472296888	1693472296908	OK	 
USER	string	END	1693472296908
USER	string	START	1693472296931
REQUEST		string	1693472296931	1693472297002	OK	 
REQUEST		string Redirect 1	1693472297002	1693472297013	OK	 
USER	string	END	1693472297015
USER	string	START	1693472297028
REQUEST		string	1693472297028	1693472297091	OK	 
REQUEST		string Redirect 1	1693472297091	1693472297118	OK	 
USER	string	END	1693472297119
USER	string	START	1693472297134
USER	string	START	1693472297230
REQUEST		string	1693472297134	1693472297267	OK	 
REQUEST		string Redirect 1	1693472297268	1693472297347	OK	 
USER	string	END	1693472297348
REQUEST		string	1693472297229	1693472297411	OK	 
REQUEST		string Redirect 1	1693472297411	1693472297473	OK	 
USER	string	END	1693472297474
