RUN	com.machinestalk.geenerateclass.MachinesTalk	machinestalk	1693314913610	 	3.9.5
USER	string	START	1693314919353
USER	string	START	1693314919353
USER	string	START	1693314919353
USER	string	START	1693314919361
USER	string	START	1693314919361
USER	string	START	1693314919377
USER	string	START	1693314919393
USER	string	START	1693314919393
USER	string	START	1693314919409
USER	string	START	1693314919425
USER	string	START	1693314919425
USER	string	START	1693314919441
USER	string	START	1693314919456
USER	string	START	1693314919456
USER	string	START	1693314919471
USER	string	START	1693314919487
USER	string	START	1693314919487
USER	string	START	1693314919503
USER	string	START	1693314919503
USER	string	START	1693314919519
USER	string	START	1693314919535
USER	string	START	1693314919535
USER	string	START	1693314919549
USER	string	START	1693314919564
USER	string	START	1693314919565
USER	string	START	1693314919574
USER	string	START	1693314919584
USER	string	START	1693314919597
USER	string	START	1693314919613
USER	string	START	1693314919628
USER	string	START	1693314919628
USER	string	START	1693314919644
USER	string	START	1693314919644
USER	string	START	1693314919659
USER	string	START	1693314919675
USER	string	START	1693314919675
USER	string	START	1693314919691
USER	string	START	1693314919707
USER	string	START	1693314919707
USER	string	START	1693314919723
USER	string	START	1693314919739
USER	string	START	1693314919739
USER	string	START	1693314919755
USER	string	START	1693314919755
USER	string	START	1693314919770
USER	string	START	1693314919786
USER	string	START	1693314919786
USER	string	START	1693314919797
USER	string	START	1693314919817
USER	string	START	1693314919817
USER	string	START	1693314919832
USER	string	START	1693314919834
USER	string	START	1693314919843
USER	string	START	1693314919853
USER	string	START	1693314919879
USER	string	START	1693314919879
USER	string	START	1693314919883
USER	string	START	1693314919904
USER	string	START	1693314919910
USER	string	START	1693314919915
USER	string	START	1693314919925
USER	string	START	1693314919935
USER	string	START	1693314919944
USER	string	START	1693314919955
USER	string	START	1693314919971
USER	string	START	1693314919987
USER	string	START	1693314919987
USER	string	START	1693314919994
USER	string	START	1693314920018
USER	string	START	1693314920018
USER	string	START	1693314920033
USER	string	START	1693314920049
USER	string	START	1693314920049
USER	string	START	1693314920065
USER	string	START	1693314920065
USER	string	START	1693314920080
USER	string	START	1693314920097
USER	string	START	1693314920097
USER	string	START	1693314920113
USER	string	START	1693314920129
USER	string	START	1693314920129
USER	string	START	1693314920144
USER	string	START	1693314920159
USER	string	START	1693314920159
USER	string	START	1693314920174
USER	string	START	1693314920189
USER	string	START	1693314920190
USER	string	START	1693314920205
USER	string	START	1693314920220
USER	string	START	1693314920220
USER	string	START	1693314920235
USER	string	START	1693314920235
USER	string	START	1693314920251
USER	string	START	1693314920267
USER	string	START	1693314920267
USER	string	START	1693314920282
USER	string	START	1693314920298
USER	string	START	1693314920299
USER	string	START	1693314920313
USER	string	START	1693314920328
USER	string	START	1693314920328
USER	string	START	1693314920344
USER	string	START	1693314920344
USER	string	START	1693314920360
USER	string	START	1693314920360
USER	string	START	1693314920376
USER	string	START	1693314920384
USER	string	START	1693314920391
USER	string	START	1693314920406
USER	string	START	1693314920421
USER	string	START	1693314920421
USER	string	START	1693314920437
USER	string	START	1693314920453
USER	string	START	1693314920469
USER	string	START	1693314920469
REQUEST		string	1693314919596	1693314920450	OK	 
REQUEST		string	1693314919351	1693314920450	OK	 
REQUEST		string	1693314919351	1693314920450	OK	 
REQUEST		string	1693314919440	1693314920450	OK	 
REQUEST		string	1693314919455	1693314920450	OK	 
REQUEST		string	1693314919471	1693314920450	OK	 
REQUEST		string	1693314919360	1693314920450	OK	 
REQUEST		string	1693314919351	1693314920450	OK	 
REQUEST		string	1693314919486	1693314920450	OK	 
REQUEST		string	1693314919564	1693314920451	OK	 
REQUEST		string	1693314919424	1693314920451	OK	 
REQUEST		string	1693314919360	1693314920484	OK	 
USER	string	START	1693314920484
REQUEST		string	1693314919612	1693314920484	OK	 
USER	string	START	1693314920486
USER	string	START	1693314920501
USER	string	START	1693314920501
USER	string	START	1693314920508
USER	string	START	1693314920530
USER	string	START	1693314920533
USER	string	START	1693314920550
USER	string	START	1693314920550
USER	string	START	1693314920565
USER	string	START	1693314920581
USER	string	START	1693314920581
USER	string	START	1693314920596
USER	string	START	1693314920612
USER	string	START	1693314920612
USER	string	START	1693314920628
USER	string	START	1693314920643
USER	string	START	1693314920643
USER	string	START	1693314920650
USER	string	START	1693314920673
USER	string	START	1693314920673
USER	string	START	1693314920689
REQUEST		string	1693314919549	1693314920702	OK	 
REQUEST		string	1693314919573	1693314920702	OK	 
REQUEST		string	1693314919533	1693314920702	OK	 
REQUEST		string	1693314919583	1693314920702	OK	 
REQUEST		string	1693314919627	1693314920703	OK	 
REQUEST		string	1693314919502	1693314920703	OK	 
REQUEST		string	1693314919424	1693314920703	OK	 
REQUEST		string	1693314919502	1693314920703	OK	 
REQUEST		string	1693314919643	1693314920704	OK	 
REQUEST		string	1693314919658	1693314920704	OK	 
USER	string	START	1693314920704
REQUEST		string	1693314919392	1693314920704	OK	 
REQUEST		string	1693314919563	1693314920705	OK	 
REQUEST		string	1693314919627	1693314920705	OK	 
REQUEST		string	1693314919533	1693314920706	OK	 
USER	string	START	1693314920707
REQUEST		string	1693314919392	1693314920717	OK	 
USER	string	START	1693314920719
USER	string	START	1693314920719
REQUEST		string	1693314919376	1693314920734	OK	 
REQUEST		string	1693314919674	1693314920734	OK	 
REQUEST		string	1693314919674	1693314920734	OK	 
REQUEST		string	1693314919853	1693314920735	OK	 
REQUEST		string	1693314919643	1693314920736	OK	 
REQUEST		string	1693314920173	1693314920736	OK	 
USER	string	START	1693314920736
REQUEST		string	1693314919796	1693314920736	OK	 
REQUEST		string	1693314920017	1693314920736	OK	 
REQUEST		string	1693314920128	1693314920738	OK	 
USER	string	START	1693314920751
USER	string	START	1693314920751
REQUEST		string Redirect 1	1693314920481	1693314920753	OK	 
REQUEST		string Redirect 1	1693314920481	1693314920753	OK	 
REQUEST		string Redirect 1	1693314920481	1693314920753	OK	 
REQUEST		string Redirect 1	1693314920481	1693314920753	OK	 
REQUEST		string Redirect 1	1693314920481	1693314920753	OK	 
USER	string	END	1693314920767
USER	string	END	1693314920767
USER	string	END	1693314920767
USER	string	END	1693314920767
USER	string	END	1693314920767
USER	string	START	1693314920767
USER	string	START	1693314920784
USER	string	START	1693314920784
REQUEST		string Redirect 1	1693314920482	1693314920794	OK	 
REQUEST		string Redirect 1	1693314920485	1693314920794	OK	 
REQUEST		string	1693314919914	1693314920794	OK	 
USER	string	END	1693314920795
USER	string	END	1693314920795
USER	string	START	1693314920799
USER	string	START	1693314920799
REQUEST		string	1693314920189	1693314920811	OK	 
REQUEST		string	1693314920064	1693314920811	OK	 
USER	string	START	1693314920815
REQUEST		string	1693314919909	1693314920825	OK	 
REQUEST		string	1693314919987	1693314920825	OK	 
REQUEST		string	1693314919987	1693314920825	OK	 
REQUEST		string	1693314919878	1693314920825	OK	 
REQUEST		string Redirect 1	1693314920481	1693314920825	OK	 
REQUEST		string	1693314920128	1693314920825	OK	 
REQUEST		string	1693314919817	1693314920826	OK	 
REQUEST		string	1693314919878	1693314920825	OK	 
REQUEST		string	1693314919924	1693314920826	OK	 
REQUEST		string	1693314920143	1693314920826	OK	 
REQUEST		string	1693314920219	1693314920826	OK	 
REQUEST		string	1693314920032	1693314920826	OK	 
REQUEST		string	1693314920219	1693314920826	OK	 
REQUEST		string	1693314920096	1693314920826	OK	 
USER	string	END	1693314920827
REQUEST		string	1693314919883	1693314920827	OK	 
REQUEST		string	1693314920080	1693314920827	OK	 
REQUEST		string	1693314920158	1693314920828	OK	 
REQUEST		string Redirect 1	1693314920485	1693314920828	OK	 
REQUEST		string	1693314920064	1693314920828	OK	 
REQUEST		string	1693314919943	1693314920828	OK	 
USER	string	END	1693314920829
USER	string	START	1693314920829
REQUEST		string Redirect 1	1693314920482	1693314920829	OK	 
USER	string	END	1693314920830
USER	string	START	1693314920831
REQUEST		string Redirect 1	1693314920703	1693314920844	OK	 
REQUEST		string Redirect 1	1693314920703	1693314920844	OK	 
REQUEST		string Redirect 1	1693314920703	1693314920844	OK	 
REQUEST		string Redirect 1	1693314920703	1693314920845	OK	 
REQUEST		string	1693314920112	1693314920844	OK	 
USER	string	END	1693314920845
USER	string	END	1693314920845
USER	string	END	1693314920845
USER	string	END	1693314920845
USER	string	START	1693314920847
USER	string	START	1693314920863
USER	string	START	1693314920863
USER	string	START	1693314920878
REQUEST		string Redirect 1	1693314920703	1693314920884	OK	 
REQUEST		string Redirect 1	1693314920706	1693314920885	OK	 
REQUEST		string	1693314919843	1693314920884	OK	 
REQUEST		string	1693314919903	1693314920884	OK	 
REQUEST		string Redirect 1	1693314920703	1693314920885	OK	 
REQUEST		string Redirect 1	1693314920718	1693314920886	OK	 
USER	string	END	1693314920886
USER	string	END	1693314920886
USER	string	END	1693314920886
REQUEST		string	1693314919994	1693314920886	OK	 
REQUEST		string Redirect 1	1693314920703	1693314920886	OK	 
REQUEST		string	1693314919971	1693314920886	OK	 
USER	string	END	1693314920886
USER	string	END	1693314920886
USER	string	START	1693314920893
USER	string	START	1693314920893
USER	string	START	1693314920909
USER	string	START	1693314920909
REQUEST		string	1693314920328	1693314920910	OK	 
USER	string	START	1693314920924
USER	string	START	1693314920940
USER	string	START	1693314920940
REQUEST		string Redirect 1	1693314920735	1693314920955	OK	 
REQUEST		string Redirect 1	1693314920736	1693314920955	OK	 
REQUEST		string Redirect 1	1693314920735	1693314920955	OK	 
REQUEST		string Redirect 1	1693314920705	1693314920955	OK	 
REQUEST		string	1693314920266	1693314920955	OK	 
USER	string	END	1693314920956
USER	string	END	1693314920956
REQUEST		string Redirect 1	1693314920735	1693314920956	OK	 
USER	string	END	1693314920956
USER	string	END	1693314920956
USER	string	END	1693314920957
USER	string	START	1693314920957
REQUEST		string	1693314920298	1693314920959	OK	 
USER	string	START	1693314920971
USER	string	START	1693314920971
USER	string	START	1693314920987
USER	string	START	1693314921002
USER	string	START	1693314921002
USER	string	START	1693314921018
REQUEST		string Redirect 1	1693314920737	1693314921020	OK	 
REQUEST		string	1693314920328	1693314921020	OK	 
REQUEST		string	1693314920360	1693314921020	OK	 
REQUEST		string	1693314920375	1693314921020	OK	 
REQUEST		string Redirect 1	1693314920736	1693314921021	OK	 
REQUEST		string	1693314920313	1693314921021	OK	 
REQUEST		string	1693314920360	1693314921020	OK	 
REQUEST		string	1693314920266	1693314921020	OK	 
REQUEST		string Redirect 1	1693314920811	1693314921022	OK	 
USER	string	END	1693314921023
USER	string	END	1693314921023
USER	string	END	1693314921023
USER	string	START	1693314921023
REQUEST		string Redirect 1	1693314920811	1693314921025	OK	 
USER	string	END	1693314921026
REQUEST		string Redirect 1	1693314920794	1693314921033	OK	 
USER	string	START	1693314921034
USER	string	END	1693314921034
REQUEST		string Redirect 1	1693314920825	1693314921042	OK	 
USER	string	END	1693314921043
USER	string	START	1693314921049
USER	string	START	1693314921049
REQUEST		string Redirect 1	1693314920825	1693314921053	OK	 
REQUEST		string Redirect 1	1693314920826	1693314921053	OK	 
REQUEST		string Redirect 1	1693314920826	1693314921053	OK	 
REQUEST		string Redirect 1	1693314920826	1693314921053	OK	 
REQUEST		string	1693314920390	1693314921053	OK	 
REQUEST		string Redirect 1	1693314920826	1693314921053	OK	 
USER	string	END	1693314921054
USER	string	END	1693314921054
USER	string	END	1693314921054
USER	string	END	1693314921054
USER	string	END	1693314921054
USER	string	START	1693314921064
USER	string	START	1693314921080
USER	string	START	1693314921080
USER	string	START	1693314921096
REQUEST		string Redirect 1	1693314920827	1693314921105	OK	 
REQUEST		string Redirect 1	1693314920845	1693314921105	OK	 
REQUEST		string Redirect 1	1693314920826	1693314921105	OK	 
REQUEST		string Redirect 1	1693314920826	1693314921105	OK	 
REQUEST		string	1693314920384	1693314921105	OK	 
REQUEST		string Redirect 1	1693314920826	1693314921105	OK	 
USER	string	END	1693314921106
USER	string	END	1693314921106
USER	string	END	1693314921106
USER	string	END	1693314921106
USER	string	END	1693314921106
USER	string	START	1693314921106
USER	string	START	1693314921111
USER	string	START	1693314921125
REQUEST		string Redirect 1	1693314920828	1693314921127	OK	 
REQUEST		string Redirect 1	1693314920826	1693314921127	OK	 
REQUEST		string	1693314920405	1693314921127	OK	 
REQUEST		string Redirect 1	1693314920828	1693314921128	OK	 
REQUEST		string Redirect 1	1693314920704	1693314921128	OK	 
USER	string	END	1693314921129
USER	string	END	1693314921129
USER	string	END	1693314921129
USER	string	END	1693314921129
USER	string	START	1693314921130
USER	string	START	1693314921142
REQUEST		string Redirect 1	1693314920885	1693314921154	OK	 
REQUEST		string Redirect 1	1693314920704	1693314921154	OK	 
REQUEST		string	1693314920469	1693314921154	OK	 
REQUEST		string	1693314920421	1693314921154	OK	 
REQUEST		string	1693314920421	1693314921154	OK	 
REQUEST		string Redirect 1	1693314920885	1693314921154	OK	 
REQUEST		string Redirect 1	1693314920886	1693314921154	OK	 
REQUEST		string	1693314920437	1693314921156	OK	 
REQUEST		string	1693314920453	1693314921156	OK	 
USER	string	END	1693314921156
USER	string	END	1693314921156
USER	string	END	1693314921156
USER	string	END	1693314921156
REQUEST		string	1693314920484	1693314921156	OK	 
USER	string	START	1693314921157
REQUEST		string Redirect 1	1693314920886	1693314921165	OK	 
USER	string	END	1693314921166
USER	string	START	1693314921173
USER	string	START	1693314921173
USER	string	START	1693314921188
USER	string	START	1693314921204
USER	string	START	1693314921204
USER	string	START	1693314921220
REQUEST		string Redirect 1	1693314920959	1693314921226	OK	 
REQUEST		string	1693314920469	1693314921226	OK	 
REQUEST		string	1693314920530	1693314921226	OK	 
REQUEST		string	1693314920508	1693314921226	OK	 
REQUEST		string	1693314920486	1693314921226	OK	 
USER	string	START	1693314921228
REQUEST		string	1693314920533	1693314921227	OK	 
REQUEST		string Redirect 1	1693314921022	1693314921228	OK	 
REQUEST		string Redirect 1	1693314921021	1693314921228	OK	 
REQUEST		string	1693314920549	1693314921228	OK	 
REQUEST		string	1693314920501	1693314921229	OK	 
REQUEST		string	1693314920204	1693314921230	OK	 
REQUEST		string Redirect 1	1693314921021	1693314921230	OK	 
USER	string	END	1693314921230
USER	string	END	1693314921230
USER	string	END	1693314921230
REQUEST		string Redirect 1	1693314920955	1693314921230	OK	 
USER	string	END	1693314921230
REQUEST		string	1693314920580	1693314921230	OK	 
USER	string	END	1693314921235
USER	string	START	1693314921236
REQUEST		string	1693314920565	1693314921241	OK	 
REQUEST		string	1693314920703	1693314921241	OK	 
REQUEST		string	1693314920550	1693314921241	OK	 
REQUEST		string Redirect 1	1693314921021	1693314921242	OK	 
USER	string	END	1693314921243
USER	string	START	1693314921251
USER	string	START	1693314921251
REQUEST		string Redirect 1	1693314921022	1693314921255	OK	 
REQUEST		string	1693314920611	1693314921255	OK	 
REQUEST		string	1693314920642	1693314921255	OK	 
REQUEST		string	1693314920580	1693314921255	OK	 
REQUEST		string	1693314920673	1693314921255	OK	 
REQUEST		string	1693314920649	1693314921255	OK	 
REQUEST		string	1693314920718	1693314921255	OK	 
REQUEST		string	1693314919706	1693314921255	OK	 
REQUEST		string Redirect 1	1693314921054	1693314921255	OK	 
REQUEST		string Redirect 1	1693314921105	1693314921256	OK	 
REQUEST		string Redirect 1	1693314921022	1693314921256	OK	 
REQUEST		string	1693314920719	1693314921256	OK	 
REQUEST		string	1693314920501	1693314921256	OK	 
REQUEST		string	1693314919754	1693314921257	OK	 
USER	string	END	1693314921257
USER	string	END	1693314921257
USER	string	END	1693314921257
REQUEST		string Redirect 1	1693314920911	1693314921257	OK	 
USER	string	END	1693314921257
USER	string	END	1693314921258
USER	string	START	1693314921266
REQUEST		string Redirect 1	1693314921128	1693314921279	OK	 
REQUEST		string	1693314919738	1693314921279	OK	 
REQUEST		string	1693314919755	1693314921279	OK	 
REQUEST		string	1693314919738	1693314921279	OK	 
REQUEST		string	1693314920767	1693314921279	OK	 
REQUEST		string	1693314920751	1693314921279	OK	 
REQUEST		string	1693314920751	1693314921279	OK	 
USER	string	END	1693314921280
REQUEST		string	1693314919786	1693314921280	OK	 
USER	string	START	1693314921281
USER	string	START	1693314921281
USER	string	START	1693314921297
USER	string	START	1693314921312
USER	string	START	1693314921312
REQUEST		string Redirect 1	1693314921157	1693314921316	OK	 
REQUEST		string Redirect 1	1693314921155	1693314921316	OK	 
USER	string	END	1693314921317
USER	string	END	1693314921317
REQUEST		string	1693314919770	1693314921339	OK	 
REQUEST		string	1693314920783	1693314921339	OK	 
REQUEST		string Redirect 1	1693314921156	1693314921339	OK	 
USER	string	END	1693314921340
REQUEST		string Redirect 1	1693314921155	1693314921369	OK	 
REQUEST		string Redirect 1	1693314921156	1693314921369	OK	 
REQUEST		string	1693314920799	1693314921369	OK	 
REQUEST		string	1693314920783	1693314921370	OK	 
REQUEST		string Redirect 1	1693314921155	1693314921370	OK	 
REQUEST		string	1693314920799	1693314921370	OK	 
USER	string	END	1693314921371
USER	string	END	1693314921371
USER	string	END	1693314921372
REQUEST		string Redirect 1	1693314921227	1693314921372	OK	 
USER	string	END	1693314921374
REQUEST		string Redirect 1	1693314921227	1693314921404	OK	 
USER	string	END	1693314921405
REQUEST		string Redirect 1	1693314921227	1693314921428	OK	 
REQUEST		string	1693314920829	1693314921428	OK	 
REQUEST		string	1693314919786	1693314921428	OK	 
REQUEST		string	1693314919518	1693314921428	OK	 
REQUEST		string Redirect 1	1693314921230	1693314921429	OK	 
REQUEST		string Redirect 1	1693314921230	1693314921429	OK	 
REQUEST		string Redirect 1	1693314920481	1693314921429	OK	 
REQUEST		string	1693314920815	1693314921429	OK	 
REQUEST		string	1693314919455	1693314921428	OK	 
USER	string	END	1693314921430
USER	string	END	1693314921430
USER	string	END	1693314921430
USER	string	END	1693314921430
REQUEST		string Redirect 1	1693314921227	1693314921430	OK	 
USER	string	END	1693314921430
REQUEST		string Redirect 1	1693314921228	1693314921474	OK	 
REQUEST		string Redirect 1	1693314921230	1693314921474	OK	 
REQUEST		string Redirect 1	1693314921229	1693314921474	OK	 
REQUEST		string	1693314920831	1693314921474	OK	 
REQUEST		string	1693314920862	1693314921474	OK	 
REQUEST		string Redirect 1	1693314921241	1693314921474	OK	 
REQUEST		string Redirect 1	1693314921257	1693314921475	OK	 
REQUEST		string	1693314920862	1693314921475	OK	 
REQUEST		string Redirect 1	1693314921255	1693314921476	OK	 
REQUEST		string Redirect 1	1693314921257	1693314921476	OK	 
REQUEST		string Redirect 1	1693314921241	1693314921476	OK	 
REQUEST		string Redirect 1	1693314921255	1693314921476	OK	 
USER	string	END	1693314921477
USER	string	END	1693314921477
USER	string	END	1693314921477
USER	string	END	1693314921477
USER	string	END	1693314921477
USER	string	END	1693314921477
USER	string	END	1693314921477
USER	string	END	1693314921477
USER	string	END	1693314921477
REQUEST		string Redirect 1	1693314921279	1693314921511	OK	 
REQUEST		string Redirect 1	1693314921279	1693314921511	OK	 
REQUEST		string	1693314920940	1693314921511	OK	 
USER	string	END	1693314921512
USER	string	END	1693314921512
REQUEST		string Redirect 1	1693314921340	1693314921544	OK	 
REQUEST		string Redirect 1	1693314921279	1693314921544	OK	 
USER	string	END	1693314921545
USER	string	END	1693314921545
REQUEST		string Redirect 1	1693314921340	1693314921545	OK	 
USER	string	END	1693314921546
REQUEST		string Redirect 1	1693314921371	1693314921556	OK	 
REQUEST		string Redirect 1	1693314921370	1693314921556	OK	 
REQUEST		string	1693314920971	1693314921556	OK	 
REQUEST		string	1693314920971	1693314921556	OK	 
REQUEST		string	1693314920986	1693314921556	OK	 
REQUEST		string	1693314919486	1693314921556	OK	 
REQUEST		string	1693314921049	1693314921556	OK	 
REQUEST		string	1693314921064	1693314921556	OK	 
REQUEST		string Redirect 1	1693314921371	1693314921556	OK	 
REQUEST		string	1693314921023	1693314921556	OK	 
REQUEST		string	1693314921129	1693314921556	OK	 
REQUEST		string Redirect 1	1693314921429	1693314921556	OK	 
REQUEST		string Redirect 1	1693314921428	1693314921556	OK	 
REQUEST		string	1693314921095	1693314921556	OK	 
REQUEST		string Redirect 1	1693314921428	1693314921557	OK	 
REQUEST		string	1693314921033	1693314921557	OK	 
REQUEST		string	1693314921002	1693314921557	OK	 
REQUEST		string	1693314921002	1693314921557	OK	 
REQUEST		string Redirect 1	1693314921428	1693314921557	OK	 
USER	string	END	1693314921557
REQUEST		string	1693314921018	1693314921557	OK	 
USER	string	END	1693314921557
USER	string	END	1693314921557
USER	string	END	1693314921557
USER	string	END	1693314921557
USER	string	END	1693314921557
REQUEST		string	1693314921049	1693314921557	OK	 
REQUEST		string	1693314921106	1693314921557	OK	 
USER	string	END	1693314921558
REQUEST		string Redirect 1	1693314921429	1693314921566	OK	 
REQUEST		string Redirect 1	1693314920481	1693314921566	OK	 
REQUEST		string Redirect 1	1693314920481	1693314921566	OK	 
USER	string	END	1693314921567
USER	string	END	1693314921567
USER	string	END	1693314921567
REQUEST		string Redirect 1	1693314921241	1693314921573	OK	 
REQUEST		string	1693314921079	1693314921573	OK	 
REQUEST		string	1693314921079	1693314921573	OK	 
REQUEST		string	1693314921173	1693314921573	OK	 
REQUEST		string	1693314921110	1693314921573	OK	 
REQUEST		string Redirect 1	1693314921475	1693314921574	OK	 
REQUEST		string	1693314921156	1693314921574	OK	 
REQUEST		string Redirect 1	1693314921476	1693314921574	OK	 
REQUEST		string	1693314921188	1693314921574	OK	 
USER	string	END	1693314921574
USER	string	END	1693314921574
USER	string	END	1693314921575
REQUEST		string	1693314921142	1693314921574	OK	 
REQUEST		string	1693314920847	1693314921574	OK	 
REQUEST		string	1693314919832	1693314921574	OK	 
REQUEST		string	1693314921173	1693314921574	OK	 
REQUEST		string	1693314919817	1693314921574	OK	 
REQUEST		string Redirect 1	1693314921475	1693314921576	OK	 
USER	string	END	1693314921576
REQUEST		string	1693314919834	1693314921581	OK	 
REQUEST		string	1693314920158	1693314921581	OK	 
REQUEST		string	1693314920048	1693314921582	OK	 
REQUEST		string	1693314920189	1693314921581	OK	 
REQUEST		string	1693314920096	1693314921581	OK	 
REQUEST		string	1693314921204	1693314921582	OK	 
REQUEST		string	1693314921219	1693314921582	OK	 
REQUEST		string Redirect 1	1693314921511	1693314921582	OK	 
REQUEST		string	1693314921227	1693314921582	OK	 
REQUEST		string	1693314921204	1693314921582	OK	 
USER	string	END	1693314921582
REQUEST		string Redirect 1	1693314921556	1693314921595	OK	 
USER	string	END	1693314921596
REQUEST		string Redirect 1	1693314921556	1693314921602	OK	 
USER	string	END	1693314921602
REQUEST		string Redirect 1	1693314921556	1693314921654	OK	 
REQUEST		string Redirect 1	1693314921556	1693314921654	OK	 
REQUEST		string Redirect 1	1693314921556	1693314921654	OK	 
REQUEST		string Redirect 1	1693314921556	1693314921654	OK	 
REQUEST		string Redirect 1	1693314921557	1693314921654	OK	 
USER	string	END	1693314921654
USER	string	END	1693314921654
USER	string	END	1693314921654
USER	string	END	1693314921654
USER	string	END	1693314921654
REQUEST		string Redirect 1	1693314921556	1693314921655	OK	 
REQUEST		string	1693314921250	1693314921655	OK	 
REQUEST		string	1693314921235	1693314921655	OK	 
USER	string	END	1693314921655
REQUEST		string Redirect 1	1693314921557	1693314921699	OK	 
REQUEST		string	1693314921281	1693314921699	OK	 
REQUEST		string	1693314921281	1693314921699	OK	 
USER	string	END	1693314921700
REQUEST		string Redirect 1	1693314921582	1693314921749	OK	 
REQUEST		string Redirect 1	1693314921655	1693314921749	OK	 
REQUEST		string Redirect 1	1693314921574	1693314921749	OK	 
REQUEST		string	1693314921125	1693314921749	OK	 
REQUEST		string Redirect 1	1693314921700	1693314921749	OK	 
REQUEST		string Redirect 1	1693314921655	1693314921749	OK	 
REQUEST		string Redirect 1	1693314921700	1693314921749	OK	 
REQUEST		string Redirect 1	1693314920704	1693314921749	OK	 
USER	string	END	1693314921750
USER	string	END	1693314921750
USER	string	END	1693314921750
USER	string	END	1693314921750
USER	string	END	1693314921750
USER	string	END	1693314921750
REQUEST		string	1693314920048	1693314921750	OK	 
REQUEST		string	1693314920017	1693314921750	OK	 
REQUEST		string	1693314920250	1693314921750	OK	 
REQUEST		string	1693314919934	1693314921750	OK	 
USER	string	END	1693314921750
REQUEST		string	1693314919955	1693314921750	OK	 
REQUEST		string	1693314920234	1693314921750	OK	 
REQUEST		string	1693314920234	1693314921750	OK	 
REQUEST		string Redirect 1	1693314920706	1693314921750	OK	 
REQUEST		string	1693314919408	1693314921750	OK	 
USER	string	END	1693314921751
REQUEST		string Redirect 1	1693314920707	1693314921764	OK	 
REQUEST		string Redirect 1	1693314920736	1693314921764	OK	 
USER	string	END	1693314921764
USER	string	END	1693314921764
REQUEST		string Redirect 1	1693314921750	1693314921809	OK	 
REQUEST		string Redirect 1	1693314920736	1693314921808	OK	 
REQUEST		string Redirect 1	1693314921750	1693314921808	OK	 
REQUEST		string Redirect 1	1693314921749	1693314921808	OK	 
REQUEST		string Redirect 1	1693314921750	1693314921808	OK	 
USER	string	END	1693314921809
USER	string	END	1693314921809
USER	string	END	1693314921809
USER	string	END	1693314921809
USER	string	END	1693314921809
REQUEST		string Redirect 1	1693314921750	1693314921811	OK	 
USER	string	END	1693314921812
REQUEST		string Redirect 1	1693314921750	1693314921830	OK	 
REQUEST		string Redirect 1	1693314921750	1693314921830	OK	 
REQUEST		string	1693314920596	1693314921830	OK	 
USER	string	END	1693314921832
USER	string	END	1693314921832
REQUEST		string Redirect 1	1693314921557	1693314921853	OK	 
USER	string	END	1693314921854
REQUEST		string Redirect 1	1693314920738	1693314921965	OK	 
REQUEST		string Redirect 1	1693314921750	1693314921965	OK	 
REQUEST		string Redirect 1	1693314921750	1693314921965	OK	 
REQUEST		string	1693314920344	1693314921965	OK	 
REQUEST		string	1693314920298	1693314921965	OK	 
REQUEST		string	1693314920344	1693314921965	OK	 
REQUEST		string	1693314920282	1693314921965	OK	 
REQUEST		string Redirect 1	1693314920826	1693314921965	OK	 
REQUEST		string Redirect 1	1693314920828	1693314921965	OK	 
REQUEST		string Redirect 1	1693314920829	1693314921965	OK	 
USER	string	END	1693314921966
USER	string	END	1693314921966
USER	string	END	1693314921966
USER	string	END	1693314921966
USER	string	END	1693314921966
REQUEST		string Redirect 1	1693314921582	1693314921966	OK	 
REQUEST		string Redirect 1	1693314920825	1693314921966	OK	 
USER	string	END	1693314921966
REQUEST		string Redirect 1	1693314921831	1693314921966	OK	 
USER	string	END	1693314921966
REQUEST		string Redirect 1	1693314920825	1693314921966	OK	 
USER	string	END	1693314921966
USER	string	END	1693314921966
USER	string	END	1693314921966
REQUEST		string Redirect 1	1693314921965	1693314922031	OK	 
REQUEST		string Redirect 1	1693314921965	1693314922031	OK	 
REQUEST		string Redirect 1	1693314921965	1693314922031	OK	 
REQUEST		string Redirect 1	1693314921965	1693314922031	OK	 
USER	string	END	1693314922032
USER	string	END	1693314922032
USER	string	END	1693314922032
USER	string	END	1693314922032
REQUEST		string	1693314920707	1693314922062	OK	 
REQUEST		string	1693314920688	1693314922062	OK	 
REQUEST		string	1693314920642	1693314922062	OK	 
REQUEST		string	1693314919722	1693314922062	OK	 
REQUEST		string	1693314919690	1693314922062	OK	 
REQUEST		string	1693314920627	1693314922073	OK	 
REQUEST		string	1693314920673	1693314922073	OK	 
REQUEST		string	1693314920611	1693314922073	OK	 
REQUEST		string	1693314919706	1693314922086	OK	 
REQUEST		string	1693314920736	1693314922086	OK	 
REQUEST		string Redirect 1	1693314922062	1693314922094	OK	 
REQUEST		string Redirect 1	1693314922062	1693314922094	OK	 
USER	string	END	1693314922095
USER	string	END	1693314922095
REQUEST		string Redirect 1	1693314922062	1693314922127	OK	 
USER	string	END	1693314922127
REQUEST		string Redirect 1	1693314922062	1693314922143	OK	 
REQUEST		string Redirect 1	1693314922062	1693314922143	OK	 
USER	string	END	1693314922144
USER	string	END	1693314922144
REQUEST		string Redirect 1	1693314922073	1693314922148	OK	 
REQUEST		string Redirect 1	1693314922086	1693314922148	OK	 
REQUEST		string Redirect 1	1693314922086	1693314922148	OK	 
REQUEST		string Redirect 1	1693314922073	1693314922148	OK	 
USER	string	END	1693314922149
USER	string	END	1693314922149
USER	string	END	1693314922149
USER	string	END	1693314922149
REQUEST		string Redirect 1	1693314922073	1693314922193	OK	 
USER	string	END	1693314922194
REQUEST		string Redirect 1	1693314921255	1693314922290	OK	 
USER	string	END	1693314922291
REQUEST		string Redirect 1	1693314921255	1693314922296	OK	 
REQUEST		string Redirect 1	1693314921255	1693314922297	OK	 
USER	string	END	1693314922297
USER	string	END	1693314922297
REQUEST		string Redirect 1	1693314921255	1693314922300	OK	 
REQUEST		string Redirect 1	1693314921255	1693314922300	OK	 
USER	string	END	1693314922300
USER	string	END	1693314922300
REQUEST		string	1693314920908	1693314922300	OK	 
REQUEST		string Redirect 1	1693314921256	1693314922309	OK	 
REQUEST		string	1693314920908	1693314922309	OK	 
REQUEST		string	1693314920878	1693314922309	OK	 
REQUEST		string	1693314920924	1693314922309	OK	 
USER	string	END	1693314922309
REQUEST		string	1693314920893	1693314922311	OK	 
REQUEST		string	1693314920893	1693314922326	OK	 
REQUEST		string Redirect 1	1693314921279	1693314922327	OK	 
USER	string	END	1693314922328
REQUEST		string Redirect 1	1693314921280	1693314922334	OK	 
REQUEST		string Redirect 1	1693314921279	1693314922334	OK	 
REQUEST		string	1693314920940	1693314922334	OK	 
USER	string	END	1693314922335
USER	string	END	1693314922335
REQUEST		string Redirect 1	1693314921280	1693314922338	OK	 
REQUEST		string	1693314920957	1693314922338	OK	 
USER	string	END	1693314922338
REQUEST		string Redirect 1	1693314922309	1693314922361	OK	 
USER	string	END	1693314922362
REQUEST		string Redirect 1	1693314922309	1693314922369	OK	 
REQUEST		string Redirect 1	1693314922301	1693314922369	OK	 
USER	string	END	1693314922369
USER	string	END	1693314922369
REQUEST		string Redirect 1	1693314922311	1693314922372	OK	 
USER	string	END	1693314922372
REQUEST		string Redirect 1	1693314922326	1693314922377	OK	 
USER	string	END	1693314922377
REQUEST		string Redirect 1	1693314922335	1693314922400	OK	 
REQUEST		string Redirect 1	1693314922338	1693314922400	OK	 
REQUEST		string Redirect 1	1693314922309	1693314922400	OK	 
USER	string	END	1693314922400
USER	string	END	1693314922400
USER	string	END	1693314922400
REQUEST		string Redirect 1	1693314921557	1693314922604	OK	 
REQUEST		string Redirect 1	1693314921556	1693314922604	OK	 
REQUEST		string Redirect 1	1693314921557	1693314922604	OK	 
REQUEST		string	1693314921250	1693314922605	OK	 
REQUEST		string Redirect 1	1693314921557	1693314922606	OK	 
USER	string	END	1693314922606
USER	string	END	1693314922606
USER	string	END	1693314922606
