RUN	com.machinestalk.geenerateclass.MachinesTalk	machinestalk	1693473912368	 	3.9.5
USER	string	START	1693473912859
USER	string	START	1693473912963
USER	string	START	1693473913061
REQUEST		string	1693473912858	1693473913145	OK	 
USER	string	START	1693473913165
REQUEST		string Redirect 1	1693473913146	1693473913201	OK	 
REQUEST		string	1693473912963	1693473913201	OK	 
USER	string	END	1693473913202
REQUEST		string Redirect 1	1693473913202	1693473913234	OK	 
REQUEST		string	1693473913061	1693473913234	OK	 
USER	string	END	1693473913235
USER	string	START	1693473913262
REQUEST		string Redirect 1	1693473913235	1693473913308	OK	 
USER	string	END	1693473913308
USER	string	START	1693473913366
REQUEST		string	1693473913165	1693473913404	OK	 
USER	string	START	1693473913463
REQUEST		string Redirect 1	1693473913404	1693473913551	OK	 
REQUEST		string	1693473913261	1693473913551	OK	 
USER	string	END	1693473913551
USER	string	START	1693473913560
REQUEST		string Redirect 1	1693473913551	1693473913635	OK	 
REQUEST		string	1693473913366	1693473913635	OK	 
USER	string	END	1693473913636
USER	string	START	1693473913664
USER	string	START	1693473913762
REQUEST		string Redirect 1	1693473913636	1693473913862	OK	 
USER	string	END	1693473913862
USER	string	START	1693473913867
REQUEST		string	1693473913463	1693473913963	OK	 
USER	string	START	1693473913963
REQUEST		string	1693473913664	1693473913972	OK	 
REQUEST		string Redirect 1	1693473913963	1693473914031	OK	 
REQUEST		string	1693473913761	1693473914031	OK	 
REQUEST		string	1693473913866	1693473914031	OK	 
REQUEST		string	1693473913560	1693473914031	OK	 
USER	string	END	1693473914031
USER	string	START	1693473914067
REQUEST		string Redirect 1	1693473913972	1693473914100	OK	 
USER	string	END	1693473914101
USER	string	START	1693473914166
REQUEST		string Redirect 1	1693473914031	1693473914170	OK	 
REQUEST		string Redirect 1	1693473914031	1693473914170	OK	 
REQUEST		string Redirect 1	1693473914031	1693473914170	OK	 
REQUEST		string	1693473913963	1693473914170	OK	 
USER	string	END	1693473914171
USER	string	END	1693473914171
USER	string	END	1693473914171
USER	string	START	1693473914269
USER	string	START	1693473914366
REQUEST		string Redirect 1	1693473914171	1693473914386	OK	 
USER	string	END	1693473914387
USER	string	START	1693473914470
REQUEST		string	1693473914165	1693473914511	OK	 
REQUEST		string	1693473914067	1693473914511	OK	 
USER	string	START	1693473914564
REQUEST		string Redirect 1	1693473914511	1693473914568	OK	 
REQUEST		string Redirect 1	1693473914511	1693473914568	OK	 
REQUEST		string	1693473914268	1693473914568	OK	 
USER	string	END	1693473914568
USER	string	END	1693473914568
USER	string	START	1693473914675
REQUEST		string Redirect 1	1693473914568	1693473914735	OK	 
REQUEST		string	1693473914366	1693473914735	OK	 
USER	string	END	1693473914737
USER	string	START	1693473914770
REQUEST		string Redirect 1	1693473914736	1693473914836	OK	 
REQUEST		string	1693473914470	1693473914836	OK	 
USER	string	END	1693473914837
USER	string	START	1693473914878
USER	string	START	1693473914971
REQUEST		string	1693473914564	1693473914984	OK	 
REQUEST		string Redirect 1	1693473914837	1693473914984	OK	 
REQUEST		string	1693473914674	1693473914984	OK	 
USER	string	END	1693473914985
USER	string	START	1693473915065
REQUEST		string Redirect 1	1693473914985	1693473915088	OK	 
REQUEST		string Redirect 1	1693473914985	1693473915088	OK	 
REQUEST		string	1693473914768	1693473915088	OK	 
USER	string	END	1693473915089
USER	string	END	1693473915089
REQUEST		string	1693473914971	1693473915124	OK	 
REQUEST		string Redirect 1	1693473915088	1693473915124	OK	 
REQUEST		string	1693473914877	1693473915124	OK	 
USER	string	END	1693473915125
USER	string	START	1693473915158
REQUEST		string Redirect 1	1693473915124	1693473915195	OK	 
REQUEST		string Redirect 1	1693473915124	1693473915195	OK	 
REQUEST		string	1693473915064	1693473915195	OK	 
USER	string	END	1693473915196
USER	string	END	1693473915196
USER	string	START	1693473915274
REQUEST		string Redirect 1	1693473915196	1693473915316	OK	 
USER	string	END	1693473915317
REQUEST		string	1693473915158	1693473915356	OK	 
USER	string	START	1693473915362
REQUEST		string Redirect 1	1693473915357	1693473915403	OK	 
USER	string	END	1693473915404
REQUEST		string	1693473915269	1693473915431	OK	 
USER	string	START	1693473915472
REQUEST		string Redirect 1	1693473915432	1693473915508	OK	 
USER	string	END	1693473915509
REQUEST		string	1693473915361	1693473915542	OK	 
USER	string	START	1693473915572
REQUEST		string Redirect 1	1693473915543	1693473915637	OK	 
REQUEST		string	1693473915471	1693473915637	OK	 
USER	string	END	1693473915638
USER	string	START	1693473915674
USER	string	START	1693473915769
REQUEST		string Redirect 1	1693473915638	1693473915774	OK	 
USER	string	END	1693473915776
USER	string	START	1693473915862
USER	string	START	1693473915971
REQUEST		string	1693473915572	1693473916014	OK	 
USER	string	START	1693473916066
REQUEST		string Redirect 1	1693473916014	1693473916142	OK	 
REQUEST		string	1693473915768	1693473916142	OK	 
REQUEST		string	1693473915674	1693473916142	OK	 
USER	string	END	1693473916144
USER	string	START	1693473916160
USER	string	START	1693473916269
USER	string	START	1693473916364
USER	string	START	1693473916473
REQUEST		string Redirect 1	1693473916143	1693473916478	OK	 
REQUEST		string Redirect 1	1693473916144	1693473916478	OK	 
REQUEST		string	1693473915971	1693473916478	OK	 
REQUEST		string	1693473915861	1693473916478	OK	 
USER	string	END	1693473916479
USER	string	END	1693473916480
USER	string	START	1693473916566
USER	string	START	1693473916660
REQUEST		string	1693473916268	1693473916746	OK	 
REQUEST		string	1693473916159	1693473916746	OK	 
REQUEST		string Redirect 1	1693473916479	1693473916746	OK	 
REQUEST		string Redirect 1	1693473916479	1693473916746	OK	 
USER	string	END	1693473916747
USER	string	END	1693473916747
USER	string	START	1693473916770
REQUEST		string Redirect 1	1693473916746	1693473916805	OK	 
REQUEST		string	1693473916065	1693473916805	OK	 
REQUEST		string	1693473916472	1693473916805	OK	 
REQUEST		string	1693473916363	1693473916805	OK	 
USER	string	END	1693473916806
REQUEST		string Redirect 1	1693473916746	1693473916810	OK	 
USER	string	END	1693473916810
USER	string	START	1693473916867
USER	string	START	1693473916972
REQUEST		string Redirect 1	1693473916805	1693473916987	OK	 
REQUEST		string	1693473916659	1693473916987	OK	 
USER	string	END	1693473916988
REQUEST		string Redirect 1	1693473916805	1693473916987	OK	 
REQUEST		string Redirect 1	1693473916805	1693473916987	OK	 
REQUEST		string	1693473916565	1693473916987	OK	 
USER	string	END	1693473916989
USER	string	END	1693473916989
REQUEST		string	1693473916769	1693473917037	OK	 
USER	string	START	1693473917066
REQUEST		string Redirect 1	1693473916987	1693473917080	OK	 
REQUEST		string Redirect 1	1693473917038	1693473917080	OK	 
REQUEST		string Redirect 1	1693473916988	1693473917080	OK	 
USER	string	END	1693473917082
USER	string	END	1693473917082
USER	string	END	1693473917082
REQUEST		string	1693473916971	1693473917089	OK	 
REQUEST		string	1693473916867	1693473917089	OK	 
USER	string	START	1693473917160
REQUEST		string Redirect 1	1693473917091	1693473917160	OK	 
USER	string	END	1693473917160
USER	string	START	1693473917270
REQUEST		string Redirect 1	1693473917090	1693473917320	OK	 
USER	string	END	1693473917322
USER	string	START	1693473917364
REQUEST		string	1693473917066	1693473917438	OK	 
USER	string	START	1693473917473
USER	string	START	1693473917567
REQUEST		string Redirect 1	1693473917439	1693473917633	OK	 
REQUEST		string	1693473917270	1693473917633	OK	 
REQUEST		string	1693473917159	1693473917633	OK	 
USER	string	END	1693473917634
USER	string	START	1693473917660
REQUEST		string Redirect 1	1693473917634	1693473917690	OK	 
REQUEST		string	1693473917363	1693473917690	OK	 
USER	string	END	1693473917690
REQUEST		string Redirect 1	1693473917634	1693473917721	OK	 
USER	string	END	1693473917723
USER	string	START	1693473917771
REQUEST		string Redirect 1	1693473917690	1693473917812	OK	 
REQUEST		string	1693473917472	1693473917812	OK	 
REQUEST		string	1693473917566	1693473917812	OK	 
USER	string	END	1693473917813
REQUEST		string Redirect 1	1693473917813	1693473917879	OK	 
REQUEST		string Redirect 1	1693473917813	1693473917879	OK	 
REQUEST		string	1693473917660	1693473917879	OK	 
USER	string	END	1693473917880
USER	string	END	1693473917881
REQUEST		string Redirect 1	1693473917880	1693473918078	OK	 
USER	string	END	1693473918080
REQUEST		string	1693473917770	1693473918144	OK	 
REQUEST		string Redirect 1	1693473918145	1693473918238	OK	 
USER	string	END	1693473918239
