RUN	com.machinestalk.geenerateclass.MachinesTalk	machinestalk	1693747033977	 	3.9.5
USER	Set1With GEneration	START	1693747034256
USER	Set1With GEneration	START	1693747034256
USER	Set1With GEneration	START	1693747034256
USER	Set1With GEneration	START	1693747034256
USER	Set1With GEneration	START	1693747034256
USER	Set1With GEneration	START	1693747034256
USER	Set1With GEneration	START	1693747034256
USER	Set1With GEneration	START	1693747034256
USER	Set1With GEneration	START	1693747034257
USER	Set1With GEneration	START	1693747034257
USER	Set1With GEneration	START	1693747034257
USER	Set1With GEneration	START	1693747034257
USER	Set1With GEneration	START	1693747034257
USER	Set1With GEneration	START	1693747034257
USER	Set1With GEneration	START	1693747034257
USER	Set1With GEneration	START	1693747034257
USER	Set1With GEneration	START	1693747034257
USER	Set1With GEneration	START	1693747034257
USER	Set1With GEneration	START	1693747034258
USER	Set1With GEneration	START	1693747034258
REQUEST		20	1693747034256	1693747034572	OK	 
REQUEST		20	1693747034255	1693747034572	OK	 
REQUEST		20	1693747034256	1693747034596	OK	 
REQUEST		20	1693747034257	1693747034596	OK	 
REQUEST		20	1693747034257	1693747034597	OK	 
REQUEST		20	1693747034257	1693747034597	OK	 
REQUEST		20	1693747034256	1693747034597	OK	 
REQUEST		20	1693747034256	1693747034618	OK	 
REQUEST		20	1693747034256	1693747034618	OK	 
REQUEST		20	1693747034255	1693747034619	OK	 
REQUEST		20	1693747034256	1693747034619	OK	 
REQUEST		20	1693747034257	1693747034639	OK	 
REQUEST		20	1693747034257	1693747034639	OK	 
REQUEST		20	1693747034257	1693747034639	OK	 
REQUEST		20	1693747034256	1693747034639	OK	 
REQUEST		20	1693747034257	1693747034661	OK	 
REQUEST		20	1693747034256	1693747034661	OK	 
REQUEST		20	1693747034258	1693747034661	OK	 
REQUEST		20	1693747034256	1693747034661	OK	 
REQUEST		20	1693747034257	1693747035546	OK	 
REQUEST		20 Redirect 1	1693747034597	1693747035686	OK	 
USER	Set1With GEneration	END	1693747035686
REQUEST		20 Redirect 1	1693747034572	1693747035824	OK	 
USER	Set1With GEneration	END	1693747035825
REQUEST		20 Redirect 1	1693747034662	1693747036609	OK	 
USER	Set1With GEneration	END	1693747036610
REQUEST		20 Redirect 1	1693747034662	1693747036871	OK	 
USER	Set1With GEneration	END	1693747036871
REQUEST		20 Redirect 1	1693747034662	1693747036910	OK	 
USER	Set1With GEneration	END	1693747036910
REQUEST		20 Redirect 1	1693747035546	1693747036945	OK	 
USER	Set1With GEneration	END	1693747036946
REQUEST		20 Redirect 1	1693747034639	1693747037024	OK	 
USER	Set1With GEneration	END	1693747037025
REQUEST		20 Redirect 1	1693747034639	1693747037040	OK	 
USER	Set1With GEneration	END	1693747037041
REQUEST		20 Redirect 1	1693747034572	1693747037296	OK	 
USER	Set1With GEneration	END	1693747037297
REQUEST		20 Redirect 1	1693747034597	1693747037670	OK	 
USER	Set1With GEneration	END	1693747037671
REQUEST		20 Redirect 1	1693747034662	1693747037703	OK	 
USER	Set1With GEneration	END	1693747037704
REQUEST		20 Redirect 1	1693747034597	1693747037715	OK	 
USER	Set1With GEneration	END	1693747037716
REQUEST		20 Redirect 1	1693747034597	1693747037770	OK	 
USER	Set1With GEneration	END	1693747037771
REQUEST		20 Redirect 1	1693747034618	1693747037897	OK	 
REQUEST		20 Redirect 1	1693747034619	1693747037897	OK	 
USER	Set1With GEneration	END	1693747037897
USER	Set1With GEneration	END	1693747037897
REQUEST		20 Redirect 1	1693747034618	1693747038053	OK	 
REQUEST		20 Redirect 1	1693747034597	1693747038053	OK	 
USER	Set1With GEneration	END	1693747038054
USER	Set1With GEneration	END	1693747038054
REQUEST		20 Redirect 1	1693747034639	1693747038151	OK	 
USER	Set1With GEneration	END	1693747038151
REQUEST		20 Redirect 1	1693747034639	1693747038723	OK	 
USER	Set1With GEneration	END	1693747038724
REQUEST		20 Redirect 1	1693747034619	1693747038814	OK	 
USER	Set1With GEneration	END	1693747038815
