RUN	com.machinestalk.geenerateclass.MachinesTalk	machinestalk	1693473086075	 	3.9.5
USER	string	START	1693473086656
USER	string	START	1693473086737
REQUEST		string	1693473086655	1693473086732	OK	 
REQUEST		string Redirect 1	1693473086747	1693473086763	OK	 
USER	string	END	1693473086768
REQUEST		string	1693473086736	1693473086840	OK	 
USER	string	START	1693473086844
REQUEST		string Redirect 1	1693473086842	1693473086862	OK	 
USER	string	END	1693473086863
REQUEST		string	1693473086841	1693473086932	OK	 
USER	string	START	1693473086942
REQUEST		string Redirect 1	1693473086933	1693473086954	OK	 
USER	string	END	1693473086954
REQUEST		string	1693473086940	1693473087004	OK	 
REQUEST		string Redirect 1	1693473087004	1693473087021	OK	 
USER	string	END	1693473087021
USER	string	START	1693473087038
USER	string	START	1693473087143
USER	string	START	1693473087240
USER	string	START	1693473087341
REQUEST		string	1693473087037	1693473087386	OK	 
REQUEST		string	1693473087141	1693473087386	OK	 
USER	string	START	1693473087441
REQUEST		string Redirect 1	1693473087387	1693473087479	OK	 
REQUEST		string Redirect 1	1693473087388	1693473087478	OK	 
USER	string	END	1693473087482
USER	string	END	1693473087482
USER	string	START	1693473087545
REQUEST		string	1693473087238	1693473087554	OK	 
REQUEST		string	1693473087340	1693473087554	OK	 
REQUEST		string Redirect 1	1693473087555	1693473087630	OK	 
REQUEST		string Redirect 1	1693473087555	1693473087630	OK	 
REQUEST		string	1693473087439	1693473087629	OK	 
USER	string	END	1693473087632
USER	string	END	1693473087632
USER	string	START	1693473087640
REQUEST		string Redirect 1	1693473087631	1693473087681	OK	 
REQUEST		string	1693473087544	1693473087681	OK	 
USER	string	END	1693473087682
REQUEST		string Redirect 1	1693473087681	1693473087710	OK	 
USER	string	END	1693473087713
USER	string	START	1693473087747
USER	string	START	1693473087848
USER	string	START	1693473087941
REQUEST		string	1693473087640	1693473087986	OK	 
USER	string	START	1693473088040
REQUEST		string Redirect 1	1693473087987	1693473088044	OK	 
USER	string	END	1693473088047
USER	string	START	1693473088142
REQUEST		string	1693473087745	1693473088158	OK	 
REQUEST		string	1693473087847	1693473088158	OK	 
REQUEST		string	1693473087939	1693473088158	OK	 
REQUEST		string Redirect 1	1693473088158	1693473088175	OK	 
USER	string	END	1693473088177
REQUEST		string Redirect 1	1693473088160	1693473088185	OK	 
USER	string	END	1693473088187
REQUEST		string	1693473088039	1693473088187	OK	 
REQUEST		string Redirect 1	1693473088160	1693473088188	OK	 
USER	string	END	1693473088189
REQUEST		string	1693473088141	1693473088194	OK	 
REQUEST		string Redirect 1	1693473088188	1693473088208	OK	 
USER	string	END	1693473088210
REQUEST		string Redirect 1	1693473088194	1693473088210	OK	 
USER	string	END	1693473088211
USER	string	START	1693473088243
REQUEST		string	1693473088243	1693473088336	OK	 
USER	string	START	1693473088343
REQUEST		string Redirect 1	1693473088338	1693473088352	OK	 
USER	string	END	1693473088354
REQUEST		string	1693473088341	1693473088428	OK	 
USER	string	START	1693473088440
REQUEST		string Redirect 1	1693473088429	1693473088444	OK	 
USER	string	END	1693473088447
REQUEST		string	1693473088439	1693473088511	OK	 
USER	string	START	1693473088542
REQUEST		string Redirect 1	1693473088512	1693473088551	OK	 
USER	string	END	1693473088553
REQUEST		string	1693473088542	1693473088607	OK	 
USER	string	START	1693473088641
REQUEST		string Redirect 1	1693473088608	1693473088657	OK	 
USER	string	END	1693473088660
REQUEST		string	1693473088640	1693473088721	OK	 
REQUEST		string Redirect 1	1693473088722	1693473088737	OK	 
USER	string	END	1693473088738
USER	string	START	1693473088738
USER	string	START	1693473088844
REQUEST		string	1693473088737	1693473088883	OK	 
REQUEST		string Redirect 1	1693473088885	1693473088931	OK	 
USER	string	END	1693473088933
USER	string	START	1693473088939
REQUEST		string	1693473088842	1693473088959	OK	 
REQUEST		string Redirect 1	1693473088960	1693473089011	OK	 
USER	string	END	1693473089014
REQUEST		string	1693473088939	1693473089040	OK	 
USER	string	START	1693473089043
REQUEST		string Redirect 1	1693473089041	1693473089072	OK	 
USER	string	END	1693473089075
REQUEST		string	1693473089042	1693473089124	OK	 
REQUEST		string Redirect 1	1693473089126	1693473089137	OK	 
USER	string	START	1693473089139
USER	string	END	1693473089140
REQUEST		string	1693473089139	1693473089237	OK	 
USER	string	START	1693473089239
REQUEST		string Redirect 1	1693473089238	1693473089255	OK	 
USER	string	END	1693473089257
REQUEST		string	1693473089238	1693473089290	OK	 
REQUEST		string Redirect 1	1693473089292	1693473089314	OK	 
USER	string	END	1693473089316
USER	string	START	1693473089341
REQUEST		string	1693473089340	1693473089433	OK	 
USER	string	START	1693473089438
REQUEST		string Redirect 1	1693473089434	1693473089455	OK	 
USER	string	END	1693473089456
REQUEST		string	1693473089437	1693473089512	OK	 
REQUEST		string Redirect 1	1693473089514	1693473089534	OK	 
USER	string	END	1693473089537
USER	string	START	1693473089538
USER	string	START	1693473089642
REQUEST		string	1693473089537	1693473089671	OK	 
REQUEST		string Redirect 1	1693473089673	1693473089695	OK	 
USER	string	END	1693473089696
REQUEST		string	1693473089641	1693473089708	OK	 
REQUEST		string Redirect 1	1693473089709	1693473089721	OK	 
USER	string	END	1693473089722
USER	string	START	1693473089736
REQUEST		string	1693473089736	1693473089797	OK	 
USER	string	START	1693473089836
REQUEST		string Redirect 1	1693473089799	1693473089841	OK	 
USER	string	END	1693473089842
REQUEST		string	1693473089835	1693473089888	OK	 
REQUEST		string Redirect 1	1693473089888	1693473089928	OK	 
USER	string	END	1693473089931
USER	string	START	1693473089940
REQUEST		string	1693473089939	1693473090009	OK	 
REQUEST		string Redirect 1	1693473090010	1693473090040	OK	 
USER	string	END	1693473090041
USER	string	START	1693473090042
REQUEST		string	1693473090041	1693473090097	OK	 
REQUEST		string Redirect 1	1693473090098	1693473090111	OK	 
USER	string	END	1693473090113
USER	string	START	1693473090142
REQUEST		string	1693473090141	1693473090206	OK	 
REQUEST		string Redirect 1	1693473090207	1693473090223	OK	 
USER	string	END	1693473090224
USER	string	START	1693473090238
REQUEST		string	1693473090237	1693473090307	OK	 
USER	string	START	1693473090341
REQUEST		string Redirect 1	1693473090308	1693473090354	OK	 
USER	string	END	1693473090356
REQUEST		string	1693473090341	1693473090406	OK	 
USER	string	START	1693473090440
REQUEST		string Redirect 1	1693473090407	1693473090460	OK	 
USER	string	END	1693473090462
USER	string	START	1693473090537
REQUEST		string	1693473090439	1693473090596	OK	 
USER	string	START	1693473090641
USER	string	START	1693473090738
REQUEST		string Redirect 1	1693473090597	1693473090764	OK	 
USER	string	END	1693473090766
USER	string	START	1693473090843
REQUEST		string	1693473090640	1693473090867	OK	 
REQUEST		string	1693473090536	1693473090867	OK	 
REQUEST		string	1693473090737	1693473090867	OK	 
USER	string	START	1693473090940
REQUEST		string Redirect 1	1693473090869	1693473090980	OK	 
USER	string	END	1693473090982
REQUEST		string Redirect 1	1693473090869	1693473090983	OK	 
REQUEST		string Redirect 1	1693473090869	1693473090983	OK	 
USER	string	END	1693473090985
USER	string	END	1693473090985
USER	string	START	1693473091038
REQUEST		string	1693473090842	1693473091087	OK	 
REQUEST		string Redirect 1	1693473091088	1693473091138	OK	 
REQUEST		string	1693473090939	1693473091138	OK	 
USER	string	END	1693473091140
USER	string	START	1693473091141
REQUEST		string	1693473091037	1693473091186	OK	 
USER	string	START	1693473091239
REQUEST		string Redirect 1	1693473091187	1693473091248	OK	 
REQUEST		string Redirect 1	1693473091139	1693473091248	OK	 
USER	string	END	1693473091249
USER	string	END	1693473091250
REQUEST		string	1693473091140	1693473091313	OK	 
USER	string	START	1693473091342
REQUEST		string Redirect 1	1693473091314	1693473091384	OK	 
REQUEST		string	1693473091238	1693473091384	OK	 
USER	string	END	1693473091386
REQUEST		string Redirect 1	1693473091385	1693473091439	OK	 
USER	string	START	1693473091440
USER	string	END	1693473091441
USER	string	START	1693473091538
REQUEST		string	1693473091341	1693473091565	OK	 
REQUEST		string	1693473091439	1693473091575	OK	 
REQUEST		string Redirect 1	1693473091566	1693473091669	OK	 
REQUEST		string Redirect 1	1693473091576	1693473091669	OK	 
USER	string	END	1693473091671
USER	string	END	1693473091672
REQUEST		string	1693473091538	1693473091687	OK	 
REQUEST		string Redirect 1	1693473091689	1693473091723	OK	 
USER	string	END	1693473091725
