RUN	com.machinestalk.geenerateclass.MachinesTalk	machinestalk	1693411282469	 	3.9.5
USER	string	START	1693411283094
REQUEST		mouna	1693411283093	1693411283158	OK	 
USER	string	START	1693411283180
REQUEST		mouna Redirect 1	1693411283176	1693411283192	OK	 
USER	string	END	1693411283198
REQUEST		mouna	1693411283179	1693411283221	OK	 
REQUEST		mouna Redirect 1	1693411283222	1693411283235	OK	 
USER	string	END	1693411283236
USER	string	START	1693411283274
REQUEST		mouna	1693411283274	1693411283330	OK	 
REQUEST		mouna Redirect 1	1693411283331	1693411283355	OK	 
USER	string	END	1693411283356
USER	string	START	1693411283385
REQUEST		mouna	1693411283385	1693411283432	OK	 
REQUEST		mouna Redirect 1	1693411283433	1693411283448	OK	 
USER	string	END	1693411283449
USER	string	START	1693411283477
REQUEST		mouna	1693411283477	1693411283520	OK	 
REQUEST		mouna Redirect 1	1693411283521	1693411283541	OK	 
USER	string	END	1693411283543
USER	string	START	1693411283586
REQUEST		mouna	1693411283586	1693411283635	OK	 
REQUEST		mouna Redirect 1	1693411283636	1693411283650	OK	 
USER	string	END	1693411283652
USER	string	START	1693411283681
REQUEST		mouna	1693411283680	1693411283735	OK	 
REQUEST		mouna Redirect 1	1693411283735	1693411283748	OK	 
USER	string	END	1693411283749
USER	string	START	1693411283773
REQUEST		mouna	1693411283772	1693411283840	OK	 
REQUEST		mouna Redirect 1	1693411283841	1693411283856	OK	 
USER	string	END	1693411283856
USER	string	START	1693411283880
REQUEST		mouna	1693411283879	1693411283929	OK	 
REQUEST		mouna Redirect 1	1693411283930	1693411283946	OK	 
USER	string	END	1693411283947
USER	string	START	1693411283974
REQUEST		mouna	1693411283973	1693411284030	OK	 
REQUEST		mouna Redirect 1	1693411284031	1693411284047	OK	 
USER	string	END	1693411284049
USER	string	START	1693411284081
REQUEST		mouna	1693411284081	1693411284126	OK	 
REQUEST		mouna Redirect 1	1693411284126	1693411284144	OK	 
USER	string	END	1693411284145
USER	string	START	1693411284177
REQUEST		mouna	1693411284176	1693411284226	OK	 
REQUEST		mouna Redirect 1	1693411284227	1693411284246	OK	 
USER	string	END	1693411284248
USER	string	START	1693411284288
REQUEST		mouna	1693411284287	1693411284335	OK	 
REQUEST		mouna Redirect 1	1693411284336	1693411284347	OK	 
USER	string	END	1693411284347
USER	string	START	1693411284379
USER	string	START	1693411284486
REQUEST		mouna	1693411284378	1693411284492	OK	 
REQUEST		mouna Redirect 1	1693411284492	1693411284505	OK	 
USER	string	END	1693411284506
REQUEST		mouna	1693411284485	1693411284523	OK	 
REQUEST		mouna Redirect 1	1693411284524	1693411284542	OK	 
USER	string	END	1693411284543
USER	string	START	1693411284578
REQUEST		mouna	1693411284578	1693411284655	OK	 
REQUEST		mouna Redirect 1	1693411284656	1693411284670	OK	 
USER	string	END	1693411284673
USER	string	START	1693411284688
REQUEST		mouna	1693411284688	1693411284748	OK	 
REQUEST		mouna Redirect 1	1693411284749	1693411284776	OK	 
USER	string	END	1693411284777
USER	string	START	1693411284781
REQUEST		mouna	1693411284781	1693411284838	OK	 
REQUEST		mouna Redirect 1	1693411284839	1693411284853	OK	 
USER	string	END	1693411284854
USER	string	START	1693411284876
REQUEST		mouna	1693411284875	1693411284926	OK	 
REQUEST		mouna Redirect 1	1693411284926	1693411284950	OK	 
USER	string	END	1693411284951
USER	string	START	1693411284984
REQUEST		mouna	1693411284983	1693411285028	OK	 
REQUEST		mouna Redirect 1	1693411285028	1693411285066	OK	 
USER	string	END	1693411285067
USER	string	START	1693411285077
REQUEST		mouna	1693411285077	1693411285113	OK	 
REQUEST		mouna Redirect 1	1693411285113	1693411285127	OK	 
USER	string	END	1693411285128
USER	string	START	1693411285172
REQUEST		mouna	1693411285171	1693411285216	OK	 
REQUEST		mouna Redirect 1	1693411285216	1693411285231	OK	 
USER	string	END	1693411285233
USER	string	START	1693411285280
REQUEST		mouna	1693411285279	1693411285343	OK	 
REQUEST		mouna Redirect 1	1693411285344	1693411285359	OK	 
USER	string	END	1693411285359
USER	string	START	1693411285372
REQUEST		mouna	1693411285371	1693411285398	OK	 
REQUEST		mouna Redirect 1	1693411285399	1693411285410	OK	 
USER	string	END	1693411285411
USER	string	START	1693411285479
REQUEST		mouna	1693411285478	1693411285530	OK	 
REQUEST		mouna Redirect 1	1693411285530	1693411285541	OK	 
USER	string	END	1693411285542
USER	string	START	1693411285571
REQUEST		mouna	1693411285570	1693411285618	OK	 
REQUEST		mouna Redirect 1	1693411285618	1693411285633	OK	 
USER	string	END	1693411285634
USER	string	START	1693411285679
REQUEST		mouna	1693411285679	1693411285728	OK	 
REQUEST		mouna Redirect 1	1693411285728	1693411285741	OK	 
USER	string	END	1693411285742
USER	string	START	1693411285772
REQUEST		mouna	1693411285771	1693411285805	OK	 
REQUEST		mouna Redirect 1	1693411285806	1693411285821	OK	 
USER	string	END	1693411285822
USER	string	START	1693411285881
REQUEST		mouna	1693411285881	1693411285919	OK	 
REQUEST		mouna Redirect 1	1693411285919	1693411285930	OK	 
USER	string	END	1693411285930
USER	string	START	1693411285975
REQUEST		mouna	1693411285975	1693411286018	OK	 
REQUEST		mouna Redirect 1	1693411286019	1693411286034	OK	 
USER	string	END	1693411286035
USER	string	START	1693411286084
REQUEST		mouna	1693411286083	1693411286129	OK	 
REQUEST		mouna Redirect 1	1693411286129	1693411286147	OK	 
USER	string	END	1693411286148
USER	string	START	1693411286178
REQUEST		mouna	1693411286178	1693411286224	OK	 
REQUEST		mouna Redirect 1	1693411286225	1693411286240	OK	 
USER	string	END	1693411286242
USER	string	START	1693411286273
REQUEST		mouna	1693411286272	1693411286321	OK	 
REQUEST		mouna Redirect 1	1693411286321	1693411286337	OK	 
USER	string	END	1693411286337
USER	string	START	1693411286380
USER	string	START	1693411286475
REQUEST		mouna	1693411286380	1693411286482	OK	 
REQUEST		mouna Redirect 1	1693411286483	1693411286499	OK	 
USER	string	END	1693411286500
REQUEST		mouna	1693411286474	1693411286525	OK	 
REQUEST		mouna Redirect 1	1693411286525	1693411286544	OK	 
USER	string	END	1693411286546
USER	string	START	1693411286583
REQUEST		mouna	1693411286583	1693411286641	OK	 
REQUEST		mouna Redirect 1	1693411286641	1693411286656	OK	 
USER	string	END	1693411286657
USER	string	START	1693411286678
REQUEST		mouna	1693411286676	1693411286745	OK	 
REQUEST		mouna Redirect 1	1693411286747	1693411286766	OK	 
USER	string	END	1693411286768
USER	string	START	1693411286771
REQUEST		mouna	1693411286770	1693411286829	OK	 
USER	string	START	1693411286880
REQUEST		mouna Redirect 1	1693411286830	1693411286884	OK	 
USER	string	END	1693411286886
REQUEST		mouna	1693411286879	1693411286923	OK	 
REQUEST		mouna Redirect 1	1693411286924	1693411286942	OK	 
USER	string	END	1693411286944
USER	string	START	1693411286972
REQUEST		mouna	1693411286971	1693411287012	OK	 
REQUEST		mouna Redirect 1	1693411287012	1693411287025	OK	 
USER	string	END	1693411287025
USER	string	START	1693411287081
REQUEST		mouna	1693411287080	1693411287145	OK	 
USER	string	START	1693411287174
REQUEST		mouna Redirect 1	1693411287146	1693411287176	OK	 
USER	string	END	1693411287178
REQUEST		mouna	1693411287173	1693411287264	OK	 
REQUEST		mouna Redirect 1	1693411287265	1693411287278	OK	 
USER	string	END	1693411287279
USER	string	START	1693411287281
REQUEST		mouna	1693411287280	1693411287339	OK	 
REQUEST		mouna Redirect 1	1693411287340	1693411287354	OK	 
USER	string	END	1693411287355
USER	string	START	1693411287375
REQUEST		mouna	1693411287375	1693411287420	OK	 
REQUEST		mouna Redirect 1	1693411287421	1693411287433	OK	 
USER	string	END	1693411287434
USER	string	START	1693411287485
REQUEST		mouna	1693411287485	1693411287543	OK	 
REQUEST		mouna Redirect 1	1693411287544	1693411287565	OK	 
USER	string	END	1693411287566
USER	string	START	1693411287579
REQUEST		mouna	1693411287578	1693411287653	OK	 
USER	string	START	1693411287673
REQUEST		mouna Redirect 1	1693411287654	1693411287694	OK	 
USER	string	END	1693411287695
REQUEST		mouna	1693411287672	1693411287718	OK	 
REQUEST		mouna Redirect 1	1693411287718	1693411287736	OK	 
USER	string	END	1693411287736
USER	string	START	1693411287781
REQUEST		mouna	1693411287780	1693411287874	OK	 
USER	string	START	1693411287875
REQUEST		mouna Redirect 1	1693411287875	1693411287903	OK	 
USER	string	END	1693411287904
REQUEST		mouna	1693411287874	1693411287966	OK	 
USER	string	START	1693411287983
REQUEST		mouna Redirect 1	1693411287967	1693411288028	OK	 
USER	string	END	1693411288029
REQUEST		mouna	1693411287982	1693411288079	OK	 
REQUEST		mouna Redirect 1	1693411288081	1693411288100	OK	 
USER	string	END	1693411288101
