RUN	com.machinestalk.geenerateclass.MachinesTalk	machinestalk	1693491130375	 	3.9.5
USER	setup1	START	1693491130633
USER	setup1	START	1693491130739
REQUEST		sc1	1693491130632	1693491130784	OK	 
REQUEST		sc1 Redirect 1	1693491130785	1693491130798	OK	 
USER	setup1	END	1693491130798
USER	setup1	START	1693491130799
REQUEST		sc1	1693491130738	1693491130810	OK	 
REQUEST		sc1 Redirect 1	1693491130811	1693491130833	OK	 
USER	setup1	END	1693491130834
USER	setup1	START	1693491130835
USER	setup1	START	1693491130844
REQUEST		sc1	1693491130799	1693491130854	OK	 
REQUEST		sc1 Redirect 1	1693491130854	1693491130871	OK	 
USER	setup1	END	1693491130871
USER	setup1	START	1693491130872
REQUEST		sc1	1693491130834	1693491130875	OK	 
REQUEST		sc1	1693491130844	1693491130884	OK	 
REQUEST		sc1 Redirect 1	1693491130875	1693491130900	OK	 
USER	setup1	END	1693491130900
USER	setup1	START	1693491130901
USER	setup1	START	1693491130938
REQUEST		sc1 Redirect 1	1693491130884	1693491130947	OK	 
USER	setup1	END	1693491130948
USER	setup1	START	1693491130948
REQUEST		sc1	1693491130872	1693491130959	OK	 
REQUEST		sc1	1693491130901	1693491130968	OK	 
REQUEST		sc1 Redirect 1	1693491130959	1693491130970	OK	 
USER	setup1	END	1693491130970
USER	setup1	START	1693491130971
REQUEST		sc1	1693491130937	1693491130973	OK	 
REQUEST		sc1 Redirect 1	1693491130968	1693491130977	OK	 
USER	setup1	END	1693491130978
USER	setup1	START	1693491130978
REQUEST		sc1 Redirect 1	1693491130973	1693491130991	OK	 
REQUEST		sc1	1693491130948	1693491130991	OK	 
USER	setup1	END	1693491130991
USER	setup1	START	1693491130992
REQUEST		sc1 Redirect 1	1693491130991	1693491131025	OK	 
REQUEST		sc1	1693491130970	1693491131025	OK	 
USER	setup1	END	1693491131025
USER	setup1	START	1693491131026
REQUEST		sc1	1693491130978	1693491131037	OK	 
REQUEST		sc1 Redirect 1	1693491131025	1693491131042	OK	 
USER	setup1	END	1693491131042
USER	setup1	START	1693491131043
REQUEST		sc1	1693491130991	1693491131046	OK	 
USER	setup1	START	1693491131048
REQUEST		sc1 Redirect 1	1693491131037	1693491131052	OK	 
USER	setup1	END	1693491131053
USER	setup1	START	1693491131053
REQUEST		sc1 Redirect 1	1693491131046	1693491131058	OK	 
USER	setup1	END	1693491131058
USER	setup1	START	1693491131059
REQUEST		sc1	1693491131026	1693491131070	OK	 
REQUEST		sc1	1693491131043	1693491131118	OK	 
REQUEST		sc1	1693491131047	1693491131119	OK	 
REQUEST		sc1	1693491131053	1693491131126	OK	 
REQUEST		sc1	1693491131059	1693491131126	OK	 
REQUEST		sc1 Redirect 1	1693491131070	1693491131126	OK	 
USER	setup1	END	1693491131126
USER	setup1	START	1693491131128
USER	setup1	START	1693491131139
REQUEST		sc1 Redirect 1	1693491131118	1693491131218	OK	 
USER	setup1	END	1693491131218
USER	setup1	START	1693491131219
REQUEST		sc1 Redirect 1	1693491131119	1693491131221	OK	 
USER	setup1	END	1693491131222
REQUEST		sc1 Redirect 1	1693491131126	1693491131222	OK	 
USER	setup1	END	1693491131223
USER	setup1	START	1693491131223
USER	setup1	START	1693491131223
REQUEST		sc1 Redirect 1	1693491131126	1693491131223	OK	 
USER	setup1	END	1693491131223
USER	setup1	START	1693491131224
USER	setup1	START	1693491131248
REQUEST		sc1	1693491131127	1693491131253	OK	 
REQUEST		sc1	1693491131139	1693491131254	OK	 
REQUEST		sc1 Redirect 1	1693491131254	1693491131272	OK	 
USER	setup1	END	1693491131272
USER	setup1	START	1693491131273
REQUEST		sc1 Redirect 1	1693491131254	1693491131274	OK	 
REQUEST		sc1	1693491131219	1693491131274	OK	 
REQUEST		sc1	1693491131224	1693491131274	OK	 
USER	setup1	END	1693491131274
USER	setup1	START	1693491131275
REQUEST		sc1	1693491131223	1693491131277	OK	 
REQUEST		sc1	1693491131247	1693491131280	OK	 
REQUEST		sc1	1693491131222	1693491131280	OK	 
REQUEST		sc1 Redirect 1	1693491131274	1693491131290	OK	 
USER	setup1	END	1693491131291
USER	setup1	START	1693491131292
REQUEST		sc1 Redirect 1	1693491131274	1693491131299	OK	 
USER	setup1	END	1693491131300
USER	setup1	START	1693491131301
USER	setup1	START	1693491131339
REQUEST		sc1 Redirect 1	1693491131277	1693491131344	OK	 
USER	setup1	END	1693491131344
REQUEST		sc1 Redirect 1	1693491131281	1693491131344	OK	 
REQUEST		sc1 Redirect 1	1693491131281	1693491131344	OK	 
REQUEST		sc1	1693491131273	1693491131344	OK	 
REQUEST		sc1	1693491131274	1693491131344	OK	 
USER	setup1	START	1693491131345
USER	setup1	END	1693491131345
USER	setup1	END	1693491131345
USER	setup1	START	1693491131345
USER	setup1	START	1693491131345
REQUEST		sc1 Redirect 1	1693491131344	1693491131401	OK	 
REQUEST		sc1 Redirect 1	1693491131344	1693491131401	OK	 
REQUEST		sc1	1693491131291	1693491131401	OK	 
USER	setup1	END	1693491131401
USER	setup1	END	1693491131401
USER	setup1	START	1693491131402
USER	setup1	START	1693491131402
REQUEST		sc1	1693491131345	1693491131422	OK	 
REQUEST		sc1	1693491131300	1693491131422	OK	 
REQUEST		sc1 Redirect 1	1693491131401	1693491131428	OK	 
REQUEST		sc1	1693491131344	1693491131428	OK	 
USER	setup1	END	1693491131428
USER	setup1	START	1693491131429
REQUEST		sc1	1693491131339	1693491131438	OK	 
REQUEST		sc1	1693491131345	1693491131438	OK	 
REQUEST		sc1 Redirect 1	1693491131423	1693491131442	OK	 
REQUEST		sc1 Redirect 1	1693491131422	1693491131442	OK	 
USER	setup1	END	1693491131443
USER	setup1	END	1693491131443
USER	setup1	START	1693491131443
USER	setup1	START	1693491131443
USER	setup1	START	1693491131446
REQUEST		sc1	1693491131401	1693491131454	OK	 
REQUEST		sc1 Redirect 1	1693491131428	1693491131458	OK	 
USER	setup1	END	1693491131458
USER	setup1	START	1693491131459
REQUEST		sc1 Redirect 1	1693491131438	1693491131461	OK	 
USER	setup1	END	1693491131461
USER	setup1	START	1693491131462
REQUEST		sc1	1693491131401	1693491131467	OK	 
REQUEST		sc1 Redirect 1	1693491131438	1693491131468	OK	 
REQUEST		sc1 Redirect 1	1693491131454	1693491131468	OK	 
USER	setup1	END	1693491131468
USER	setup1	END	1693491131468
USER	setup1	START	1693491131469
USER	setup1	START	1693491131469
REQUEST		sc1	1693491131443	1693491131476	OK	 
REQUEST		sc1	1693491131443	1693491131476	OK	 
REQUEST		sc1	1693491131428	1693491131479	OK	 
REQUEST		sc1 Redirect 1	1693491131467	1693491131490	OK	 
USER	setup1	END	1693491131490
REQUEST		sc1	1693491131446	1693491131490	OK	 
USER	setup1	START	1693491131491
REQUEST		sc1 Redirect 1	1693491131477	1693491131495	OK	 
USER	setup1	END	1693491131496
USER	setup1	START	1693491131496
REQUEST		sc1 Redirect 1	1693491131477	1693491131496	OK	 
REQUEST		sc1	1693491131459	1693491131496	OK	 
USER	setup1	END	1693491131496
USER	setup1	START	1693491131497
REQUEST		sc1 Redirect 1	1693491131479	1693491131501	OK	 
USER	setup1	END	1693491131501
USER	setup1	START	1693491131502
REQUEST		sc1	1693491131461	1693491131504	OK	 
REQUEST		sc1	1693491131468	1693491131504	OK	 
REQUEST		sc1 Redirect 1	1693491131490	1693491131521	OK	 
REQUEST		sc1	1693491131468	1693491131521	OK	 
USER	setup1	END	1693491131522
USER	setup1	START	1693491131522
USER	setup1	START	1693491131539
REQUEST		sc1 Redirect 1	1693491131496	1693491131544	OK	 
REQUEST		sc1 Redirect 1	1693491131504	1693491131544	OK	 
REQUEST		sc1 Redirect 1	1693491131504	1693491131544	OK	 
REQUEST		sc1	1693491131490	1693491131544	OK	 
USER	setup1	END	1693491131545
USER	setup1	END	1693491131545
USER	setup1	END	1693491131545
USER	setup1	START	1693491131545
USER	setup1	START	1693491131545
USER	setup1	START	1693491131545
REQUEST		sc1	1693491131496	1693491131554	OK	 
REQUEST		sc1 Redirect 1	1693491131522	1693491131573	OK	 
REQUEST		sc1 Redirect 1	1693491131545	1693491131574	OK	 
REQUEST		sc1	1693491131502	1693491131574	OK	 
REQUEST		sc1	1693491131497	1693491131574	OK	 
USER	setup1	END	1693491131574
USER	setup1	END	1693491131574
USER	setup1	START	1693491131574
USER	setup1	START	1693491131574
REQUEST		sc1 Redirect 1	1693491131554	1693491131592	OK	 
USER	setup1	END	1693491131592
USER	setup1	START	1693491131592
REQUEST		sc1 Redirect 1	1693491131574	1693491131596	OK	 
REQUEST		sc1	1693491131522	1693491131596	OK	 
USER	setup1	END	1693491131596
USER	setup1	START	1693491131597
REQUEST		sc1	1693491131538	1693491131597	OK	 
REQUEST		sc1 Redirect 1	1693491131574	1693491131598	OK	 
REQUEST		sc1	1693491131545	1693491131598	OK	 
USER	setup1	END	1693491131598
USER	setup1	START	1693491131598
REQUEST		sc1	1693491131545	1693491131603	OK	 
REQUEST		sc1	1693491131545	1693491131603	OK	 
REQUEST		sc1 Redirect 1	1693491131596	1693491131611	OK	 
USER	setup1	END	1693491131611
USER	setup1	START	1693491131611
REQUEST		sc1 Redirect 1	1693491131597	1693491131613	OK	 
USER	setup1	END	1693491131613
USER	setup1	START	1693491131614
REQUEST		sc1 Redirect 1	1693491131598	1693491131617	OK	 
USER	setup1	END	1693491131617
USER	setup1	START	1693491131617
REQUEST		sc1 Redirect 1	1693491131603	1693491131620	OK	 
USER	setup1	END	1693491131620
USER	setup1	START	1693491131620
REQUEST		sc1	1693491131574	1693491131620	OK	 
REQUEST		sc1 Redirect 1	1693491131603	1693491131622	OK	 
USER	setup1	END	1693491131622
USER	setup1	START	1693491131622
REQUEST		sc1	1693491131574	1693491131625	OK	 
REQUEST		sc1	1693491131597	1693491131628	OK	 
REQUEST		sc1	1693491131592	1693491131640	OK	 
REQUEST		sc1	1693491131598	1693491131640	OK	 
REQUEST		sc1 Redirect 1	1693491131628	1693491131654	OK	 
REQUEST		sc1 Redirect 1	1693491131621	1693491131654	OK	 
USER	setup1	END	1693491131654
USER	setup1	END	1693491131654
USER	setup1	START	1693491131654
USER	setup1	START	1693491131654
REQUEST		sc1 Redirect 1	1693491131625	1693491131666	OK	 
REQUEST		sc1	1693491131611	1693491131666	OK	 
USER	setup1	END	1693491131666
USER	setup1	START	1693491131666
REQUEST		sc1	1693491131620	1693491131674	OK	 
REQUEST		sc1 Redirect 1	1693491131640	1693491131674	OK	 
USER	setup1	END	1693491131675
USER	setup1	START	1693491131675
REQUEST		sc1 Redirect 1	1693491131640	1693491131683	OK	 
REQUEST		sc1	1693491131617	1693491131683	OK	 
REQUEST		sc1	1693491131614	1693491131683	OK	 
USER	setup1	END	1693491131683
USER	setup1	START	1693491131684
REQUEST		sc1 Redirect 1	1693491131666	1693491131729	OK	 
REQUEST		sc1	1693491131622	1693491131729	OK	 
USER	setup1	END	1693491131729
USER	setup1	START	1693491131730
REQUEST		sc1 Redirect 1	1693491131674	1693491131730	OK	 
USER	setup1	END	1693491131730
USER	setup1	START	1693491131731
REQUEST		sc1 Redirect 1	1693491131683	1693491131757	OK	 
REQUEST		sc1 Redirect 1	1693491131683	1693491131757	OK	 
REQUEST		sc1	1693491131666	1693491131757	OK	 
REQUEST		sc1	1693491131675	1693491131757	OK	 
REQUEST		sc1	1693491131654	1693491131757	OK	 
REQUEST		sc1	1693491131684	1693491131757	OK	 
USER	setup1	END	1693491131757
USER	setup1	END	1693491131757
USER	setup1	START	1693491131758
USER	setup1	START	1693491131758
REQUEST		sc1 Redirect 1	1693491131757	1693491131788	OK	 
USER	setup1	END	1693491131788
USER	setup1	START	1693491131788
REQUEST		sc1	1693491131654	1693491131789	OK	 
REQUEST		sc1 Redirect 1	1693491131729	1693491131790	OK	 
USER	setup1	END	1693491131790
USER	setup1	START	1693491131791
REQUEST		sc1 Redirect 1	1693491131757	1693491131794	OK	 
REQUEST		sc1 Redirect 1	1693491131757	1693491131794	OK	 
USER	setup1	END	1693491131794
USER	setup1	END	1693491131794
USER	setup1	START	1693491131795
USER	setup1	START	1693491131795
REQUEST		sc1 Redirect 1	1693491131757	1693491131799	OK	 
USER	setup1	END	1693491131799
USER	setup1	START	1693491131800
REQUEST		sc1 Redirect 1	1693491131789	1693491131800	OK	 
USER	setup1	END	1693491131801
USER	setup1	START	1693491131801
REQUEST		sc1	1693491131729	1693491131812	OK	 
REQUEST		sc1	1693491131757	1693491131812	OK	 
REQUEST		sc1	1693491131730	1693491131812	OK	 
REQUEST		sc1	1693491131757	1693491131821	OK	 
REQUEST		sc1 Redirect 1	1693491131812	1693491131824	OK	 
USER	setup1	END	1693491131824
USER	setup1	START	1693491131825
REQUEST		sc1 Redirect 1	1693491131812	1693491131853	OK	 
REQUEST		sc1 Redirect 1	1693491131812	1693491131853	OK	 
REQUEST		sc1	1693491131788	1693491131853	OK	 
REQUEST		sc1	1693491131790	1693491131853	OK	 
USER	setup1	END	1693491131854
USER	setup1	END	1693491131854
USER	setup1	START	1693491131854
USER	setup1	START	1693491131854
REQUEST		sc1	1693491131801	1693491131866	OK	 
REQUEST		sc1 Redirect 1	1693491131822	1693491131867	OK	 
REQUEST		sc1	1693491131795	1693491131867	OK	 
USER	setup1	END	1693491131867
REQUEST		sc1	1693491131795	1693491131867	OK	 
USER	setup1	START	1693491131867
REQUEST		sc1	1693491131800	1693491131868	OK	 
REQUEST		sc1 Redirect 1	1693491131853	1693491131878	OK	 
USER	setup1	END	1693491131878
USER	setup1	START	1693491131879
REQUEST		sc1 Redirect 1	1693491131853	1693491131881	OK	 
USER	setup1	END	1693491131882
USER	setup1	START	1693491131882
REQUEST		sc1 Redirect 1	1693491131867	1693491131886	OK	 
USER	setup1	END	1693491131886
USER	setup1	START	1693491131886
REQUEST		sc1 Redirect 1	1693491131869	1693491131889	OK	 
USER	setup1	END	1693491131890
USER	setup1	START	1693491131890
REQUEST		sc1 Redirect 1	1693491131866	1693491131892	OK	 
REQUEST		sc1 Redirect 1	1693491131867	1693491131892	OK	 
REQUEST		sc1	1693491131825	1693491131892	OK	 
USER	setup1	END	1693491131892
USER	setup1	END	1693491131892
USER	setup1	START	1693491131893
USER	setup1	START	1693491131893
REQUEST		sc1	1693491131854	1693491131899	OK	 
REQUEST		sc1	1693491131854	1693491131916	OK	 
REQUEST		sc1	1693491131867	1693491131916	OK	 
REQUEST		sc1 Redirect 1	1693491131892	1693491131916	OK	 
REQUEST		sc1	1693491131878	1693491131916	OK	 
USER	setup1	END	1693491131917
USER	setup1	START	1693491131917
REQUEST		sc1 Redirect 1	1693491131899	1693491131929	OK	 
USER	setup1	END	1693491131930
USER	setup1	START	1693491131930
REQUEST		sc1 Redirect 1	1693491131916	1693491131933	OK	 
USER	setup1	END	1693491131933
USER	setup1	START	1693491131934
REQUEST		sc1	1693491131882	1693491131937	OK	 
REQUEST		sc1	1693491131886	1693491131942	OK	 
REQUEST		sc1	1693491131890	1693491131951	OK	 
REQUEST		sc1	1693491131893	1693491131952	OK	 
REQUEST		sc1 Redirect 1	1693491131916	1693491131955	OK	 
USER	setup1	END	1693491131955
USER	setup1	START	1693491131956
REQUEST		sc1 Redirect 1	1693491131916	1693491131958	OK	 
REQUEST		sc1	1693491131892	1693491131958	OK	 
USER	setup1	END	1693491131958
USER	setup1	START	1693491131958
REQUEST		sc1 Redirect 1	1693491131937	1693491131976	OK	 
REQUEST		sc1	1693491131917	1693491131976	OK	 
REQUEST		sc1 Redirect 1	1693491131942	1693491131976	OK	 
USER	setup1	END	1693491131976
USER	setup1	END	1693491131976
USER	setup1	START	1693491131977
USER	setup1	START	1693491131977
REQUEST		sc1	1693491131930	1693491131978	OK	 
REQUEST		sc1 Redirect 1	1693491131951	1693491131988	OK	 
REQUEST		sc1 Redirect 1	1693491131953	1693491131988	OK	 
USER	setup1	END	1693491131989
USER	setup1	END	1693491131989
USER	setup1	START	1693491131989
USER	setup1	START	1693491131989
REQUEST		sc1 Redirect 1	1693491131958	1693491132081	OK	 
REQUEST		sc1 Redirect 1	1693491131978	1693491132081	OK	 
REQUEST		sc1 Redirect 1	1693491131976	1693491132081	OK	 
REQUEST		sc1	1693491131933	1693491132081	OK	 
USER	setup1	END	1693491132082
USER	setup1	END	1693491132082
USER	setup1	END	1693491132082
USER	setup1	START	1693491132082
USER	setup1	START	1693491132082
USER	setup1	START	1693491132082
REQUEST		sc1 Redirect 1	1693491132082	1693491132133	OK	 
REQUEST		sc1	1693491131989	1693491132133	OK	 
USER	setup1	END	1693491132133
USER	setup1	START	1693491132134
REQUEST		sc1	1693491131977	1693491132136	OK	 
REQUEST		sc1	1693491131989	1693491132136	OK	 
REQUEST		sc1	1693491131977	1693491132136	OK	 
REQUEST		sc1	1693491131958	1693491132138	OK	 
REQUEST		sc1	1693491131956	1693491132175	OK	 
REQUEST		sc1	1693491132082	1693491132246	OK	 
REQUEST		sc1	1693491132082	1693491132246	OK	 
REQUEST		sc1	1693491132082	1693491132246	OK	 
REQUEST		sc1 Redirect 1	1693491132136	1693491132246	OK	 
REQUEST		sc1 Redirect 1	1693491132138	1693491132246	OK	 
REQUEST		sc1 Redirect 1	1693491132136	1693491132246	OK	 
REQUEST		sc1 Redirect 1	1693491132175	1693491132246	OK	 
REQUEST		sc1 Redirect 1	1693491132136	1693491132246	OK	 
REQUEST		sc1 Redirect 1	1693491132133	1693491132246	OK	 
USER	setup1	END	1693491132246
USER	setup1	END	1693491132246
USER	setup1	END	1693491132246
USER	setup1	END	1693491132246
USER	setup1	END	1693491132246
USER	setup1	END	1693491132246
USER	setup1	START	1693491132246
USER	setup1	START	1693491132246
USER	setup1	START	1693491132246
USER	setup1	START	1693491132246
USER	setup1	START	1693491132246
USER	setup1	START	1693491132246
REQUEST		sc1	1693491132133	1693491132302	OK	 
REQUEST		sc1 Redirect 1	1693491132246	1693491132303	OK	 
REQUEST		sc1 Redirect 1	1693491132246	1693491132303	OK	 
REQUEST		sc1 Redirect 1	1693491132246	1693491132303	OK	 
USER	setup1	END	1693491132303
USER	setup1	END	1693491132303
USER	setup1	END	1693491132303
USER	setup1	START	1693491132303
USER	setup1	START	1693491132303
USER	setup1	START	1693491132303
REQUEST		sc1 Redirect 1	1693491132302	1693491132320	OK	 
USER	setup1	END	1693491132320
USER	setup1	START	1693491132321
REQUEST		sc1	1693491132246	1693491132326	OK	 
REQUEST		sc1	1693491132246	1693491132327	OK	 
REQUEST		sc1	1693491132246	1693491132334	OK	 
REQUEST		sc1	1693491132246	1693491132334	OK	 
REQUEST		sc1 Redirect 1	1693491132327	1693491132346	OK	 
USER	setup1	END	1693491132346
USER	setup1	START	1693491132347
REQUEST		sc1 Redirect 1	1693491132327	1693491132350	OK	 
USER	setup1	END	1693491132350
USER	setup1	START	1693491132350
REQUEST		sc1	1693491132246	1693491132352	OK	 
REQUEST		sc1	1693491132246	1693491132352	OK	 
REQUEST		sc1	1693491132303	1693491132357	OK	 
REQUEST		sc1	1693491132303	1693491132368	OK	 
REQUEST		sc1	1693491132303	1693491132370	OK	 
REQUEST		sc1	1693491132320	1693491132379	OK	 
REQUEST		sc1 Redirect 1	1693491132334	1693491132387	OK	 
USER	setup1	END	1693491132387
USER	setup1	START	1693491132387
REQUEST		sc1 Redirect 1	1693491132334	1693491132393	OK	 
USER	setup1	END	1693491132393
USER	setup1	START	1693491132393
REQUEST		sc1 Redirect 1	1693491132352	1693491132399	OK	 
REQUEST		sc1 Redirect 1	1693491132352	1693491132399	OK	 
USER	setup1	END	1693491132399
USER	setup1	END	1693491132399
USER	setup1	START	1693491132399
USER	setup1	START	1693491132399
REQUEST		sc1 Redirect 1	1693491132368	1693491132421	OK	 
REQUEST		sc1 Redirect 1	1693491132357	1693491132422	OK	 
REQUEST		sc1	1693491132346	1693491132422	OK	 
USER	setup1	END	1693491132422
USER	setup1	END	1693491132422
USER	setup1	START	1693491132422
USER	setup1	START	1693491132422
REQUEST		sc1 Redirect 1	1693491132370	1693491132425	OK	 
USER	setup1	END	1693491132425
USER	setup1	START	1693491132425
REQUEST		sc1	1693491132350	1693491132429	OK	 
REQUEST		sc1 Redirect 1	1693491132379	1693491132430	OK	 
USER	setup1	END	1693491132430
USER	setup1	START	1693491132431
REQUEST		sc1 Redirect 1	1693491132422	1693491132447	OK	 
USER	setup1	END	1693491132447
USER	setup1	START	1693491132447
REQUEST		sc1 Redirect 1	1693491132429	1693491132504	OK	 
REQUEST		sc1	1693491132393	1693491132504	OK	 
REQUEST		sc1	1693491132387	1693491132504	OK	 
USER	setup1	END	1693491132504
USER	setup1	START	1693491132505
REQUEST		sc1 Redirect 1	1693491132504	1693491132521	OK	 
USER	setup1	END	1693491132521
USER	setup1	START	1693491132521
REQUEST		sc1	1693491132399	1693491132529	OK	 
REQUEST		sc1	1693491132422	1693491132537	OK	 
REQUEST		sc1 Redirect 1	1693491132504	1693491132545	OK	 
REQUEST		sc1	1693491132447	1693491132545	OK	 
REQUEST		sc1	1693491132399	1693491132545	OK	 
USER	setup1	END	1693491132545
REQUEST		sc1	1693491132422	1693491132545	OK	 
USER	setup1	START	1693491132546
REQUEST		sc1	1693491132425	1693491132552	OK	 
REQUEST		sc1	1693491132431	1693491132560	OK	 
REQUEST		sc1 Redirect 1	1693491132529	1693491132571	OK	 
REQUEST		sc1	1693491132505	1693491132571	OK	 
USER	setup1	END	1693491132571
USER	setup1	START	1693491132571
REQUEST		sc1 Redirect 1	1693491132545	1693491132575	OK	 
USER	setup1	END	1693491132575
USER	setup1	START	1693491132575
REQUEST		sc1 Redirect 1	1693491132537	1693491132578	OK	 
USER	setup1	END	1693491132578
USER	setup1	START	1693491132578
REQUEST		sc1 Redirect 1	1693491132545	1693491132589	OK	 
USER	setup1	END	1693491132589
USER	setup1	START	1693491132589
REQUEST		sc1	1693491132521	1693491132595	OK	 
REQUEST		sc1 Redirect 1	1693491132552	1693491132665	OK	 
REQUEST		sc1 Redirect 1	1693491132546	1693491132665	OK	 
USER	setup1	END	1693491132665
USER	setup1	END	1693491132665
REQUEST		sc1 Redirect 1	1693491132561	1693491132667	OK	 
REQUEST		sc1 Redirect 1	1693491132571	1693491132667	OK	 
REQUEST		sc1	1693491132545	1693491132667	OK	 
REQUEST		sc1 Redirect 1	1693491132595	1693491132667	OK	 
USER	setup1	END	1693491132667
USER	setup1	END	1693491132667
USER	setup1	END	1693491132667
REQUEST		sc1	1693491132578	1693491132766	OK	 
REQUEST		sc1	1693491132575	1693491132770	OK	 
REQUEST		sc1 Redirect 1	1693491132667	1693491132782	OK	 
REQUEST		sc1	1693491132571	1693491132782	OK	 
USER	setup1	END	1693491132782
REQUEST		sc1	1693491132589	1693491132785	OK	 
REQUEST		sc1 Redirect 1	1693491132766	1693491132788	OK	 
USER	setup1	END	1693491132789
REQUEST		sc1 Redirect 1	1693491132770	1693491132789	OK	 
USER	setup1	END	1693491132789
REQUEST		sc1 Redirect 1	1693491132782	1693491132798	OK	 
USER	setup1	END	1693491132798
REQUEST		sc1 Redirect 1	1693491132785	1693491132799	OK	 
USER	setup1	END	1693491132799
