RUN	com.machinestalk.geenerateclass.MachinesTalk	machinestalk	1693304933086	 	3.9.5
USER	string	START	1693304938971
USER	string	START	1693304938971
USER	string	START	1693304938971
USER	string	START	1693304938971
USER	string	START	1693304938971
USER	string	START	1693304938971
USER	string	START	1693304938971
USER	string	START	1693304938971
USER	string	START	1693304938971
USER	string	START	1693304938972
USER	string	START	1693304938971
USER	string	START	1693304938972
USER	string	START	1693304938972
USER	string	START	1693304938972
USER	string	START	1693304938972
USER	string	START	1693304938972
USER	string	START	1693304938972
USER	string	START	1693304938972
USER	string	START	1693304938972
USER	string	START	1693304938972
USER	string	START	1693304938972
USER	string	START	1693304938972
USER	string	START	1693304938972
USER	string	START	1693304938972
USER	string	START	1693304938974
USER	string	START	1693304938997
USER	string	START	1693304939020
USER	string	START	1693304939048
REQUEST		string	1693304938964	1693304939073	OK	 
REQUEST		string	1693304938964	1693304939067	OK	 
REQUEST		string	1693304938964	1693304939075	OK	 
REQUEST		string	1693304938965	1693304939081	OK	 
REQUEST		string	1693304938964	1693304939081	OK	 
REQUEST		string	1693304938964	1693304939057	OK	 
REQUEST		string	1693304938964	1693304939052	OK	 
REQUEST		string	1693304938965	1693304939091	OK	 
REQUEST		string	1693304938964	1693304939050	OK	 
REQUEST		string	1693304938964	1693304939091	OK	 
REQUEST		string	1693304938964	1693304939065	OK	 
REQUEST		string	1693304938964	1693304939053	OK	 
REQUEST		string	1693304938964	1693304939048	OK	 
REQUEST		string	1693304938964	1693304939050	OK	 
REQUEST		string	1693304938964	1693304939073	OK	 
REQUEST		string	1693304938964	1693304939064	OK	 
REQUEST		string	1693304938964	1693304939090	OK	 
REQUEST		string	1693304938964	1693304939069	OK	 
REQUEST		string	1693304938964	1693304939064	OK	 
REQUEST		string	1693304938964	1693304939057	OK	 
USER	string	START	1693304939120
USER	string	START	1693304939120
REQUEST		string	1693304938974	1693304939119	OK	 
USER	string	START	1693304939131
REQUEST		string Redirect 1	1693304939116	1693304939146	OK	 
REQUEST		string Redirect 1	1693304939116	1693304939143	OK	 
REQUEST		string Redirect 1	1693304939116	1693304939146	OK	 
REQUEST		string Redirect 1	1693304939116	1693304939146	OK	 
USER	string	START	1693304939168
USER	string	END	1693304939171
USER	string	END	1693304939171
USER	string	END	1693304939171
USER	string	END	1693304939171
USER	string	START	1693304939172
REQUEST		string Redirect 1	1693304939116	1693304939174	OK	 
REQUEST		string Redirect 1	1693304939116	1693304939174	OK	 
REQUEST		string Redirect 1	1693304939116	1693304939174	OK	 
REQUEST		string Redirect 1	1693304939116	1693304939174	OK	 
USER	string	END	1693304939176
USER	string	END	1693304939176
USER	string	END	1693304939176
USER	string	END	1693304939176
REQUEST		string Redirect 1	1693304939116	1693304939176	OK	 
REQUEST		string Redirect 1	1693304939116	1693304939176	OK	 
USER	string	END	1693304939177
USER	string	END	1693304939177
REQUEST		string Redirect 1	1693304939116	1693304939178	OK	 
REQUEST		string Redirect 1	1693304939116	1693304939178	OK	 
REQUEST		string Redirect 1	1693304939116	1693304939178	OK	 
REQUEST		string Redirect 1	1693304939120	1693304939179	OK	 
USER	string	END	1693304939179
USER	string	END	1693304939179
USER	string	END	1693304939179
USER	string	END	1693304939179
USER	string	START	1693304939193
REQUEST		string	1693304939119	1693304939216	OK	 
REQUEST		string	1693304939119	1693304939217	OK	 
USER	string	START	1693304939223
REQUEST		string	1693304939130	1693304939226	OK	 
REQUEST		string	1693304939172	1693304939226	OK	 
REQUEST		string	1693304939192	1693304939229	OK	 
REQUEST		string	1693304939168	1693304939237	OK	 
REQUEST		string Redirect 1	1693304939217	1693304939238	OK	 
USER	string	END	1693304939240
REQUEST		string Redirect 1	1693304939216	1693304939240	OK	 
USER	string	END	1693304939241
USER	string	START	1693304939255
REQUEST		string Redirect 1	1693304939226	1693304939257	OK	 
REQUEST		string Redirect 1	1693304939237	1693304939257	OK	 
REQUEST		string Redirect 1	1693304939230	1693304939257	OK	 
REQUEST		string Redirect 1	1693304939226	1693304939257	OK	 
USER	string	END	1693304939258
USER	string	END	1693304939259
USER	string	END	1693304939259
USER	string	END	1693304939259
REQUEST		string	1693304938996	1693304939263	OK	 
REQUEST		string	1693304938964	1693304939263	OK	 
REQUEST		string	1693304939223	1693304939265	OK	 
USER	string	START	1693304939271
REQUEST		string Redirect 1	1693304939265	1693304939285	OK	 
REQUEST		string Redirect 1	1693304939264	1693304939285	OK	 
REQUEST		string Redirect 1	1693304939264	1693304939285	OK	 
USER	string	END	1693304939286
USER	string	END	1693304939286
USER	string	END	1693304939286
REQUEST		string	1693304939255	1693304939296	OK	 
USER	string	START	1693304939302
REQUEST		string	1693304939270	1693304939303	OK	 
REQUEST		string Redirect 1	1693304939297	1693304939310	OK	 
USER	string	END	1693304939311
REQUEST		string Redirect 1	1693304939304	1693304939316	OK	 
USER	string	END	1693304939317
USER	string	START	1693304939318
REQUEST		string Redirect 1	1693304939116	1693304939328	OK	 
USER	string	END	1693304939329
REQUEST		string	1693304939301	1693304939342	OK	 
REQUEST		string	1693304939318	1693304939347	OK	 
USER	string	START	1693304939349
REQUEST		string Redirect 1	1693304939343	1693304939358	OK	 
REQUEST		string Redirect 1	1693304939348	1693304939359	OK	 
USER	string	END	1693304939360
USER	string	END	1693304939360
USER	string	START	1693304939380
REQUEST		string	1693304939348	1693304939395	OK	 
USER	string	START	1693304939396
REQUEST		string Redirect 1	1693304939396	1693304939411	OK	 
USER	string	END	1693304939412
REQUEST		string	1693304939380	1693304939415	OK	 
USER	string	START	1693304939427
REQUEST		string Redirect 1	1693304939416	1693304939448	OK	 
REQUEST		string	1693304939395	1693304939448	OK	 
USER	string	END	1693304939450
USER	string	START	1693304939458
USER	string	START	1693304939468
USER	string	START	1693304939494
REQUEST		string Redirect 1	1693304939449	1693304939500	OK	 
USER	string	END	1693304939502
USER	string	START	1693304939519
REQUEST		string	1693304939426	1693304939527	OK	 
REQUEST		string	1693304939458	1693304939535	OK	 
REQUEST		string	1693304939468	1693304939535	OK	 
REQUEST		string	1693304939493	1693304939549	OK	 
REQUEST		string Redirect 1	1693304939528	1693304939549	OK	 
USER	string	END	1693304939551
USER	string	START	1693304939551
REQUEST		string Redirect 1	1693304939536	1693304939570	OK	 
REQUEST		string Redirect 1	1693304939550	1693304939570	OK	 
USER	string	END	1693304939571
USER	string	END	1693304939571
REQUEST		string Redirect 1	1693304939536	1693304939574	OK	 
REQUEST		string	1693304939519	1693304939575	OK	 
USER	string	END	1693304939575
USER	string	START	1693304939583
REQUEST		string	1693304939551	1693304939593	OK	 
REQUEST		string Redirect 1	1693304939575	1693304939593	OK	 
USER	string	END	1693304939595
USER	string	START	1693304939599
REQUEST		string Redirect 1	1693304939594	1693304939608	OK	 
USER	string	END	1693304939609
REQUEST		string	1693304939582	1693304939619	OK	 
USER	string	START	1693304939630
REQUEST		string Redirect 1	1693304939619	1693304939638	OK	 
USER	string	END	1693304939639
USER	string	START	1693304939646
REQUEST		string	1693304939598	1693304939646	OK	 
USER	string	START	1693304939679
REQUEST		string Redirect 1	1693304939647	1693304939678	OK	 
USER	string	END	1693304939680
REQUEST		string	1693304939630	1693304939689	OK	 
REQUEST		string Redirect 1	1693304939690	1693304939706	OK	 
REQUEST		string	1693304939646	1693304939706	OK	 
USER	string	END	1693304939707
USER	string	START	1693304939709
REQUEST		string	1693304939678	1693304939718	OK	 
REQUEST		string Redirect 1	1693304939707	1693304939719	OK	 
USER	string	END	1693304939720
USER	string	START	1693304939725
REQUEST		string Redirect 1	1693304939718	1693304939740	OK	 
USER	string	END	1693304939741
REQUEST		string	1693304939708	1693304939746	OK	 
USER	string	START	1693304939757
USER	string	START	1693304939772
REQUEST		string Redirect 1	1693304939747	1693304939774	OK	 
REQUEST		string	1693304939725	1693304939774	OK	 
USER	string	END	1693304939775
REQUEST		string Redirect 1	1693304939775	1693304939789	OK	 
USER	string	END	1693304939790
USER	string	START	1693304939803
USER	string	START	1693304939819
REQUEST		string	1693304939772	1693304939839	OK	 
REQUEST		string	1693304939756	1693304939839	OK	 
USER	string	START	1693304939850
USER	string	START	1693304939883
REQUEST		string Redirect 1	1693304939840	1693304939884	OK	 
REQUEST		string Redirect 1	1693304939840	1693304939884	OK	 
USER	string	END	1693304939887
USER	string	END	1693304939887
USER	string	START	1693304939897
REQUEST		string	1693304939849	1693304939934	OK	 
REQUEST		string	1693304939803	1693304939934	OK	 
REQUEST		string	1693304939818	1693304939934	OK	 
USER	string	START	1693304939943
USER	string	START	1693304939975
USER	string	START	1693304940008
REQUEST		string Redirect 1	1693304939935	1693304940010	OK	 
REQUEST		string Redirect 1	1693304939935	1693304940011	OK	 
REQUEST		string Redirect 1	1693304939935	1693304940011	OK	 
REQUEST		string	1693304939882	1693304940011	OK	 
USER	string	END	1693304940011
USER	string	END	1693304940012
USER	string	END	1693304940012
USER	string	START	1693304940036
REQUEST		string Redirect 1	1693304940011	1693304940043	OK	 
REQUEST		string	1693304939896	1693304940043	OK	 
REQUEST		string	1693304939942	1693304940043	OK	 
USER	string	END	1693304940044
USER	string	START	1693304940067
REQUEST		string	1693304939974	1693304940069	OK	 
REQUEST		string Redirect 1	1693304940044	1693304940069	OK	 
USER	string	END	1693304940070
REQUEST		string Redirect 1	1693304940044	1693304940106	OK	 
REQUEST		string Redirect 1	1693304940069	1693304940106	OK	 
REQUEST		string	1693304940006	1693304940106	OK	 
REQUEST		string	1693304938964	1693304940106	OK	 
REQUEST		string	1693304938964	1693304940106	OK	 
USER	string	END	1693304940107
USER	string	END	1693304940107
REQUEST		string	1693304938964	1693304940108	OK	 
USER	string	START	1693304940112
REQUEST		string	1693304940035	1693304940139	OK	 
REQUEST		string Redirect 1	1693304940106	1693304940141	OK	 
USER	string	END	1693304940143
USER	string	START	1693304940145
REQUEST		string Redirect 1	1693304940106	1693304940146	OK	 
USER	string	END	1693304940147
REQUEST		string Redirect 1	1693304940109	1693304940164	OK	 
REQUEST		string Redirect 1	1693304939117	1693304940164	OK	 
REQUEST		string Redirect 1	1693304940106	1693304940164	OK	 
REQUEST		string Redirect 1	1693304939116	1693304940164	OK	 
USER	string	END	1693304940166
USER	string	END	1693304940166
USER	string	END	1693304940166
USER	string	END	1693304940166
REQUEST		string Redirect 1	1693304939116	1693304940169	OK	 
USER	string	END	1693304940170
USER	string	START	1693304940176
REQUEST		string Redirect 1	1693304939117	1693304940185	OK	 
REQUEST		string	1693304939048	1693304940185	OK	 
REQUEST		string	1693304939019	1693304940185	OK	 
USER	string	END	1693304940186
USER	string	START	1693304940208
REQUEST		string Redirect 1	1693304939117	1693304940230	OK	 
USER	string	END	1693304940231
REQUEST		string Redirect 1	1693304940186	1693304940235	OK	 
REQUEST		string Redirect 1	1693304940186	1693304940235	OK	 
REQUEST		string Redirect 1	1693304939117	1693304940235	OK	 
REQUEST		string Redirect 1	1693304940140	1693304940235	OK	 
REQUEST		string	1693304940066	1693304940235	OK	 
REQUEST		string	1693304940112	1693304940235	OK	 
USER	string	END	1693304940236
USER	string	END	1693304940236
USER	string	END	1693304940236
USER	string	END	1693304940236
USER	string	START	1693304940238
REQUEST		string	1693304940144	1693304940254	OK	 
REQUEST		string Redirect 1	1693304940235	1693304940255	OK	 
REQUEST		string Redirect 1	1693304940235	1693304940256	OK	 
USER	string	END	1693304940256
USER	string	END	1693304940256
USER	string	START	1693304940268
REQUEST		string Redirect 1	1693304940255	1693304940272	OK	 
REQUEST		string	1693304940175	1693304940272	OK	 
USER	string	END	1693304940273
USER	string	START	1693304940300
REQUEST		string	1693304940207	1693304940311	OK	 
REQUEST		string Redirect 1	1693304940272	1693304940315	OK	 
REQUEST		string	1693304940238	1693304940315	OK	 
USER	string	END	1693304940317
REQUEST		string Redirect 1	1693304940316	1693304940332	OK	 
REQUEST		string Redirect 1	1693304940312	1693304940332	OK	 
USER	string	END	1693304940333
USER	string	END	1693304940333
REQUEST		string	1693304940268	1693304940335	OK	 
USER	string	START	1693304940346
REQUEST		string	1693304940300	1693304940366	OK	 
USER	string	START	1693304940377
REQUEST		string Redirect 1	1693304940367	1693304940402	OK	 
REQUEST		string Redirect 1	1693304940335	1693304940402	OK	 
USER	string	END	1693304940403
USER	string	END	1693304940403
USER	string	START	1693304940408
USER	string	START	1693304940438
REQUEST		string	1693304940376	1693304940443	OK	 
REQUEST		string	1693304940345	1693304940444	OK	 
USER	string	START	1693304940471
REQUEST		string Redirect 1	1693304940444	1693304940474	OK	 
REQUEST		string	1693304940408	1693304940475	OK	 
USER	string	END	1693304940475
REQUEST		string Redirect 1	1693304940444	1693304940477	OK	 
USER	string	END	1693304940478
USER	string	START	1693304940502
REQUEST		string Redirect 1	1693304940475	1693304940503	OK	 
REQUEST		string	1693304940438	1693304940503	OK	 
USER	string	END	1693304940504
USER	string	START	1693304940533
REQUEST		string Redirect 1	1693304940503	1693304940539	OK	 
USER	string	END	1693304940540
REQUEST		string	1693304940470	1693304940557	OK	 
USER	string	START	1693304940579
REQUEST		string Redirect 1	1693304940558	1693304940595	OK	 
REQUEST		string	1693304940502	1693304940595	OK	 
USER	string	END	1693304940596
REQUEST		string	1693304940532	1693304940605	OK	 
REQUEST		string Redirect 1	1693304940595	1693304940608	OK	 
USER	string	END	1693304940609
USER	string	START	1693304940610
REQUEST		string	1693304940579	1693304940617	OK	 
REQUEST		string Redirect 1	1693304940606	1693304940628	OK	 
USER	string	END	1693304940629
REQUEST		string Redirect 1	1693304940617	1693304940631	OK	 
USER	string	END	1693304940631
USER	string	START	1693304940642
REQUEST		string	1693304940609	1693304940647	OK	 
REQUEST		string Redirect 1	1693304940647	1693304940666	OK	 
USER	string	END	1693304940666
USER	string	START	1693304940672
REQUEST		string	1693304940641	1693304940697	OK	 
USER	string	START	1693304940704
REQUEST		string Redirect 1	1693304940698	1693304940717	OK	 
USER	string	END	1693304940718
REQUEST		string	1693304940672	1693304940731	OK	 
USER	string	START	1693304940734
REQUEST		string	1693304940703	1693304940744	OK	 
REQUEST		string Redirect 1	1693304940732	1693304940745	OK	 
USER	string	END	1693304940746
REQUEST		string Redirect 1	1693304940745	1693304940760	OK	 
USER	string	END	1693304940761
REQUEST		string	1693304940734	1693304940771	OK	 
USER	string	START	1693304940781
REQUEST		string Redirect 1	1693304940771	1693304940782	OK	 
USER	string	END	1693304940783
USER	string	START	1693304940810
REQUEST		string	1693304940780	1693304940828	OK	 
USER	string	START	1693304940841
REQUEST		string Redirect 1	1693304940828	1693304940867	OK	 
USER	string	END	1693304940868
USER	string	START	1693304940873
USER	string	START	1693304940905
REQUEST		string	1693304940810	1693304940915	OK	 
REQUEST		string Redirect 1	1693304940915	1693304940931	OK	 
USER	string	END	1693304940932
USER	string	START	1693304940936
REQUEST		string	1693304940872	1693304940945	OK	 
REQUEST		string	1693304940841	1693304940949	OK	 
REQUEST		string	1693304940904	1693304940958	OK	 
REQUEST		string Redirect 1	1693304940945	1693304940965	OK	 
REQUEST		string Redirect 1	1693304940949	1693304940965	OK	 
USER	string	END	1693304940966
USER	string	END	1693304940966
USER	string	START	1693304940966
REQUEST		string	1693304940935	1693304940967	OK	 
REQUEST		string Redirect 1	1693304940958	1693304940968	OK	 
USER	string	END	1693304940969
REQUEST		string Redirect 1	1693304940967	1693304940978	OK	 
USER	string	END	1693304940979
USER	string	START	1693304940998
REQUEST		string	1693304940966	1693304941004	OK	 
REQUEST		string Redirect 1	1693304941004	1693304941020	OK	 
USER	string	END	1693304941020
USER	string	START	1693304941028
REQUEST		string	1693304940997	1693304941040	OK	 
REQUEST		string Redirect 1	1693304941040	1693304941059	OK	 
USER	string	END	1693304941061
REQUEST		string	1693304941028	1693304941071	OK	 
USER	string	START	1693304941075
REQUEST		string Redirect 1	1693304941072	1693304941083	OK	 
USER	string	END	1693304941084
USER	string	START	1693304941106
REQUEST		string	1693304941074	1693304941106	OK	 
REQUEST		string Redirect 1	1693304941107	1693304941119	OK	 
USER	string	END	1693304941120
USER	string	START	1693304941139
REQUEST		string	1693304941106	1693304941160	OK	 
USER	string	START	1693304941170
REQUEST		string Redirect 1	1693304941161	1693304941172	OK	 
USER	string	END	1693304941173
REQUEST		string	1693304941138	1693304941179	OK	 
REQUEST		string Redirect 1	1693304941180	1693304941190	OK	 
USER	string	END	1693304941191
USER	string	START	1693304941200
REQUEST		string	1693304941169	1693304941216	OK	 
REQUEST		string Redirect 1	1693304941216	1693304941227	OK	 
USER	string	END	1693304941229
USER	string	START	1693304941231
REQUEST		string	1693304941200	1693304941238	OK	 
REQUEST		string Redirect 1	1693304941239	1693304941250	OK	 
USER	string	END	1693304941251
REQUEST		string	1693304941231	1693304941259	OK	 
USER	string	START	1693304941263
REQUEST		string Redirect 1	1693304941259	1693304941273	OK	 
USER	string	END	1693304941274
REQUEST		string	1693304941263	1693304941298	OK	 
USER	string	START	1693304941310
REQUEST		string Redirect 1	1693304941299	1693304941311	OK	 
USER	string	END	1693304941312
USER	string	START	1693304941341
USER	string	START	1693304941373
REQUEST		string	1693304941309	1693304941378	OK	 
REQUEST		string Redirect 1	1693304941378	1693304941392	OK	 
REQUEST		string	1693304941340	1693304941392	OK	 
USER	string	END	1693304941394
USER	string	START	1693304941403
REQUEST		string Redirect 1	1693304941393	1693304941405	OK	 
USER	string	END	1693304941406
REQUEST		string	1693304941372	1693304941412	OK	 
REQUEST		string Redirect 1	1693304941413	1693304941425	OK	 
USER	string	END	1693304941426
USER	string	START	1693304941433
REQUEST		string	1693304941403	1693304941433	OK	 
REQUEST		string Redirect 1	1693304941434	1693304941447	OK	 
USER	string	END	1693304941448
USER	string	START	1693304941465
REQUEST		string	1693304941433	1693304941465	OK	 
REQUEST		string Redirect 1	1693304941465	1693304941478	OK	 
USER	string	END	1693304941479
USER	string	START	1693304941496
REQUEST		string	1693304941465	1693304941500	OK	 
REQUEST		string Redirect 1	1693304941500	1693304941514	OK	 
USER	string	END	1693304941515
REQUEST		string	1693304941496	1693304941536	OK	 
USER	string	START	1693304941543
REQUEST		string Redirect 1	1693304941537	1693304941555	OK	 
USER	string	END	1693304941556
USER	string	START	1693304941574
USER	string	START	1693304941605
REQUEST		string	1693304941542	1693304941619	OK	 
REQUEST		string	1693304941573	1693304941629	OK	 
USER	string	START	1693304941636
REQUEST		string Redirect 1	1693304941620	1693304941640	OK	 
USER	string	END	1693304941641
REQUEST		string Redirect 1	1693304941630	1693304941645	OK	 
REQUEST		string	1693304941605	1693304941645	OK	 
USER	string	END	1693304941646
REQUEST		string Redirect 1	1693304941645	1693304941661	OK	 
USER	string	END	1693304941662
USER	string	START	1693304941667
USER	string	START	1693304941699
USER	string	START	1693304941731
REQUEST		string	1693304941635	1693304941731	OK	 
REQUEST		string Redirect 1	1693304941732	1693304941745	OK	 
USER	string	END	1693304941745
REQUEST		string	1693304941698	1693304941761	OK	 
REQUEST		string	1693304941667	1693304941761	OK	 
USER	string	START	1693304941777
REQUEST		string	1693304941730	1693304941795	OK	 
REQUEST		string Redirect 1	1693304941762	1693304941799	OK	 
REQUEST		string Redirect 1	1693304941762	1693304941799	OK	 
USER	string	END	1693304941800
USER	string	END	1693304941800
USER	string	START	1693304941809
REQUEST		string Redirect 1	1693304941796	1693304941818	OK	 
USER	string	END	1693304941819
REQUEST		string	1693304941776	1693304941825	OK	 
USER	string	START	1693304941840
REQUEST		string Redirect 1	1693304941825	1693304941878	OK	 
USER	string	END	1693304941879
REQUEST		string	1693304941808	1693304941894	OK	 
REQUEST		string	1693304941839	1693304941950	OK	 
REQUEST		string Redirect 1	1693304941895	1693304941951	OK	 
USER	string	END	1693304941953
REQUEST		string Redirect 1	1693304941952	1693304941976	OK	 
USER	string	END	1693304941977
