RUN	com.machinestalk.geenerateclass.MachinesTalk	machinestalk	1693391544424	 	3.9.5
USER	string	START	1693391545266
REQUEST		string	1693391545265	1693391545320	OK	 
USER	string	START	1693391545339
REQUEST		string Redirect 1	1693391545337	1693391545354	OK	 
USER	string	END	1693391545361
USER	string	START	1693391545363
REQUEST		string	1693391545338	1693391545374	OK	 
REQUEST		string Redirect 1	1693391545375	1693391545388	OK	 
USER	string	END	1693391545389
USER	string	START	1693391545391
USER	string	START	1693391545416
REQUEST		string	1693391545362	1693391545423	OK	 
REQUEST		string Redirect 1	1693391545423	1693391545446	OK	 
USER	string	END	1693391545447
USER	string	START	1693391545449
REQUEST		string	1693391545415	1693391545463	OK	 
REQUEST		string	1693391545390	1693391545463	OK	 
REQUEST		string Redirect 1	1693391545464	1693391545495	OK	 
USER	string	END	1693391545496
REQUEST		string Redirect 1	1693391545464	1693391545496	OK	 
USER	string	END	1693391545497
USER	string	START	1693391545497
USER	string	START	1693391545498
USER	string	START	1693391545508
REQUEST		string	1693391545448	1693391545513	OK	 
REQUEST		string Redirect 1	1693391545513	1693391545526	OK	 
USER	string	END	1693391545527
USER	string	START	1693391545528
REQUEST		string	1693391545497	1693391545541	OK	 
REQUEST		string	1693391545498	1693391545541	OK	 
REQUEST		string	1693391545508	1693391545544	OK	 
REQUEST		string Redirect 1	1693391545541	1693391545560	OK	 
USER	string	END	1693391545561
REQUEST		string Redirect 1	1693391545541	1693391545561	OK	 
USER	string	END	1693391545562
USER	string	START	1693391545562
USER	string	START	1693391545563
REQUEST		string Redirect 1	1693391545545	1693391545564	OK	 
USER	string	END	1693391545564
USER	string	START	1693391545566
REQUEST		string	1693391545528	1693391545567	OK	 
REQUEST		string Redirect 1	1693391545567	1693391545580	OK	 
USER	string	END	1693391545581
USER	string	START	1693391545583
USER	string	START	1693391545586
REQUEST		string	1693391545565	1693391545608	OK	 
REQUEST		string	1693391545563	1693391545608	OK	 
REQUEST		string	1693391545562	1693391545610	OK	 
REQUEST		string	1693391545585	1693391545616	OK	 
REQUEST		string	1693391545582	1693391545619	OK	 
REQUEST		string Redirect 1	1693391545608	1693391545628	OK	 
USER	string	END	1693391545628
USER	string	START	1693391545630
REQUEST		string Redirect 1	1693391545611	1693391545639	OK	 
USER	string	END	1693391545642
REQUEST		string Redirect 1	1693391545608	1693391545642	OK	 
USER	string	START	1693391545642
USER	string	END	1693391545643
USER	string	START	1693391545643
REQUEST		string Redirect 1	1693391545620	1693391545655	OK	 
REQUEST		string Redirect 1	1693391545616	1693391545655	OK	 
USER	string	END	1693391545655
USER	string	END	1693391545655
USER	string	START	1693391545656
USER	string	START	1693391545656
USER	string	START	1693391545679
REQUEST		string	1693391545629	1693391545682	OK	 
REQUEST		string	1693391545642	1693391545691	OK	 
REQUEST		string	1693391545643	1693391545698	OK	 
REQUEST		string Redirect 1	1693391545682	1693391545706	OK	 
REQUEST		string	1693391545656	1693391545706	OK	 
REQUEST		string	1693391545656	1693391545706	OK	 
USER	string	END	1693391545707
USER	string	START	1693391545708
REQUEST		string Redirect 1	1693391545691	1693391545728	OK	 
REQUEST		string Redirect 1	1693391545698	1693391545728	OK	 
USER	string	END	1693391545729
USER	string	END	1693391545729
USER	string	START	1693391545729
USER	string	START	1693391545729
REQUEST		string Redirect 1	1693391545706	1693391545730	OK	 
USER	string	END	1693391545731
USER	string	START	1693391545732
REQUEST		string Redirect 1	1693391545706	1693391545735	OK	 
USER	string	END	1693391545736
USER	string	START	1693391545737
REQUEST		string	1693391545678	1693391545738	OK	 
REQUEST		string	1693391545707	1693391545750	OK	 
REQUEST		string Redirect 1	1693391545739	1693391545751	OK	 
USER	string	START	1693391545751
USER	string	END	1693391545752
USER	string	START	1693391545752
REQUEST		string	1693391545729	1693391545767	OK	 
REQUEST		string	1693391545729	1693391545767	OK	 
REQUEST		string Redirect 1	1693391545751	1693391545770	OK	 
USER	string	END	1693391545770
USER	string	START	1693391545772
REQUEST		string	1693391545732	1693391545786	OK	 
REQUEST		string Redirect 1	1693391545767	1693391545792	OK	 
REQUEST		string	1693391545737	1693391545792	OK	 
USER	string	END	1693391545793
REQUEST		string	1693391545751	1693391545793	OK	 
USER	string	START	1693391545794
REQUEST		string Redirect 1	1693391545767	1693391545812	OK	 
REQUEST		string	1693391545752	1693391545813	OK	 
USER	string	END	1693391545813
REQUEST		string Redirect 1	1693391545787	1693391545813	OK	 
USER	string	END	1693391545814
USER	string	START	1693391545814
USER	string	START	1693391545815
REQUEST		string Redirect 1	1693391545793	1693391545819	OK	 
REQUEST		string Redirect 1	1693391545792	1693391545819	OK	 
USER	string	END	1693391545820
USER	string	END	1693391545820
USER	string	START	1693391545821
USER	string	START	1693391545821
REQUEST		string	1693391545771	1693391545833	OK	 
REQUEST		string Redirect 1	1693391545813	1693391545837	OK	 
USER	string	END	1693391545838
USER	string	START	1693391545839
USER	string	START	1693391545848
REQUEST		string	1693391545793	1693391545850	OK	 
REQUEST		string Redirect 1	1693391545834	1693391545853	OK	 
USER	string	END	1693391545854
USER	string	START	1693391545855
REQUEST		string	1693391545821	1693391545857	OK	 
REQUEST		string	1693391545814	1693391545862	OK	 
REQUEST		string	1693391545821	1693391545866	OK	 
REQUEST		string	1693391545814	1693391545872	OK	 
REQUEST		string	1693391545839	1693391545874	OK	 
REQUEST		string Redirect 1	1693391545851	1693391545874	OK	 
USER	string	END	1693391545875
USER	string	START	1693391545876
REQUEST		string Redirect 1	1693391545857	1693391545884	OK	 
USER	string	END	1693391545885
USER	string	START	1693391545885
REQUEST		string Redirect 1	1693391545862	1693391545887	OK	 
USER	string	END	1693391545888
REQUEST		string	1693391545848	1693391545888	OK	 
USER	string	START	1693391545888
REQUEST		string Redirect 1	1693391545866	1693391545889	OK	 
USER	string	END	1693391545889
USER	string	START	1693391545890
REQUEST		string Redirect 1	1693391545874	1693391545900	OK	 
REQUEST		string Redirect 1	1693391545873	1693391545900	OK	 
REQUEST		string	1693391545855	1693391545900	OK	 
REQUEST		string Redirect 1	1693391545889	1693391545900	OK	 
USER	string	END	1693391545901
USER	string	END	1693391545901
USER	string	END	1693391545901
USER	string	START	1693391545901
USER	string	START	1693391545901
USER	string	START	1693391545901
REQUEST		string	1693391545876	1693391545911	OK	 
REQUEST		string	1693391545885	1693391545917	OK	 
REQUEST		string Redirect 1	1693391545901	1693391545925	OK	 
REQUEST		string Redirect 1	1693391545911	1693391545925	OK	 
USER	string	END	1693391545926
USER	string	END	1693391545926
USER	string	START	1693391545926
USER	string	START	1693391545927
USER	string	START	1693391545927
REQUEST		string Redirect 1	1693391545918	1693391545931	OK	 
REQUEST		string	1693391545889	1693391545931	OK	 
USER	string	END	1693391545932
USER	string	START	1693391545933
REQUEST		string	1693391545888	1693391545935	OK	 
REQUEST		string	1693391545901	1693391545940	OK	 
REQUEST		string	1693391545901	1693391545942	OK	 
REQUEST		string Redirect 1	1693391545932	1693391545948	OK	 
USER	string	END	1693391545949
USER	string	START	1693391545950
REQUEST		string Redirect 1	1693391545935	1693391545954	OK	 
REQUEST		string	1693391545901	1693391545954	OK	 
USER	string	END	1693391545955
USER	string	START	1693391545956
REQUEST		string Redirect 1	1693391545941	1693391545975	OK	 
USER	string	END	1693391545975
USER	string	START	1693391545976
REQUEST		string Redirect 1	1693391545943	1693391545978	OK	 
REQUEST		string	1693391545933	1693391545978	OK	 
USER	string	END	1693391545979
REQUEST		string	1693391545926	1693391545979	OK	 
USER	string	START	1693391545980
REQUEST		string	1693391545926	1693391545983	OK	 
REQUEST		string	1693391545926	1693391545985	OK	 
REQUEST		string Redirect 1	1693391545955	1693391545989	OK	 
USER	string	END	1693391545990
USER	string	START	1693391545990
USER	string	START	1693391546003
REQUEST		string	1693391545949	1693391546008	OK	 
REQUEST		string Redirect 1	1693391545978	1693391546016	OK	 
REQUEST		string	1693391545955	1693391546016	OK	 
USER	string	END	1693391546017
USER	string	START	1693391546018
REQUEST		string Redirect 1	1693391545979	1693391546019	OK	 
REQUEST		string Redirect 1	1693391545986	1693391546019	OK	 
REQUEST		string Redirect 1	1693391545983	1693391546019	OK	 
USER	string	END	1693391546020
USER	string	END	1693391546020
USER	string	END	1693391546020
USER	string	START	1693391546021
USER	string	START	1693391546021
USER	string	START	1693391546021
REQUEST		string	1693391545976	1693391546023	OK	 
REQUEST		string Redirect 1	1693391546008	1693391546028	OK	 
USER	string	END	1693391546029
USER	string	START	1693391546029
REQUEST		string Redirect 1	1693391546016	1693391546030	OK	 
USER	string	END	1693391546030
USER	string	START	1693391546031
REQUEST		string	1693391545979	1693391546036	OK	 
REQUEST		string	1693391545990	1693391546036	OK	 
REQUEST		string	1693391546003	1693391546038	OK	 
REQUEST		string Redirect 1	1693391546024	1693391546041	OK	 
USER	string	END	1693391546041
USER	string	START	1693391546042
REQUEST		string Redirect 1	1693391546039	1693391546063	OK	 
USER	string	END	1693391546064
USER	string	START	1693391546064
REQUEST		string Redirect 1	1693391546036	1693391546071	OK	 
REQUEST		string Redirect 1	1693391546036	1693391546071	OK	 
REQUEST		string	1693391546017	1693391546071	OK	 
REQUEST		string	1693391546020	1693391546071	OK	 
USER	string	END	1693391546072
USER	string	END	1693391546072
USER	string	START	1693391546072
USER	string	START	1693391546072
REQUEST		string	1693391546020	1693391546075	OK	 
REQUEST		string	1693391546030	1693391546076	OK	 
REQUEST		string	1693391546029	1693391546085	OK	 
REQUEST		string	1693391546020	1693391546085	OK	 
USER	string	START	1693391546086
REQUEST		string Redirect 1	1693391546071	1693391546099	OK	 
USER	string	END	1693391546099
USER	string	START	1693391546100
REQUEST		string	1693391546042	1693391546103	OK	 
REQUEST		string Redirect 1	1693391546071	1693391546104	OK	 
USER	string	END	1693391546105
USER	string	START	1693391546105
REQUEST		string Redirect 1	1693391546075	1693391546112	OK	 
USER	string	END	1693391546113
USER	string	START	1693391546113
REQUEST		string Redirect 1	1693391546085	1693391546125	OK	 
USER	string	END	1693391546126
USER	string	START	1693391546126
REQUEST		string Redirect 1	1693391546085	1693391546128	OK	 
REQUEST		string Redirect 1	1693391546076	1693391546128	OK	 
REQUEST		string	1693391546072	1693391546128	OK	 
REQUEST		string	1693391546072	1693391546128	OK	 
USER	string	END	1693391546128
USER	string	END	1693391546128
USER	string	START	1693391546129
USER	string	START	1693391546129
REQUEST		string	1693391546064	1693391546133	OK	 
REQUEST		string	1693391546086	1693391546143	OK	 
REQUEST		string	1693391546105	1693391546147	OK	 
REQUEST		string Redirect 1	1693391546104	1693391546150	OK	 
USER	string	END	1693391546151
USER	string	START	1693391546152
REQUEST		string Redirect 1	1693391546128	1693391546163	OK	 
REQUEST		string	1693391546100	1693391546163	OK	 
REQUEST		string Redirect 1	1693391546128	1693391546164	OK	 
USER	string	END	1693391546164
USER	string	END	1693391546164
REQUEST		string	1693391546113	1693391546164	OK	 
USER	string	START	1693391546165
USER	string	START	1693391546165
REQUEST		string	1693391546126	1693391546170	OK	 
USER	string	START	1693391546172
REQUEST		string	1693391546129	1693391546172	OK	 
REQUEST		string Redirect 1	1693391546144	1693391546174	OK	 
USER	string	END	1693391546175
USER	string	START	1693391546176
REQUEST		string Redirect 1	1693391546134	1693391546176	OK	 
USER	string	END	1693391546176
REQUEST		string Redirect 1	1693391546147	1693391546176	OK	 
REQUEST		string	1693391546129	1693391546177	OK	 
USER	string	START	1693391546177
USER	string	END	1693391546177
USER	string	START	1693391546177
REQUEST		string Redirect 1	1693391546164	1693391546189	OK	 
USER	string	END	1693391546190
USER	string	START	1693391546190
REQUEST		string Redirect 1	1693391546165	1693391546211	OK	 
REQUEST		string Redirect 1	1693391546173	1693391546211	OK	 
REQUEST		string Redirect 1	1693391546170	1693391546211	OK	 
REQUEST		string	1693391546151	1693391546211	OK	 
REQUEST		string Redirect 1	1693391546177	1693391546211	OK	 
USER	string	END	1693391546212
USER	string	END	1693391546212
USER	string	END	1693391546212
USER	string	END	1693391546212
REQUEST		string	1693391546164	1693391546212	OK	 
REQUEST		string	1693391546164	1693391546212	OK	 
USER	string	START	1693391546212
USER	string	START	1693391546212
USER	string	START	1693391546212
USER	string	START	1693391546212
REQUEST		string	1693391546175	1693391546233	OK	 
REQUEST		string	1693391546176	1693391546233	OK	 
REQUEST		string Redirect 1	1693391546211	1693391546235	OK	 
USER	string	END	1693391546236
USER	string	START	1693391546236
REQUEST		string	1693391546177	1693391546242	OK	 
REQUEST		string	1693391546172	1693391546242	OK	 
USER	string	START	1693391546250
REQUEST		string Redirect 1	1693391546212	1693391546256	OK	 
REQUEST		string Redirect 1	1693391546212	1693391546256	OK	 
USER	string	END	1693391546256
USER	string	END	1693391546256
USER	string	START	1693391546257
USER	string	START	1693391546257
REQUEST		string Redirect 1	1693391546233	1693391546260	OK	 
REQUEST		string	1693391546190	1693391546260	OK	 
USER	string	END	1693391546260
USER	string	START	1693391546261
REQUEST		string	1693391546212	1693391546266	OK	 
REQUEST		string Redirect 1	1693391546234	1693391546267	OK	 
REQUEST		string	1693391546212	1693391546267	OK	 
USER	string	END	1693391546268
USER	string	START	1693391546268
REQUEST		string	1693391546212	1693391546269	OK	 
REQUEST		string Redirect 1	1693391546242	1693391546281	OK	 
REQUEST		string	1693391546212	1693391546281	OK	 
USER	string	END	1693391546282
USER	string	START	1693391546283
REQUEST		string	1693391546236	1693391546287	OK	 
REQUEST		string Redirect 1	1693391546260	1693391546291	OK	 
USER	string	END	1693391546291
REQUEST		string Redirect 1	1693391546242	1693391546291	OK	 
USER	string	END	1693391546292
USER	string	START	1693391546292
USER	string	START	1693391546292
REQUEST		string Redirect 1	1693391546269	1693391546296	OK	 
REQUEST		string	1693391546250	1693391546296	OK	 
USER	string	END	1693391546296
USER	string	START	1693391546297
REQUEST		string Redirect 1	1693391546267	1693391546300	OK	 
REQUEST		string	1693391546261	1693391546300	OK	 
USER	string	END	1693391546301
USER	string	START	1693391546301
REQUEST		string Redirect 1	1693391546266	1693391546304	OK	 
USER	string	END	1693391546305
USER	string	START	1693391546305
REQUEST		string	1693391546257	1693391546310	OK	 
REQUEST		string	1693391546257	1693391546310	OK	 
REQUEST		string	1693391546268	1693391546310	OK	 
REQUEST		string Redirect 1	1693391546281	1693391546310	OK	 
USER	string	END	1693391546310
REQUEST		string Redirect 1	1693391546288	1693391546310	OK	 
USER	string	END	1693391546311
USER	string	START	1693391546311
USER	string	START	1693391546311
REQUEST		string	1693391546282	1693391546329	OK	 
REQUEST		string Redirect 1	1693391546301	1693391546332	OK	 
USER	string	END	1693391546333
USER	string	START	1693391546333
REQUEST		string Redirect 1	1693391546310	1693391546345	OK	 
REQUEST		string Redirect 1	1693391546296	1693391546345	OK	 
USER	string	END	1693391546346
USER	string	END	1693391546346
USER	string	START	1693391546347
USER	string	START	1693391546347
REQUEST		string Redirect 1	1693391546310	1693391546350	OK	 
USER	string	END	1693391546351
USER	string	START	1693391546352
REQUEST		string Redirect 1	1693391546310	1693391546358	OK	 
USER	string	END	1693391546359
USER	string	START	1693391546359
REQUEST		string	1693391546297	1693391546362	OK	 
REQUEST		string	1693391546305	1693391546364	OK	 
REQUEST		string Redirect 1	1693391546330	1693391546367	OK	 
USER	string	END	1693391546367
USER	string	START	1693391546368
REQUEST		string	1693391546292	1693391546371	OK	 
REQUEST		string	1693391546311	1693391546371	OK	 
REQUEST		string	1693391546311	1693391546374	OK	 
REQUEST		string	1693391546292	1693391546378	OK	 
REQUEST		string	1693391546301	1693391546380	OK	 
REQUEST		string Redirect 1	1693391546362	1693391546400	OK	 
REQUEST		string Redirect 1	1693391546364	1693391546400	OK	 
REQUEST		string	1693391546346	1693391546400	OK	 
REQUEST		string	1693391546333	1693391546400	OK	 
USER	string	END	1693391546401
USER	string	END	1693391546401
USER	string	START	1693391546401
USER	string	START	1693391546401
REQUEST		string Redirect 1	1693391546371	1693391546410	OK	 
USER	string	END	1693391546411
USER	string	START	1693391546412
REQUEST		string	1693391546346	1693391546415	OK	 
REQUEST		string	1693391546351	1693391546425	OK	 
REQUEST		string Redirect 1	1693391546374	1693391546433	OK	 
USER	string	END	1693391546434
USER	string	START	1693391546435
REQUEST		string Redirect 1	1693391546380	1693391546438	OK	 
REQUEST		string Redirect 1	1693391546378	1693391546438	OK	 
REQUEST		string Redirect 1	1693391546371	1693391546438	OK	 
REQUEST		string	1693391546359	1693391546438	OK	 
USER	string	END	1693391546438
USER	string	END	1693391546438
USER	string	END	1693391546438
USER	string	START	1693391546439
USER	string	START	1693391546439
USER	string	START	1693391546439
REQUEST		string Redirect 1	1693391546401	1693391546449	OK	 
USER	string	END	1693391546450
REQUEST		string	1693391546368	1693391546450	OK	 
USER	string	START	1693391546450
REQUEST		string Redirect 1	1693391546401	1693391546469	OK	 
REQUEST		string Redirect 1	1693391546415	1693391546469	OK	 
REQUEST		string	1693391546401	1693391546469	OK	 
REQUEST		string	1693391546411	1693391546469	OK	 
REQUEST		string	1693391546401	1693391546469	OK	 
USER	string	END	1693391546471
USER	string	END	1693391546471
USER	string	START	1693391546472
USER	string	START	1693391546472
REQUEST		string Redirect 1	1693391546426	1693391546480	OK	 
USER	string	END	1693391546481
USER	string	START	1693391546482
REQUEST		string Redirect 1	1693391546438	1693391546483	OK	 
USER	string	END	1693391546484
USER	string	START	1693391546484
REQUEST		string Redirect 1	1693391546470	1693391546487	OK	 
REQUEST		string Redirect 1	1693391546451	1693391546487	OK	 
USER	string	END	1693391546488
USER	string	END	1693391546488
USER	string	START	1693391546488
USER	string	START	1693391546488
REQUEST		string	1693391546435	1693391546493	OK	 
REQUEST		string	1693391546438	1693391546497	OK	 
REQUEST		string Redirect 1	1693391546470	1693391546501	OK	 
REQUEST		string	1693391546438	1693391546501	OK	 
USER	string	END	1693391546502
USER	string	START	1693391546502
REQUEST		string	1693391546438	1693391546503	OK	 
REQUEST		string Redirect 1	1693391546470	1693391546509	OK	 
USER	string	END	1693391546510
USER	string	START	1693391546511
REQUEST		string	1693391546450	1693391546513	OK	 
REQUEST		string	1693391546471	1693391546514	OK	 
REQUEST		string	1693391546471	1693391546526	OK	 
REQUEST		string Redirect 1	1693391546493	1693391546530	OK	 
USER	string	END	1693391546531
USER	string	START	1693391546532
REQUEST		string Redirect 1	1693391546498	1693391546536	OK	 
USER	string	END	1693391546537
USER	string	START	1693391546538
REQUEST		string	1693391546482	1693391546540	OK	 
REQUEST		string Redirect 1	1693391546501	1693391546545	OK	 
USER	string	END	1693391546546
USER	string	START	1693391546546
REQUEST		string Redirect 1	1693391546504	1693391546547	OK	 
USER	string	END	1693391546548
REQUEST		string Redirect 1	1693391546514	1693391546548	OK	 
USER	string	START	1693391546548
USER	string	END	1693391546548
USER	string	START	1693391546549
REQUEST		string	1693391546484	1693391546551	OK	 
REQUEST		string	1693391546488	1693391546554	OK	 
REQUEST		string	1693391546488	1693391546567	OK	 
REQUEST		string Redirect 1	1693391546515	1693391546568	OK	 
USER	string	END	1693391546569
USER	string	START	1693391546570
REQUEST		string	1693391546502	1693391546572	OK	 
REQUEST		string Redirect 1	1693391546526	1693391546572	OK	 
USER	string	END	1693391546573
REQUEST		string	1693391546510	1693391546573	OK	 
USER	string	START	1693391546573
REQUEST		string	1693391546531	1693391546582	OK	 
REQUEST		string Redirect 1	1693391546541	1693391546584	OK	 
USER	string	END	1693391546585
USER	string	START	1693391546585
REQUEST		string Redirect 1	1693391546554	1693391546589	OK	 
REQUEST		string Redirect 1	1693391546551	1693391546589	OK	 
REQUEST		string	1693391546537	1693391546589	OK	 
USER	string	END	1693391546590
USER	string	END	1693391546590
USER	string	START	1693391546590
USER	string	START	1693391546590
REQUEST		string	1693391546546	1693391546603	OK	 
REQUEST		string	1693391546549	1693391546603	OK	 
REQUEST		string Redirect 1	1693391546589	1693391546620	OK	 
REQUEST		string Redirect 1	1693391546573	1693391546620	OK	 
REQUEST		string Redirect 1	1693391546572	1693391546620	OK	 
REQUEST		string Redirect 1	1693391546568	1693391546620	OK	 
REQUEST		string Redirect 1	1693391546582	1693391546620	OK	 
REQUEST		string	1693391546548	1693391546620	OK	 
USER	string	END	1693391546621
USER	string	END	1693391546621
USER	string	END	1693391546621
USER	string	END	1693391546621
USER	string	END	1693391546621
USER	string	START	1693391546621
USER	string	START	1693391546621
USER	string	START	1693391546621
USER	string	START	1693391546621
USER	string	START	1693391546621
REQUEST		string	1693391546569	1693391546678	OK	 
REQUEST		string Redirect 1	1693391546603	1693391546680	OK	 
USER	string	END	1693391546680
USER	string	START	1693391546681
REQUEST		string	1693391546573	1693391546689	OK	 
REQUEST		string Redirect 1	1693391546603	1693391546690	OK	 
USER	string	END	1693391546691
USER	string	START	1693391546692
REQUEST		string Redirect 1	1693391546679	1693391546700	OK	 
REQUEST		string Redirect 1	1693391546620	1693391546700	OK	 
REQUEST		string	1693391546621	1693391546700	OK	 
USER	string	END	1693391546700
USER	string	END	1693391546700
REQUEST		string	1693391546585	1693391546701	OK	 
USER	string	START	1693391546701
USER	string	START	1693391546701
REQUEST		string	1693391546621	1693391546703	OK	 
REQUEST		string	1693391546621	1693391546706	OK	 
REQUEST		string	1693391546621	1693391546706	OK	 
REQUEST		string Redirect 1	1693391546689	1693391546711	OK	 
USER	string	END	1693391546712
REQUEST		string	1693391546621	1693391546712	OK	 
USER	string	START	1693391546712
REQUEST		string	1693391546590	1693391546714	OK	 
REQUEST		string	1693391546590	1693391546718	OK	 
REQUEST		string	1693391546681	1693391546725	OK	 
REQUEST		string Redirect 1	1693391546700	1693391546737	OK	 
REQUEST		string Redirect 1	1693391546701	1693391546737	OK	 
USER	string	END	1693391546737
USER	string	END	1693391546737
USER	string	START	1693391546738
USER	string	START	1693391546738
REQUEST		string Redirect 1	1693391546712	1693391546749	OK	 
USER	string	END	1693391546749
USER	string	START	1693391546750
REQUEST		string Redirect 1	1693391546706	1693391546750	OK	 
USER	string	END	1693391546751
REQUEST		string Redirect 1	1693391546703	1693391546751	OK	 
USER	string	END	1693391546751
USER	string	START	1693391546752
USER	string	START	1693391546752
REQUEST		string Redirect 1	1693391546714	1693391546756	OK	 
USER	string	START	1693391546756
USER	string	END	1693391546757
REQUEST		string Redirect 1	1693391546706	1693391546757	OK	 
REQUEST		string	1693391546691	1693391546757	OK	 
USER	string	START	1693391546757
USER	string	END	1693391546758
USER	string	START	1693391546758
REQUEST		string	1693391546701	1693391546765	OK	 
REQUEST		string Redirect 1	1693391546718	1693391546765	OK	 
USER	string	END	1693391546766
USER	string	START	1693391546767
REQUEST		string	1693391546701	1693391546767	OK	 
REQUEST		string Redirect 1	1693391546726	1693391546777	OK	 
USER	string	END	1693391546778
USER	string	START	1693391546778
REQUEST		string Redirect 1	1693391546766	1693391546800	OK	 
REQUEST		string Redirect 1	1693391546757	1693391546799	OK	 
REQUEST		string	1693391546738	1693391546799	OK	 
REQUEST		string	1693391546712	1693391546799	OK	 
REQUEST		string	1693391546738	1693391546800	OK	 
REQUEST		string Redirect 1	1693391546768	1693391546800	OK	 
REQUEST		string	1693391546751	1693391546800	OK	 
REQUEST		string	1693391546752	1693391546800	OK	 
REQUEST		string	1693391546750	1693391546800	OK	 
USER	string	END	1693391546801
USER	string	END	1693391546801
USER	string	END	1693391546801
USER	string	START	1693391546801
USER	string	START	1693391546801
REQUEST		string	1693391546756	1693391546801	OK	 
USER	string	START	1693391546801
REQUEST		string	1693391546757	1693391546815	OK	 
REQUEST		string Redirect 1	1693391546800	1693391546822	OK	 
USER	string	END	1693391546822
USER	string	START	1693391546823
REQUEST		string Redirect 1	1693391546800	1693391546824	OK	 
USER	string	END	1693391546824
USER	string	START	1693391546825
REQUEST		string	1693391546758	1693391546835	OK	 
REQUEST		string Redirect 1	1693391546800	1693391546850	OK	 
REQUEST		string Redirect 1	1693391546800	1693391546850	OK	 
REQUEST		string Redirect 1	1693391546801	1693391546850	OK	 
REQUEST		string	1693391546767	1693391546850	OK	 
USER	string	END	1693391546851
USER	string	END	1693391546851
USER	string	END	1693391546851
USER	string	START	1693391546851
USER	string	START	1693391546851
USER	string	START	1693391546851
REQUEST		string Redirect 1	1693391546801	1693391546851	OK	 
USER	string	END	1693391546852
USER	string	START	1693391546853
REQUEST		string Redirect 1	1693391546816	1693391546861	OK	 
REQUEST		string	1693391546801	1693391546861	OK	 
REQUEST		string	1693391546778	1693391546861	OK	 
USER	string	END	1693391546862
USER	string	START	1693391546863
REQUEST		string Redirect 1	1693391546801	1693391546863	OK	 
USER	string	END	1693391546863
USER	string	START	1693391546864
REQUEST		string	1693391546801	1693391546865	OK	 
REQUEST		string	1693391546801	1693391546872	OK	 
REQUEST		string Redirect 1	1693391546835	1693391546886	OK	 
USER	string	END	1693391546887
USER	string	START	1693391546888
REQUEST		string Redirect 1	1693391546850	1693391546897	OK	 
USER	string	END	1693391546897
USER	string	START	1693391546898
REQUEST		string Redirect 1	1693391546865	1693391546907	OK	 
REQUEST		string Redirect 1	1693391546862	1693391546907	OK	 
USER	string	END	1693391546907
USER	string	END	1693391546907
REQUEST		string Redirect 1	1693391546872	1693391546908	OK	 
REQUEST		string Redirect 1	1693391546862	1693391546907	OK	 
REQUEST		string	1693391546823	1693391546908	OK	 
USER	string	END	1693391546908
USER	string	START	1693391546908
USER	string	START	1693391546908
USER	string	END	1693391546908
USER	string	START	1693391546908
USER	string	START	1693391546908
REQUEST		string	1693391546851	1693391546911	OK	 
REQUEST		string	1693391546824	1693391546911	OK	 
REQUEST		string	1693391546851	1693391546924	OK	 
REQUEST		string	1693391546864	1693391546924	OK	 
REQUEST		string	1693391546862	1693391546929	OK	 
REQUEST		string	1693391546852	1693391546929	OK	 
REQUEST		string	1693391546851	1693391546929	OK	 
REQUEST		string	1693391546887	1693391546935	OK	 
REQUEST		string Redirect 1	1693391546908	1693391546944	OK	 
USER	string	END	1693391546945
USER	string	START	1693391546945
REQUEST		string Redirect 1	1693391546911	1693391546946	OK	 
USER	string	END	1693391546946
USER	string	START	1693391546946
REQUEST		string Redirect 1	1693391546911	1693391546949	OK	 
USER	string	END	1693391546949
USER	string	START	1693391546950
REQUEST		string	1693391546898	1693391546961	OK	 
REQUEST		string Redirect 1	1693391546924	1693391546962	OK	 
USER	string	END	1693391546963
USER	string	START	1693391546963
REQUEST		string Redirect 1	1693391546929	1693391546965	OK	 
USER	string	END	1693391546965
USER	string	START	1693391546966
REQUEST		string Redirect 1	1693391546924	1693391546967	OK	 
USER	string	END	1693391546968
USER	string	START	1693391546968
REQUEST		string Redirect 1	1693391546929	1693391546976	OK	 
USER	string	END	1693391546977
REQUEST		string Redirect 1	1693391546929	1693391546977	OK	 
REQUEST		string	1693391546908	1693391546977	OK	 
REQUEST		string	1693391546908	1693391546977	OK	 
USER	string	END	1693391546978
USER	string	START	1693391546978
USER	string	START	1693391546978
REQUEST		string Redirect 1	1693391546935	1693391546982	OK	 
REQUEST		string	1693391546908	1693391546982	OK	 
USER	string	END	1693391546982
USER	string	START	1693391546983
REQUEST		string	1693391546908	1693391546987	OK	 
REQUEST		string Redirect 1	1693391546961	1693391546992	OK	 
USER	string	END	1693391546992
USER	string	START	1693391546993
REQUEST		string	1693391546946	1693391546997	OK	 
REQUEST		string Redirect 1	1693391546982	1693391547005	OK	 
REQUEST		string	1693391546945	1693391547005	OK	 
USER	string	END	1693391547006
USER	string	START	1693391547006
REQUEST		string Redirect 1	1693391546977	1693391547007	OK	 
USER	string	END	1693391547008
USER	string	START	1693391547008
REQUEST		string Redirect 1	1693391546987	1693391547014	OK	 
USER	string	END	1693391547015
USER	string	START	1693391547015
REQUEST		string	1693391546963	1693391547015	OK	 
REQUEST		string Redirect 1	1693391546977	1693391547027	OK	 
USER	string	END	1693391547027
USER	string	START	1693391547027
REQUEST		string	1693391546950	1693391547028	OK	 
REQUEST		string	1693391546968	1693391547028	OK	 
REQUEST		string	1693391546966	1693391547031	OK	 
REQUEST		string	1693391546977	1693391547032	OK	 
REQUEST		string Redirect 1	1693391546998	1693391547032	OK	 
USER	string	END	1693391547033
USER	string	START	1693391547033
REQUEST		string	1693391546978	1693391547038	OK	 
REQUEST		string	1693391546983	1693391547040	OK	 
REQUEST		string Redirect 1	1693391547015	1693391547047	OK	 
USER	string	END	1693391547047
USER	string	START	1693391547048
REQUEST		string Redirect 1	1693391547005	1693391547048	OK	 
USER	string	END	1693391547048
USER	string	START	1693391547049
REQUEST		string	1693391546992	1693391547058	OK	 
REQUEST		string Redirect 1	1693391547028	1693391547060	OK	 
USER	string	END	1693391547061
REQUEST		string Redirect 1	1693391547028	1693391547061	OK	 
REQUEST		string	1693391547006	1693391547061	OK	 
USER	string	START	1693391547061
USER	string	END	1693391547062
USER	string	START	1693391547062
REQUEST		string	1693391547008	1693391547077	OK	 
REQUEST		string Redirect 1	1693391547032	1693391547079	OK	 
USER	string	END	1693391547080
USER	string	START	1693391547080
REQUEST		string Redirect 1	1693391547032	1693391547090	OK	 
USER	string	END	1693391547091
USER	string	START	1693391547091
REQUEST		string Redirect 1	1693391547038	1693391547092	OK	 
REQUEST		string	1693391547015	1693391547092	OK	 
USER	string	END	1693391547092
USER	string	START	1693391547093
REQUEST		string	1693391547027	1693391547098	OK	 
REQUEST		string Redirect 1	1693391547058	1693391547119	OK	 
REQUEST		string Redirect 1	1693391547061	1693391547119	OK	 
REQUEST		string Redirect 1	1693391547040	1693391547119	OK	 
USER	string	END	1693391547119
USER	string	END	1693391547119
USER	string	END	1693391547119
USER	string	START	1693391547120
USER	string	START	1693391547120
USER	string	START	1693391547120
REQUEST		string	1693391547048	1693391547122	OK	 
REQUEST		string	1693391547033	1693391547122	OK	 
REQUEST		string	1693391547048	1693391547131	OK	 
REQUEST		string Redirect 1	1693391547077	1693391547133	OK	 
REQUEST		string	1693391547061	1693391547133	OK	 
USER	string	END	1693391547133
USER	string	START	1693391547134
REQUEST		string	1693391547062	1693391547140	OK	 
REQUEST		string Redirect 1	1693391547092	1693391547145	OK	 
USER	string	END	1693391547146
USER	string	START	1693391547146
REQUEST		string	1693391547093	1693391547147	OK	 
REQUEST		string	1693391547091	1693391547152	OK	 
REQUEST		string	1693391547080	1693391547158	OK	 
REQUEST		string Redirect 1	1693391547099	1693391547161	OK	 
USER	string	END	1693391547162
USER	string	START	1693391547162
REQUEST		string Redirect 1	1693391547123	1693391547168	OK	 
USER	string	END	1693391547168
USER	string	START	1693391547169
REQUEST		string Redirect 1	1693391547123	1693391547183	OK	 
USER	string	END	1693391547184
REQUEST		string Redirect 1	1693391547133	1693391547184	OK	 
USER	string	END	1693391547184
REQUEST		string Redirect 1	1693391547131	1693391547184	OK	 
USER	string	START	1693391547185
USER	string	START	1693391547185
USER	string	END	1693391547185
USER	string	START	1693391547185
REQUEST		string	1693391547120	1693391547186	OK	 
REQUEST		string Redirect 1	1693391547141	1693391547199	OK	 
REQUEST		string	1693391547119	1693391547199	OK	 
USER	string	END	1693391547200
REQUEST		string	1693391547119	1693391547200	OK	 
USER	string	START	1693391547201
REQUEST		string Redirect 1	1693391547147	1693391547203	OK	 
USER	string	END	1693391547204
USER	string	START	1693391547204
REQUEST		string	1693391547134	1693391547220	OK	 
REQUEST		string Redirect 1	1693391547158	1693391547222	OK	 
USER	string	END	1693391547223
USER	string	START	1693391547223
REQUEST		string Redirect 1	1693391547152	1693391547231	OK	 
REQUEST		string	1693391547162	1693391547231	OK	 
USER	string	END	1693391547232
USER	string	START	1693391547232
REQUEST		string	1693391547146	1693391547232	OK	 
REQUEST		string	1693391547168	1693391547239	OK	 
REQUEST		string Redirect 1	1693391547187	1693391547241	OK	 
USER	string	END	1693391547242
USER	string	START	1693391547242
REQUEST		string	1693391547184	1693391547257	OK	 
REQUEST		string	1693391547185	1693391547257	OK	 
REQUEST		string	1693391547185	1693391547257	OK	 
USER	string	START	1693391547258
REQUEST		string	1693391547200	1693391547258	OK	 
REQUEST		string Redirect 1	1693391547200	1693391547261	OK	 
REQUEST		string Redirect 1	1693391547200	1693391547261	OK	 
USER	string	END	1693391547262
USER	string	END	1693391547262
USER	string	START	1693391547262
USER	string	START	1693391547262
REQUEST		string	1693391547204	1693391547271	OK	 
REQUEST		string Redirect 1	1693391547220	1693391547278	OK	 
REQUEST		string Redirect 1	1693391547231	1693391547278	OK	 
USER	string	END	1693391547279
USER	string	END	1693391547279
USER	string	START	1693391547279
USER	string	START	1693391547279
REQUEST		string	1693391547223	1693391547284	OK	 
REQUEST		string Redirect 1	1693391547233	1693391547288	OK	 
USER	string	END	1693391547289
USER	string	START	1693391547289
REQUEST		string Redirect 1	1693391547240	1693391547295	OK	 
REQUEST		string Redirect 1	1693391547257	1693391547295	OK	 
USER	string	END	1693391547295
USER	string	END	1693391547296
USER	string	START	1693391547296
USER	string	START	1693391547296
REQUEST		string Redirect 1	1693391547257	1693391547304	OK	 
USER	string	END	1693391547304
USER	string	START	1693391547305
REQUEST		string	1693391547232	1693391547305	OK	 
REQUEST		string Redirect 1	1693391547257	1693391547306	OK	 
USER	string	END	1693391547307
USER	string	START	1693391547307
REQUEST		string Redirect 1	1693391547258	1693391547308	OK	 
USER	string	END	1693391547308
USER	string	START	1693391547309
REQUEST		string	1693391547242	1693391547312	OK	 
REQUEST		string Redirect 1	1693391547284	1693391547327	OK	 
REQUEST		string Redirect 1	1693391547271	1693391547327	OK	 
REQUEST		string	1693391547262	1693391547327	OK	 
REQUEST		string	1693391547262	1693391547327	OK	 
REQUEST		string	1693391547279	1693391547327	OK	 
REQUEST		string	1693391547257	1693391547328	OK	 
USER	string	END	1693391547328
USER	string	END	1693391547328
USER	string	START	1693391547329
USER	string	START	1693391547329
REQUEST		string Redirect 1	1693391547305	1693391547340	OK	 
REQUEST		string	1693391547279	1693391547340	OK	 
REQUEST		string	1693391547289	1693391547340	OK	 
USER	string	END	1693391547341
USER	string	START	1693391547342
REQUEST		string Redirect 1	1693391547312	1693391547342	OK	 
USER	string	END	1693391547342
USER	string	START	1693391547343
REQUEST		string	1693391547296	1693391547356	OK	 
REQUEST		string	1693391547296	1693391547357	OK	 
REQUEST		string Redirect 1	1693391547328	1693391547360	OK	 
USER	string	END	1693391547361
USER	string	START	1693391547361
REQUEST		string Redirect 1	1693391547328	1693391547377	OK	 
USER	string	END	1693391547377
USER	string	START	1693391547378
REQUEST		string Redirect 1	1693391547328	1693391547379	OK	 
USER	string	END	1693391547380
USER	string	START	1693391547380
REQUEST		string Redirect 1	1693391547328	1693391547382	OK	 
USER	string	END	1693391547383
USER	string	START	1693391547383
REQUEST		string Redirect 1	1693391547341	1693391547398	OK	 
REQUEST		string	1693391547304	1693391547398	OK	 
REQUEST		string	1693391547307	1693391547398	OK	 
USER	string	END	1693391547399
USER	string	START	1693391547400
REQUEST		string Redirect 1	1693391547341	1693391547402	OK	 
USER	string	END	1693391547402
REQUEST		string	1693391547308	1693391547402	OK	 
USER	string	START	1693391547403
REQUEST		string Redirect 1	1693391547357	1693391547422	OK	 
REQUEST		string	1693391547328	1693391547422	OK	 
REQUEST		string Redirect 1	1693391547357	1693391547423	OK	 
REQUEST		string	1693391547342	1693391547423	OK	 
USER	string	END	1693391547423
USER	string	END	1693391547423
USER	string	START	1693391547423
USER	string	START	1693391547423
REQUEST		string	1693391547341	1693391547425	OK	 
REQUEST		string	1693391547328	1693391547426	OK	 
REQUEST		string	1693391547361	1693391547428	OK	 
REQUEST		string Redirect 1	1693391547399	1693391547442	OK	 
USER	string	END	1693391547442
USER	string	START	1693391547443
REQUEST		string Redirect 1	1693391547399	1693391547444	OK	 
USER	string	END	1693391547444
USER	string	START	1693391547445
REQUEST		string	1693391547378	1693391547447	OK	 
REQUEST		string	1693391547383	1693391547450	OK	 
REQUEST		string	1693391547380	1693391547450	OK	 
REQUEST		string	1693391547399	1693391547456	OK	 
REQUEST		string Redirect 1	1693391547402	1693391547457	OK	 
USER	string	END	1693391547458
USER	string	START	1693391547458
REQUEST		string Redirect 1	1693391547423	1693391547463	OK	 
USER	string	END	1693391547463
USER	string	START	1693391547464
REQUEST		string Redirect 1	1693391547423	1693391547464	OK	 
USER	string	END	1693391547464
USER	string	START	1693391547465
REQUEST		string	1693391547402	1693391547470	OK	 
REQUEST		string Redirect 1	1693391547425	1693391547477	OK	 
USER	string	END	1693391547477
USER	string	START	1693391547478
REQUEST		string Redirect 1	1693391547428	1693391547493	OK	 
USER	string	END	1693391547494
USER	string	START	1693391547494
REQUEST		string Redirect 1	1693391547427	1693391547495	OK	 
USER	string	END	1693391547496
USER	string	START	1693391547496
REQUEST		string Redirect 1	1693391547450	1693391547499	OK	 
REQUEST		string Redirect 1	1693391547450	1693391547499	OK	 
REQUEST		string Redirect 1	1693391547447	1693391547499	OK	 
USER	string	END	1693391547499
USER	string	END	1693391547499
USER	string	END	1693391547499
USER	string	START	1693391547500
USER	string	START	1693391547500
USER	string	START	1693391547500
REQUEST		string	1693391547423	1693391547502	OK	 
REQUEST		string	1693391547423	1693391547502	OK	 
REQUEST		string Redirect 1	1693391547456	1693391547514	OK	 
USER	string	END	1693391547515
USER	string	START	1693391547515
REQUEST		string	1693391547444	1693391547517	OK	 
REQUEST		string Redirect 1	1693391547470	1693391547524	OK	 
REQUEST		string	1693391547442	1693391547524	OK	 
USER	string	END	1693391547525
REQUEST		string	1693391547464	1693391547525	OK	 
REQUEST		string	1693391547458	1693391547525	OK	 
USER	string	START	1693391547525
REQUEST		string	1693391547464	1693391547529	OK	 
REQUEST		string	1693391547477	1693391547532	OK	 
REQUEST		string	1693391547494	1693391547553	OK	 
REQUEST		string Redirect 1	1693391547502	1693391547554	OK	 
USER	string	END	1693391547554
USER	string	START	1693391547556
REQUEST		string Redirect 1	1693391547502	1693391547558	OK	 
USER	string	END	1693391547558
USER	string	START	1693391547559
REQUEST		string	1693391547500	1693391547561	OK	 
REQUEST		string Redirect 1	1693391547517	1693391547562	OK	 
REQUEST		string	1693391547500	1693391547562	OK	 
USER	string	END	1693391547563
USER	string	START	1693391547563
REQUEST		string	1693391547500	1693391547567	OK	 
REQUEST		string	1693391547496	1693391547575	OK	 
REQUEST		string Redirect 1	1693391547525	1693391547581	OK	 
USER	string	END	1693391547581
USER	string	START	1693391547582
REQUEST		string Redirect 1	1693391547529	1693391547591	OK	 
USER	string	END	1693391547591
USER	string	START	1693391547592
REQUEST		string Redirect 1	1693391547525	1693391547593	OK	 
USER	string	END	1693391547593
USER	string	START	1693391547593
REQUEST		string Redirect 1	1693391547525	1693391547612	OK	 
REQUEST		string	1693391547525	1693391547612	OK	 
USER	string	END	1693391547612
USER	string	START	1693391547613
REQUEST		string	1693391547515	1693391547615	OK	 
REQUEST		string Redirect 1	1693391547533	1693391547624	OK	 
USER	string	END	1693391547625
USER	string	START	1693391547625
REQUEST		string Redirect 1	1693391547553	1693391547631	OK	 
REQUEST		string Redirect 1	1693391547561	1693391547631	OK	 
USER	string	END	1693391547631
USER	string	END	1693391547631
USER	string	START	1693391547632
USER	string	START	1693391547632
REQUEST		string Redirect 1	1693391547562	1693391547649	OK	 
REQUEST		string Redirect 1	1693391547567	1693391547649	OK	 
REQUEST		string Redirect 1	1693391547575	1693391547649	OK	 
REQUEST		string	1693391547555	1693391547649	OK	 
USER	string	END	1693391547650
USER	string	END	1693391547650
USER	string	END	1693391547650
USER	string	START	1693391547651
USER	string	START	1693391547651
USER	string	START	1693391547651
REQUEST		string	1693391547582	1693391547650	OK	 
REQUEST		string	1693391547563	1693391547650	OK	 
REQUEST		string	1693391547559	1693391547650	OK	 
REQUEST		string Redirect 1	1693391547612	1693391547676	OK	 
REQUEST		string	1693391547592	1693391547676	OK	 
USER	string	END	1693391547676
USER	string	START	1693391547677
REQUEST		string Redirect 1	1693391547616	1693391547706	OK	 
REQUEST		string	1693391547593	1693391547707	OK	 
USER	string	END	1693391547708
USER	string	START	1693391547709
REQUEST		string Redirect 1	1693391547651	1693391547732	OK	 
REQUEST		string Redirect 1	1693391547650	1693391547733	OK	 
USER	string	END	1693391547733
USER	string	END	1693391547734
USER	string	START	1693391547735
USER	string	START	1693391547735
REQUEST		string Redirect 1	1693391547651	1693391547746	OK	 
REQUEST		string Redirect 1	1693391547651	1693391547746	OK	 
REQUEST		string Redirect 1	1693391547676	1693391547746	OK	 
REQUEST		string Redirect 1	1693391547708	1693391547747	OK	 
REQUEST		string	1693391547613	1693391547747	OK	 
REQUEST		string	1693391547631	1693391547747	OK	 
USER	string	END	1693391547748
USER	string	END	1693391547748
USER	string	END	1693391547748
USER	string	END	1693391547748
USER	string	START	1693391547749
USER	string	START	1693391547749
USER	string	START	1693391547749
USER	string	START	1693391547749
USER	string	START	1693391547765
REQUEST		string	1693391547631	1693391547806	OK	 
REQUEST		string	1693391547625	1693391547805	OK	 
REQUEST		string	1693391547650	1693391547829	OK	 
REQUEST		string	1693391547650	1693391547832	OK	 
REQUEST		string Redirect 1	1693391547748	1693391547834	OK	 
USER	string	END	1693391547836
USER	string	START	1693391547837
REQUEST		string Redirect 1	1693391547748	1693391547849	OK	 
REQUEST		string	1693391547677	1693391547849	OK	 
USER	string	END	1693391547850
USER	string	START	1693391547851
REQUEST		string Redirect 1	1693391547806	1693391547863	OK	 
REQUEST		string	1693391547650	1693391547863	OK	 
REQUEST		string	1693391547709	1693391547863	OK	 
USER	string	END	1693391547864
USER	string	START	1693391547864
REQUEST		string Redirect 1	1693391547833	1693391547871	OK	 
REQUEST		string Redirect 1	1693391547830	1693391547871	OK	 
REQUEST		string Redirect 1	1693391547806	1693391547871	OK	 
REQUEST		string	1693391547748	1693391547871	OK	 
REQUEST		string	1693391547748	1693391547871	OK	 
REQUEST		string	1693391547734	1693391547871	OK	 
USER	string	END	1693391547871
USER	string	END	1693391547871
USER	string	END	1693391547871
USER	string	START	1693391547872
USER	string	START	1693391547872
USER	string	START	1693391547872
REQUEST		string	1693391547748	1693391547883	OK	 
REQUEST		string	1693391547748	1693391547891	OK	 
REQUEST		string	1693391547765	1693391547892	OK	 
REQUEST		string Redirect 1	1693391547850	1693391547902	OK	 
REQUEST		string	1693391547734	1693391547902	OK	 
USER	string	END	1693391547903
USER	string	START	1693391547903
REQUEST		string Redirect 1	1693391547863	1693391547918	OK	 
REQUEST		string Redirect 1	1693391547863	1693391547918	OK	 
USER	string	END	1693391547919
USER	string	END	1693391547919
USER	string	START	1693391547920
USER	string	START	1693391547920
REQUEST		string Redirect 1	1693391547871	1693391547931	OK	 
USER	string	END	1693391547932
USER	string	START	1693391547932
REQUEST		string Redirect 1	1693391547871	1693391547939	OK	 
REQUEST		string Redirect 1	1693391547871	1693391547939	OK	 
REQUEST		string	1693391547836	1693391547939	OK	 
USER	string	END	1693391547940
USER	string	END	1693391547940
USER	string	START	1693391547940
USER	string	START	1693391547940
REQUEST		string	1693391547850	1693391547949	OK	 
REQUEST		string	1693391547864	1693391547960	OK	 
REQUEST		string Redirect 1	1693391547891	1693391547970	OK	 
REQUEST		string Redirect 1	1693391547883	1693391547970	OK	 
USER	string	END	1693391547970
USER	string	END	1693391547970
USER	string	START	1693391547971
USER	string	START	1693391547971
REQUEST		string Redirect 1	1693391547892	1693391547977	OK	 
REQUEST		string	1693391547871	1693391547977	OK	 
REQUEST		string	1693391547871	1693391547977	OK	 
USER	string	END	1693391547978
USER	string	START	1693391547978
REQUEST		string	1693391547903	1693391547980	OK	 
REQUEST		string Redirect 1	1693391547902	1693391547980	OK	 
USER	string	END	1693391547981
USER	string	START	1693391547981
REQUEST		string	1693391547920	1693391547990	OK	 
REQUEST		string	1693391547920	1693391547993	OK	 
REQUEST		string Redirect 1	1693391547949	1693391548028	OK	 
REQUEST		string Redirect 1	1693391547940	1693391548028	OK	 
REQUEST		string	1693391547940	1693391548028	OK	 
REQUEST		string	1693391547940	1693391548028	OK	 
REQUEST		string	1693391547932	1693391548028	OK	 
REQUEST		string Redirect 1	1693391547977	1693391548029	OK	 
REQUEST		string Redirect 1	1693391547960	1693391548029	OK	 
USER	string	END	1693391548030
USER	string	END	1693391548030
USER	string	END	1693391548030
USER	string	END	1693391548030
USER	string	START	1693391548032
USER	string	START	1693391548032
USER	string	START	1693391548032
REQUEST		string Redirect 1	1693391547977	1693391548031	OK	 
USER	string	START	1693391548032
USER	string	END	1693391548033
USER	string	START	1693391548034
REQUEST		string Redirect 1	1693391547980	1693391548039	OK	 
USER	string	END	1693391548040
USER	string	START	1693391548041
REQUEST		string Redirect 1	1693391547990	1693391548044	OK	 
USER	string	END	1693391548044
USER	string	START	1693391548045
REQUEST		string Redirect 1	1693391547993	1693391548059	OK	 
USER	string	END	1693391548060
USER	string	START	1693391548060
REQUEST		string Redirect 1	1693391548029	1693391548067	OK	 
REQUEST		string Redirect 1	1693391548029	1693391548067	OK	 
REQUEST		string Redirect 1	1693391548029	1693391548067	OK	 
REQUEST		string	1693391547971	1693391548067	OK	 
USER	string	END	1693391548068
USER	string	END	1693391548068
USER	string	END	1693391548068
USER	string	START	1693391548068
USER	string	START	1693391548068
USER	string	START	1693391548068
REQUEST		string	1693391547971	1693391548072	OK	 
REQUEST		string	1693391547981	1693391548082	OK	 
REQUEST		string	1693391548031	1693391548085	OK	 
REQUEST		string	1693391547978	1693391548085	OK	 
REQUEST		string	1693391548030	1693391548088	OK	 
REQUEST		string	1693391548031	1693391548096	OK	 
REQUEST		string	1693391548031	1693391548098	OK	 
REQUEST		string	1693391548033	1693391548099	OK	 
REQUEST		string Redirect 1	1693391548068	1693391548117	OK	 
REQUEST		string	1693391548044	1693391548117	OK	 
REQUEST		string	1693391548040	1693391548117	OK	 
USER	string	END	1693391548118
USER	string	START	1693391548118
REQUEST		string Redirect 1	1693391548072	1693391548124	OK	 
USER	string	END	1693391548124
USER	string	START	1693391548125
REQUEST		string Redirect 1	1693391548082	1693391548133	OK	 
USER	string	END	1693391548134
USER	string	START	1693391548134
REQUEST		string Redirect 1	1693391548085	1693391548135	OK	 
REQUEST		string Redirect 1	1693391548085	1693391548135	OK	 
USER	string	END	1693391548136
USER	string	END	1693391548136
USER	string	START	1693391548137
USER	string	START	1693391548137
REQUEST		string Redirect 1	1693391548089	1693391548158	OK	 
REQUEST		string	1693391548060	1693391548158	OK	 
USER	string	END	1693391548158
USER	string	START	1693391548159
REQUEST		string Redirect 1	1693391548099	1693391548168	OK	 
REQUEST		string Redirect 1	1693391548096	1693391548168	OK	 
REQUEST		string Redirect 1	1693391548098	1693391548168	OK	 
REQUEST		string	1693391548068	1693391548168	OK	 
REQUEST		string	1693391547871	1693391548168	OK	 
USER	string	END	1693391548168
USER	string	END	1693391548168
USER	string	END	1693391548168
USER	string	START	1693391548169
USER	string	START	1693391548169
USER	string	START	1693391548169
REQUEST		string	1693391548068	1693391548187	OK	 
REQUEST		string Redirect 1	1693391548117	1693391548198	OK	 
REQUEST		string Redirect 1	1693391548117	1693391548198	OK	 
USER	string	END	1693391548199
USER	string	END	1693391548199
USER	string	START	1693391548199
USER	string	START	1693391548199
REQUEST		string	1693391548125	1693391548225	OK	 
REQUEST		string	1693391548118	1693391548235	OK	 
REQUEST		string Redirect 1	1693391548168	1693391548248	OK	 
REQUEST		string Redirect 1	1693391548168	1693391548248	OK	 
USER	string	END	1693391548249
USER	string	END	1693391548249
USER	string	START	1693391548249
USER	string	START	1693391548249
REQUEST		string	1693391548134	1693391548249	OK	 
REQUEST		string	1693391548136	1693391548250	OK	 
REQUEST		string Redirect 1	1693391548187	1693391548256	OK	 
REQUEST		string Redirect 1	1693391548158	1693391548256	OK	 
REQUEST		string Redirect 1	1693391548226	1693391548256	OK	 
USER	string	END	1693391548257
USER	string	END	1693391548257
USER	string	END	1693391548257
USER	string	START	1693391548257
USER	string	START	1693391548257
USER	string	START	1693391548257
USER	string	START	1693391548259
REQUEST		string	1693391548199	1693391548289	OK	 
REQUEST		string	1693391548136	1693391548289	OK	 
REQUEST		string Redirect 1	1693391548235	1693391548291	OK	 
USER	string	END	1693391548292
USER	string	START	1693391548292
REQUEST		string	1693391548159	1693391548300	OK	 
REQUEST		string	1693391548168	1693391548300	OK	 
REQUEST		string	1693391548168	1693391548304	OK	 
REQUEST		string	1693391548168	1693391548312	OK	 
REQUEST		string	1693391548199	1693391548312	OK	 
REQUEST		string Redirect 1	1693391548289	1693391548324	OK	 
USER	string	END	1693391548325
USER	string	START	1693391548325
REQUEST		string Redirect 1	1693391548250	1693391548330	OK	 
USER	string	END	1693391548331
USER	string	START	1693391548331
REQUEST		string Redirect 1	1693391548250	1693391548338	OK	 
USER	string	END	1693391548338
USER	string	START	1693391548339
REQUEST		string Redirect 1	1693391548289	1693391548346	OK	 
USER	string	END	1693391548346
USER	string	START	1693391548347
REQUEST		string Redirect 1	1693391548300	1693391548349	OK	 
REQUEST		string	1693391548068	1693391548349	OK	 
USER	string	END	1693391548349
USER	string	START	1693391548350
REQUEST		string Redirect 1	1693391548300	1693391548362	OK	 
REQUEST		string Redirect 1	1693391548313	1693391548362	OK	 
USER	string	END	1693391548362
USER	string	END	1693391548362
USER	string	START	1693391548362
USER	string	START	1693391548362
REQUEST		string	1693391548249	1693391548367	OK	 
REQUEST		string	1693391548249	1693391548368	OK	 
REQUEST		string Redirect 1	1693391548313	1693391548369	OK	 
USER	string	END	1693391548369
USER	string	START	1693391548369
REQUEST		string Redirect 1	1693391548304	1693391548377	OK	 
REQUEST		string	1693391548259	1693391548377	OK	 
USER	string	END	1693391548377
USER	string	START	1693391548377
REQUEST		string	1693391548257	1693391548385	OK	 
REQUEST		string	1693391548257	1693391548387	OK	 
REQUEST		string	1693391548292	1693391548391	OK	 
REQUEST		string	1693391548331	1693391548409	OK	 
REQUEST		string	1693391548325	1693391548409	OK	 
REQUEST		string	1693391548257	1693391548409	OK	 
REQUEST		string Redirect 1	1693391548349	1693391548409	OK	 
USER	string	END	1693391548409
USER	string	START	1693391548410
REQUEST		string Redirect 1	1693391548377	1693391548424	OK	 
USER	string	END	1693391548425
REQUEST		string Redirect 1	1693391548391	1693391548425	OK	 
USER	string	END	1693391548425
USER	string	START	1693391548425
USER	string	START	1693391548426
REQUEST		string Redirect 1	1693391548368	1693391548434	OK	 
REQUEST		string Redirect 1	1693391548386	1693391548434	OK	 
USER	string	END	1693391548435
USER	string	END	1693391548435
USER	string	START	1693391548435
USER	string	START	1693391548435
REQUEST		string Redirect 1	1693391548368	1693391548436	OK	 
REQUEST		string	1693391548350	1693391548436	OK	 
USER	string	END	1693391548436
USER	string	START	1693391548436
REQUEST		string Redirect 1	1693391548387	1693391548438	OK	 
REQUEST		string	1693391548346	1693391548438	OK	 
USER	string	END	1693391548438
USER	string	START	1693391548439
REQUEST		string	1693391548339	1693391548447	OK	 
REQUEST		string	1693391548362	1693391548448	OK	 
REQUEST		string	1693391548362	1693391548450	OK	 
REQUEST		string	1693391548377	1693391548451	OK	 
REQUEST		string	1693391548369	1693391548451	OK	 
REQUEST		string Redirect 1	1693391548409	1693391548468	OK	 
REQUEST		string Redirect 1	1693391548409	1693391548468	OK	 
REQUEST		string Redirect 1	1693391548409	1693391548468	OK	 
REQUEST		string	1693391548410	1693391548468	OK	 
USER	string	END	1693391548468
USER	string	END	1693391548468
USER	string	END	1693391548468
USER	string	START	1693391548468
USER	string	START	1693391548468
USER	string	START	1693391548468
REQUEST		string Redirect 1	1693391548436	1693391548471	OK	 
USER	string	END	1693391548472
USER	string	START	1693391548472
REQUEST		string Redirect 1	1693391548448	1693391548476	OK	 
USER	string	END	1693391548477
USER	string	START	1693391548477
REQUEST		string Redirect 1	1693391548438	1693391548478	OK	 
USER	string	END	1693391548479
USER	string	START	1693391548479
REQUEST		string Redirect 1	1693391548448	1693391548483	OK	 
USER	string	END	1693391548483
USER	string	START	1693391548484
REQUEST		string	1693391548426	1693391548488	OK	 
REQUEST		string Redirect 1	1693391548451	1693391548503	OK	 
REQUEST		string Redirect 1	1693391548451	1693391548503	OK	 
REQUEST		string Redirect 1	1693391548451	1693391548503	OK	 
REQUEST		string	1693391548425	1693391548503	OK	 
USER	string	END	1693391548504
USER	string	END	1693391548504
USER	string	END	1693391548504
REQUEST		string	1693391548435	1693391548504	OK	 
USER	string	START	1693391548504
USER	string	START	1693391548504
USER	string	START	1693391548504
REQUEST		string Redirect 1	1693391548468	1693391548511	OK	 
REQUEST		string	1693391548436	1693391548511	OK	 
USER	string	END	1693391548511
USER	string	START	1693391548512
REQUEST		string	1693391548435	1693391548513	OK	 
REQUEST		string	1693391548468	1693391548520	OK	 
REQUEST		string	1693391548438	1693391548520	OK	 
REQUEST		string Redirect 1	1693391548489	1693391548522	OK	 
USER	string	END	1693391548522
USER	string	START	1693391548523
REQUEST		string Redirect 1	1693391548503	1693391548534	OK	 
REQUEST		string Redirect 1	1693391548504	1693391548534	OK	 
USER	string	END	1693391548534
USER	string	END	1693391548534
USER	string	START	1693391548535
USER	string	START	1693391548535
REQUEST		string	1693391548468	1693391548536	OK	 
REQUEST		string	1693391548468	1693391548536	OK	 
REQUEST		string	1693391548472	1693391548536	OK	 
REQUEST		string	1693391548484	1693391548538	OK	 
REQUEST		string	1693391548477	1693391548543	OK	 
REQUEST		string	1693391548479	1693391548548	OK	 
REQUEST		string Redirect 1	1693391548511	1693391548549	OK	 
USER	string	END	1693391548549
USER	string	START	1693391548550
REQUEST		string Redirect 1	1693391548514	1693391548554	OK	 
USER	string	END	1693391548554
USER	string	START	1693391548555
REQUEST		string Redirect 1	1693391548520	1693391548560	OK	 
REQUEST		string	1693391548504	1693391548561	OK	 
USER	string	END	1693391548561
USER	string	START	1693391548561
REQUEST		string Redirect 1	1693391548536	1693391548565	OK	 
REQUEST		string Redirect 1	1693391548536	1693391548565	OK	 
REQUEST		string	1693391548504	1693391548565	OK	 
USER	string	END	1693391548565
USER	string	END	1693391548565
USER	string	START	1693391548565
USER	string	START	1693391548565
REQUEST		string Redirect 1	1693391548520	1693391548566	OK	 
USER	string	END	1693391548566
USER	string	START	1693391548567
REQUEST		string	1693391548504	1693391548572	OK	 
REQUEST		string Redirect 1	1693391548536	1693391548575	OK	 
USER	string	END	1693391548576
USER	string	START	1693391548576
REQUEST		string	1693391548512	1693391548585	OK	 
REQUEST		string	1693391548523	1693391548600	OK	 
REQUEST		string Redirect 1	1693391548543	1693391548601	OK	 
USER	string	END	1693391548601
USER	string	START	1693391548602
REQUEST		string Redirect 1	1693391548538	1693391548604	OK	 
USER	string	END	1693391548604
USER	string	START	1693391548605
REQUEST		string	1693391548534	1693391548605	OK	 
REQUEST		string Redirect 1	1693391548548	1693391548607	OK	 
USER	string	END	1693391548607
USER	string	START	1693391548607
REQUEST		string	1693391548534	1693391548611	OK	 
REQUEST		string Redirect 1	1693391548561	1693391548611	OK	 
USER	string	END	1693391548612
USER	string	START	1693391548612
REQUEST		string Redirect 1	1693391548565	1693391548618	OK	 
USER	string	END	1693391548618
USER	string	START	1693391548619
REQUEST		string Redirect 1	1693391548572	1693391548624	OK	 
USER	string	END	1693391548625
USER	string	START	1693391548625
REQUEST		string Redirect 1	1693391548586	1693391548642	OK	 
REQUEST		string	1693391548554	1693391548642	OK	 
USER	string	END	1693391548642
USER	string	START	1693391548643
REQUEST		string	1693391548565	1693391548648	OK	 
REQUEST		string	1693391548566	1693391548648	OK	 
REQUEST		string	1693391548561	1693391548648	OK	 
REQUEST		string	1693391548565	1693391548648	OK	 
REQUEST		string	1693391548576	1693391548649	OK	 
REQUEST		string Redirect 1	1693391548601	1693391548667	OK	 
REQUEST		string	1693391548550	1693391548667	OK	 
USER	string	END	1693391548667
USER	string	START	1693391548667
REQUEST		string	1693391548604	1693391548668	OK	 
REQUEST		string	1693391548612	1693391548668	OK	 
REQUEST		string	1693391548601	1693391548668	OK	 
REQUEST		string Redirect 1	1693391548611	1693391548670	OK	 
USER	string	END	1693391548670
USER	string	START	1693391548671
REQUEST		string Redirect 1	1693391548642	1693391548679	OK	 
REQUEST		string	1693391548607	1693391548679	OK	 
USER	string	END	1693391548679
USER	string	START	1693391548679
REQUEST		string Redirect 1	1693391548648	1693391548685	OK	 
USER	string	END	1693391548685
USER	string	START	1693391548685
REQUEST		string Redirect 1	1693391548648	1693391548701	OK	 
USER	string	END	1693391548701
USER	string	START	1693391548702
REQUEST		string Redirect 1	1693391548648	1693391548713	OK	 
USER	string	END	1693391548714
REQUEST		string Redirect 1	1693391548650	1693391548714	OK	 
REQUEST		string	1693391548619	1693391548714	OK	 
USER	string	START	1693391548714
USER	string	END	1693391548714
USER	string	START	1693391548714
REQUEST		string Redirect 1	1693391548648	1693391548724	OK	 
REQUEST		string	1693391548625	1693391548724	OK	 
USER	string	END	1693391548724
USER	string	START	1693391548725
REQUEST		string Redirect 1	1693391548667	1693391548734	OK	 
USER	string	END	1693391548735
USER	string	START	1693391548735
REQUEST		string Redirect 1	1693391548668	1693391548740	OK	 
REQUEST		string Redirect 1	1693391548668	1693391548740	OK	 
USER	string	END	1693391548740
USER	string	END	1693391548740
USER	string	START	1693391548741
USER	string	START	1693391548741
REQUEST		string	1693391548642	1693391548741	OK	 
REQUEST		string Redirect 1	1693391548668	1693391548748	OK	 
REQUEST		string	1693391548671	1693391548748	OK	 
USER	string	END	1693391548749
REQUEST		string Redirect 1	1693391548679	1693391548749	OK	 
USER	string	START	1693391548749
USER	string	END	1693391548749
USER	string	START	1693391548750
REQUEST		string	1693391548679	1693391548751	OK	 
REQUEST		string	1693391548667	1693391548751	OK	 
REQUEST		string	1693391548685	1693391548770	OK	 
REQUEST		string Redirect 1	1693391548714	1693391548770	OK	 
USER	string	END	1693391548770
USER	string	START	1693391548771
USER	string	START	1693391548771
REQUEST		string Redirect 1	1693391548724	1693391548771	OK	 
USER	string	END	1693391548772
USER	string	START	1693391548772
REQUEST		string Redirect 1	1693391548741	1693391548773	OK	 
USER	string	END	1693391548773
USER	string	START	1693391548774
REQUEST		string Redirect 1	1693391548751	1693391548787	OK	 
REQUEST		string Redirect 1	1693391548748	1693391548787	OK	 
REQUEST		string Redirect 1	1693391548751	1693391548787	OK	 
REQUEST		string	1693391548701	1693391548787	OK	 
USER	string	END	1693391548788
USER	string	END	1693391548788
USER	string	END	1693391548788
USER	string	START	1693391548788
USER	string	START	1693391548788
USER	string	START	1693391548788
REQUEST		string Redirect 1	1693391548770	1693391548799	OK	 
REQUEST		string	1693391548725	1693391548799	OK	 
USER	string	END	1693391548800
USER	string	START	1693391548800
REQUEST		string	1693391548714	1693391548803	OK	 
REQUEST		string	1693391548714	1693391548808	OK	 
REQUEST		string	1693391548735	1693391548810	OK	 
REQUEST		string Redirect 1	1693391548787	1693391548812	OK	 
USER	string	END	1693391548812
USER	string	START	1693391548813
REQUEST		string	1693391548740	1693391548814	OK	 
REQUEST		string	1693391548740	1693391548820	OK	 
REQUEST		string	1693391548749	1693391548827	OK	 
REQUEST		string Redirect 1	1693391548799	1693391548830	OK	 
REQUEST		string	1693391548749	1693391548831	OK	 
USER	string	END	1693391548831
REQUEST		string Redirect 1	1693391548803	1693391548831	OK	 
USER	string	END	1693391548831
USER	string	START	1693391548831
USER	string	START	1693391548832
REQUEST		string	1693391548771	1693391548844	OK	 
REQUEST		string Redirect 1	1693391548808	1693391548845	OK	 
REQUEST		string Redirect 1	1693391548606	1693391548845	OK	 
USER	string	END	1693391548845
USER	string	END	1693391548845
REQUEST		string Redirect 1	1693391548814	1693391548845	OK	 
USER	string	START	1693391548845
USER	string	START	1693391548845
USER	string	END	1693391548845
USER	string	START	1693391548846
REQUEST		string Redirect 1	1693391548810	1693391548846	OK	 
REQUEST		string	1693391548770	1693391548846	OK	 
USER	string	END	1693391548846
USER	string	START	1693391548846
REQUEST		string	1693391548773	1693391548849	OK	 
REQUEST		string	1693391548772	1693391548851	OK	 
REQUEST		string Redirect 1	1693391548820	1693391548858	OK	 
REQUEST		string	1693391548788	1693391548858	OK	 
USER	string	END	1693391548858
REQUEST		string Redirect 1	1693391548828	1693391548859	OK	 
USER	string	START	1693391548859
USER	string	END	1693391548859
USER	string	START	1693391548859
REQUEST		string	1693391548788	1693391548864	OK	 
REQUEST		string	1693391548800	1693391548871	OK	 
REQUEST		string	1693391548788	1693391548873	OK	 
REQUEST		string	1693391548813	1693391548873	OK	 
REQUEST		string Redirect 1	1693391548831	1693391548882	OK	 
USER	string	END	1693391548883
USER	string	START	1693391548883
REQUEST		string Redirect 1	1693391548844	1693391548885	OK	 
USER	string	END	1693391548885
USER	string	START	1693391548885
REQUEST		string Redirect 1	1693391548850	1693391548887	OK	 
USER	string	END	1693391548887
USER	string	START	1693391548888
REQUEST		string Redirect 1	1693391548846	1693391548890	OK	 
USER	string	END	1693391548890
USER	string	START	1693391548891
REQUEST		string	1693391548831	1693391548893	OK	 
REQUEST		string	1693391548831	1693391548896	OK	 
REQUEST		string Redirect 1	1693391548851	1693391548896	OK	 
USER	string	END	1693391548896
USER	string	START	1693391548897
REQUEST		string Redirect 1	1693391548864	1693391548909	OK	 
REQUEST		string	1693391548845	1693391548909	OK	 
USER	string	END	1693391548909
USER	string	START	1693391548909
REQUEST		string Redirect 1	1693391548858	1693391548910	OK	 
REQUEST		string	1693391548845	1693391548910	OK	 
USER	string	END	1693391548910
USER	string	START	1693391548911
REQUEST		string	1693391548846	1693391548915	OK	 
REQUEST		string	1693391548846	1693391548916	OK	 
REQUEST		string Redirect 1	1693391548873	1693391548922	OK	 
USER	string	END	1693391548923
USER	string	START	1693391548923
REQUEST		string Redirect 1	1693391548873	1693391548931	OK	 
REQUEST		string	1693391548859	1693391548931	OK	 
USER	string	END	1693391548931
USER	string	START	1693391548932
REQUEST		string Redirect 1	1693391548871	1693391548932	OK	 
USER	string	END	1693391548932
USER	string	START	1693391548933
REQUEST		string	1693391548858	1693391548933	OK	 
REQUEST		string Redirect 1	1693391548893	1693391548936	OK	 
USER	string	END	1693391548936
USER	string	START	1693391548937
REQUEST		string	1693391548883	1693391548939	OK	 
REQUEST		string Redirect 1	1693391548896	1693391548940	OK	 
USER	string	END	1693391548940
USER	string	START	1693391548941
REQUEST		string	1693391548887	1693391548942	OK	 
REQUEST		string Redirect 1	1693391548909	1693391548956	OK	 
REQUEST		string	1693391548885	1693391548956	OK	 
USER	string	END	1693391548957
USER	string	START	1693391548957
REQUEST		string Redirect 1	1693391548915	1693391548960	OK	 
USER	string	END	1693391548961
USER	string	START	1693391548961
REQUEST		string Redirect 1	1693391548916	1693391548973	OK	 
USER	string	END	1693391548974
USER	string	START	1693391548974
REQUEST		string Redirect 1	1693391548910	1693391548974	OK	 
REQUEST		string	1693391548890	1693391548974	OK	 
USER	string	END	1693391548975
USER	string	START	1693391548975
REQUEST		string	1693391548897	1693391548975	OK	 
REQUEST		string Redirect 1	1693391548931	1693391548981	OK	 
USER	string	END	1693391548982
USER	string	START	1693391548982
REQUEST		string	1693391548909	1693391548983	OK	 
REQUEST		string	1693391548911	1693391548987	OK	 
REQUEST		string Redirect 1	1693391548933	1693391548994	OK	 
USER	string	END	1693391548994
USER	string	START	1693391548995
REQUEST		string Redirect 1	1693391548942	1693391548996	OK	 
USER	string	END	1693391548996
USER	string	START	1693391548997
REQUEST		string	1693391548923	1693391549003	OK	 
REQUEST		string Redirect 1	1693391548939	1693391549005	OK	 
REQUEST		string	1693391548931	1693391549005	OK	 
USER	string	END	1693391549005
USER	string	START	1693391549006
REQUEST		string Redirect 1	1693391548956	1693391549006	OK	 
USER	string	END	1693391549007
USER	string	START	1693391549007
REQUEST		string	1693391548932	1693391549008	OK	 
REQUEST		string	1693391548936	1693391549012	OK	 
REQUEST		string	1693391548941	1693391549021	OK	 
REQUEST		string Redirect 1	1693391548974	1693391549026	OK	 
USER	string	END	1693391549027
REQUEST		string	1693391548957	1693391549027	OK	 
USER	string	START	1693391549027
REQUEST		string Redirect 1	1693391548975	1693391549034	OK	 
USER	string	END	1693391549034
USER	string	START	1693391549035
REQUEST		string	1693391548961	1693391549041	OK	 
REQUEST		string Redirect 1	1693391548983	1693391549053	OK	 
USER	string	END	1693391549054
USER	string	START	1693391549054
REQUEST		string	1693391548975	1693391549057	OK	 
REQUEST		string	1693391548974	1693391549057	OK	 
REQUEST		string	1693391548982	1693391549060	OK	 
REQUEST		string Redirect 1	1693391548987	1693391549060	OK	 
USER	string	END	1693391549060
USER	string	START	1693391549061
REQUEST		string Redirect 1	1693391549005	1693391549075	OK	 
REQUEST		string Redirect 1	1693391549003	1693391549075	OK	 
USER	string	END	1693391549075
USER	string	END	1693391549075
USER	string	START	1693391549076
USER	string	START	1693391549076
REQUEST		string	1693391548994	1693391549086	OK	 
REQUEST		string Redirect 1	1693391549012	1693391549088	OK	 
USER	string	END	1693391549088
REQUEST		string Redirect 1	1693391549008	1693391549089	OK	 
USER	string	START	1693391549089
USER	string	END	1693391549089
USER	string	START	1693391549089
REQUEST		string	1693391549005	1693391549097	OK	 
REQUEST		string	1693391549007	1693391549101	OK	 
REQUEST		string Redirect 1	1693391549027	1693391549104	OK	 
USER	string	END	1693391549104
USER	string	START	1693391549105
REQUEST		string	1693391549027	1693391549110	OK	 
REQUEST		string Redirect 1	1693391549041	1693391549130	OK	 
REQUEST		string	1693391549035	1693391549129	OK	 
REQUEST		string Redirect 1	1693391549057	1693391549130	OK	 
USER	string	END	1693391549130
USER	string	END	1693391549130
USER	string	START	1693391549131
USER	string	START	1693391549131
REQUEST		string Redirect 1	1693391549060	1693391549131	OK	 
REQUEST		string Redirect 1	1693391549057	1693391549131	OK	 
USER	string	END	1693391549132
USER	string	END	1693391549132
USER	string	START	1693391549132
USER	string	START	1693391549132
REQUEST		string Redirect 1	1693391549086	1693391549144	OK	 
REQUEST		string	1693391549054	1693391549144	OK	 
REQUEST		string	1693391549061	1693391549144	OK	 
REQUEST		string	1693391549076	1693391549144	OK	 
USER	string	END	1693391549145
USER	string	START	1693391549145
REQUEST		string	1693391549076	1693391549156	OK	 
REQUEST		string	1693391549089	1693391549189	OK	 
REQUEST		string Redirect 1	1693391549097	1693391549189	OK	 
REQUEST		string	1693391549089	1693391549190	OK	 
USER	string	END	1693391549190
REQUEST		string Redirect 1	1693391549130	1693391549191	OK	 
REQUEST		string Redirect 1	1693391549101	1693391549191	OK	 
USER	string	START	1693391549191
USER	string	END	1693391549191
USER	string	END	1693391549191
USER	string	START	1693391549191
USER	string	START	1693391549191
REQUEST		string Redirect 1	1693391549110	1693391549193	OK	 
REQUEST		string Redirect 1	1693391549144	1693391549193	OK	 
REQUEST		string Redirect 1	1693391549145	1693391549193	OK	 
REQUEST		string Redirect 1	1693391549144	1693391549193	OK	 
REQUEST		string	1693391549105	1693391549193	OK	 
USER	string	END	1693391549194
USER	string	END	1693391549194
USER	string	END	1693391549194
USER	string	END	1693391549194
USER	string	START	1693391549194
USER	string	START	1693391549194
USER	string	START	1693391549194
USER	string	START	1693391549194
REQUEST		string	1693391549132	1693391549198	OK	 
REQUEST		string Redirect 1	1693391549157	1693391549198	OK	 
USER	string	END	1693391549199
USER	string	START	1693391549199
REQUEST		string	1693391549130	1693391549201	OK	 
REQUEST		string	1693391549132	1693391549201	OK	 
REQUEST		string	1693391549130	1693391549210	OK	 
REQUEST		string Redirect 1	1693391549190	1693391549211	OK	 
USER	string	END	1693391549211
USER	string	START	1693391549212
REQUEST		string Redirect 1	1693391549190	1693391549215	OK	 
USER	string	END	1693391549216
USER	string	START	1693391549216
REQUEST		string	1693391549145	1693391549218	OK	 
REQUEST		string Redirect 1	1693391549193	1693391549222	OK	 
USER	string	END	1693391549223
USER	string	START	1693391549223
REQUEST		string Redirect 1	1693391549199	1693391549225	OK	 
USER	string	END	1693391549226
USER	string	START	1693391549226
REQUEST		string Redirect 1	1693391549201	1693391549230	OK	 
USER	string	END	1693391549231
USER	string	START	1693391549231
REQUEST		string Redirect 1	1693391549201	1693391549234	OK	 
REQUEST		string	1693391549191	1693391549234	OK	 
USER	string	END	1693391549235
USER	string	START	1693391549235
REQUEST		string	1693391548996	1693391549238	OK	 
REQUEST		string Redirect 1	1693391549210	1693391549238	OK	 
USER	string	END	1693391549239
USER	string	START	1693391549239
REQUEST		string	1693391549190	1693391549244	OK	 
REQUEST		string	1693391549191	1693391549249	OK	 
REQUEST		string	1693391549194	1693391549249	OK	 
USER	string	START	1693391549257
REQUEST		string Redirect 1	1693391549218	1693391549257	OK	 
REQUEST		string	1693391549194	1693391549257	OK	 
USER	string	END	1693391549258
USER	string	START	1693391549258
REQUEST		string	1693391549194	1693391549265	OK	 
REQUEST		string Redirect 1	1693391549022	1693391549267	OK	 
USER	string	END	1693391549268
USER	string	START	1693391549268
REQUEST		string	1693391549199	1693391549270	OK	 
REQUEST		string	1693391549194	1693391549278	OK	 
REQUEST		string	1693391549211	1693391549278	OK	 
REQUEST		string Redirect 1	1693391549234	1693391549280	OK	 
USER	string	END	1693391549281
USER	string	START	1693391549281
REQUEST		string	1693391549216	1693391549284	OK	 
REQUEST		string Redirect 1	1693391549238	1693391549292	OK	 
USER	string	END	1693391549292
USER	string	START	1693391549292
REQUEST		string	1693391549226	1693391549300	OK	 
REQUEST		string Redirect 1	1693391549258	1693391549308	OK	 
USER	string	END	1693391549309
USER	string	START	1693391549309
REQUEST		string Redirect 1	1693391549244	1693391549310	OK	 
REQUEST		string	1693391549223	1693391549310	OK	 
USER	string	END	1693391549310
USER	string	START	1693391549311
REQUEST		string Redirect 1	1693391549265	1693391549311	OK	 
USER	string	END	1693391549311
USER	string	START	1693391549312
REQUEST		string Redirect 1	1693391549250	1693391549318	OK	 
USER	string	END	1693391549318
USER	string	START	1693391549319
REQUEST		string Redirect 1	1693391549250	1693391549323	OK	 
REQUEST		string	1693391549231	1693391549323	OK	 
USER	string	END	1693391549324
USER	string	START	1693391549324
REQUEST		string Redirect 1	1693391549270	1693391549324	OK	 
REQUEST		string	1693391549235	1693391549324	OK	 
USER	string	END	1693391549324
USER	string	START	1693391549324
REQUEST		string Redirect 1	1693391549278	1693391549333	OK	 
REQUEST		string	1693391549239	1693391549333	OK	 
USER	string	END	1693391549334
USER	string	START	1693391549334
REQUEST		string	1693391549258	1693391549337	OK	 
REQUEST		string	1693391549268	1693391549337	OK	 
REQUEST		string Redirect 1	1693391549278	1693391549346	OK	 
USER	string	END	1693391549347
USER	string	START	1693391549347
REQUEST		string Redirect 1	1693391549284	1693391549363	OK	 
REQUEST		string Redirect 1	1693391549310	1693391549363	OK	 
REQUEST		string	1693391549257	1693391549363	OK	 
REQUEST		string	1693391549281	1693391549363	OK	 
REQUEST		string	1693391549292	1693391549363	OK	 
USER	string	END	1693391549363
USER	string	END	1693391549363
USER	string	START	1693391549364
USER	string	START	1693391549364
REQUEST		string	1693391549311	1693391549365	OK	 
REQUEST		string Redirect 1	1693391549324	1693391549369	OK	 
REQUEST		string Redirect 1	1693391549324	1693391549370	OK	 
USER	string	END	1693391549370
USER	string	END	1693391549370
USER	string	START	1693391549370
USER	string	START	1693391549370
REQUEST		string Redirect 1	1693391549333	1693391549375	OK	 
USER	string	END	1693391549375
REQUEST		string	1693391549310	1693391549375	OK	 
USER	string	START	1693391549376
REQUEST		string	1693391549309	1693391549376	OK	 
REQUEST		string Redirect 1	1693391549338	1693391549383	OK	 
REQUEST		string	1693391549319	1693391549383	OK	 
USER	string	END	1693391549383
USER	string	START	1693391549383
REQUEST		string	1693391549324	1693391549391	OK	 
REQUEST		string Redirect 1	1693391549338	1693391549392	OK	 
USER	string	END	1693391549392
USER	string	START	1693391549393
REQUEST		string Redirect 1	1693391549365	1693391549397	OK	 
USER	string	END	1693391549397
USER	string	START	1693391549398
REQUEST		string Redirect 1	1693391549363	1693391549402	OK	 
USER	string	END	1693391549402
USER	string	START	1693391549402
REQUEST		string Redirect 1	1693391549363	1693391549402	OK	 
USER	string	END	1693391549403
USER	string	START	1693391549403
REQUEST		string Redirect 1	1693391549363	1693391549409	OK	 
REQUEST		string	1693391549324	1693391549409	OK	 
USER	string	END	1693391549409
USER	string	START	1693391549409
REQUEST		string Redirect 1	1693391549376	1693391549414	OK	 
USER	string	END	1693391549414
REQUEST		string	1693391549334	1693391549414	OK	 
USER	string	START	1693391549414
REQUEST		string	1693391549347	1693391549426	OK	 
REQUEST		string Redirect 1	1693391549383	1693391549429	OK	 
USER	string	END	1693391549429
USER	string	START	1693391549430
REQUEST		string	1693391549370	1693391549431	OK	 
REQUEST		string	1693391549370	1693391549431	OK	 
REQUEST		string Redirect 1	1693391549375	1693391549431	OK	 
USER	string	END	1693391549431
USER	string	START	1693391549432
REQUEST		string Redirect 1	1693391549391	1693391549435	OK	 
USER	string	END	1693391549435
USER	string	START	1693391549436
REQUEST		string	1693391549364	1693391549440	OK	 
REQUEST		string	1693391549364	1693391549441	OK	 
REQUEST		string	1693391549383	1693391549441	OK	 
REQUEST		string	1693391549375	1693391549446	OK	 
REQUEST		string	1693391549393	1693391549451	OK	 
REQUEST		string Redirect 1	1693391549409	1693391549455	OK	 
REQUEST		string	1693391549398	1693391549455	OK	 
USER	string	END	1693391549456
USER	string	START	1693391549456
REQUEST		string Redirect 1	1693391549414	1693391549458	OK	 
USER	string	END	1693391549459
USER	string	START	1693391549459
REQUEST		string	1693391549402	1693391549465	OK	 
REQUEST		string	1693391549403	1693391549465	OK	 
REQUEST		string	1693391549409	1693391549480	OK	 
REQUEST		string Redirect 1	1693391549426	1693391549482	OK	 
USER	string	END	1693391549482
USER	string	START	1693391549482
REQUEST		string Redirect 1	1693391549431	1693391549490	OK	 
USER	string	END	1693391549490
USER	string	START	1693391549491
REQUEST		string	1693391549414	1693391549495	OK	 
REQUEST		string Redirect 1	1693391549431	1693391549517	OK	 
REQUEST		string Redirect 1	1693391549441	1693391549517	OK	 
USER	string	END	1693391549517
USER	string	END	1693391549517
USER	string	START	1693391549518
USER	string	START	1693391549518
REQUEST		string Redirect 1	1693391549440	1693391549524	OK	 
REQUEST		string Redirect 1	1693391549446	1693391549524	OK	 
REQUEST		string	1693391549429	1693391549524	OK	 
USER	string	END	1693391549525
USER	string	END	1693391549525
USER	string	START	1693391549525
USER	string	START	1693391549525
REQUEST		string Redirect 1	1693391549441	1693391549528	OK	 
USER	string	END	1693391549528
USER	string	START	1693391549529
REQUEST		string Redirect 1	1693391549451	1693391549534	OK	 
USER	string	END	1693391549534
USER	string	START	1693391549535
REQUEST		string	1693391549456	1693391549538	OK	 
REQUEST		string Redirect 1	1693391549466	1693391549540	OK	 
USER	string	END	1693391549540
USER	string	START	1693391549541
REQUEST		string Redirect 1	1693391549466	1693391549543	OK	 
USER	string	END	1693391549544
USER	string	START	1693391549544
REQUEST		string Redirect 1	1693391549481	1693391549564	OK	 
REQUEST		string Redirect 1	1693391549495	1693391549564	OK	 
REQUEST		string	1693391549459	1693391549564	OK	 
REQUEST		string	1693391549482	1693391549564	OK	 
USER	string	END	1693391549564
USER	string	END	1693391549564
USER	string	START	1693391549564
USER	string	START	1693391549564
REQUEST		string	1693391549491	1693391549568	OK	 
REQUEST		string Redirect 1	1693391549301	1693391549569	OK	 
USER	string	END	1693391549569
USER	string	START	1693391549570
REQUEST		string	1693391549518	1693391549572	OK	 
REQUEST		string Redirect 1	1693391549525	1693391549582	OK	 
USER	string	END	1693391549582
USER	string	START	1693391549582
REQUEST		string	1693391549518	1693391549588	OK	 
REQUEST		string Redirect 1	1693391549539	1693391549590	OK	 
REQUEST		string	1693391549525	1693391549590	OK	 
USER	string	END	1693391549590
USER	string	START	1693391549591
REQUEST		string	1693391549525	1693391549597	OK	 
REQUEST		string Redirect 1	1693391549564	1693391549602	OK	 
USER	string	END	1693391549602
USER	string	START	1693391549602
REQUEST		string Redirect 1	1693391549564	1693391549604	OK	 
USER	string	END	1693391549604
USER	string	START	1693391549604
REQUEST		string	1693391549529	1693391549606	OK	 
REQUEST		string Redirect 1	1693391549568	1693391549615	OK	 
REQUEST		string	1693391549535	1693391549615	OK	 
USER	string	END	1693391549615
USER	string	START	1693391549616
REQUEST		string Redirect 1	1693391549572	1693391549621	OK	 
USER	string	END	1693391549621
REQUEST		string	1693391549544	1693391549622	OK	 
USER	string	START	1693391549622
REQUEST		string	1693391549541	1693391549627	OK	 
REQUEST		string Redirect 1	1693391549588	1693391549632	OK	 
USER	string	END	1693391549633
USER	string	START	1693391549633
REQUEST		string Redirect 1	1693391549590	1693391549639	OK	 
USER	string	END	1693391549639
USER	string	START	1693391549639
REQUEST		string	1693391549564	1693391549644	OK	 
REQUEST		string Redirect 1	1693391549597	1693391549645	OK	 
USER	string	END	1693391549645
USER	string	START	1693391549645
REQUEST		string	1693391549564	1693391549647	OK	 
REQUEST		string	1693391549570	1693391549653	OK	 
REQUEST		string	1693391549582	1693391549658	OK	 
REQUEST		string Redirect 1	1693391549606	1693391549659	OK	 
USER	string	END	1693391549660
USER	string	START	1693391549660
REQUEST		string	1693391549590	1693391549661	OK	 
REQUEST		string	1693391549602	1693391549672	OK	 
REQUEST		string Redirect 1	1693391549622	1693391549675	OK	 
REQUEST		string Redirect 1	1693391549615	1693391549675	OK	 
USER	string	END	1693391549676
USER	string	END	1693391549676
USER	string	START	1693391549676
USER	string	START	1693391549676
REQUEST		string	1693391549604	1693391549679	OK	 
REQUEST		string Redirect 1	1693391549627	1693391549680	OK	 
USER	string	END	1693391549680
USER	string	START	1693391549681
REQUEST		string	1693391549616	1693391549682	OK	 
REQUEST		string	1693391549622	1693391549691	OK	 
REQUEST		string Redirect 1	1693391549645	1693391549698	OK	 
USER	string	END	1693391549698
USER	string	START	1693391549699
REQUEST		string	1693391549633	1693391549701	OK	 
REQUEST		string Redirect 1	1693391549648	1693391549706	OK	 
USER	string	END	1693391549706
USER	string	START	1693391549707
REQUEST		string Redirect 1	1693391549653	1693391549708	OK	 
USER	string	END	1693391549708
USER	string	START	1693391549708
REQUEST		string Redirect 1	1693391549661	1693391549721	OK	 
USER	string	END	1693391549721
REQUEST		string	1693391549639	1693391549721	OK	 
USER	string	START	1693391549721
REQUEST		string Redirect 1	1693391549659	1693391549724	OK	 
REQUEST		string Redirect 1	1693391549455	1693391549724	OK	 
USER	string	END	1693391549724
USER	string	END	1693391549724
USER	string	START	1693391549724
USER	string	START	1693391549724
REQUEST		string	1693391549645	1693391549727	OK	 
REQUEST		string Redirect 1	1693391549679	1693391549741	OK	 
USER	string	END	1693391549742
USER	string	START	1693391549742
REQUEST		string Redirect 1	1693391549672	1693391549743	OK	 
USER	string	END	1693391549743
USER	string	START	1693391549744
REQUEST		string Redirect 1	1693391549682	1693391549751	OK	 
USER	string	END	1693391549751
USER	string	START	1693391549752
REQUEST		string	1693391549660	1693391549753	OK	 
REQUEST		string Redirect 1	1693391549691	1693391549754	OK	 
USER	string	END	1693391549754
USER	string	START	1693391549754
REQUEST		string	1693391549676	1693391549759	OK	 
REQUEST		string	1693391549676	1693391549763	OK	 
REQUEST		string	1693391549681	1693391549764	OK	 
USER	string	START	1693391549768
REQUEST		string Redirect 1	1693391549701	1693391549770	OK	 
REQUEST		string	1693391549698	1693391549770	OK	 
USER	string	END	1693391549771
USER	string	START	1693391549771
REQUEST		string	1693391549706	1693391549773	OK	 
REQUEST		string	1693391549708	1693391549780	OK	 
REQUEST		string Redirect 1	1693391549727	1693391549784	OK	 
REQUEST		string Redirect 1	1693391549721	1693391549784	OK	 
USER	string	END	1693391549785
USER	string	END	1693391549785
USER	string	START	1693391549785
USER	string	START	1693391549785
REQUEST		string	1693391549721	1693391549786	OK	 
REQUEST		string	1693391549724	1693391549789	OK	 
REQUEST		string	1693391549724	1693391549795	OK	 
REQUEST		string	1693391549742	1693391549798	OK	 
REQUEST		string Redirect 1	1693391549753	1693391549800	OK	 
USER	string	END	1693391549800
USER	string	START	1693391549800
REQUEST		string	1693391549743	1693391549806	OK	 
REQUEST		string	1693391549751	1693391549814	OK	 
REQUEST		string Redirect 1	1693391549765	1693391549823	OK	 
REQUEST		string Redirect 1	1693391549759	1693391549823	OK	 
USER	string	END	1693391549823
USER	string	END	1693391549823
USER	string	START	1693391549823
USER	string	START	1693391549823
REQUEST		string Redirect 1	1693391549763	1693391549830	OK	 
USER	string	END	1693391549830
USER	string	START	1693391549831
REQUEST		string	1693391549754	1693391549833	OK	 
REQUEST		string Redirect 1	1693391549771	1693391549833	OK	 
USER	string	END	1693391549834
USER	string	START	1693391549834
REQUEST		string Redirect 1	1693391549773	1693391549837	OK	 
USER	string	END	1693391549837
USER	string	START	1693391549837
REQUEST		string Redirect 1	1693391549780	1693391549853	OK	 
USER	string	END	1693391549853
USER	string	START	1693391549854
REQUEST		string	1693391549767	1693391549860	OK	 
REQUEST		string Redirect 1	1693391549786	1693391549862	OK	 
USER	string	END	1693391549862
USER	string	START	1693391549862
REQUEST		string Redirect 1	1693391549799	1693391549877	OK	 
REQUEST		string Redirect 1	1693391549795	1693391549877	OK	 
REQUEST		string Redirect 1	1693391549789	1693391549877	OK	 
REQUEST		string	1693391549771	1693391549877	OK	 
USER	string	END	1693391549877
USER	string	END	1693391549877
USER	string	END	1693391549877
USER	string	START	1693391549877
USER	string	START	1693391549877
USER	string	START	1693391549877
REQUEST		string	1693391549800	1693391549884	OK	 
REQUEST		string	1693391549785	1693391549884	OK	 
REQUEST		string Redirect 1	1693391549806	1693391549888	OK	 
USER	string	END	1693391549889
USER	string	START	1693391549889
REQUEST		string	1693391549823	1693391549892	OK	 
REQUEST		string	1693391549823	1693391549892	OK	 
REQUEST		string	1693391549837	1693391549903	OK	 
REQUEST		string Redirect 1	1693391549833	1693391549906	OK	 
USER	string	END	1693391549906
REQUEST		string	1693391549830	1693391549906	OK	 
USER	string	START	1693391549907
REQUEST		string	1693391549834	1693391549913	OK	 
REQUEST		string Redirect 1	1693391549884	1693391549922	OK	 
REQUEST		string Redirect 1	1693391549860	1693391549923	OK	 
USER	string	END	1693391549923
USER	string	END	1693391549923
USER	string	START	1693391549923
USER	string	START	1693391549923
REQUEST		string Redirect 1	1693391549877	1693391549932	OK	 
REQUEST		string	1693391549853	1693391549932	OK	 
USER	string	END	1693391549932
USER	string	START	1693391549933
REQUEST		string Redirect 1	1693391549892	1693391549942	OK	 
REQUEST		string Redirect 1	1693391549884	1693391549942	OK	 
USER	string	END	1693391549942
USER	string	END	1693391549942
USER	string	START	1693391549943
USER	string	START	1693391549943
REQUEST		string	1693391549862	1693391549950	OK	 
REQUEST		string Redirect 1	1693391549892	1693391549953	OK	 
USER	string	END	1693391549953
USER	string	START	1693391549953
REQUEST		string	1693391549877	1693391549958	OK	 
REQUEST		string	1693391549877	1693391549960	OK	 
REQUEST		string	1693391549877	1693391549970	OK	 
REQUEST		string	1693391549889	1693391549989	OK	 
REQUEST		string Redirect 1	1693391549903	1693391549996	OK	 
REQUEST		string Redirect 1	1693391549907	1693391549996	OK	 
REQUEST		string Redirect 1	1693391549913	1693391549996	OK	 
USER	string	END	1693391549996
USER	string	END	1693391549997
USER	string	END	1693391549997
USER	string	START	1693391549997
USER	string	START	1693391549997
USER	string	START	1693391549997
REQUEST		string Redirect 1	1693391549932	1693391549998	OK	 
USER	string	END	1693391549998
USER	string	START	1693391549998
REQUEST		string	1693391549906	1693391550002	OK	 
REQUEST		string	1693391549923	1693391550002	OK	 
REQUEST		string	1693391549923	1693391550006	OK	 
REQUEST		string	1693391549933	1693391550006	OK	 
REQUEST		string Redirect 1	1693391549958	1693391550012	OK	 
USER	string	END	1693391550013
USER	string	START	1693391550013
REQUEST		string	1693391549942	1693391550014	OK	 
REQUEST		string Redirect 1	1693391549950	1693391550014	OK	 
USER	string	END	1693391550015
USER	string	START	1693391550015
REQUEST		string Redirect 1	1693391549960	1693391550019	OK	 
USER	string	END	1693391550019
USER	string	START	1693391550019
REQUEST		string	1693391549953	1693391550020	OK	 
REQUEST		string Redirect 1	1693391549971	1693391550023	OK	 
USER	string	END	1693391550023
USER	string	START	1693391550023
REQUEST		string Redirect 1	1693391549990	1693391550027	OK	 
USER	string	END	1693391550027
USER	string	START	1693391550028
REQUEST		string Redirect 1	1693391550002	1693391550041	OK	 
REQUEST		string Redirect 1	1693391550006	1693391550041	OK	 
REQUEST		string Redirect 1	1693391550002	1693391550041	OK	 
REQUEST		string	1693391549785	1693391550042	OK	 
USER	string	END	1693391550042
USER	string	END	1693391550042
USER	string	END	1693391550042
REQUEST		string Redirect 1	1693391550006	1693391550042	OK	 
USER	string	END	1693391550042
USER	string	START	1693391550043
USER	string	START	1693391550043
USER	string	START	1693391550043
USER	string	START	1693391550043
REQUEST		string Redirect 1	1693391549814	1693391550048	OK	 
USER	string	END	1693391550048
USER	string	START	1693391550049
REQUEST		string	1693391549997	1693391550054	OK	 
REQUEST		string	1693391549997	1693391550057	OK	 
REQUEST		string Redirect 1	1693391550014	1693391550057	OK	 
USER	string	END	1693391550058
USER	string	START	1693391550058
REQUEST		string Redirect 1	1693391550021	1693391550059	OK	 
USER	string	END	1693391550059
REQUEST		string	1693391549998	1693391550060	OK	 
USER	string	START	1693391550060
REQUEST		string	1693391549997	1693391550061	OK	 
REQUEST		string	1693391550013	1693391550066	OK	 
REQUEST		string	1693391550015	1693391550069	OK	 
REQUEST		string	1693391550019	1693391550069	OK	 
REQUEST		string Redirect 1	1693391550042	1693391550070	OK	 
USER	string	END	1693391550070
USER	string	START	1693391550071
REQUEST		string	1693391550023	1693391550076	OK	 
REQUEST		string	1693391550028	1693391550076	OK	 
REQUEST		string Redirect 1	1693391550054	1693391550078	OK	 
USER	string	END	1693391550078
USER	string	START	1693391550079
REQUEST		string Redirect 1	1693391550061	1693391550090	OK	 
USER	string	END	1693391550090
USER	string	START	1693391550091
REQUEST		string Redirect 1	1693391550057	1693391550097	OK	 
REQUEST		string	1693391550042	1693391550097	OK	 
USER	string	END	1693391550097
USER	string	START	1693391550097
REQUEST		string	1693391550042	1693391550099	OK	 
REQUEST		string Redirect 1	1693391550060	1693391550101	OK	 
USER	string	END	1693391550102
USER	string	START	1693391550102
REQUEST		string	1693391550048	1693391550105	OK	 
REQUEST		string Redirect 1	1693391550067	1693391550109	OK	 
REQUEST		string	1693391550042	1693391550109	OK	 
USER	string	END	1693391550110
REQUEST		string	1693391550042	1693391550110	OK	 
USER	string	START	1693391550110
REQUEST		string Redirect 1	1693391550076	1693391550122	OK	 
REQUEST		string Redirect 1	1693391550069	1693391550122	OK	 
REQUEST		string Redirect 1	1693391550076	1693391550122	OK	 
REQUEST		string Redirect 1	1693391550069	1693391550122	OK	 
USER	string	END	1693391550122
USER	string	END	1693391550122
USER	string	END	1693391550122
USER	string	END	1693391550122
USER	string	START	1693391550123
USER	string	START	1693391550123
USER	string	START	1693391550123
USER	string	START	1693391550123
REQUEST		string	1693391550058	1693391550126	OK	 
REQUEST		string	1693391550070	1693391550126	OK	 
REQUEST		string	1693391550060	1693391550126	OK	 
REQUEST		string Redirect 1	1693391550097	1693391550133	OK	 
USER	string	END	1693391550134
USER	string	START	1693391550134
REQUEST		string	1693391550078	1693391550136	OK	 
REQUEST		string	1693391550090	1693391550140	OK	 
REQUEST		string Redirect 1	1693391550099	1693391550143	OK	 
USER	string	END	1693391550143
USER	string	START	1693391550143
REQUEST		string Redirect 1	1693391550105	1693391550152	OK	 
USER	string	END	1693391550153
USER	string	START	1693391550153
REQUEST		string Redirect 1	1693391550110	1693391550155	OK	 
USER	string	END	1693391550155
USER	string	START	1693391550156
REQUEST		string	1693391550102	1693391550158	OK	 
REQUEST		string Redirect 1	1693391550109	1693391550159	OK	 
USER	string	END	1693391550160
USER	string	START	1693391550160
REQUEST		string Redirect 1	1693391550126	1693391550170	OK	 
REQUEST		string Redirect 1	1693391550126	1693391550170	OK	 
USER	string	END	1693391550170
USER	string	END	1693391550170
USER	string	START	1693391550171
USER	string	START	1693391550171
REQUEST		string	1693391550097	1693391550171	OK	 
REQUEST		string Redirect 1	1693391550126	1693391550173	OK	 
USER	string	END	1693391550173
USER	string	START	1693391550174
REQUEST		string	1693391550110	1693391550178	OK	 
REQUEST		string	1693391550122	1693391550178	OK	 
REQUEST		string Redirect 1	1693391550136	1693391550180	OK	 
USER	string	END	1693391550180
USER	string	START	1693391550180
REQUEST		string	1693391550122	1693391550180	OK	 
REQUEST		string Redirect 1	1693391550140	1693391550183	OK	 
USER	string	END	1693391550183
USER	string	START	1693391550183
REQUEST		string	1693391550122	1693391550189	OK	 
REQUEST		string	1693391550122	1693391550189	OK	 
REQUEST		string Redirect 1	1693391550158	1693391550194	OK	 
REQUEST		string	1693391550143	1693391550194	OK	 
REQUEST		string	1693391550134	1693391550194	OK	 
USER	string	END	1693391550194
USER	string	START	1693391550195
REQUEST		string	1693391550160	1693391550201	OK	 
REQUEST		string	1693391550156	1693391550201	OK	 
REQUEST		string	1693391550153	1693391550201	OK	 
REQUEST		string Redirect 1	1693391550178	1693391550207	OK	 
USER	string	END	1693391550207
USER	string	START	1693391550208
REQUEST		string	1693391550171	1693391550210	OK	 
REQUEST		string Redirect 1	1693391550171	1693391550236	OK	 
REQUEST		string Redirect 1	1693391550190	1693391550236	OK	 
REQUEST		string Redirect 1	1693391550181	1693391550236	OK	 
REQUEST		string Redirect 1	1693391550178	1693391550236	OK	 
REQUEST		string Redirect 1	1693391550190	1693391550236	OK	 
REQUEST		string	1693391550173	1693391550237	OK	 
USER	string	END	1693391550237
USER	string	END	1693391550237
USER	string	END	1693391550237
USER	string	END	1693391550237
USER	string	END	1693391550237
USER	string	START	1693391550238
USER	string	START	1693391550238
USER	string	START	1693391550238
USER	string	START	1693391550238
USER	string	START	1693391550238
REQUEST		string Redirect 1	1693391550194	1693391550251	OK	 
REQUEST		string	1693391550171	1693391550251	OK	 
REQUEST		string Redirect 1	1693391550194	1693391550251	OK	 
REQUEST		string Redirect 1	1693391550201	1693391550251	OK	 
USER	string	END	1693391550252
USER	string	END	1693391550252
USER	string	END	1693391550252
USER	string	START	1693391550252
USER	string	START	1693391550252
USER	string	START	1693391550252
REQUEST		string Redirect 1	1693391550201	1693391550254	OK	 
REQUEST		string Redirect 1	1693391550201	1693391550254	OK	 
USER	string	END	1693391550254
USER	string	END	1693391550254
REQUEST		string	1693391550180	1693391550255	OK	 
USER	string	START	1693391550255
USER	string	START	1693391550255
REQUEST		string	1693391550183	1693391550260	OK	 
REQUEST		string Redirect 1	1693391550210	1693391550262	OK	 
USER	string	END	1693391550262
USER	string	START	1693391550263
REQUEST		string	1693391550194	1693391550292	OK	 
REQUEST		string Redirect 1	1693391550255	1693391550292	OK	 
REQUEST		string Redirect 1	1693391550251	1693391550292	OK	 
REQUEST		string Redirect 1	1693391550237	1693391550292	OK	 
USER	string	END	1693391550292
USER	string	END	1693391550292
USER	string	END	1693391550292
REQUEST		string Redirect 1	1693391550260	1693391550297	OK	 
REQUEST		string	1693391550207	1693391550298	OK	 
USER	string	END	1693391550298
REQUEST		string	1693391550237	1693391550308	OK	 
REQUEST		string	1693391550237	1693391550309	OK	 
REQUEST		string	1693391550237	1693391550314	OK	 
REQUEST		string	1693391550252	1693391550317	OK	 
REQUEST		string	1693391550237	1693391550317	OK	 
REQUEST		string	1693391550237	1693391550329	OK	 
REQUEST		string	1693391550252	1693391550329	OK	 
REQUEST		string	1693391550252	1693391550338	OK	 
REQUEST		string Redirect 1	1693391550292	1693391550338	OK	 
USER	string	END	1693391550338
REQUEST		string Redirect 1	1693391550298	1693391550338	OK	 
USER	string	END	1693391550338
REQUEST		string	1693391550255	1693391550343	OK	 
REQUEST		string	1693391550255	1693391550349	OK	 
REQUEST		string Redirect 1	1693391550309	1693391550360	OK	 
USER	string	END	1693391550360
REQUEST		string Redirect 1	1693391550308	1693391550362	OK	 
USER	string	END	1693391550362
REQUEST		string	1693391550263	1693391550370	OK	 
REQUEST		string Redirect 1	1693391550317	1693391550371	OK	 
REQUEST		string Redirect 1	1693391550314	1693391550371	OK	 
USER	string	END	1693391550371
USER	string	END	1693391550371
REQUEST		string Redirect 1	1693391550329	1693391550386	OK	 
USER	string	END	1693391550387
REQUEST		string Redirect 1	1693391550317	1693391550389	OK	 
USER	string	END	1693391550389
REQUEST		string Redirect 1	1693391550329	1693391550392	OK	 
USER	string	END	1693391550392
REQUEST		string Redirect 1	1693391550338	1693391550393	OK	 
USER	string	END	1693391550393
REQUEST		string Redirect 1	1693391550343	1693391550398	OK	 
USER	string	END	1693391550398
REQUEST		string Redirect 1	1693391550349	1693391550404	OK	 
USER	string	END	1693391550404
REQUEST		string Redirect 1	1693391550370	1693391550405	OK	 
USER	string	END	1693391550405
REQUEST		string	1693391549435	1693391550479	OK	 
REQUEST		string	1693391549432	1693391550481	OK	 
REQUEST		string Redirect 1	1693391550479	1693391550496	OK	 
USER	string	END	1693391550496
REQUEST		string Redirect 1	1693391550481	1693391550497	OK	 
USER	string	END	1693391550498
REQUEST		string	1693391549942	1693391550975	OK	 
REQUEST		string Redirect 1	1693391550975	1693391550993	OK	 
USER	string	END	1693391550994
