RUN	com.machinestalk.geenerateclass.MachinesTalk	machinestalk	1693473640749	 	3.9.5
USER	string	START	1693473641387
USER	string	START	1693473641470
USER	string	START	1693473641574
USER	string	START	1693473641671
USER	string	START	1693473641775
REQUEST		string	1693473641386	1693473641798	OK	 
USER	string	START	1693473641872
USER	string	START	1693473641969
REQUEST		string	1693473641573	1693473642028	OK	 
REQUEST		string	1693473641469	1693473642028	OK	 
REQUEST		string Redirect 1	1693473641814	1693473642032	OK	 
USER	string	END	1693473642039
REQUEST		string	1693473641670	1693473642055	OK	 
USER	string	START	1693473642075
REQUEST		string Redirect 1	1693473642028	1693473642156	OK	 
REQUEST		string Redirect 1	1693473642056	1693473642156	OK	 
REQUEST		string Redirect 1	1693473642028	1693473642156	OK	 
REQUEST		string	1693473641969	1693473642156	OK	 
REQUEST		string	1693473641775	1693473642156	OK	 
USER	string	END	1693473642157
USER	string	END	1693473642157
USER	string	END	1693473642157
USER	string	START	1693473642170
USER	string	START	1693473642274
REQUEST		string	1693473641872	1693473642305	OK	 
REQUEST		string Redirect 1	1693473642156	1693473642305	OK	 
USER	string	END	1693473642306
REQUEST		string Redirect 1	1693473642156	1693473642315	OK	 
USER	string	END	1693473642318
USER	string	START	1693473642371
REQUEST		string Redirect 1	1693473642306	1693473642418	OK	 
REQUEST		string	1693473642073	1693473642418	OK	 
USER	string	END	1693473642420
USER	string	START	1693473642475
REQUEST		string	1693473642169	1693473642533	OK	 
REQUEST		string Redirect 1	1693473642419	1693473642537	OK	 
USER	string	END	1693473642538
REQUEST		string	1693473642273	1693473642561	OK	 
USER	string	START	1693473642571
REQUEST		string Redirect 1	1693473642562	1693473642616	OK	 
REQUEST		string	1693473642370	1693473642616	OK	 
USER	string	END	1693473642617
REQUEST		string Redirect 1	1693473642533	1693473642617	OK	 
USER	string	END	1693473642620
USER	string	START	1693473642669
REQUEST		string	1693473642474	1693473642695	OK	 
REQUEST		string Redirect 1	1693473642696	1693473642752	OK	 
REQUEST		string Redirect 1	1693473642616	1693473642752	OK	 
USER	string	END	1693473642753
USER	string	END	1693473642753
USER	string	START	1693473642773
REQUEST		string	1693473642571	1693473642814	OK	 
USER	string	START	1693473642870
REQUEST		string Redirect 1	1693473642815	1693473642886	OK	 
REQUEST		string	1693473642668	1693473642886	OK	 
USER	string	END	1693473642887
USER	string	START	1693473642977
REQUEST		string Redirect 1	1693473642887	1693473642988	OK	 
USER	string	END	1693473642991
REQUEST		string	1693473642773	1693473643035	OK	 
USER	string	START	1693473643072
REQUEST		string	1693473642870	1693473643088	OK	 
REQUEST		string Redirect 1	1693473643035	1693473643088	OK	 
USER	string	END	1693473643090
REQUEST		string	1693473642976	1693473643138	OK	 
USER	string	START	1693473643169
REQUEST		string Redirect 1	1693473643088	1693473643246	OK	 
USER	string	END	1693473643249
REQUEST		string Redirect 1	1693473643138	1693473643262	OK	 
USER	string	END	1693473643264
USER	string	START	1693473643275
REQUEST		string	1693473643072	1693473643280	OK	 
REQUEST		string	1693473643169	1693473643306	OK	 
REQUEST		string Redirect 1	1693473643308	1693473643349	OK	 
USER	string	END	1693473643350
REQUEST		string Redirect 1	1693473643281	1693473643349	OK	 
USER	string	END	1693473643351
USER	string	START	1693473643371
REQUEST		string	1693473643273	1693473643398	OK	 
USER	string	START	1693473643470
REQUEST		string Redirect 1	1693473643399	1693473643471	OK	 
USER	string	END	1693473643473
REQUEST		string	1693473643370	1693473643526	OK	 
USER	string	START	1693473643566
REQUEST		string Redirect 1	1693473643526	1693473643570	OK	 
USER	string	END	1693473643571
REQUEST		string	1693473643468	1693473643605	OK	 
REQUEST		string	1693473643566	1693473643626	OK	 
USER	string	START	1693473643671
REQUEST		string Redirect 1	1693473643605	1693473643722	OK	 
REQUEST		string Redirect 1	1693473643628	1693473643722	OK	 
USER	string	END	1693473643723
USER	string	END	1693473643724
USER	string	START	1693473643769
USER	string	START	1693473643872
REQUEST		string	1693473643670	1693473643901	OK	 
REQUEST		string	1693473643767	1693473643948	OK	 
USER	string	START	1693473643967
REQUEST		string Redirect 1	1693473643902	1693473643972	OK	 
USER	string	END	1693473643973
REQUEST		string Redirect 1	1693473643948	1693473643987	OK	 
USER	string	END	1693473643988
REQUEST		string	1693473643871	1693473643992	OK	 
REQUEST		string Redirect 1	1693473643992	1693473644061	OK	 
REQUEST		string	1693473643967	1693473644061	OK	 
USER	string	END	1693473644062
USER	string	START	1693473644066
REQUEST		string Redirect 1	1693473644061	1693473644126	OK	 
USER	string	END	1693473644129
USER	string	START	1693473644170
USER	string	START	1693473644267
REQUEST		string	1693473644065	1693473644281	OK	 
USER	string	START	1693473644372
REQUEST		string Redirect 1	1693473644282	1693473644450	OK	 
REQUEST		string	1693473644169	1693473644450	OK	 
USER	string	END	1693473644452
USER	string	START	1693473644470
REQUEST		string	1693473644267	1693473644510	OK	 
REQUEST		string Redirect 1	1693473644451	1693473644510	OK	 
USER	string	END	1693473644512
REQUEST		string	1693473644371	1693473644560	OK	 
USER	string	START	1693473644566
REQUEST		string Redirect 1	1693473644511	1693473644603	OK	 
REQUEST		string Redirect 1	1693473644562	1693473644603	OK	 
USER	string	END	1693473644604
USER	string	END	1693473644604
USER	string	START	1693473644669
REQUEST		string	1693473644469	1693473644671	OK	 
REQUEST		string	1693473644565	1693473644671	OK	 
REQUEST		string Redirect 1	1693473644671	1693473644721	OK	 
REQUEST		string Redirect 1	1693473644671	1693473644721	OK	 
USER	string	END	1693473644722
USER	string	END	1693473644722
REQUEST		string	1693473644668	1693473644759	OK	 
USER	string	START	1693473644768
REQUEST		string Redirect 1	1693473644759	1693473644817	OK	 
USER	string	END	1693473644818
USER	string	START	1693473644872
REQUEST		string	1693473644767	1693473644928	OK	 
USER	string	START	1693473644969
REQUEST		string Redirect 1	1693473644928	1693473645073	OK	 
REQUEST		string	1693473644871	1693473645073	OK	 
USER	string	END	1693473645075
USER	string	START	1693473645080
REQUEST		string Redirect 1	1693473645074	1693473645108	OK	 
USER	string	END	1693473645110
REQUEST		string	1693473644968	1693473645129	OK	 
REQUEST		string	1693473645079	1693473645136	OK	 
REQUEST		string Redirect 1	1693473645131	1693473645155	OK	 
REQUEST		string Redirect 1	1693473645136	1693473645155	OK	 
USER	string	END	1693473645156
USER	string	END	1693473645157
USER	string	START	1693473645171
USER	string	START	1693473645268
REQUEST		string	1693473645170	1693473645309	OK	 
USER	string	START	1693473645373
REQUEST		string Redirect 1	1693473645310	1693473645415	OK	 
USER	string	END	1693473645416
REQUEST		string	1693473645267	1693473645441	OK	 
USER	string	START	1693473645467
REQUEST		string Redirect 1	1693473645441	1693473645492	OK	 
USER	string	END	1693473645493
REQUEST		string	1693473645372	1693473645511	OK	 
REQUEST		string	1693473645467	1693473645536	OK	 
REQUEST		string Redirect 1	1693473645511	1693473645564	OK	 
REQUEST		string Redirect 1	1693473645537	1693473645564	OK	 
USER	string	END	1693473645566
USER	string	END	1693473645566
USER	string	START	1693473645573
USER	string	START	1693473645669
USER	string	START	1693473645766
REQUEST		string	1693473645572	1693473645815	OK	 
REQUEST		string Redirect 1	1693473645815	1693473645847	OK	 
REQUEST		string	1693473645669	1693473645848	OK	 
USER	string	END	1693473645849
USER	string	START	1693473645870
REQUEST		string	1693473645766	1693473645891	OK	 
REQUEST		string Redirect 1	1693473645848	1693473645967	OK	 
REQUEST		string Redirect 1	1693473645891	1693473645967	OK	 
USER	string	START	1693473645967
USER	string	END	1693473645968
USER	string	END	1693473645968
USER	string	START	1693473646068
REQUEST		string	1693473645870	1693473646145	OK	 
USER	string	START	1693473646171
REQUEST		string Redirect 1	1693473646146	1693473646253	OK	 
REQUEST		string	1693473645967	1693473646253	OK	 
USER	string	END	1693473646254
USER	string	START	1693473646267
REQUEST		string Redirect 1	1693473646254	1693473646402	OK	 
REQUEST		string	1693473646067	1693473646402	OK	 
USER	string	END	1693473646404
REQUEST		string Redirect 1	1693473646404	1693473646594	OK	 
REQUEST		string	1693473646170	1693473646594	OK	 
USER	string	END	1693473646595
REQUEST		string Redirect 1	1693473646595	1693473646696	OK	 
REQUEST		string	1693473646266	1693473646696	OK	 
USER	string	END	1693473646699
REQUEST		string Redirect 1	1693473646698	1693473646821	OK	 
USER	string	END	1693473646822
