RUN	com.machinestalk.geenerateclass.MachinesTalk	machinestalk	1693472110347	 	3.9.5
USER	string	START	1693472110480
REQUEST		string	1693472110479	1693472110539	OK	 
REQUEST		string Redirect 1	1693472110539	1693472110558	OK	 
USER	string	END	1693472110559
USER	string	START	1693472110595
REQUEST		string	1693472110594	1693472110651	OK	 
REQUEST		string Redirect 1	1693472110652	1693472110665	OK	 
USER	string	END	1693472110666
USER	string	START	1693472110688
REQUEST		string	1693472110687	1693472110731	OK	 
REQUEST		string Redirect 1	1693472110731	1693472110744	OK	 
USER	string	END	1693472110745
USER	string	START	1693472110781
REQUEST		string	1693472110780	1693472110829	OK	 
REQUEST		string Redirect 1	1693472110830	1693472110841	OK	 
USER	string	END	1693472110842
USER	string	START	1693472110890
REQUEST		string	1693472110890	1693472110963	OK	 
REQUEST		string Redirect 1	1693472110964	1693472110977	OK	 
USER	string	END	1693472110977
USER	string	START	1693472110984
USER	string	START	1693472111093
REQUEST		string	1693472110984	1693472111179	OK	 
USER	string	START	1693472111186
REQUEST		string Redirect 1	1693472111179	1693472111225	OK	 
REQUEST		string	1693472111092	1693472111225	OK	 
USER	string	END	1693472111225
REQUEST		string Redirect 1	1693472111225	1693472111276	OK	 
USER	string	END	1693472111277
USER	string	START	1693472111295
REQUEST		string	1693472111186	1693472111317	OK	 
USER	string	START	1693472111387
REQUEST		string Redirect 1	1693472111318	1693472111408	OK	 
USER	string	END	1693472111409
REQUEST		string	1693472111294	1693472111429	OK	 
REQUEST		string Redirect 1	1693472111429	1693472111465	OK	 
USER	string	END	1693472111465
USER	string	START	1693472111496
REQUEST		string	1693472111387	1693472111517	OK	 
USER	string	START	1693472111589
REQUEST		string Redirect 1	1693472111517	1693472111600	OK	 
USER	string	END	1693472111601
REQUEST		string	1693472111496	1693472111643	OK	 
REQUEST		string	1693472111589	1693472111651	OK	 
REQUEST		string Redirect 1	1693472111643	1693472111666	OK	 
USER	string	END	1693472111667
REQUEST		string Redirect 1	1693472111652	1693472111671	OK	 
USER	string	END	1693472111672
USER	string	START	1693472111683
REQUEST		string	1693472111682	1693472111719	OK	 
REQUEST		string Redirect 1	1693472111720	1693472111736	OK	 
USER	string	END	1693472111737
USER	string	START	1693472111792
REQUEST		string	1693472111791	1693472111842	OK	 
REQUEST		string Redirect 1	1693472111843	1693472111854	OK	 
USER	string	END	1693472111855
USER	string	START	1693472111886
REQUEST		string	1693472111886	1693472111951	OK	 
REQUEST		string Redirect 1	1693472111951	1693472111989	OK	 
USER	string	END	1693472111989
USER	string	START	1693472111994
REQUEST		string	1693472111994	1693472112045	OK	 
REQUEST		string Redirect 1	1693472112046	1693472112061	OK	 
USER	string	END	1693472112062
USER	string	START	1693472112088
REQUEST		string	1693472112087	1693472112129	OK	 
REQUEST		string Redirect 1	1693472112130	1693472112146	OK	 
USER	string	END	1693472112146
USER	string	START	1693472112196
REQUEST		string	1693472112195	1693472112239	OK	 
REQUEST		string Redirect 1	1693472112239	1693472112251	OK	 
USER	string	END	1693472112251
USER	string	START	1693472112289
REQUEST		string	1693472112288	1693472112341	OK	 
REQUEST		string Redirect 1	1693472112341	1693472112359	OK	 
USER	string	END	1693472112360
USER	string	START	1693472112382
REQUEST		string	1693472112381	1693472112435	OK	 
REQUEST		string Redirect 1	1693472112436	1693472112454	OK	 
USER	string	END	1693472112455
USER	string	START	1693472112492
REQUEST		string	1693472112492	1693472112564	OK	 
REQUEST		string Redirect 1	1693472112565	1693472112579	OK	 
USER	string	END	1693472112580
USER	string	START	1693472112584
REQUEST		string	1693472112584	1693472112624	OK	 
REQUEST		string Redirect 1	1693472112624	1693472112640	OK	 
USER	string	END	1693472112641
USER	string	START	1693472112694
REQUEST		string	1693472112693	1693472112746	OK	 
REQUEST		string Redirect 1	1693472112746	1693472112761	OK	 
USER	string	END	1693472112762
USER	string	START	1693472112788
REQUEST		string	1693472112787	1693472112842	OK	 
REQUEST		string Redirect 1	1693472112843	1693472112862	OK	 
USER	string	END	1693472112863
USER	string	START	1693472112881
REQUEST		string	1693472112880	1693472112934	OK	 
REQUEST		string Redirect 1	1693472112934	1693472112950	OK	 
USER	string	END	1693472112951
USER	string	START	1693472112991
REQUEST		string	1693472112991	1693472113049	OK	 
REQUEST		string Redirect 1	1693472113050	1693472113064	OK	 
USER	string	END	1693472113065
USER	string	START	1693472113085
REQUEST		string	1693472113085	1693472113135	OK	 
REQUEST		string Redirect 1	1693472113136	1693472113147	OK	 
USER	string	END	1693472113147
USER	string	START	1693472113192
REQUEST		string	1693472113192	1693472113239	OK	 
REQUEST		string Redirect 1	1693472113240	1693472113258	OK	 
USER	string	END	1693472113258
USER	string	START	1693472113286
REQUEST		string	1693472113285	1693472113360	OK	 
USER	string	START	1693472113393
REQUEST		string Redirect 1	1693472113360	1693472113411	OK	 
USER	string	END	1693472113412
USER	string	START	1693472113487
REQUEST		string	1693472113393	1693472113550	OK	 
REQUEST		string Redirect 1	1693472113551	1693472113575	OK	 
USER	string	END	1693472113576
USER	string	START	1693472113579
REQUEST		string	1693472113487	1693472113595	OK	 
USER	string	START	1693472113689
REQUEST		string Redirect 1	1693472113596	1693472113715	OK	 
USER	string	END	1693472113715
REQUEST		string	1693472113579	1693472113736	OK	 
REQUEST		string Redirect 1	1693472113737	1693472113756	OK	 
REQUEST		string	1693472113689	1693472113756	OK	 
USER	string	END	1693472113756
REQUEST		string Redirect 1	1693472113756	1693472113770	OK	 
USER	string	END	1693472113771
USER	string	START	1693472113783
REQUEST		string	1693472113782	1693472113822	OK	 
REQUEST		string Redirect 1	1693472113823	1693472113836	OK	 
USER	string	END	1693472113837
USER	string	START	1693472113891
REQUEST		string	1693472113891	1693472113944	OK	 
REQUEST		string Redirect 1	1693472113945	1693472113974	OK	 
USER	string	END	1693472113974
USER	string	START	1693472113985
REQUEST		string	1693472113985	1693472114022	OK	 
REQUEST		string Redirect 1	1693472114023	1693472114033	OK	 
USER	string	END	1693472114034
USER	string	START	1693472114094
REQUEST		string	1693472114093	1693472114140	OK	 
REQUEST		string Redirect 1	1693472114140	1693472114152	OK	 
USER	string	END	1693472114153
USER	string	START	1693472114186
REQUEST		string	1693472114186	1693472114231	OK	 
REQUEST		string Redirect 1	1693472114231	1693472114246	OK	 
USER	string	END	1693472114247
USER	string	START	1693472114295
REQUEST		string	1693472114294	1693472114379	OK	 
USER	string	START	1693472114387
REQUEST		string Redirect 1	1693472114380	1693472114394	OK	 
USER	string	END	1693472114394
REQUEST		string	1693472114386	1693472114429	OK	 
REQUEST		string Redirect 1	1693472114430	1693472114463	OK	 
USER	string	END	1693472114463
USER	string	START	1693472114482
USER	string	START	1693472114593
REQUEST		string	1693472114482	1693472114594	OK	 
REQUEST		string Redirect 1	1693472114594	1693472114613	OK	 
USER	string	END	1693472114614
USER	string	START	1693472114685
REQUEST		string	1693472114593	1693472114725	OK	 
REQUEST		string	1693472114685	1693472114742	OK	 
REQUEST		string Redirect 1	1693472114725	1693472114746	OK	 
USER	string	END	1693472114747
REQUEST		string Redirect 1	1693472114742	1693472114762	OK	 
USER	string	END	1693472114763
USER	string	START	1693472114793
REQUEST		string	1693472114793	1693472114842	OK	 
REQUEST		string Redirect 1	1693472114842	1693472114853	OK	 
USER	string	END	1693472114853
USER	string	START	1693472114888
REQUEST		string	1693472114887	1693472114928	OK	 
REQUEST		string Redirect 1	1693472114928	1693472114943	OK	 
USER	string	END	1693472114944
USER	string	START	1693472114995
REQUEST		string	1693472114995	1693472115040	OK	 
REQUEST		string Redirect 1	1693472115041	1693472115056	OK	 
USER	string	END	1693472115057
USER	string	START	1693472115088
REQUEST		string	1693472115087	1693472115137	OK	 
REQUEST		string Redirect 1	1693472115138	1693472115155	OK	 
USER	string	END	1693472115155
USER	string	START	1693472115180
USER	string	START	1693472115289
REQUEST		string	1693472115180	1693472115338	OK	 
REQUEST		string Redirect 1	1693472115338	1693472115364	OK	 
USER	string	END	1693472115365
REQUEST		string	1693472115289	1693472115370	OK	 
USER	string	START	1693472115383
REQUEST		string Redirect 1	1693472115371	1693472115460	OK	 
USER	string	END	1693472115461
REQUEST		string	1693472115382	1693472115488	OK	 
REQUEST		string Redirect 1	1693472115489	1693472115511	OK	 
USER	string	END	1693472115512
