RUN	com.machinestalk.geenerateclass.MachinesTalk	machinestalk	1693750069722	 	3.9.5
USER	Set1With GEneration	START	1693750070178
USER	Set1With GEneration	START	1693750070178
USER	Set1With GEneration	START	1693750070178
USER	Set1With GEneration	START	1693750070178
USER	Set1With GEneration	START	1693750070179
USER	Set1With GEneration	START	1693750070179
USER	Set1With GEneration	START	1693750070179
USER	Set1With GEneration	START	1693750070179
USER	Set1With GEneration	START	1693750070179
USER	Set1With GEneration	START	1693750070179
USER	Set1With GEneration	START	1693750070179
USER	Set1With GEneration	START	1693750070179
USER	Set1With GEneration	START	1693750070179
USER	Set1With GEneration	START	1693750070179
USER	Set1With GEneration	START	1693750070179
USER	Set1With GEneration	START	1693750070179
USER	Set1With GEneration	START	1693750070179
USER	Set1With GEneration	START	1693750070179
USER	Set1With GEneration	START	1693750070179
USER	Set1With GEneration	START	1693750070179
REQUEST		20	1693750070176	1693750070494	OK	 
REQUEST		20	1693750070177	1693750070499	OK	 
REQUEST		20	1693750070177	1693750070508	OK	 
REQUEST		20	1693750070176	1693750070509	OK	 
REQUEST		20	1693750070176	1693750070520	OK	 
REQUEST		20	1693750070176	1693750070526	OK	 
REQUEST		20	1693750070176	1693750070528	OK	 
REQUEST		20	1693750070176	1693750070535	OK	 
REQUEST		20	1693750070176	1693750070539	OK	 
REQUEST		20	1693750070176	1693750070547	OK	 
REQUEST		20	1693750070176	1693750070548	OK	 
REQUEST		20	1693750070176	1693750070552	OK	 
REQUEST		20	1693750070176	1693750070569	OK	 
REQUEST		20	1693750070176	1693750070575	OK	 
REQUEST		20	1693750070176	1693750070586	OK	 
REQUEST		20	1693750070176	1693750070602	OK	 
REQUEST		20	1693750070176	1693750070603	OK	 
REQUEST		20	1693750070176	1693750070625	OK	 
REQUEST		20	1693750070176	1693750070626	OK	 
REQUEST		20	1693750070176	1693750070763	OK	 
REQUEST		20 Redirect 1	1693750070496	1693750071195	OK	 
USER	Set1With GEneration	END	1693750071196
REQUEST		20 Redirect 1	1693750070500	1693750071531	OK	 
USER	Set1With GEneration	END	1693750071532
REQUEST		20 Redirect 1	1693750070529	1693750072183	OK	 
USER	Set1With GEneration	END	1693750072183
REQUEST		20 Redirect 1	1693750070604	1693750072217	OK	 
USER	Set1With GEneration	END	1693750072218
REQUEST		20 Redirect 1	1693750070552	1693750072345	OK	 
USER	Set1With GEneration	END	1693750072346
REQUEST		20 Redirect 1	1693750070627	1693750072507	OK	 
USER	Set1With GEneration	END	1693750072507
REQUEST		20 Redirect 1	1693750070763	1693750072584	OK	 
USER	Set1With GEneration	END	1693750072585
REQUEST		20 Redirect 1	1693750070536	1693750072940	OK	 
USER	Set1With GEneration	END	1693750072941
REQUEST		20 Redirect 1	1693750070602	1693750072982	OK	 
USER	Set1With GEneration	END	1693750072983
REQUEST		20 Redirect 1	1693750070547	1693750073332	OK	 
USER	Set1With GEneration	END	1693750073332
REQUEST		20 Redirect 1	1693750070509	1693750073425	OK	 
USER	Set1With GEneration	END	1693750073425
REQUEST		20 Redirect 1	1693750070520	1693750074032	OK	 
REQUEST		20 Redirect 1	1693750070540	1693750074032	OK	 
USER	Set1With GEneration	END	1693750074033
USER	Set1With GEneration	END	1693750074033
REQUEST		20 Redirect 1	1693750070527	1693750074062	OK	 
USER	Set1With GEneration	END	1693750074062
REQUEST		20 Redirect 1	1693750070508	1693750074343	OK	 
USER	Set1With GEneration	END	1693750074343
REQUEST		20 Redirect 1	1693750070570	1693750074353	OK	 
USER	Set1With GEneration	END	1693750074353
REQUEST		20 Redirect 1	1693750070549	1693750074406	OK	 
USER	Set1With GEneration	END	1693750074407
REQUEST		20 Redirect 1	1693750070586	1693750074500	OK	 
USER	Set1With GEneration	END	1693750074500
REQUEST		20 Redirect 1	1693750070625	1693750076260	OK	 
USER	Set1With GEneration	END	1693750076261
REQUEST		20 Redirect 1	1693750070575	1693750077546	OK	 
USER	Set1With GEneration	END	1693750077546
