RUN	com.machinestalk.geenerateclass.MachinesTalk	machinestalk	1693405402219	 	3.9.5
USER	string	START	1693405412840
USER	string	START	1693405412842
USER	string	START	1693405412840
USER	string	START	1693405412840
USER	string	START	1693405412841
USER	string	START	1693405412841
USER	string	START	1693405412841
USER	string	START	1693405412841
USER	string	START	1693405412841
USER	string	START	1693405412841
USER	string	START	1693405412841
USER	string	START	1693405412841
USER	string	START	1693405412841
USER	string	START	1693405412841
USER	string	START	1693405412841
USER	string	START	1693405412841
USER	string	START	1693405412841
USER	string	START	1693405412841
USER	string	START	1693405412842
USER	string	START	1693405412842
USER	string	START	1693405412842
REQUEST		string	1693405412836	1693405412897	OK	 
REQUEST		string	1693405412836	1693405412921	OK	 
REQUEST		string	1693405412836	1693405412926	OK	 
REQUEST		string	1693405412836	1693405412928	OK	 
REQUEST		string	1693405412836	1693405412938	OK	 
REQUEST		string	1693405412836	1693405412938	OK	 
REQUEST		string	1693405412836	1693405412940	OK	 
REQUEST		string	1693405412836	1693405412940	OK	 
REQUEST		string	1693405412836	1693405412940	OK	 
REQUEST		string	1693405412836	1693405412941	OK	 
REQUEST		string	1693405412836	1693405412941	OK	 
REQUEST		string	1693405412836	1693405412941	OK	 
REQUEST		string	1693405412836	1693405412941	OK	 
REQUEST		string	1693405412836	1693405412941	OK	 
REQUEST		string	1693405412836	1693405412945	OK	 
REQUEST		string	1693405412836	1693405412949	OK	 
REQUEST		string	1693405412836	1693405412949	OK	 
REQUEST		string	1693405412836	1693405412952	OK	 
REQUEST		string	1693405412836	1693405412954	OK	 
REQUEST		string	1693405412836	1693405412958	OK	 
REQUEST		string Redirect 1	1693405412912	1693405412952	OK	 
USER	string	END	1693405412960
REQUEST		string Redirect 1	1693405412922	1693405412961	OK	 
REQUEST		string	1693405412836	1693405412961	OK	 
USER	string	END	1693405412962
REQUEST		string Redirect 1	1693405412926	1693405412983	OK	 
USER	string	END	1693405412985
REQUEST		string Redirect 1	1693405412938	1693405412991	OK	 
USER	string	END	1693405412993
REQUEST		string Redirect 1	1693405412938	1693405412996	OK	 
REQUEST		string Redirect 1	1693405412928	1693405412996	OK	 
USER	string	END	1693405412998
USER	string	END	1693405412998
REQUEST		string Redirect 1	1693405412940	1693405412999	OK	 
USER	string	END	1693405413000
REQUEST		string Redirect 1	1693405412941	1693405413004	OK	 
REQUEST		string Redirect 1	1693405412941	1693405413005	OK	 
USER	string	END	1693405413005
USER	string	END	1693405413005
REQUEST		string Redirect 1	1693405412940	1693405413012	OK	 
USER	string	END	1693405413013
REQUEST		string Redirect 1	1693405412945	1693405413015	OK	 
USER	string	END	1693405413016
REQUEST		string Redirect 1	1693405412940	1693405413025	OK	 
USER	string	END	1693405413026
REQUEST		string Redirect 1	1693405412952	1693405413026	OK	 
USER	string	END	1693405413027
REQUEST		string Redirect 1	1693405412954	1693405413029	OK	 
USER	string	END	1693405413030
REQUEST		string Redirect 1	1693405412958	1693405413031	OK	 
USER	string	END	1693405413032
REQUEST		string Redirect 1	1693405412962	1693405413032	OK	 
USER	string	END	1693405413033
REQUEST		string Redirect 1	1693405412941	1693405413169	OK	 
REQUEST		string Redirect 1	1693405412941	1693405413169	OK	 
USER	string	END	1693405413171
USER	string	END	1693405413172
REQUEST		string Redirect 1	1693405412941	1693405413957	OK	 
USER	string	END	1693405413960
REQUEST		string Redirect 1	1693405412949	1693405413965	OK	 
REQUEST		string Redirect 1	1693405412949	1693405413966	OK	 
USER	string	END	1693405413967
USER	string	END	1693405413968
USER	string	START	1693405414752
REQUEST		string	1693405414750	1693405414797	OK	 
REQUEST		string Redirect 1	1693405414797	1693405414841	OK	 
USER	string	END	1693405414843
USER	string	START	1693405416752
REQUEST		string	1693405416751	1693405416797	OK	 
REQUEST		string Redirect 1	1693405416798	1693405416812	OK	 
USER	string	END	1693405416812
USER	string	START	1693405418748
REQUEST		string	1693405418747	1693405418856	OK	 
REQUEST		string Redirect 1	1693405418858	1693405418917	OK	 
USER	string	END	1693405418918
USER	string	START	1693405420746
REQUEST		string	1693405420746	1693405420799	OK	 
REQUEST		string Redirect 1	1693405420800	1693405420821	OK	 
USER	string	END	1693405420823
USER	string	START	1693405422753
REQUEST		string	1693405422752	1693405422802	OK	 
REQUEST		string Redirect 1	1693405422803	1693405422820	OK	 
USER	string	END	1693405422822
USER	string	START	1693405423000
REQUEST		string	1693405423000	1693405423051	OK	 
REQUEST		string Redirect 1	1693405423052	1693405423074	OK	 
USER	string	END	1693405423075
USER	string	START	1693405423251
REQUEST		string	1693405423250	1693405423296	OK	 
REQUEST		string Redirect 1	1693405423297	1693405423307	OK	 
USER	string	END	1693405423307
USER	string	START	1693405423498
REQUEST		string	1693405423497	1693405423542	OK	 
REQUEST		string Redirect 1	1693405423542	1693405423558	OK	 
USER	string	END	1693405423561
USER	string	START	1693405423764
REQUEST		string	1693405423763	1693405423829	OK	 
REQUEST		string Redirect 1	1693405423831	1693405423847	OK	 
USER	string	END	1693405423849
USER	string	START	1693405423996
REQUEST		string	1693405423994	1693405424061	OK	 
REQUEST		string Redirect 1	1693405424062	1693405424073	OK	 
USER	string	END	1693405424075
USER	string	START	1693405424247
REQUEST		string	1693405424245	1693405424301	OK	 
REQUEST		string Redirect 1	1693405424302	1693405424318	OK	 
USER	string	END	1693405424318
USER	string	START	1693405424509
REQUEST		string	1693405424508	1693405424555	OK	 
REQUEST		string Redirect 1	1693405424556	1693405424572	OK	 
USER	string	END	1693405424574
USER	string	START	1693405424758
REQUEST		string	1693405424757	1693405424802	OK	 
REQUEST		string Redirect 1	1693405424803	1693405424820	OK	 
USER	string	END	1693405424822
USER	string	START	1693405424995
REQUEST		string	1693405424994	1693405425045	OK	 
REQUEST		string Redirect 1	1693405425045	1693405425059	OK	 
USER	string	END	1693405425060
USER	string	START	1693405425244
REQUEST		string	1693405425243	1693405425295	OK	 
REQUEST		string Redirect 1	1693405425296	1693405425313	OK	 
USER	string	END	1693405425315
USER	string	START	1693405425507
REQUEST		string	1693405425506	1693405425556	OK	 
REQUEST		string Redirect 1	1693405425557	1693405425577	OK	 
USER	string	END	1693405425579
USER	string	START	1693405425754
REQUEST		string	1693405425753	1693405425841	OK	 
REQUEST		string Redirect 1	1693405425841	1693405425873	OK	 
USER	string	END	1693405425875
USER	string	START	1693405426004
REQUEST		string	1693405426002	1693405426047	OK	 
REQUEST		string Redirect 1	1693405426047	1693405426061	OK	 
USER	string	END	1693405426062
USER	string	START	1693405426250
REQUEST		string	1693405426249	1693405426316	OK	 
REQUEST		string Redirect 1	1693405426317	1693405426354	OK	 
USER	string	END	1693405426356
USER	string	START	1693405426499
REQUEST		string	1693405426498	1693405426559	OK	 
REQUEST		string Redirect 1	1693405426560	1693405426578	OK	 
USER	string	END	1693405426579
USER	string	START	1693405426765
REQUEST		string	1693405426764	1693405426823	OK	 
REQUEST		string Redirect 1	1693405426824	1693405426838	OK	 
USER	string	END	1693405426839
USER	string	START	1693405426996
REQUEST		string	1693405426995	1693405427071	OK	 
REQUEST		string Redirect 1	1693405427071	1693405427086	OK	 
USER	string	END	1693405427087
USER	string	START	1693405427245
REQUEST		string	1693405427243	1693405427294	OK	 
REQUEST		string Redirect 1	1693405427295	1693405427308	OK	 
USER	string	END	1693405427311
USER	string	START	1693405427507
REQUEST		string	1693405427506	1693405427568	OK	 
REQUEST		string Redirect 1	1693405427568	1693405427586	OK	 
USER	string	END	1693405427586
