RUN	com.machinestalk.geenerateclass.MachinesTalk	machinestalk	1693472085382	 	3.9.5
USER	string	START	1693472085985
REQUEST		string	1693472085984	1693472086028	OK	 
REQUEST		string Redirect 1	1693472086045	1693472086061	OK	 
USER	string	START	1693472086066
USER	string	END	1693472086068
USER	string	START	1693472086163
REQUEST		string	1693472086065	1693472086168	OK	 
REQUEST		string Redirect 1	1693472086169	1693472086202	OK	 
USER	string	END	1693472086204
REQUEST		string	1693472086162	1693472086238	OK	 
REQUEST		string Redirect 1	1693472086238	1693472086260	OK	 
USER	string	END	1693472086260
USER	string	START	1693472086267
USER	string	START	1693472086363
REQUEST		string	1693472086266	1693472086367	OK	 
REQUEST		string Redirect 1	1693472086367	1693472086416	OK	 
USER	string	END	1693472086417
USER	string	START	1693472086460
REQUEST		string	1693472086363	1693472086497	OK	 
REQUEST		string Redirect 1	1693472086497	1693472086550	OK	 
USER	string	END	1693472086551
USER	string	START	1693472086567
REQUEST		string	1693472086460	1693472086608	OK	 
USER	string	START	1693472086662
REQUEST		string Redirect 1	1693472086608	1693472086680	OK	 
USER	string	END	1693472086681
REQUEST		string	1693472086565	1693472086755	OK	 
USER	string	START	1693472086766
REQUEST		string Redirect 1	1693472086756	1693472086804	OK	 
USER	string	END	1693472086805
REQUEST		string	1693472086661	1693472086850	OK	 
USER	string	START	1693472086863
REQUEST		string Redirect 1	1693472086851	1693472086913	OK	 
USER	string	END	1693472086914
REQUEST		string	1693472086766	1693472086956	OK	 
USER	string	START	1693472086969
REQUEST		string Redirect 1	1693472086956	1693472087032	OK	 
USER	string	END	1693472087033
USER	string	START	1693472087065
REQUEST		string	1693472086863	1693472087078	OK	 
REQUEST		string Redirect 1	1693472087080	1693472087152	OK	 
USER	string	END	1693472087153
USER	string	START	1693472087162
REQUEST		string	1693472086968	1693472087192	OK	 
USER	string	START	1693472087267
REQUEST		string Redirect 1	1693472087192	1693472087277	OK	 
USER	string	END	1693472087278
REQUEST		string	1693472087064	1693472087297	OK	 
USER	string	START	1693472087363
REQUEST		string Redirect 1	1693472087298	1693472087382	OK	 
USER	string	END	1693472087383
REQUEST		string	1693472087161	1693472087398	OK	 
REQUEST		string Redirect 1	1693472087399	1693472087441	OK	 
USER	string	END	1693472087442
USER	string	START	1693472087467
REQUEST		string	1693472087266	1693472087478	OK	 
REQUEST		string	1693472087363	1693472087508	OK	 
REQUEST		string Redirect 1	1693472087478	1693472087517	OK	 
USER	string	END	1693472087518
REQUEST		string Redirect 1	1693472087509	1693472087559	OK	 
USER	string	END	1693472087560
USER	string	START	1693472087566
REQUEST		string	1693472087467	1693472087606	OK	 
REQUEST		string Redirect 1	1693472087607	1693472087653	OK	 
USER	string	END	1693472087654
USER	string	START	1693472087669
REQUEST		string	1693472087565	1693472087696	OK	 
REQUEST		string Redirect 1	1693472087698	1693472087714	OK	 
USER	string	END	1693472087716
REQUEST		string	1693472087668	1693472087736	OK	 
REQUEST		string Redirect 1	1693472087737	1693472087756	OK	 
USER	string	END	1693472087758
USER	string	START	1693472087763
REQUEST		string	1693472087763	1693472087819	OK	 
REQUEST		string Redirect 1	1693472087821	1693472087846	OK	 
USER	string	END	1693472087847
USER	string	START	1693472087873
USER	string	START	1693472087966
REQUEST		string	1693472087872	1693472087987	OK	 
REQUEST		string Redirect 1	1693472087988	1693472088026	OK	 
USER	string	END	1693472088027
USER	string	START	1693472088060
REQUEST		string	1693472087966	1693472088092	OK	 
REQUEST		string Redirect 1	1693472088093	1693472088120	OK	 
USER	string	END	1693472088121
REQUEST		string	1693472088059	1693472088158	OK	 
USER	string	START	1693472088169
REQUEST		string Redirect 1	1693472088159	1693472088187	OK	 
USER	string	END	1693472088188
USER	string	START	1693472088263
REQUEST		string	1693472088169	1693472088304	OK	 
REQUEST		string Redirect 1	1693472088305	1693472088348	OK	 
USER	string	END	1693472088350
USER	string	START	1693472088373
REQUEST		string	1693472088262	1693472088376	OK	 
REQUEST		string Redirect 1	1693472088376	1693472088406	OK	 
USER	string	END	1693472088408
REQUEST		string	1693472088372	1693472088445	OK	 
USER	string	START	1693472088466
REQUEST		string Redirect 1	1693472088446	1693472088474	OK	 
USER	string	END	1693472088475
USER	string	START	1693472088560
REQUEST		string	1693472088466	1693472088567	OK	 
REQUEST		string Redirect 1	1693472088568	1693472088630	OK	 
USER	string	END	1693472088631
USER	string	START	1693472088669
REQUEST		string	1693472088559	1693472088702	OK	 
REQUEST		string Redirect 1	1693472088703	1693472088721	OK	 
USER	string	END	1693472088721
REQUEST		string	1693472088669	1693472088736	OK	 
REQUEST		string Redirect 1	1693472088737	1693472088757	OK	 
USER	string	END	1693472088758
USER	string	START	1693472088763
REQUEST		string	1693472088762	1693472088829	OK	 
REQUEST		string Redirect 1	1693472088830	1693472088850	OK	 
USER	string	END	1693472088853
USER	string	START	1693472088874
REQUEST		string	1693472088873	1693472088959	OK	 
USER	string	START	1693472088967
REQUEST		string Redirect 1	1693472088960	1693472088977	OK	 
USER	string	END	1693472088979
REQUEST		string	1693472088966	1693472089006	OK	 
REQUEST		string Redirect 1	1693472089007	1693472089029	OK	 
USER	string	END	1693472089031
USER	string	START	1693472089061
REQUEST		string	1693472089060	1693472089158	OK	 
USER	string	START	1693472089170
REQUEST		string Redirect 1	1693472089158	1693472089185	OK	 
USER	string	END	1693472089187
REQUEST		string	1693472089169	1693472089246	OK	 
REQUEST		string Redirect 1	1693472089247	1693472089261	OK	 
USER	string	END	1693472089262
USER	string	START	1693472089264
REQUEST		string	1693472089263	1693472089308	OK	 
REQUEST		string Redirect 1	1693472089308	1693472089326	OK	 
USER	string	END	1693472089327
USER	string	START	1693472089363
USER	string	START	1693472089460
REQUEST		string	1693472089362	1693472089494	OK	 
REQUEST		string Redirect 1	1693472089494	1693472089525	OK	 
USER	string	END	1693472089527
REQUEST		string	1693472089459	1693472089542	OK	 
REQUEST		string Redirect 1	1693472089543	1693472089559	OK	 
USER	string	END	1693472089560
USER	string	START	1693472089566
REQUEST		string	1693472089565	1693472089601	OK	 
REQUEST		string Redirect 1	1693472089602	1693472089614	OK	 
USER	string	END	1693472089615
USER	string	START	1693472089661
REQUEST		string	1693472089660	1693472089731	OK	 
REQUEST		string Redirect 1	1693472089731	1693472089759	OK	 
USER	string	END	1693472089760
USER	string	START	1693472089761
REQUEST		string	1693472089761	1693472089836	OK	 
REQUEST		string Redirect 1	1693472089836	1693472089854	OK	 
USER	string	END	1693472089855
USER	string	START	1693472089863
REQUEST		string	1693472089862	1693472089917	OK	 
REQUEST		string Redirect 1	1693472089917	1693472089933	OK	 
USER	string	END	1693472089934
USER	string	START	1693472089960
REQUEST		string	1693472089960	1693472090002	OK	 
REQUEST		string Redirect 1	1693472090003	1693472090015	OK	 
USER	string	END	1693472090016
USER	string	START	1693472090074
REQUEST		string	1693472090073	1693472090117	OK	 
REQUEST		string Redirect 1	1693472090118	1693472090133	OK	 
USER	string	END	1693472090136
USER	string	START	1693472090162
REQUEST		string	1693472090161	1693472090216	OK	 
REQUEST		string Redirect 1	1693472090217	1693472090231	OK	 
USER	string	END	1693472090234
USER	string	START	1693472090261
REQUEST		string	1693472090260	1693472090338	OK	 
REQUEST		string Redirect 1	1693472090340	1693472090356	OK	 
USER	string	END	1693472090358
USER	string	START	1693472090364
REQUEST		string	1693472090363	1693472090409	OK	 
REQUEST		string Redirect 1	1693472090410	1693472090424	OK	 
USER	string	END	1693472090425
USER	string	START	1693472090461
REQUEST		string	1693472090460	1693472090529	OK	 
REQUEST		string Redirect 1	1693472090529	1693472090546	OK	 
USER	string	END	1693472090547
USER	string	START	1693472090572
REQUEST		string	1693472090572	1693472090618	OK	 
REQUEST		string Redirect 1	1693472090618	1693472090633	OK	 
USER	string	END	1693472090634
USER	string	START	1693472090664
USER	string	START	1693472090760
REQUEST		string	1693472090663	1693472090762	OK	 
REQUEST		string Redirect 1	1693472090763	1693472090777	OK	 
USER	string	END	1693472090778
REQUEST		string	1693472090759	1693472090803	OK	 
REQUEST		string Redirect 1	1693472090803	1693472090826	OK	 
USER	string	END	1693472090827
USER	string	START	1693472090864
REQUEST		string	1693472090863	1693472090914	OK	 
REQUEST		string Redirect 1	1693472090915	1693472090928	OK	 
USER	string	END	1693472090930
