RUN	com.machinestalk.geenerateclass.MachinesTalk	machinestalk	1693750078069	 	3.9.5
USER	Set1With GEneration	START	1693750078370
USER	Set1With GEneration	START	1693750078370
USER	Set1With GEneration	START	1693750078370
USER	Set1With GEneration	START	1693750078370
USER	Set1With GEneration	START	1693750078370
USER	Set1With GEneration	START	1693750078370
USER	Set1With GEneration	START	1693750078370
USER	Set1With GEneration	START	1693750078370
USER	Set1With GEneration	START	1693750078370
USER	Set1With GEneration	START	1693750078371
USER	Set1With GEneration	START	1693750078371
USER	Set1With GEneration	START	1693750078371
USER	Set1With GEneration	START	1693750078371
USER	Set1With GEneration	START	1693750078371
USER	Set1With GEneration	START	1693750078371
USER	Set1With GEneration	START	1693750078371
USER	Set1With GEneration	START	1693750078371
USER	Set1With GEneration	START	1693750078371
USER	Set1With GEneration	START	1693750078371
USER	Set1With GEneration	START	1693750078371
REQUEST		20	1693750078369	1693750078714	OK	 
REQUEST		20	1693750078370	1693750078723	OK	 
REQUEST		20	1693750078370	1693750078727	OK	 
REQUEST		20	1693750078370	1693750078729	OK	 
REQUEST		20	1693750078370	1693750078736	OK	 
REQUEST		20	1693750078370	1693750078740	OK	 
REQUEST		20	1693750078370	1693750078744	OK	 
REQUEST		20	1693750078370	1693750078752	OK	 
REQUEST		20	1693750078370	1693750078759	OK	 
REQUEST		20	1693750078370	1693750078762	OK	 
REQUEST		20	1693750078371	1693750078793	OK	 
REQUEST		20	1693750078370	1693750078793	OK	 
REQUEST		20	1693750078370	1693750078795	OK	 
REQUEST		20	1693750078370	1693750078802	OK	 
REQUEST		20	1693750078369	1693750078982	OK	 
REQUEST		20	1693750078370	1693750079032	OK	 
REQUEST		20	1693750078369	1693750079740	OK	 
REQUEST		20	1693750078371	1693750079797	OK	 
REQUEST		20	1693750078370	1693750079806	OK	 
REQUEST		20 Redirect 1	1693750078727	1693750079970	OK	 
USER	Set1With GEneration	END	1693750079971
REQUEST		20 Redirect 1	1693750078736	1693750080052	OK	 
USER	Set1With GEneration	END	1693750080053
REQUEST		20	1693750078369	1693750080070	OK	 
REQUEST		20 Redirect 1	1693750078793	1693750080355	OK	 
USER	Set1With GEneration	END	1693750080356
REQUEST		20 Redirect 1	1693750079033	1693750080522	OK	 
USER	Set1With GEneration	END	1693750080523
REQUEST		20 Redirect 1	1693750079741	1693750080584	OK	 
USER	Set1With GEneration	END	1693750080584
REQUEST		20 Redirect 1	1693750080070	1693750080956	OK	 
USER	Set1With GEneration	END	1693750080956
REQUEST		20 Redirect 1	1693750078724	1693750081342	OK	 
USER	Set1With GEneration	END	1693750081343
REQUEST		20 Redirect 1	1693750078745	1693750081551	OK	 
USER	Set1With GEneration	END	1693750081552
REQUEST		20 Redirect 1	1693750078796	1693750081562	OK	 
USER	Set1With GEneration	END	1693750081563
REQUEST		20 Redirect 1	1693750079797	1693750081704	OK	 
USER	Set1With GEneration	END	1693750081704
REQUEST		20 Redirect 1	1693750078740	1693750081812	OK	 
USER	Set1With GEneration	END	1693750081812
REQUEST		20 Redirect 1	1693750078760	1693750081865	OK	 
USER	Set1With GEneration	END	1693750081865
REQUEST		20 Redirect 1	1693750078802	1693750081930	OK	 
USER	Set1With GEneration	END	1693750081931
REQUEST		20 Redirect 1	1693750078762	1693750081971	OK	 
USER	Set1With GEneration	END	1693750081972
REQUEST		20 Redirect 1	1693750078793	1693750082090	OK	 
USER	Set1With GEneration	END	1693750082091
REQUEST		20 Redirect 1	1693750078715	1693750082142	OK	 
USER	Set1With GEneration	END	1693750082143
REQUEST		20 Redirect 1	1693750078752	1693750082188	OK	 
USER	Set1With GEneration	END	1693750082188
REQUEST		20 Redirect 1	1693750078983	1693750082202	OK	 
USER	Set1With GEneration	END	1693750082203
REQUEST		20 Redirect 1	1693750078730	1693750082867	OK	 
USER	Set1With GEneration	END	1693750082867
REQUEST		20 Redirect 1	1693750079806	1693750083609	OK	 
USER	Set1With GEneration	END	1693750083610
