RUN	com.machinestalk.geenerateclass.MachinesTalk	machinestalk	1693315915839	 	3.9.5
USER	string	START	1693315916491
REQUEST		string	1693315916490	1693315916533	OK	 
REQUEST		string Redirect 1	1693315916546	1693315916563	OK	 
USER	string	END	1693315916569
USER	string	START	1693315916679
REQUEST		string	1693315916678	1693315916771	OK	 
REQUEST		string Redirect 1	1693315916772	1693315916794	OK	 
USER	string	END	1693315916795
USER	string	START	1693315916883
REQUEST		string	1693315916880	1693315916933	OK	 
REQUEST		string Redirect 1	1693315916933	1693315916949	OK	 
USER	string	END	1693315916950
USER	string	START	1693315917079
REQUEST		string	1693315917079	1693315917164	OK	 
REQUEST		string Redirect 1	1693315917164	1693315917182	OK	 
USER	string	END	1693315917183
USER	string	START	1693315917282
REQUEST		string	1693315917282	1693315917329	OK	 
REQUEST		string Redirect 1	1693315917329	1693315917350	OK	 
USER	string	END	1693315917352
USER	string	START	1693315917473
REQUEST		string	1693315917471	1693315917560	OK	 
REQUEST		string Redirect 1	1693315917561	1693315917585	OK	 
USER	string	END	1693315917586
USER	string	START	1693315917671
REQUEST		string	1693315917670	1693315917715	OK	 
REQUEST		string Redirect 1	1693315917715	1693315917738	OK	 
USER	string	END	1693315917740
USER	string	START	1693315917877
REQUEST		string	1693315917875	1693315917933	OK	 
REQUEST		string Redirect 1	1693315917934	1693315917956	OK	 
USER	string	END	1693315917957
USER	string	START	1693315918078
REQUEST		string	1693315918077	1693315918180	OK	 
REQUEST		string Redirect 1	1693315918181	1693315918201	OK	 
USER	string	END	1693315918202
USER	string	START	1693315918281
REQUEST		string	1693315918279	1693315918365	OK	 
REQUEST		string Redirect 1	1693315918366	1693315918381	OK	 
USER	string	END	1693315918382
USER	string	START	1693315918484
REQUEST		string	1693315918482	1693315918543	OK	 
REQUEST		string Redirect 1	1693315918545	1693315918561	OK	 
USER	string	END	1693315918563
USER	string	START	1693315918671
REQUEST		string	1693315918669	1693315918747	OK	 
REQUEST		string Redirect 1	1693315918749	1693315918770	OK	 
USER	string	END	1693315918772
USER	string	START	1693315918871
REQUEST		string	1693315918871	1693315918941	OK	 
REQUEST		string Redirect 1	1693315918942	1693315918965	OK	 
USER	string	END	1693315918966
USER	string	START	1693315919074
REQUEST		string	1693315919073	1693315919124	OK	 
REQUEST		string Redirect 1	1693315919124	1693315919139	OK	 
USER	string	END	1693315919140
USER	string	START	1693315919276
REQUEST		string	1693315919276	1693315919406	OK	 
REQUEST		string Redirect 1	1693315919406	1693315919435	OK	 
USER	string	END	1693315919436
USER	string	START	1693315919478
REQUEST		string	1693315919478	1693315919533	OK	 
REQUEST		string Redirect 1	1693315919534	1693315919553	OK	 
USER	string	END	1693315919554
USER	string	START	1693315919730
REQUEST		string	1693315919728	1693315919796	OK	 
REQUEST		string Redirect 1	1693315919796	1693315919820	OK	 
USER	string	END	1693315919821
USER	string	START	1693315919914
REQUEST		string	1693315919913	1693315919976	OK	 
REQUEST		string Redirect 1	1693315919976	1693315919994	OK	 
USER	string	END	1693315919995
USER	string	START	1693315920054
REQUEST		string	1693315920053	1693315920107	OK	 
REQUEST		string Redirect 1	1693315920108	1693315920123	OK	 
USER	string	END	1693315920124
USER	string	START	1693315920196
REQUEST		string	1693315920194	1693315920261	OK	 
REQUEST		string Redirect 1	1693315920261	1693315920287	OK	 
USER	string	END	1693315920288
USER	string	START	1693315920302
REQUEST		string	1693315920301	1693315920389	OK	 
REQUEST		string Redirect 1	1693315920390	1693315920408	OK	 
USER	string	END	1693315920413
USER	string	START	1693315920427
REQUEST		string	1693315920425	1693315920492	OK	 
REQUEST		string Redirect 1	1693315920492	1693315920519	OK	 
USER	string	END	1693315920519
USER	string	START	1693315920535
REQUEST		string	1693315920535	1693315920597	OK	 
REQUEST		string Redirect 1	1693315920598	1693315920616	OK	 
USER	string	END	1693315920617
USER	string	START	1693315920644
REQUEST		string	1693315920643	1693315920709	OK	 
REQUEST		string Redirect 1	1693315920710	1693315920727	OK	 
USER	string	END	1693315920730
USER	string	START	1693315920769
USER	string	START	1693315920894
REQUEST		string	1693315920768	1693315920896	OK	 
REQUEST		string Redirect 1	1693315920898	1693315920924	OK	 
USER	string	END	1693315920925
REQUEST		string	1693315920893	1693315920946	OK	 
REQUEST		string Redirect 1	1693315920947	1693315920959	OK	 
USER	string	END	1693315920960
USER	string	START	1693315921032
REQUEST		string	1693315921031	1693315921087	OK	 
REQUEST		string Redirect 1	1693315921087	1693315921116	OK	 
USER	string	END	1693315921117
USER	string	START	1693315921219
REQUEST		string	1693315921218	1693315921286	OK	 
REQUEST		string Redirect 1	1693315921287	1693315921309	OK	 
USER	string	END	1693315921310
