RUN	com.machinestalk.geenerateclass.MachinesTalk	machinestalk	1693747060184	 	3.9.5
USER	Set1With GEneration	START	1693747060499
USER	Set1With GEneration	START	1693747060499
USER	Set1With GEneration	START	1693747060500
USER	Set1With GEneration	START	1693747060500
USER	Set1With GEneration	START	1693747060500
USER	Set1With GEneration	START	1693747060500
USER	Set1With GEneration	START	1693747060500
USER	Set1With GEneration	START	1693747060500
USER	Set1With GEneration	START	1693747060500
USER	Set1With GEneration	START	1693747060500
USER	Set1With GEneration	START	1693747060500
USER	Set1With GEneration	START	1693747060501
USER	Set1With GEneration	START	1693747060501
USER	Set1With GEneration	START	1693747060501
USER	Set1With GEneration	START	1693747060501
USER	Set1With GEneration	START	1693747060501
USER	Set1With GEneration	START	1693747060501
USER	Set1With GEneration	START	1693747060501
USER	Set1With GEneration	START	1693747060501
USER	Set1With GEneration	START	1693747060501
REQUEST		20	1693747060499	1693747060799	OK	 
REQUEST		20	1693747060499	1693747060820	OK	 
REQUEST		20	1693747060499	1693747060819	OK	 
REQUEST		20	1693747060499	1693747060819	OK	 
REQUEST		20	1693747060499	1693747060840	OK	 
REQUEST		20	1693747060499	1693747060840	OK	 
REQUEST		20	1693747060499	1693747060842	OK	 
REQUEST		20	1693747060499	1693747060842	OK	 
REQUEST		20	1693747060500	1693747060861	OK	 
REQUEST		20	1693747060500	1693747060861	OK	 
REQUEST		20	1693747060501	1693747060861	OK	 
REQUEST		20	1693747060500	1693747060862	OK	 
REQUEST		20	1693747060500	1693747060862	OK	 
REQUEST		20	1693747060499	1693747060885	OK	 
REQUEST		20	1693747060501	1693747060885	OK	 
REQUEST		20	1693747060500	1693747060885	OK	 
REQUEST		20	1693747060501	1693747060885	OK	 
REQUEST		20	1693747060500	1693747060906	OK	 
REQUEST		20	1693747060499	1693747060906	OK	 
REQUEST		20	1693747060500	1693747060906	OK	 
REQUEST		20 Redirect 1	1693747060907	1693747062439	OK	 
USER	Set1With GEneration	END	1693747062439
REQUEST		20 Redirect 1	1693747060820	1693747062450	OK	 
USER	Set1With GEneration	END	1693747062450
REQUEST		20 Redirect 1	1693747060861	1693747062533	OK	 
USER	Set1With GEneration	END	1693747062534
REQUEST		20 Redirect 1	1693747060907	1693747062738	OK	 
USER	Set1With GEneration	END	1693747062739
REQUEST		20 Redirect 1	1693747060907	1693747062911	OK	 
USER	Set1With GEneration	END	1693747062912
REQUEST		20 Redirect 1	1693747060861	1693747062990	OK	 
USER	Set1With GEneration	END	1693747062990
REQUEST		20 Redirect 1	1693747060886	1693747063061	OK	 
USER	Set1With GEneration	END	1693747063061
REQUEST		20 Redirect 1	1693747060820	1693747063314	OK	 
USER	Set1With GEneration	END	1693747063315
REQUEST		20 Redirect 1	1693747060820	1693747063493	OK	 
USER	Set1With GEneration	END	1693747063494
REQUEST		20 Redirect 1	1693747060862	1693747063569	OK	 
USER	Set1With GEneration	END	1693747063569
REQUEST		20 Redirect 1	1693747060862	1693747063847	OK	 
REQUEST		20 Redirect 1	1693747060799	1693747063847	OK	 
USER	Set1With GEneration	END	1693747063848
USER	Set1With GEneration	END	1693747063848
REQUEST		20 Redirect 1	1693747060842	1693747064022	OK	 
USER	Set1With GEneration	END	1693747064022
REQUEST		20 Redirect 1	1693747060886	1693747064063	OK	 
USER	Set1With GEneration	END	1693747064064
REQUEST		20 Redirect 1	1693747060842	1693747064070	OK	 
USER	Set1With GEneration	END	1693747064070
REQUEST		20 Redirect 1	1693747060886	1693747064133	OK	 
USER	Set1With GEneration	END	1693747064133
REQUEST		20 Redirect 1	1693747060841	1693747064165	OK	 
USER	Set1With GEneration	END	1693747064166
REQUEST		20 Redirect 1	1693747060886	1693747064370	OK	 
USER	Set1With GEneration	END	1693747064371
REQUEST		20 Redirect 1	1693747060841	1693747064600	OK	 
USER	Set1With GEneration	END	1693747064600
REQUEST		20 Redirect 1	1693747060861	1693747064641	OK	 
USER	Set1With GEneration	END	1693747064642
