RUN	com.machinestalk.geenerateclass.MachinesTalk	machinestalk	1693472625597	 	3.9.5
USER	string	START	1693472626872
USER	string	START	1693472626953
USER	string	START	1693472627056
USER	string	START	1693472627152
USER	string	START	1693472627257
USER	string	START	1693472627352
REQUEST		string	1693472626870	1693472627398	OK	 
REQUEST		string	1693472626951	1693472627398	OK	 
USER	string	START	1693472627450
REQUEST		string Redirect 1	1693472627414	1693472627506	OK	 
USER	string	END	1693472627512
REQUEST		string Redirect 1	1693472627414	1693472627532	OK	 
USER	string	END	1693472627534
USER	string	START	1693472627555
REQUEST		string	1693472627151	1693472627588	OK	 
USER	string	START	1693472627651
REQUEST		string	1693472627351	1693472627668	OK	 
REQUEST		string	1693472627255	1693472627668	OK	 
REQUEST		string	1693472627055	1693472627668	OK	 
REQUEST		string Redirect 1	1693472627589	1693472627676	OK	 
REQUEST		string	1693472627449	1693472627676	OK	 
USER	string	END	1693472627677
USER	string	START	1693472627755
REQUEST		string Redirect 1	1693472627669	1693472627849	OK	 
USER	string	END	1693472627851
USER	string	START	1693472627852
REQUEST		string Redirect 1	1693472627669	1693472627901	OK	 
REQUEST		string Redirect 1	1693472627669	1693472627901	OK	 
REQUEST		string Redirect 1	1693472627676	1693472627901	OK	 
REQUEST		string	1693472627554	1693472627901	OK	 
USER	string	END	1693472627902
USER	string	END	1693472627902
USER	string	END	1693472627902
USER	string	START	1693472627952
USER	string	START	1693472628058
REQUEST		string Redirect 1	1693472627902	1693472628069	OK	 
USER	string	END	1693472628073
REQUEST		string	1693472627650	1693472628118	OK	 
USER	string	START	1693472628154
REQUEST		string Redirect 1	1693472628120	1693472628199	OK	 
REQUEST		string	1693472627754	1693472628199	OK	 
REQUEST		string	1693472627852	1693472628199	OK	 
USER	string	END	1693472628200
REQUEST		string	1693472628056	1693472628253	OK	 
REQUEST		string Redirect 1	1693472628200	1693472628255	OK	 
REQUEST		string Redirect 1	1693472628200	1693472628255	OK	 
REQUEST		string	1693472627951	1693472628255	OK	 
USER	string	START	1693472628256
USER	string	END	1693472628257
USER	string	END	1693472628257
REQUEST		string Redirect 1	1693472628255	1693472628325	OK	 
REQUEST		string Redirect 1	1693472628256	1693472628325	OK	 
USER	string	END	1693472628328
USER	string	END	1693472628328
USER	string	START	1693472628356
REQUEST		string	1693472628152	1693472628384	OK	 
REQUEST		string Redirect 1	1693472628384	1693472628438	OK	 
REQUEST		string	1693472628255	1693472628438	OK	 
USER	string	END	1693472628439
USER	string	START	1693472628457
REQUEST		string	1693472628354	1693472628483	OK	 
USER	string	START	1693472628553
REQUEST		string Redirect 1	1693472628438	1693472628575	OK	 
USER	string	END	1693472628577
REQUEST		string Redirect 1	1693472628484	1693472628615	OK	 
USER	string	END	1693472628616
USER	string	START	1693472628657
REQUEST		string	1693472628553	1693472628671	OK	 
REQUEST		string	1693472628456	1693472628672	OK	 
USER	string	START	1693472628758
USER	string	START	1693472628852
REQUEST		string Redirect 1	1693472628672	1693472628868	OK	 
REQUEST		string Redirect 1	1693472628672	1693472628868	OK	 
USER	string	END	1693472628869
USER	string	END	1693472628869
REQUEST		string	1693472628657	1693472628938	OK	 
USER	string	START	1693472628949
REQUEST		string Redirect 1	1693472628939	1693472628999	OK	 
REQUEST		string	1693472628756	1693472628999	OK	 
USER	string	END	1693472629001
REQUEST		string Redirect 1	1693472629001	1693472629026	OK	 
USER	string	END	1693472629027
REQUEST		string	1693472628851	1693472629047	OK	 
USER	string	START	1693472629049
REQUEST		string	1693472628949	1693472629049	OK	 
REQUEST		string Redirect 1	1693472629049	1693472629064	OK	 
USER	string	END	1693472629065
REQUEST		string Redirect 1	1693472629049	1693472629066	OK	 
USER	string	END	1693472629066
REQUEST		string	1693472629047	1693472629085	OK	 
REQUEST		string Redirect 1	1693472629086	1693472629106	OK	 
USER	string	END	1693472629107
USER	string	START	1693472629151
REQUEST		string	1693472629150	1693472629216	OK	 
USER	string	START	1693472629249
REQUEST		string Redirect 1	1693472629217	1693472629270	OK	 
USER	string	END	1693472629272
USER	string	START	1693472629354
REQUEST		string	1693472629248	1693472629421	OK	 
REQUEST		string	1693472629353	1693472629449	OK	 
USER	string	START	1693472629451
REQUEST		string Redirect 1	1693472629422	1693472629456	OK	 
USER	string	END	1693472629457
REQUEST		string Redirect 1	1693472629450	1693472629541	OK	 
USER	string	END	1693472629542
USER	string	START	1693472629547
REQUEST		string	1693472629450	1693472629625	OK	 
REQUEST		string	1693472629546	1693472629637	OK	 
USER	string	START	1693472629650
REQUEST		string Redirect 1	1693472629625	1693472629651	OK	 
USER	string	END	1693472629652
REQUEST		string Redirect 1	1693472629637	1693472629664	OK	 
USER	string	END	1693472629665
USER	string	START	1693472629747
REQUEST		string	1693472629650	1693472629783	OK	 
REQUEST		string Redirect 1	1693472629783	1693472629810	OK	 
USER	string	END	1693472629811
USER	string	START	1693472629851
REQUEST		string	1693472629747	1693472629879	OK	 
USER	string	START	1693472629949
REQUEST		string Redirect 1	1693472629879	1693472629952	OK	 
USER	string	END	1693472629952
REQUEST		string	1693472629851	1693472629980	OK	 
REQUEST		string Redirect 1	1693472629981	1693472630018	OK	 
USER	string	END	1693472630019
USER	string	START	1693472630046
REQUEST		string	1693472629948	1693472630065	OK	 
USER	string	START	1693472630150
REQUEST		string Redirect 1	1693472630065	1693472630160	OK	 
USER	string	END	1693472630161
USER	string	START	1693472630248
REQUEST		string	1693472630046	1693472630326	OK	 
USER	string	START	1693472630351
REQUEST		string Redirect 1	1693472630327	1693472630365	OK	 
REQUEST		string	1693472630150	1693472630365	OK	 
USER	string	END	1693472630366
REQUEST		string Redirect 1	1693472630365	1693472630419	OK	 
REQUEST		string	1693472630247	1693472630419	OK	 
USER	string	END	1693472630420
USER	string	START	1693472630450
REQUEST		string Redirect 1	1693472630420	1693472630522	OK	 
USER	string	END	1693472630523
USER	string	START	1693472630553
REQUEST		string	1693472630351	1693472630623	OK	 
REQUEST		string Redirect 1	1693472630624	1693472630654	OK	 
REQUEST		string	1693472630449	1693472630654	OK	 
USER	string	START	1693472630655
USER	string	END	1693472630655
REQUEST		string Redirect 1	1693472630654	1693472630695	OK	 
USER	string	END	1693472630695
REQUEST		string	1693472630552	1693472630719	OK	 
USER	string	START	1693472630750
REQUEST		string Redirect 1	1693472630719	1693472630779	OK	 
REQUEST		string	1693472630654	1693472630779	OK	 
USER	string	END	1693472630782
USER	string	START	1693472630863
REQUEST		string Redirect 1	1693472630781	1693472630865	OK	 
USER	string	END	1693472630866
USER	string	START	1693472630952
USER	string	START	1693472631062
REQUEST		string	1693472630749	1693472631073	OK	 
REQUEST		string	1693472630863	1693472631124	OK	 
USER	string	START	1693472631155
REQUEST		string	1693472630951	1693472631171	OK	 
REQUEST		string Redirect 1	1693472631125	1693472631171	OK	 
REQUEST		string Redirect 1	1693472631074	1693472631172	OK	 
USER	string	END	1693472631174
USER	string	END	1693472631174
REQUEST		string Redirect 1	1693472631172	1693472631211	OK	 
REQUEST		string	1693472631061	1693472631211	OK	 
USER	string	END	1693472631213
USER	string	START	1693472631252
REQUEST		string Redirect 1	1693472631213	1693472631305	OK	 
USER	string	END	1693472631306
USER	string	START	1693472631360
REQUEST		string	1693472631155	1693472631364	OK	 
REQUEST		string Redirect 1	1693472631365	1693472631435	OK	 
USER	string	END	1693472631436
USER	string	START	1693472631453
REQUEST		string	1693472631251	1693472631500	OK	 
USER	string	START	1693472631562
REQUEST		string Redirect 1	1693472631500	1693472631567	OK	 
REQUEST		string	1693472631359	1693472631567	OK	 
USER	string	END	1693472631569
REQUEST		string Redirect 1	1693472631568	1693472631641	OK	 
REQUEST		string	1693472631452	1693472631641	OK	 
USER	string	END	1693472631641
USER	string	START	1693472631656
REQUEST		string Redirect 1	1693472631641	1693472631710	OK	 
USER	string	END	1693472631711
USER	string	START	1693472631751
REQUEST		string	1693472631562	1693472631761	OK	 
REQUEST		string	1693472631656	1693472631786	OK	 
REQUEST		string Redirect 1	1693472631762	1693472631800	OK	 
USER	string	END	1693472631802
REQUEST		string Redirect 1	1693472631788	1693472631823	OK	 
USER	string	END	1693472631825
REQUEST		string	1693472631750	1693472631849	OK	 
REQUEST		string Redirect 1	1693472631850	1693472631878	OK	 
USER	string	END	1693472631880
