RUN	com.machinestalk.geenerateclass.MachinesTalk	machinestalk	1693473267351	 	3.9.5
USER	string	START	1693473267906
USER	string	START	1693473267986
REQUEST		string	1693473267905	1693473268008	OK	 
REQUEST		string	1693473267985	1693473268075	OK	 
USER	string	START	1693473268086
REQUEST		string Redirect 1	1693473268076	1693473268101	OK	 
REQUEST		string Redirect 1	1693473268031	1693473268099	OK	 
USER	string	END	1693473268107
USER	string	END	1693473268107
REQUEST		string	1693473268086	1693473268134	OK	 
REQUEST		string Redirect 1	1693473268135	1693473268161	OK	 
USER	string	END	1693473268163
USER	string	START	1693473268184
REQUEST		string	1693473268184	1693473268262	OK	 
REQUEST		string Redirect 1	1693473268263	1693473268281	OK	 
USER	string	END	1693473268283
USER	string	START	1693473268289
USER	string	START	1693473268389
REQUEST		string	1693473268288	1693473268396	OK	 
REQUEST		string Redirect 1	1693473268398	1693473268410	OK	 
USER	string	END	1693473268412
REQUEST		string	1693473268387	1693473268463	OK	 
REQUEST		string Redirect 1	1693473268465	1693473268484	OK	 
USER	string	END	1693473268484
USER	string	START	1693473268492
REQUEST		string	1693473268490	1693473268563	OK	 
USER	string	START	1693473268590
REQUEST		string Redirect 1	1693473268564	1693473268608	OK	 
USER	string	END	1693473268611
REQUEST		string	1693473268588	1693473268679	OK	 
USER	string	START	1693473268693
REQUEST		string Redirect 1	1693473268680	1693473268700	OK	 
USER	string	END	1693473268703
USER	string	START	1693473268791
REQUEST		string	1693473268691	1693473268849	OK	 
REQUEST		string	1693473268790	1693473268868	OK	 
USER	string	START	1693473268886
REQUEST		string Redirect 1	1693473268850	1693473268924	OK	 
USER	string	END	1693473268926
REQUEST		string Redirect 1	1693473268870	1693473268931	OK	 
USER	string	END	1693473268932
REQUEST		string	1693473268886	1693473268983	OK	 
USER	string	START	1693473268994
REQUEST		string Redirect 1	1693473268984	1693473269006	OK	 
USER	string	END	1693473269008
REQUEST		string	1693473268992	1693473269083	OK	 
USER	string	START	1693473269088
REQUEST		string Redirect 1	1693473269085	1693473269165	OK	 
USER	string	END	1693473269166
USER	string	START	1693473269192
REQUEST		string	1693473269087	1693473269202	OK	 
REQUEST		string Redirect 1	1693473269203	1693473269234	OK	 
USER	string	END	1693473269237
USER	string	START	1693473269290
REQUEST		string	1693473269191	1693473269342	OK	 
USER	string	START	1693473269388
REQUEST		string Redirect 1	1693473269343	1693473269435	OK	 
USER	string	END	1693473269437
REQUEST		string	1693473269289	1693473269464	OK	 
REQUEST		string Redirect 1	1693473269466	1693473269484	OK	 
USER	string	END	1693473269485
USER	string	START	1693473269489
REQUEST		string	1693473269386	1693473269490	OK	 
REQUEST		string Redirect 1	1693473269490	1693473269524	OK	 
USER	string	END	1693473269525
USER	string	START	1693473269586
REQUEST		string	1693473269489	1693473269590	OK	 
REQUEST		string Redirect 1	1693473269590	1693473269610	OK	 
USER	string	END	1693473269611
REQUEST		string	1693473269586	1693473269649	OK	 
REQUEST		string Redirect 1	1693473269650	1693473269666	OK	 
USER	string	END	1693473269668
USER	string	START	1693473269696
USER	string	START	1693473269791
REQUEST		string	1693473269695	1693473269833	OK	 
REQUEST		string Redirect 1	1693473269834	1693473269872	OK	 
USER	string	END	1693473269873
REQUEST		string	1693473269790	1693473269882	OK	 
USER	string	START	1693473269892
REQUEST		string Redirect 1	1693473269882	1693473269896	OK	 
USER	string	END	1693473269897
USER	string	START	1693473269986
REQUEST		string	1693473269891	1693473270002	OK	 
REQUEST		string Redirect 1	1693473270003	1693473270029	OK	 
USER	string	END	1693473270031
REQUEST		string	1693473269985	1693473270048	OK	 
REQUEST		string Redirect 1	1693473270050	1693473270069	OK	 
USER	string	END	1693473270070
USER	string	START	1693473270087
REQUEST		string	1693473270086	1693473270172	OK	 
USER	string	START	1693473270185
REQUEST		string Redirect 1	1693473270174	1693473270211	OK	 
USER	string	END	1693473270213
USER	string	START	1693473270290
REQUEST		string	1693473270185	1693473270309	OK	 
REQUEST		string Redirect 1	1693473270310	1693473270332	OK	 
USER	string	END	1693473270335
USER	string	START	1693473270388
REQUEST		string	1693473270289	1693473270402	OK	 
REQUEST		string Redirect 1	1693473270403	1693473270469	OK	 
USER	string	END	1693473270472
USER	string	START	1693473270484
REQUEST		string	1693473270387	1693473270489	OK	 
REQUEST		string Redirect 1	1693473270490	1693473270514	OK	 
USER	string	END	1693473270517
REQUEST		string	1693473270483	1693473270555	OK	 
REQUEST		string Redirect 1	1693473270556	1693473270587	OK	 
USER	string	START	1693473270589
USER	string	END	1693473270589
USER	string	START	1693473270686
REQUEST		string	1693473270588	1693473270722	OK	 
REQUEST		string Redirect 1	1693473270724	1693473270755	OK	 
USER	string	END	1693473270757
REQUEST		string	1693473270685	1693473270786	OK	 
USER	string	START	1693473270789
REQUEST		string Redirect 1	1693473270787	1693473270868	OK	 
USER	string	END	1693473270868
USER	string	START	1693473270887
USER	string	START	1693473270984
REQUEST		string	1693473270788	1693473270993	OK	 
REQUEST		string Redirect 1	1693473270994	1693473271015	OK	 
USER	string	END	1693473271015
REQUEST		string	1693473270886	1693473271034	OK	 
REQUEST		string	1693473270983	1693473271049	OK	 
REQUEST		string Redirect 1	1693473271035	1693473271077	OK	 
USER	string	END	1693473271081
REQUEST		string Redirect 1	1693473271050	1693473271081	OK	 
USER	string	END	1693473271082
USER	string	START	1693473271088
USER	string	START	1693473271186
REQUEST		string	1693473271088	1693473271216	OK	 
REQUEST		string Redirect 1	1693473271217	1693473271234	OK	 
USER	string	END	1693473271235
USER	string	START	1693473271290
REQUEST		string	1693473271185	1693473271295	OK	 
REQUEST		string Redirect 1	1693473271296	1693473271323	OK	 
USER	string	END	1693473271324
REQUEST		string	1693473271289	1693473271360	OK	 
USER	string	START	1693473271387
REQUEST		string Redirect 1	1693473271361	1693473271387	OK	 
USER	string	END	1693473271388
USER	string	START	1693473271490
REQUEST		string	1693473271386	1693473271505	OK	 
REQUEST		string Redirect 1	1693473271506	1693473271542	OK	 
USER	string	END	1693473271544
REQUEST		string	1693473271490	1693473271577	OK	 
USER	string	START	1693473271586
REQUEST		string Redirect 1	1693473271578	1693473271599	OK	 
USER	string	END	1693473271600
REQUEST		string	1693473271586	1693473271637	OK	 
REQUEST		string Redirect 1	1693473271637	1693473271648	OK	 
USER	string	END	1693473271649
USER	string	START	1693473271685
REQUEST		string	1693473271685	1693473271758	OK	 
REQUEST		string Redirect 1	1693473271759	1693473271773	OK	 
USER	string	END	1693473271776
USER	string	START	1693473271790
USER	string	START	1693473271895
REQUEST		string	1693473271789	1693473271896	OK	 
REQUEST		string Redirect 1	1693473271897	1693473271915	OK	 
USER	string	END	1693473271917
REQUEST		string	1693473271894	1693473271969	OK	 
USER	string	START	1693473271985
REQUEST		string Redirect 1	1693473271970	1693473271998	OK	 
USER	string	END	1693473271999
REQUEST		string	1693473271985	1693473272084	OK	 
USER	string	START	1693473272088
REQUEST		string Redirect 1	1693473272086	1693473272105	OK	 
USER	string	END	1693473272106
REQUEST		string	1693473272087	1693473272159	OK	 
USER	string	START	1693473272185
REQUEST		string Redirect 1	1693473272160	1693473272192	OK	 
USER	string	END	1693473272193
REQUEST		string	1693473272185	1693473272247	OK	 
REQUEST		string Redirect 1	1693473272249	1693473272264	OK	 
USER	string	END	1693473272267
USER	string	START	1693473272289
REQUEST		string	1693473272289	1693473272357	OK	 
REQUEST		string Redirect 1	1693473272357	1693473272371	OK	 
USER	string	END	1693473272371
USER	string	START	1693473272387
REQUEST		string	1693473272386	1693473272485	OK	 
USER	string	START	1693473272490
REQUEST		string Redirect 1	1693473272486	1693473272512	OK	 
USER	string	END	1693473272515
REQUEST		string	1693473272489	1693473272551	OK	 
REQUEST		string Redirect 1	1693473272552	1693473272569	OK	 
USER	string	END	1693473272570
USER	string	START	1693473272588
REQUEST		string	1693473272588	1693473272677	OK	 
USER	string	START	1693473272686
REQUEST		string Redirect 1	1693473272678	1693473272694	OK	 
USER	string	END	1693473272696
REQUEST		string	1693473272685	1693473272748	OK	 
REQUEST		string Redirect 1	1693473272749	1693473272781	OK	 
USER	string	END	1693473272783
USER	string	START	1693473272788
REQUEST		string	1693473272788	1693473272927	OK	 
REQUEST		string Redirect 1	1693473272928	1693473272942	OK	 
USER	string	END	1693473272943
