RUN	com.machinestalk.geenerateclass.MachinesTalk	machinestalk	1693470937584	 	3.9.5
USER	string	START	1693470938390
USER	string	START	1693470938469
REQUEST		string	1693470938388	1693470938453	OK	 
REQUEST		string Redirect 1	1693470938472	1693470938498	OK	 
USER	string	END	1693470938506
REQUEST		string	1693470938468	1693470938517	OK	 
REQUEST		string Redirect 1	1693470938517	1693470938532	OK	 
USER	string	END	1693470938533
USER	string	START	1693470938577
REQUEST		string	1693470938577	1693470938628	OK	 
REQUEST		string Redirect 1	1693470938628	1693470938647	OK	 
USER	string	END	1693470938648
USER	string	START	1693470938670
REQUEST		string	1693470938670	1693470938717	OK	 
REQUEST		string Redirect 1	1693470938717	1693470938739	OK	 
USER	string	END	1693470938740
USER	string	START	1693470938778
USER	string	START	1693470938873
REQUEST		string	1693470938778	1693470938887	OK	 
REQUEST		string Redirect 1	1693470938887	1693470938915	OK	 
USER	string	END	1693470938916
USER	string	START	1693470938969
REQUEST		string	1693470938872	1693470938991	OK	 
REQUEST		string Redirect 1	1693470938991	1693470939019	OK	 
REQUEST		string	1693470938966	1693470939019	OK	 
USER	string	END	1693470939019
REQUEST		string Redirect 1	1693470939019	1693470939033	OK	 
USER	string	END	1693470939034
USER	string	START	1693470939075
REQUEST		string	1693470939074	1693470939140	OK	 
REQUEST		string Redirect 1	1693470939142	1693470939164	OK	 
USER	string	END	1693470939166
USER	string	START	1693470939169
REQUEST		string	1693470939168	1693470939204	OK	 
REQUEST		string Redirect 1	1693470939204	1693470939218	OK	 
USER	string	END	1693470939219
USER	string	START	1693470939277
REQUEST		string	1693470939276	1693470939331	OK	 
REQUEST		string Redirect 1	1693470939332	1693470939353	OK	 
USER	string	END	1693470939353
USER	string	START	1693470939371
REQUEST		string	1693470939371	1693470939415	OK	 
REQUEST		string Redirect 1	1693470939415	1693470939425	OK	 
USER	string	END	1693470939426
USER	string	START	1693470939467
REQUEST		string	1693470939465	1693470939513	OK	 
REQUEST		string Redirect 1	1693470939514	1693470939528	OK	 
USER	string	END	1693470939529
USER	string	START	1693470939575
REQUEST		string	1693470939574	1693470939622	OK	 
REQUEST		string Redirect 1	1693470939624	1693470939637	OK	 
USER	string	END	1693470939639
USER	string	START	1693470939669
REQUEST		string	1693470939667	1693470939721	OK	 
REQUEST		string Redirect 1	1693470939722	1693470939736	OK	 
USER	string	END	1693470939737
USER	string	START	1693470939776
REQUEST		string	1693470939775	1693470939820	OK	 
REQUEST		string Redirect 1	1693470939821	1693470939837	OK	 
USER	string	END	1693470939838
USER	string	START	1693470939868
REQUEST		string	1693470939867	1693470939911	OK	 
REQUEST		string Redirect 1	1693470939912	1693470939928	OK	 
USER	string	END	1693470939929
USER	string	START	1693470939977
REQUEST		string	1693470939976	1693470940024	OK	 
REQUEST		string Redirect 1	1693470940025	1693470940040	OK	 
USER	string	END	1693470940041
USER	string	START	1693470940071
REQUEST		string	1693470940069	1693470940117	OK	 
REQUEST		string Redirect 1	1693470940117	1693470940130	OK	 
USER	string	END	1693470940131
USER	string	START	1693470940179
REQUEST		string	1693470940179	1693470940240	OK	 
REQUEST		string Redirect 1	1693470940240	1693470940255	OK	 
USER	string	END	1693470940255
USER	string	START	1693470940273
REQUEST		string	1693470940273	1693470940327	OK	 
REQUEST		string Redirect 1	1693470940328	1693470940342	OK	 
USER	string	END	1693470940344
USER	string	START	1693470940367
REQUEST		string	1693470940366	1693470940458	OK	 
REQUEST		string Redirect 1	1693470940458	1693470940469	OK	 
USER	string	END	1693470940469
USER	string	START	1693470940474
REQUEST		string	1693470940474	1693470940569	OK	 
USER	string	START	1693470940570
REQUEST		string Redirect 1	1693470940570	1693470940588	OK	 
USER	string	END	1693470940590
REQUEST		string	1693470940569	1693470940616	OK	 
REQUEST		string Redirect 1	1693470940617	1693470940629	OK	 
USER	string	END	1693470940632
USER	string	START	1693470940678
REQUEST		string	1693470940676	1693470940731	OK	 
REQUEST		string Redirect 1	1693470940731	1693470940743	OK	 
USER	string	END	1693470940745
USER	string	START	1693470940771
REQUEST		string	1693470940769	1693470940836	OK	 
REQUEST		string Redirect 1	1693470940838	1693470940853	OK	 
USER	string	END	1693470940856
USER	string	START	1693470940864
REQUEST		string	1693470940863	1693470940902	OK	 
REQUEST		string Redirect 1	1693470940903	1693470940916	OK	 
USER	string	END	1693470940917
USER	string	START	1693470940972
REQUEST		string	1693470940971	1693470941025	OK	 
REQUEST		string Redirect 1	1693470941026	1693470941039	OK	 
USER	string	END	1693470941041
USER	string	START	1693470941065
REQUEST		string	1693470941064	1693470941147	OK	 
USER	string	START	1693470941172
REQUEST		string Redirect 1	1693470941148	1693470941188	OK	 
USER	string	END	1693470941189
REQUEST		string	1693470941171	1693470941236	OK	 
REQUEST		string Redirect 1	1693470941237	1693470941249	OK	 
USER	string	END	1693470941250
USER	string	START	1693470941266
REQUEST		string	1693470941265	1693470941321	OK	 
REQUEST		string Redirect 1	1693470941322	1693470941337	OK	 
USER	string	END	1693470941339
USER	string	START	1693470941375
REQUEST		string	1693470941375	1693470941423	OK	 
REQUEST		string Redirect 1	1693470941424	1693470941436	OK	 
USER	string	END	1693470941437
USER	string	START	1693470941468
REQUEST		string	1693470941468	1693470941503	OK	 
REQUEST		string Redirect 1	1693470941504	1693470941518	OK	 
USER	string	END	1693470941520
USER	string	START	1693470941563
REQUEST		string	1693470941562	1693470941621	OK	 
REQUEST		string Redirect 1	1693470941622	1693470941638	OK	 
USER	string	END	1693470941640
USER	string	START	1693470941672
REQUEST		string	1693470941671	1693470941716	OK	 
REQUEST		string Redirect 1	1693470941717	1693470941728	OK	 
USER	string	END	1693470941729
USER	string	START	1693470941765
REQUEST		string	1693470941764	1693470941810	OK	 
REQUEST		string Redirect 1	1693470941810	1693470941820	OK	 
USER	string	END	1693470941821
USER	string	START	1693470941874
REQUEST		string	1693470941873	1693470941934	OK	 
REQUEST		string Redirect 1	1693470941936	1693470941952	OK	 
USER	string	END	1693470941955
USER	string	START	1693470941967
REQUEST		string	1693470941965	1693470942014	OK	 
REQUEST		string Redirect 1	1693470942016	1693470942033	OK	 
USER	string	END	1693470942034
USER	string	START	1693470942075
REQUEST		string	1693470942074	1693470942133	OK	 
REQUEST		string Redirect 1	1693470942134	1693470942149	OK	 
USER	string	END	1693470942152
USER	string	START	1693470942169
REQUEST		string	1693470942168	1693470942218	OK	 
REQUEST		string Redirect 1	1693470942219	1693470942236	OK	 
USER	string	END	1693470942238
USER	string	START	1693470942264
REQUEST		string	1693470942263	1693470942316	OK	 
REQUEST		string Redirect 1	1693470942317	1693470942333	OK	 
USER	string	END	1693470942335
USER	string	START	1693470942390
REQUEST		string	1693470942389	1693470942434	OK	 
REQUEST		string Redirect 1	1693470942435	1693470942450	OK	 
USER	string	END	1693470942450
USER	string	START	1693470942464
REQUEST		string	1693470942464	1693470942520	OK	 
REQUEST		string Redirect 1	1693470942521	1693470942534	OK	 
USER	string	END	1693470942535
USER	string	START	1693470942574
REQUEST		string	1693470942573	1693470942606	OK	 
REQUEST		string Redirect 1	1693470942606	1693470942620	OK	 
USER	string	END	1693470942622
USER	string	START	1693470942667
REQUEST		string	1693470942666	1693470942715	OK	 
REQUEST		string Redirect 1	1693470942716	1693470942732	OK	 
USER	string	END	1693470942733
USER	string	START	1693470942774
REQUEST		string	1693470942773	1693470942815	OK	 
REQUEST		string Redirect 1	1693470942816	1693470942833	OK	 
USER	string	END	1693470942834
USER	string	START	1693470942866
REQUEST		string	1693470942866	1693470942907	OK	 
REQUEST		string Redirect 1	1693470942908	1693470942923	OK	 
USER	string	END	1693470942924
USER	string	START	1693470942975
REQUEST		string	1693470942974	1693470943019	OK	 
REQUEST		string Redirect 1	1693470943020	1693470943036	OK	 
USER	string	END	1693470943037
USER	string	START	1693470943067
REQUEST		string	1693470943067	1693470943120	OK	 
REQUEST		string Redirect 1	1693470943120	1693470943154	OK	 
USER	string	END	1693470943155
USER	string	START	1693470943177
REQUEST		string	1693470943177	1693470943248	OK	 
REQUEST		string Redirect 1	1693470943248	1693470943264	OK	 
USER	string	END	1693470943264
USER	string	START	1693470943272
REQUEST		string	1693470943272	1693470943315	OK	 
REQUEST		string Redirect 1	1693470943315	1693470943330	OK	 
USER	string	END	1693470943331
