RUN	com.machinestalk.geenerateclass.MachinesTalk	machinestalk	1693474486768	 	3.9.5
USER	string	START	1693474487420
USER	string	START	1693474487497
USER	string	START	1693474487601
REQUEST		string	1693474487419	1693474487614	OK	 
REQUEST		string	1693474487496	1693474487658	OK	 
REQUEST		string Redirect 1	1693474487627	1693474487662	OK	 
REQUEST		string	1693474487601	1693474487667	OK	 
USER	string	END	1693474487668
REQUEST		string Redirect 1	1693474487658	1693474487672	OK	 
USER	string	END	1693474487673
REQUEST		string Redirect 1	1693474487667	1693474487696	OK	 
USER	string	END	1693474487697
USER	string	START	1693474487698
REQUEST		string	1693474487698	1693474487750	OK	 
REQUEST		string Redirect 1	1693474487751	1693474487771	OK	 
USER	string	END	1693474487772
USER	string	START	1693474487803
USER	string	START	1693474487902
REQUEST		string	1693474487803	1693474487930	OK	 
REQUEST		string Redirect 1	1693474487930	1693474487992	OK	 
USER	string	END	1693474487993
USER	string	START	1693474488005
REQUEST		string	1693474487901	1693474488018	OK	 
REQUEST		string Redirect 1	1693474488019	1693474488056	OK	 
USER	string	END	1693474488057
USER	string	START	1693474488108
REQUEST		string	1693474488004	1693474488120	OK	 
REQUEST		string Redirect 1	1693474488120	1693474488144	OK	 
USER	string	END	1693474488145
REQUEST		string	1693474488107	1693474488170	OK	 
REQUEST		string Redirect 1	1693474488171	1693474488186	OK	 
USER	string	END	1693474488187
USER	string	START	1693474488198
USER	string	START	1693474488311
REQUEST		string	1693474488198	1693474488379	OK	 
REQUEST		string	1693474488310	1693474488379	OK	 
USER	string	START	1693474488404
REQUEST		string Redirect 1	1693474488379	1693474488419	OK	 
REQUEST		string Redirect 1	1693474488379	1693474488419	OK	 
USER	string	END	1693474488422
USER	string	END	1693474488422
REQUEST		string	1693474488404	1693474488462	OK	 
REQUEST		string Redirect 1	1693474488462	1693474488477	OK	 
USER	string	END	1693474488478
USER	string	START	1693474488514
REQUEST		string	1693474488513	1693474488601	OK	 
USER	string	START	1693474488608
REQUEST		string Redirect 1	1693474488601	1693474488644	OK	 
USER	string	END	1693474488645
REQUEST		string	1693474488607	1693474488698	OK	 
USER	string	START	1693474488701
REQUEST		string Redirect 1	1693474488699	1693474488742	OK	 
USER	string	END	1693474488743
REQUEST		string	1693474488700	1693474488764	OK	 
USER	string	START	1693474488810
REQUEST		string Redirect 1	1693474488765	1693474488831	OK	 
USER	string	END	1693474488832
USER	string	START	1693474488917
REQUEST		string	1693474488810	1693474488930	OK	 
REQUEST		string Redirect 1	1693474488931	1693474488948	OK	 
USER	string	END	1693474488950
REQUEST		string	1693474488916	1693474488962	OK	 
REQUEST		string Redirect 1	1693474488963	1693474489012	OK	 
USER	string	END	1693474489022
USER	string	START	1693474489051
USER	string	START	1693474489103
REQUEST		string	1693474489050	1693474489174	OK	 
REQUEST		string Redirect 1	1693474489175	1693474489193	OK	 
REQUEST		string	1693474489100	1693474489193	OK	 
USER	string	END	1693474489194
USER	string	START	1693474489210
REQUEST		string Redirect 1	1693474489194	1693474489254	OK	 
USER	string	END	1693474489255
USER	string	START	1693474489304
REQUEST		string	1693474489209	1693474489340	OK	 
REQUEST		string Redirect 1	1693474489341	1693474489358	OK	 
USER	string	END	1693474489359
REQUEST		string	1693474489303	1693474489369	OK	 
USER	string	START	1693474489413
REQUEST		string Redirect 1	1693474489370	1693474489418	OK	 
USER	string	END	1693474489419
USER	string	START	1693474489491
REQUEST		string	1693474489412	1693474489503	OK	 
REQUEST		string Redirect 1	1693474489503	1693474489517	OK	 
USER	string	END	1693474489518
REQUEST		string	1693474489490	1693474489524	OK	 
USER	string	START	1693474489587
REQUEST		string Redirect 1	1693474489524	1693474489593	OK	 
USER	string	END	1693474489595
REQUEST		string	1693474489585	1693474489641	OK	 
USER	string	START	1693474489679
REQUEST		string Redirect 1	1693474489642	1693474489711	OK	 
USER	string	END	1693474489713
REQUEST		string	1693474489678	1693474489751	OK	 
REQUEST		string Redirect 1	1693474489752	1693474489771	OK	 
USER	string	END	1693474489774
USER	string	START	1693474489774
REQUEST		string	1693474489772	1693474489834	OK	 
USER	string	START	1693474489851
REQUEST		string Redirect 1	1693474489835	1693474489851	OK	 
USER	string	END	1693474489853
REQUEST		string	1693474489850	1693474489939	OK	 
USER	string	START	1693474489945
REQUEST		string Redirect 1	1693474489940	1693474489957	OK	 
USER	string	END	1693474489959
REQUEST		string	1693474489944	1693474490015	OK	 
REQUEST		string Redirect 1	1693474490015	1693474490032	OK	 
USER	string	END	1693474490032
USER	string	START	1693474490038
REQUEST		string	1693474490037	1693474490092	OK	 
REQUEST		string Redirect 1	1693474490093	1693474490127	OK	 
USER	string	END	1693474490128
USER	string	START	1693474490131
REQUEST		string	1693474490131	1693474490213	OK	 
USER	string	START	1693474490225
REQUEST		string Redirect 1	1693474490214	1693474490246	OK	 
USER	string	END	1693474490247
REQUEST		string	1693474490225	1693474490292	OK	 
REQUEST		string Redirect 1	1693474490292	1693474490304	OK	 
USER	string	END	1693474490305
USER	string	START	1693474490320
USER	string	START	1693474490399
REQUEST		string	1693474490398	1693474490456	OK	 
REQUEST		string	1693474490319	1693474490456	OK	 
REQUEST		string Redirect 1	1693474490457	1693474490484	OK	 
REQUEST		string Redirect 1	1693474490457	1693474490484	OK	 
USER	string	END	1693474490485
USER	string	END	1693474490485
USER	string	START	1693474490491
USER	string	START	1693474490586
REQUEST		string	1693474490491	1693474490622	OK	 
REQUEST		string Redirect 1	1693474490623	1693474490636	OK	 
USER	string	END	1693474490637
REQUEST		string	1693474490585	1693474490646	OK	 
USER	string	START	1693474490679
REQUEST		string Redirect 1	1693474490646	1693474490684	OK	 
USER	string	END	1693474490685
REQUEST		string	1693474490679	1693474490736	OK	 
USER	string	START	1693474490773
USER	string	START	1693474490851
REQUEST		string Redirect 1	1693474490736	1693474490865	OK	 
USER	string	END	1693474490865
REQUEST		string	1693474490772	1693474490902	OK	 
REQUEST		string	1693474490851	1693474490916	OK	 
REQUEST		string Redirect 1	1693474490902	1693474490920	OK	 
USER	string	END	1693474490921
USER	string	START	1693474490948
REQUEST		string Redirect 1	1693474490917	1693474490978	OK	 
USER	string	END	1693474490980
USER	string	START	1693474491042
REQUEST		string	1693474490947	1693474491053	OK	 
REQUEST		string Redirect 1	1693474491054	1693474491073	OK	 
USER	string	END	1693474491075
USER	string	START	1693474491136
REQUEST		string	1693474491041	1693474491226	OK	 
USER	string	START	1693474491229
REQUEST		string Redirect 1	1693474491226	1693474491258	OK	 
REQUEST		string	1693474491135	1693474491258	OK	 
USER	string	END	1693474491259
REQUEST		string Redirect 1	1693474491258	1693474491274	OK	 
USER	string	END	1693474491275
REQUEST		string	1693474491228	1693474491293	OK	 
USER	string	START	1693474491307
REQUEST		string Redirect 1	1693474491293	1693474491310	OK	 
USER	string	END	1693474491310
USER	string	START	1693474491402
REQUEST		string	1693474491306	1693474491404	OK	 
REQUEST		string Redirect 1	1693474491405	1693474491417	OK	 
USER	string	END	1693474491418
REQUEST		string	1693474491401	1693474491457	OK	 
REQUEST		string Redirect 1	1693474491458	1693474491473	OK	 
USER	string	END	1693474491474
USER	string	START	1693474491479
USER	string	START	1693474491574
REQUEST		string	1693474491479	1693474491576	OK	 
REQUEST		string Redirect 1	1693474491577	1693474491594	OK	 
USER	string	END	1693474491596
USER	string	START	1693474491652
REQUEST		string	1693474491573	1693474491653	OK	 
REQUEST		string Redirect 1	1693474491654	1693474491669	OK	 
USER	string	END	1693474491671
REQUEST		string	1693474491651	1693474491725	OK	 
USER	string	START	1693474491731
REQUEST		string Redirect 1	1693474491726	1693474491741	OK	 
USER	string	END	1693474491743
REQUEST		string	1693474491730	1693474491802	OK	 
USER	string	START	1693474491825
REQUEST		string Redirect 1	1693474491803	1693474491860	OK	 
USER	string	END	1693474491862
USER	string	START	1693474491903
REQUEST		string	1693474491824	1693474491968	OK	 
USER	string	START	1693474491981
REQUEST		string Redirect 1	1693474491969	1693474491985	OK	 
USER	string	END	1693474491986
REQUEST		string	1693474491902	1693474491993	OK	 
REQUEST		string Redirect 1	1693474491994	1693474492008	OK	 
USER	string	END	1693474492009
REQUEST		string	1693474491980	1693474492010	OK	 
REQUEST		string Redirect 1	1693474492010	1693474492055	OK	 
USER	string	END	1693474492057
USER	string	START	1693474492075
USER	string	START	1693474492153
REQUEST		string	1693474492074	1693474492162	OK	 
REQUEST		string Redirect 1	1693474492163	1693474492176	OK	 
USER	string	END	1693474492177
REQUEST		string	1693474492152	1693474492195	OK	 
REQUEST		string Redirect 1	1693474492196	1693474492210	OK	 
USER	string	END	1693474492210
USER	string	START	1693474492231
REQUEST		string	1693474492230	1693474492293	OK	 
REQUEST		string Redirect 1	1693474492293	1693474492309	OK	 
USER	string	END	1693474492311
USER	string	START	1693474492325
USER	string	START	1693474492402
REQUEST		string	1693474492324	1693474492427	OK	 
USER	string	START	1693474492480
REQUEST		string	1693474492402	1693474492480	OK	 
REQUEST		string Redirect 1	1693474492427	1693474492483	OK	 
USER	string	END	1693474492483
REQUEST		string Redirect 1	1693474492480	1693474492497	OK	 
USER	string	END	1693474492498
REQUEST		string	1693474492480	1693474492516	OK	 
REQUEST		string Redirect 1	1693474492516	1693474492556	OK	 
USER	string	END	1693474492558
USER	string	START	1693474492575
REQUEST		string	1693474492574	1693474492621	OK	 
REQUEST		string Redirect 1	1693474492622	1693474492636	OK	 
USER	string	END	1693474492637
USER	string	START	1693474492652
REQUEST		string	1693474492652	1693474492711	OK	 
REQUEST		string Redirect 1	1693474492712	1693474492726	OK	 
USER	string	END	1693474492727
USER	string	START	1693474492730
REQUEST		string	1693474492729	1693474492798	OK	 
USER	string	START	1693474492825
REQUEST		string Redirect 1	1693474492799	1693474492835	OK	 
USER	string	END	1693474492837
USER	string	START	1693474492903
REQUEST		string	1693474492824	1693474492967	OK	 
USER	string	START	1693474492981
REQUEST		string	1693474492902	1693474492986	OK	 
REQUEST		string Redirect 1	1693474492968	1693474492987	OK	 
USER	string	END	1693474492987
REQUEST		string Redirect 1	1693474492987	1693474493002	OK	 
USER	string	END	1693474493003
REQUEST		string	1693474492980	1693474493034	OK	 
USER	string	START	1693474493076
REQUEST		string Redirect 1	1693474493035	1693474493112	OK	 
USER	string	END	1693474493114
USER	string	START	1693474493154
REQUEST		string	1693474493075	1693474493180	OK	 
REQUEST		string Redirect 1	1693474493181	1693474493198	OK	 
USER	string	END	1693474493198
REQUEST		string	1693474493153	1693474493202	OK	 
USER	string	START	1693474493231
REQUEST		string Redirect 1	1693474493203	1693474493247	OK	 
USER	string	END	1693474493249
REQUEST		string	1693474493230	1693474493300	OK	 
USER	string	START	1693474493322
REQUEST		string Redirect 1	1693474493300	1693474493322	OK	 
USER	string	END	1693474493323
USER	string	START	1693474493401
REQUEST		string	1693474493322	1693474493440	OK	 
REQUEST		string Redirect 1	1693474493441	1693474493457	OK	 
USER	string	END	1693474493458
REQUEST		string	1693474493401	1693474493466	OK	 
USER	string	START	1693474493479
REQUEST		string Redirect 1	1693474493467	1693474493543	OK	 
USER	string	END	1693474493545
USER	string	START	1693474493574
REQUEST		string	1693474493478	1693474493622	OK	 
REQUEST		string Redirect 1	1693474493623	1693474493651	OK	 
USER	string	START	1693474493652
USER	string	END	1693474493653
REQUEST		string	1693474493573	1693474493682	OK	 
REQUEST		string Redirect 1	1693474493683	1693474493698	OK	 
USER	string	END	1693474493699
REQUEST		string	1693474493651	1693474493712	OK	 
USER	string	START	1693474493730
REQUEST		string Redirect 1	1693474493713	1693474493738	OK	 
USER	string	END	1693474493740
REQUEST		string	1693474493729	1693474493790	OK	 
USER	string	START	1693474493823
REQUEST		string Redirect 1	1693474493790	1693474493834	OK	 
USER	string	END	1693474493836
REQUEST		string	1693474493822	1693474493867	OK	 
REQUEST		string Redirect 1	1693474493868	1693474493886	OK	 
USER	string	END	1693474493888
USER	string	START	1693474493900
REQUEST		string	1693474493899	1693474493961	OK	 
USER	string	START	1693474493991
REQUEST		string Redirect 1	1693474493961	1693474494021	OK	 
USER	string	END	1693474494023
REQUEST		string	1693474493991	1693474494046	OK	 
USER	string	START	1693474494070
REQUEST		string Redirect 1	1693474494047	1693474494099	OK	 
USER	string	END	1693474494100
USER	string	START	1693474494149
REQUEST		string	1693474494070	1693474494200	OK	 
USER	string	START	1693474494241
REQUEST		string Redirect 1	1693474494202	1693474494245	OK	 
USER	string	END	1693474494247
REQUEST		string	1693474494148	1693474494265	OK	 
REQUEST		string Redirect 1	1693474494266	1693474494279	OK	 
USER	string	END	1693474494281
REQUEST		string	1693474494240	1693474494291	OK	 
USER	string	START	1693474494318
REQUEST		string Redirect 1	1693474494292	1693474494339	OK	 
USER	string	END	1693474494339
REQUEST		string	1693474494317	1693474494409	OK	 
USER	string	START	1693474494412
REQUEST		string Redirect 1	1693474494410	1693474494435	OK	 
USER	string	END	1693474494437
REQUEST		string	1693474494411	1693474494462	OK	 
REQUEST		string Redirect 1	1693474494463	1693474494478	OK	 
USER	string	END	1693474494479
USER	string	START	1693474494489
USER	string	START	1693474494566
REQUEST		string	1693474494488	1693474494608	OK	 
REQUEST		string Redirect 1	1693474494610	1693474494623	OK	 
USER	string	END	1693474494625
REQUEST		string	1693474494565	1693474494626	OK	 
USER	string	START	1693474494660
REQUEST		string Redirect 1	1693474494627	1693474494713	OK	 
USER	string	END	1693474494715
USER	string	START	1693474494736
USER	string	START	1693474494813
REQUEST		string	1693474494659	1693474494865	OK	 
REQUEST		string	1693474494735	1693474494883	OK	 
REQUEST		string Redirect 1	1693474494866	1693474494889	OK	 
USER	string	END	1693474494889
REQUEST		string	1693474494812	1693474494890	OK	 
USER	string	START	1693474494905
REQUEST		string Redirect 1	1693474494884	1693474494918	OK	 
USER	string	END	1693474494918
REQUEST		string Redirect 1	1693474494890	1693474494920	OK	 
USER	string	END	1693474494920
USER	string	START	1693474494983
REQUEST		string	1693474494904	1693474495040	OK	 
REQUEST		string Redirect 1	1693474495042	1693474495057	OK	 
USER	string	END	1693474495057
REQUEST		string	1693474494982	1693474495062	OK	 
USER	string	START	1693474495075
REQUEST		string Redirect 1	1693474495062	1693474495077	OK	 
USER	string	END	1693474495078
USER	string	START	1693474495155
REQUEST		string	1693474495074	1693474495169	OK	 
REQUEST		string Redirect 1	1693474495170	1693474495185	OK	 
USER	string	END	1693474495187
REQUEST		string	1693474495154	1693474495208	OK	 
REQUEST		string Redirect 1	1693474495209	1693474495224	OK	 
USER	string	END	1693474495226
USER	string	START	1693474495232
REQUEST		string	1693474495231	1693474495313	OK	 
USER	string	START	1693474495325
REQUEST		string Redirect 1	1693474495314	1693474495381	OK	 
USER	string	END	1693474495383
USER	string	START	1693474495403
USER	string	START	1693474495480
REQUEST		string	1693474495324	1693474495481	OK	 
REQUEST		string	1693474495402	1693474495491	OK	 
REQUEST		string Redirect 1	1693474495492	1693474495538	OK	 
REQUEST		string Redirect 1	1693474495482	1693474495538	OK	 
USER	string	END	1693474495539
USER	string	END	1693474495539
REQUEST		string	1693474495479	1693474495550	OK	 
USER	string	START	1693474495558
REQUEST		string Redirect 1	1693474495550	1693474495565	OK	 
USER	string	END	1693474495565
USER	string	START	1693474495638
REQUEST		string	1693474495558	1693474495637	OK	 
REQUEST		string Redirect 1	1693474495638	1693474495650	OK	 
USER	string	END	1693474495651
REQUEST		string	1693474495637	1693474495713	OK	 
USER	string	START	1693474495715
REQUEST		string Redirect 1	1693474495714	1693474495728	OK	 
USER	string	END	1693474495730
USER	string	START	1693474495791
REQUEST		string	1693474495714	1693474495793	OK	 
REQUEST		string Redirect 1	1693474495793	1693474495811	OK	 
USER	string	END	1693474495812
USER	string	START	1693474495869
REQUEST		string	1693474495791	1693474495877	OK	 
REQUEST		string Redirect 1	1693474495878	1693474495890	OK	 
USER	string	END	1693474495891
REQUEST		string	1693474495869	1693474495912	OK	 
USER	string	START	1693474495933
REQUEST		string Redirect 1	1693474495913	1693474495934	OK	 
USER	string	END	1693474495934
REQUEST		string	1693474495933	1693474495976	OK	 
REQUEST		string Redirect 1	1693474495976	1693474495990	OK	 
USER	string	END	1693474495990
USER	string	START	1693474496011
USER	string	START	1693474496089
REQUEST		string	1693474496011	1693474496112	OK	 
REQUEST		string Redirect 1	1693474496112	1693474496142	OK	 
USER	string	END	1693474496144
REQUEST		string	1693474496088	1693474496157	OK	 
USER	string	START	1693474496165
REQUEST		string Redirect 1	1693474496157	1693474496171	OK	 
USER	string	END	1693474496171
USER	string	START	1693474496244
REQUEST		string	1693474496165	1693474496285	OK	 
REQUEST		string Redirect 1	1693474496286	1693474496312	OK	 
REQUEST		string	1693474496243	1693474496312	OK	 
USER	string	END	1693474496314
USER	string	START	1693474496321
REQUEST		string Redirect 1	1693474496313	1693474496332	OK	 
USER	string	END	1693474496333
USER	string	START	1693474496398
REQUEST		string	1693474496320	1693474496453	OK	 
USER	string	START	1693474496478
REQUEST		string Redirect 1	1693474496454	1693474496506	OK	 
REQUEST		string	1693474496397	1693474496506	OK	 
USER	string	END	1693474496507
REQUEST		string Redirect 1	1693474496506	1693474496549	OK	 
USER	string	END	1693474496550
USER	string	START	1693474496554
REQUEST		string	1693474496477	1693474496555	OK	 
REQUEST		string Redirect 1	1693474496555	1693474496567	OK	 
USER	string	END	1693474496567
REQUEST		string	1693474496554	1693474496589	OK	 
USER	string	START	1693474496632
REQUEST		string Redirect 1	1693474496589	1693474496679	OK	 
USER	string	END	1693474496681
USER	string	START	1693474496710
USER	string	START	1693474496789
REQUEST		string	1693474496632	1693474496821	OK	 
REQUEST		string	1693474496709	1693474496821	OK	 
REQUEST		string Redirect 1	1693474496822	1693474496846	OK	 
REQUEST		string Redirect 1	1693474496822	1693474496846	OK	 
USER	string	END	1693474496848
USER	string	END	1693474496848
REQUEST		string	1693474496788	1693474496849	OK	 
USER	string	START	1693474496866
REQUEST		string Redirect 1	1693474496850	1693474496886	OK	 
USER	string	END	1693474496887
REQUEST		string	1693474496865	1693474496933	OK	 
USER	string	START	1693474496943
REQUEST		string Redirect 1	1693474496933	1693474496988	OK	 
USER	string	END	1693474496990
USER	string	START	1693474497020
REQUEST		string	1693474496942	1693474497079	OK	 
REQUEST		string	1693474497019	1693474497094	OK	 
USER	string	START	1693474497096
REQUEST		string Redirect 1	1693474497079	1693474497097	OK	 
USER	string	END	1693474497098
REQUEST		string Redirect 1	1693474497094	1693474497109	OK	 
USER	string	END	1693474497109
USER	string	START	1693474497174
REQUEST		string	1693474497096	1693474497180	OK	 
REQUEST		string Redirect 1	1693474497180	1693474497204	OK	 
USER	string	END	1693474497204
REQUEST		string	1693474497174	1693474497251	OK	 
USER	string	START	1693474497253
REQUEST		string Redirect 1	1693474497251	1693474497265	OK	 
USER	string	END	1693474497266
USER	string	START	1693474497331
REQUEST		string	1693474497252	1693474497365	OK	 
USER	string	START	1693474497408
REQUEST		string Redirect 1	1693474497365	1693474497412	OK	 
USER	string	END	1693474497412
REQUEST		string	1693474497330	1693474497421	OK	 
REQUEST		string Redirect 1	1693474497422	1693474497443	OK	 
USER	string	END	1693474497444
REQUEST		string	1693474497408	1693474497448	OK	 
USER	string	START	1693474497469
REQUEST		string Redirect 1	1693474497448	1693474497471	OK	 
USER	string	END	1693474497471
REQUEST		string	1693474497469	1693474497513	OK	 
REQUEST		string Redirect 1	1693474497513	1693474497523	OK	 
USER	string	END	1693474497524
USER	string	START	1693474497546
USER	string	START	1693474497609
REQUEST		string	1693474497546	1693474497668	OK	 
REQUEST		string	1693474497608	1693474497675	OK	 
REQUEST		string Redirect 1	1693474497668	1693474497681	OK	 
USER	string	END	1693474497682
USER	string	START	1693474497688
REQUEST		string Redirect 1	1693474497676	1693474497692	OK	 
USER	string	END	1693474497693
USER	string	START	1693474497765
REQUEST		string	1693474497688	1693474497776	OK	 
USER	string	START	1693474497828
REQUEST		string Redirect 1	1693474497776	1693474497840	OK	 
USER	string	END	1693474497841
REQUEST		string	1693474497765	1693474497864	OK	 
REQUEST		string Redirect 1	1693474497864	1693474497877	OK	 
USER	string	END	1693474497877
USER	string	START	1693474497906
REQUEST		string	1693474497828	1693474497910	OK	 
REQUEST		string Redirect 1	1693474497910	1693474497931	OK	 
USER	string	END	1693474497931
REQUEST		string	1693474497906	1693474497951	OK	 
USER	string	START	1693474497968
REQUEST		string Redirect 1	1693474497951	1693474498012	OK	 
USER	string	END	1693474498014
USER	string	START	1693474498046
USER	string	START	1693474498108
REQUEST		string	1693474497968	1693474498123	OK	 
REQUEST		string Redirect 1	1693474498123	1693474498171	OK	 
USER	string	END	1693474498172
USER	string	START	1693474498187
REQUEST		string	1693474498108	1693474498190	OK	 
REQUEST		string	1693474498046	1693474498190	OK	 
REQUEST		string Redirect 1	1693474498190	1693474498254	OK	 
REQUEST		string Redirect 1	1693474498190	1693474498254	OK	 
USER	string	END	1693474498255
USER	string	END	1693474498255
USER	string	START	1693474498265
REQUEST		string	1693474498187	1693474498276	OK	 
REQUEST		string Redirect 1	1693474498277	1693474498290	OK	 
USER	string	END	1693474498291
REQUEST		string	1693474498265	1693474498298	OK	 
USER	string	START	1693474498327
REQUEST		string Redirect 1	1693474498298	1693474498364	OK	 
USER	string	END	1693474498364
REQUEST		string	1693474498327	1693474498394	OK	 
USER	string	START	1693474498406
REQUEST		string Redirect 1	1693474498395	1693474498428	OK	 
USER	string	END	1693474498429
USER	string	START	1693474498467
REQUEST		string	1693474498406	1693474498471	OK	 
REQUEST		string Redirect 1	1693474498471	1693474498483	OK	 
USER	string	END	1693474498484
REQUEST		string	1693474498467	1693474498523	OK	 
REQUEST		string Redirect 1	1693474498524	1693474498537	OK	 
USER	string	END	1693474498537
USER	string	START	1693474498545
REQUEST		string	1693474498545	1693474498607	OK	 
USER	string	START	1693474498608
REQUEST		string Redirect 1	1693474498607	1693474498622	OK	 
USER	string	END	1693474498622
REQUEST		string	1693474498608	1693474498684	OK	 
USER	string	START	1693474498685
REQUEST		string Redirect 1	1693474498685	1693474498700	OK	 
USER	string	END	1693474498700
USER	string	START	1693474498764
REQUEST		string	1693474498685	1693474498770	OK	 
REQUEST		string Redirect 1	1693474498770	1693474498783	OK	 
USER	string	END	1693474498783
REQUEST		string	1693474498764	1693474498803	OK	 
USER	string	START	1693474498824
REQUEST		string Redirect 1	1693474498804	1693474498856	OK	 
USER	string	END	1693474498857
USER	string	START	1693474498903
REQUEST		string	1693474498824	1693474498924	OK	 
REQUEST		string Redirect 1	1693474498924	1693474498941	OK	 
USER	string	END	1693474498941
REQUEST		string	1693474498903	1693474498965	OK	 
USER	string	START	1693474498967
REQUEST		string Redirect 1	1693474498965	1693474498979	OK	 
USER	string	END	1693474498979
REQUEST		string	1693474498966	1693474499034	OK	 
USER	string	START	1693474499045
REQUEST		string Redirect 1	1693474499034	1693474499049	OK	 
USER	string	END	1693474499050
USER	string	START	1693474499121
USER	string	START	1693474499183
REQUEST		string	1693474499044	1693474499207	OK	 
REQUEST		string	1693474499120	1693474499221	OK	 
REQUEST		string	1693474499183	1693474499223	OK	 
REQUEST		string Redirect 1	1693474499207	1693474499225	OK	 
USER	string	END	1693474499226
REQUEST		string Redirect 1	1693474499221	1693474499240	OK	 
USER	string	END	1693474499241
REQUEST		string Redirect 1	1693474499223	1693474499241	OK	 
USER	string	END	1693474499241
USER	string	START	1693474499261
USER	string	START	1693474499338
REQUEST		string	1693474499260	1693474499343	OK	 
REQUEST		string Redirect 1	1693474499343	1693474499394	OK	 
USER	string	END	1693474499395
USER	string	START	1693474499400
REQUEST		string	1693474499337	1693474499473	OK	 
USER	string	START	1693474499478
REQUEST		string Redirect 1	1693474499473	1693474499501	OK	 
USER	string	END	1693474499502
REQUEST		string	1693474499400	1693474499524	OK	 
USER	string	START	1693474499539
REQUEST		string Redirect 1	1693474499525	1693474499539	OK	 
REQUEST		string	1693474499477	1693474499539	OK	 
USER	string	END	1693474499540
REQUEST		string Redirect 1	1693474499540	1693474499553	OK	 
USER	string	END	1693474499553
REQUEST		string	1693474499539	1693474499571	OK	 
REQUEST		string Redirect 1	1693474499571	1693474499584	OK	 
USER	string	END	1693474499585
USER	string	START	1693474499616
USER	string	START	1693474499695
REQUEST		string	1693474499616	1693474499712	OK	 
REQUEST		string Redirect 1	1693474499713	1693474499724	OK	 
USER	string	END	1693474499725
USER	string	START	1693474499757
REQUEST		string	1693474499694	1693474499814	OK	 
REQUEST		string Redirect 1	1693474499815	1693474499827	OK	 
USER	string	END	1693474499827
REQUEST		string	1693474499757	1693474499833	OK	 
USER	string	START	1693474499834
REQUEST		string Redirect 1	1693474499833	1693474499878	OK	 
USER	string	END	1693474499880
USER	string	START	1693474499897
REQUEST		string	1693474499834	1693474499917	OK	 
REQUEST		string Redirect 1	1693474499918	1693474499971	OK	 
USER	string	END	1693474499972
USER	string	START	1693474499975
REQUEST		string	1693474499896	1693474499996	OK	 
REQUEST		string Redirect 1	1693474499996	1693474500021	OK	 
USER	string	END	1693474500022
USER	string	START	1693474500037
REQUEST		string	1693474499974	1693474500057	OK	 
REQUEST		string Redirect 1	1693474500057	1693474500072	OK	 
USER	string	END	1693474500072
REQUEST		string	1693474500036	1693474500095	OK	 
USER	string	START	1693474500114
REQUEST		string Redirect 1	1693474500095	1693474500131	OK	 
USER	string	END	1693474500132
REQUEST		string	1693474500114	1693474500187	OK	 
USER	string	START	1693474500194
REQUEST		string Redirect 1	1693474500188	1693474500216	OK	 
USER	string	END	1693474500217
REQUEST		string	1693474500194	1693474500243	OK	 
REQUEST		string Redirect 1	1693474500243	1693474500256	OK	 
USER	string	START	1693474500256
USER	string	END	1693474500256
USER	string	START	1693474500334
REQUEST		string	1693474500256	1693474500344	OK	 
REQUEST		string Redirect 1	1693474500344	1693474500362	OK	 
USER	string	END	1693474500362
REQUEST		string	1693474500333	1693474500368	OK	 
REQUEST		string Redirect 1	1693474500368	1693474500385	OK	 
USER	string	END	1693474500386
USER	string	START	1693474500412
USER	string	START	1693474500475
REQUEST		string	1693474500412	1693474500484	OK	 
REQUEST		string Redirect 1	1693474500484	1693474500530	OK	 
USER	string	END	1693474500531
USER	string	START	1693474500537
REQUEST		string	1693474500474	1693474500556	OK	 
REQUEST		string Redirect 1	1693474500557	1693474500572	OK	 
USER	string	END	1693474500572
USER	string	START	1693474500615
REQUEST		string	1693474500536	1693474500649	OK	 
USER	string	START	1693474500694
REQUEST		string Redirect 1	1693474500649	1693474500701	OK	 
USER	string	END	1693474500701
REQUEST		string	1693474500615	1693474500725	OK	 
REQUEST		string	1693474500693	1693474500737	OK	 
REQUEST		string Redirect 1	1693474500725	1693474500742	OK	 
USER	string	END	1693474500742
REQUEST		string Redirect 1	1693474500737	1693474500751	OK	 
USER	string	END	1693474500752
USER	string	START	1693474500756
REQUEST		string	1693474500755	1693474500815	OK	 
REQUEST		string Redirect 1	1693474500815	1693474500828	OK	 
USER	string	END	1693474500828
USER	string	START	1693474500833
USER	string	START	1693474500896
REQUEST		string	1693474500833	1693474500938	OK	 
REQUEST		string	1693474500895	1693474500947	OK	 
USER	string	START	1693474500974
REQUEST		string Redirect 1	1693474500939	1693474500978	OK	 
REQUEST		string Redirect 1	1693474500948	1693474500978	OK	 
USER	string	END	1693474500979
USER	string	END	1693474500979
REQUEST		string	1693474500973	1693474501034	OK	 
USER	string	START	1693474501049
REQUEST		string Redirect 1	1693474501034	1693474501057	OK	 
USER	string	END	1693474501058
USER	string	START	1693474501111
REQUEST		string	1693474501049	1693474501179	OK	 
USER	string	START	1693474501188
REQUEST		string	1693474501110	1693474501193	OK	 
REQUEST		string Redirect 1	1693474501179	1693474501235	OK	 
USER	string	END	1693474501236
REQUEST		string Redirect 1	1693474501193	1693474501253	OK	 
USER	string	END	1693474501253
REQUEST		string	1693474501187	1693474501261	OK	 
USER	string	START	1693474501265
USER	string	START	1693474501327
REQUEST		string Redirect 1	1693474501262	1693474501335	OK	 
USER	string	END	1693474501336
REQUEST		string	1693474501265	1693474501389	OK	 
USER	string	START	1693474501404
REQUEST		string	1693474501327	1693474501413	OK	 
REQUEST		string Redirect 1	1693474501389	1693474501413	OK	 
USER	string	END	1693474501413
REQUEST		string Redirect 1	1693474501413	1693474501431	OK	 
USER	string	END	1693474501431
USER	string	START	1693474501466
REQUEST		string	1693474501404	1693474501487	OK	 
REQUEST		string Redirect 1	1693474501487	1693474501508	OK	 
USER	string	END	1693474501508
REQUEST		string	1693474501466	1693474501516	OK	 
REQUEST		string Redirect 1	1693474501516	1693474501528	OK	 
USER	string	END	1693474501528
USER	string	START	1693474501528
USER	string	START	1693474501607
REQUEST		string	1693474501528	1693474501615	OK	 
USER	string	START	1693474501668
REQUEST		string Redirect 1	1693474501616	1693474501691	OK	 
USER	string	END	1693474501691
USER	string	START	1693474501731
REQUEST		string	1693474501607	1693474501735	OK	 
REQUEST		string Redirect 1	1693474501736	1693474501753	OK	 
USER	string	END	1693474501753
REQUEST		string	1693474501668	1693474501769	OK	 
USER	string	START	1693474501807
REQUEST		string Redirect 1	1693474501770	1693474501849	OK	 
REQUEST		string	1693474501731	1693474501849	OK	 
USER	string	END	1693474501849
REQUEST		string Redirect 1	1693474501849	1693474501863	OK	 
USER	string	END	1693474501864
USER	string	START	1693474501869
USER	string	START	1693474501930
REQUEST		string	1693474501807	1693474501933	OK	 
REQUEST		string Redirect 1	1693474501933	1693474501950	OK	 
USER	string	END	1693474501951
REQUEST		string	1693474501869	1693474501959	OK	 
REQUEST		string	1693474501930	1693474501965	OK	 
REQUEST		string Redirect 1	1693474501959	1693474501972	OK	 
USER	string	END	1693474501972
REQUEST		string Redirect 1	1693474501965	1693474502004	OK	 
USER	string	END	1693474502005
USER	string	START	1693474502008
USER	string	START	1693474502071
REQUEST		string	1693474502008	1693474502092	OK	 
REQUEST		string Redirect 1	1693474502092	1693474502112	OK	 
USER	string	END	1693474502113
REQUEST		string	1693474502071	1693474502113	OK	 
USER	string	START	1693474502133
REQUEST		string Redirect 1	1693474502114	1693474502134	OK	 
USER	string	END	1693474502134
REQUEST		string	1693474502132	1693474502187	OK	 
USER	string	START	1693474502209
REQUEST		string Redirect 1	1693474502188	1693474502221	OK	 
USER	string	END	1693474502222
USER	string	START	1693474502272
REQUEST		string	1693474502209	1693474502329	OK	 
USER	string	START	1693474502334
REQUEST		string Redirect 1	1693474502330	1693474502344	OK	 
USER	string	END	1693474502346
REQUEST		string	1693474502333	1693474502381	OK	 
USER	string	START	1693474502395
REQUEST		string	1693474502271	1693474502397	OK	 
REQUEST		string Redirect 1	1693474502382	1693474502440	OK	 
USER	string	END	1693474502440
REQUEST		string Redirect 1	1693474502398	1693474502441	OK	 
USER	string	END	1693474502441
USER	string	START	1693474502474
REQUEST		string	1693474502394	1693474502519	OK	 
USER	string	START	1693474502536
REQUEST		string Redirect 1	1693474502520	1693474502550	OK	 
USER	string	END	1693474502552
USER	string	START	1693474502598
REQUEST		string	1693474502473	1693474502632	OK	 
REQUEST		string	1693474502597	1693474502654	OK	 
REQUEST		string	1693474502535	1693474502654	OK	 
REQUEST		string Redirect 1	1693474502632	1693474502654	OK	 
USER	string	END	1693474502655
USER	string	START	1693474502675
REQUEST		string Redirect 1	1693474502654	1693474502688	OK	 
REQUEST		string Redirect 1	1693474502654	1693474502688	OK	 
USER	string	END	1693474502688
USER	string	END	1693474502688
USER	string	START	1693474502738
REQUEST		string	1693474502675	1693474502756	OK	 
REQUEST		string Redirect 1	1693474502757	1693474502778	OK	 
USER	string	END	1693474502779
USER	string	START	1693474502801
REQUEST		string	1693474502738	1693474502810	OK	 
REQUEST		string Redirect 1	1693474502810	1693474502860	OK	 
USER	string	END	1693474502863
USER	string	START	1693474502864
REQUEST		string	1693474502800	1693474502898	OK	 
REQUEST		string Redirect 1	1693474502898	1693474502923	OK	 
REQUEST		string	1693474502863	1693474502923	OK	 
USER	string	END	1693474502925
USER	string	START	1693474502940
REQUEST		string Redirect 1	1693474502924	1693474502955	OK	 
USER	string	END	1693474502956
USER	string	START	1693474503003
REQUEST		string	1693474502940	1693474503026	OK	 
REQUEST		string Redirect 1	1693474503027	1693474503041	OK	 
USER	string	END	1693474503042
USER	string	START	1693474503067
REQUEST		string	1693474503002	1693474503107	OK	 
REQUEST		string Redirect 1	1693474503107	1693474503126	OK	 
USER	string	END	1693474503126
USER	string	START	1693474503127
REQUEST		string	1693474503066	1693474503140	OK	 
REQUEST		string Redirect 1	1693474503140	1693474503189	OK	 
USER	string	END	1693474503190
REQUEST		string	1693474503127	1693474503205	OK	 
USER	string	START	1693474503205
REQUEST		string Redirect 1	1693474503205	1693474503221	OK	 
USER	string	END	1693474503221
REQUEST		string	1693474503205	1693474503266	OK	 
USER	string	START	1693474503267
REQUEST		string Redirect 1	1693474503266	1693474503294	OK	 
USER	string	END	1693474503295
USER	string	START	1693474503329
REQUEST		string	1693474503267	1693474503364	OK	 
REQUEST		string Redirect 1	1693474503364	1693474503383	OK	 
USER	string	END	1693474503383
REQUEST		string	1693474503329	1693474503401	OK	 
USER	string	START	1693474503407
REQUEST		string Redirect 1	1693474503402	1693474503413	OK	 
USER	string	END	1693474503413
USER	string	START	1693474503471
REQUEST		string	1693474503407	1693474503510	OK	 
USER	string	START	1693474503531
REQUEST		string Redirect 1	1693474503510	1693474503542	OK	 
USER	string	END	1693474503543
USER	string	START	1693474503594
REQUEST		string	1693474503470	1693474503617	OK	 
REQUEST		string Redirect 1	1693474503617	1693474503646	OK	 
USER	string	END	1693474503647
USER	string	START	1693474503655
REQUEST		string	1693474503531	1693474503659	OK	 
REQUEST		string	1693474503594	1693474503675	OK	 
REQUEST		string Redirect 1	1693474503675	1693474503711	OK	 
REQUEST		string Redirect 1	1693474503659	1693474503711	OK	 
USER	string	END	1693474503712
USER	string	END	1693474503712
USER	string	START	1693474503718
REQUEST		string	1693474503655	1693474503772	OK	 
USER	string	START	1693474503779
USER	string	START	1693474503842
REQUEST		string Redirect 1	1693474503773	1693474503846	OK	 
USER	string	END	1693474503847
USER	string	START	1693474503903
REQUEST		string	1693474503717	1693474503941	OK	 
USER	string	START	1693474503966
USER	string	START	1693474504028
REQUEST		string Redirect 1	1693474503941	1693474504084	OK	 
REQUEST		string	1693474503778	1693474504085	OK	 
USER	string	END	1693474504086
USER	string	START	1693474504089
USER	string	START	1693474504152
USER	string	START	1693474504214
USER	string	START	1693474504275
REQUEST		string Redirect 1	1693474504085	1693474504327	OK	 
REQUEST		string	1693474503841	1693474504327	OK	 
USER	string	END	1693474504329
USER	string	START	1693474504338
USER	string	START	1693474504399
USER	string	START	1693474504461
USER	string	START	1693474504523
REQUEST		string	1693474503902	1693474504570	OK	 
REQUEST		string	1693474503965	1693474504570	OK	 
REQUEST		string Redirect 1	1693474504328	1693474504570	OK	 
USER	string	END	1693474504571
USER	string	START	1693474504585
USER	string	START	1693474504648
REQUEST		string Redirect 1	1693474504570	1693474504698	OK	 
REQUEST		string Redirect 1	1693474504570	1693474504698	OK	 
REQUEST		string	1693474504151	1693474504698	OK	 
REQUEST		string	1693474504027	1693474504698	OK	 
USER	string	END	1693474504699
USER	string	END	1693474504699
REQUEST		string	1693474504274	1693474504698	OK	 
REQUEST		string	1693474504213	1693474504709	OK	 
REQUEST		string	1693474504089	1693474504709	OK	 
USER	string	START	1693474504710
USER	string	START	1693474504772
USER	string	START	1693474504833
REQUEST		string Redirect 1	1693474504699	1693474504877	OK	 
REQUEST		string Redirect 1	1693474504698	1693474504877	OK	 
REQUEST		string Redirect 1	1693474504698	1693474504877	OK	 
REQUEST		string	1693474504398	1693474504877	OK	 
REQUEST		string	1693474504337	1693474504877	OK	 
REQUEST		string Redirect 1	1693474504709	1693474504877	OK	 
REQUEST		string Redirect 1	1693474504709	1693474504878	OK	 
USER	string	END	1693474504878
USER	string	END	1693474504878
USER	string	END	1693474504878
USER	string	END	1693474504878
USER	string	END	1693474504878
USER	string	START	1693474504910
USER	string	START	1693474504974
USER	string	START	1693474505036
REQUEST		string Redirect 1	1693474504877	1693474505053	OK	 
REQUEST		string Redirect 1	1693474504877	1693474505053	OK	 
REQUEST		string	1693474504522	1693474505053	OK	 
REQUEST		string	1693474504584	1693474505053	OK	 
REQUEST		string	1693474504460	1693474505053	OK	 
REQUEST		string	1693474504647	1693474505053	OK	 
USER	string	END	1693474505054
USER	string	END	1693474505054
USER	string	START	1693474505098
USER	string	START	1693474505158
USER	string	START	1693474505222
REQUEST		string Redirect 1	1693474505054	1693474505274	OK	 
REQUEST		string Redirect 1	1693474505053	1693474505274	OK	 
REQUEST		string Redirect 1	1693474505053	1693474505274	OK	 
REQUEST		string Redirect 1	1693474505053	1693474505274	OK	 
REQUEST		string	1693474504709	1693474505274	OK	 
REQUEST		string	1693474504832	1693474505274	OK	 
USER	string	END	1693474505274
USER	string	END	1693474505274
USER	string	END	1693474505274
USER	string	END	1693474505275
USER	string	START	1693474505282
REQUEST		string	1693474504771	1693474505338	OK	 
USER	string	START	1693474505346
REQUEST		string	1693474504909	1693474505371	OK	 
USER	string	START	1693474505408
REQUEST		string Redirect 1	1693474505274	1693474505419	OK	 
REQUEST		string Redirect 1	1693474505274	1693474505419	OK	 
REQUEST		string Redirect 1	1693474505338	1693474505419	OK	 
REQUEST		string	1693474505035	1693474505419	OK	 
REQUEST		string	1693474504973	1693474505419	OK	 
USER	string	END	1693474505419
USER	string	END	1693474505419
USER	string	END	1693474505419
USER	string	START	1693474505471
REQUEST		string Redirect 1	1693474505371	1693474505505	OK	 
REQUEST		string Redirect 1	1693474505419	1693474505505	OK	 
REQUEST		string Redirect 1	1693474505419	1693474505505	OK	 
REQUEST		string	1693474505158	1693474505505	OK	 
USER	string	END	1693474505506
REQUEST		string	1693474505097	1693474505506	OK	 
USER	string	END	1693474505507
USER	string	END	1693474505507
USER	string	START	1693474505534
USER	string	START	1693474505596
REQUEST		string Redirect 1	1693474505506	1693474505611	OK	 
REQUEST		string Redirect 1	1693474505506	1693474505611	OK	 
REQUEST		string	1693474505221	1693474505611	OK	 
REQUEST		string	1693474505282	1693474505611	OK	 
REQUEST		string	1693474505346	1693474505612	OK	 
USER	string	END	1693474505612
USER	string	END	1693474505612
USER	string	START	1693474505658
USER	string	START	1693474505719
REQUEST		string Redirect 1	1693474505612	1693474505744	OK	 
REQUEST		string Redirect 1	1693474505611	1693474505744	OK	 
REQUEST		string Redirect 1	1693474505611	1693474505744	OK	 
REQUEST		string	1693474505408	1693474505744	OK	 
USER	string	END	1693474505745
USER	string	END	1693474505745
USER	string	END	1693474505746
USER	string	START	1693474505782
USER	string	START	1693474505843
USER	string	START	1693474505904
REQUEST		string Redirect 1	1693474505745	1693474505912	OK	 
REQUEST		string	1693474505470	1693474505912	OK	 
REQUEST		string	1693474505533	1693474505912	OK	 
USER	string	END	1693474505912
USER	string	START	1693474505967
USER	string	START	1693474506029
REQUEST		string Redirect 1	1693474505912	1693474506037	OK	 
REQUEST		string Redirect 1	1693474505912	1693474506037	OK	 
REQUEST		string	1693474505595	1693474506037	OK	 
REQUEST		string	1693474505657	1693474506037	OK	 
USER	string	END	1693474506038
USER	string	END	1693474506038
USER	string	START	1693474506092
USER	string	START	1693474506155
REQUEST		string Redirect 1	1693474506037	1693474506174	OK	 
REQUEST		string Redirect 1	1693474506037	1693474506174	OK	 
REQUEST		string	1693474505718	1693474506174	OK	 
REQUEST		string	1693474505842	1693474506174	OK	 
REQUEST		string	1693474505781	1693474506174	OK	 
USER	string	END	1693474506175
USER	string	END	1693474506176
USER	string	START	1693474506216
USER	string	START	1693474506277
REQUEST		string Redirect 1	1693474506174	1693474506317	OK	 
REQUEST		string Redirect 1	1693474506174	1693474506317	OK	 
REQUEST		string Redirect 1	1693474506174	1693474506317	OK	 
REQUEST		string	1693474505903	1693474506317	OK	 
REQUEST		string	1693474505967	1693474506318	OK	 
REQUEST		string	1693474506029	1693474506317	OK	 
USER	string	END	1693474506318
USER	string	END	1693474506318
USER	string	END	1693474506318
USER	string	START	1693474506340
REQUEST		string Redirect 1	1693474506318	1693474506365	OK	 
REQUEST		string Redirect 1	1693474506318	1693474506366	OK	 
USER	string	END	1693474506367
USER	string	END	1693474506367
REQUEST		string	1693474506091	1693474506372	OK	 
REQUEST		string Redirect 1	1693474506318	1693474506376	OK	 
REQUEST		string	1693474506276	1693474506376	OK	 
USER	string	END	1693474506376
USER	string	START	1693474506402
REQUEST		string Redirect 1	1693474506372	1693474506417	OK	 
REQUEST		string	1693474506153	1693474506418	OK	 
REQUEST		string	1693474506215	1693474506418	OK	 
REQUEST		string	1693474506339	1693474506418	OK	 
USER	string	END	1693474506419
REQUEST		string Redirect 1	1693474506376	1693474506433	OK	 
USER	string	END	1693474506434
REQUEST		string Redirect 1	1693474506418	1693474506440	OK	 
USER	string	END	1693474506442
REQUEST		string Redirect 1	1693474506418	1693474506445	OK	 
REQUEST		string Redirect 1	1693474506418	1693474506445	OK	 
USER	string	END	1693474506446
USER	string	END	1693474506446
USER	string	START	1693474506463
REQUEST		string	1693474506401	1693474506475	OK	 
REQUEST		string Redirect 1	1693474506475	1693474506520	OK	 
USER	string	END	1693474506520
USER	string	START	1693474506527
REQUEST		string	1693474506463	1693474506566	OK	 
REQUEST		string Redirect 1	1693474506567	1693474506588	OK	 
REQUEST		string	1693474506526	1693474506588	OK	 
USER	string	END	1693474506588
USER	string	START	1693474506589
REQUEST		string Redirect 1	1693474506588	1693474506599	OK	 
USER	string	END	1693474506600
REQUEST		string	1693474506588	1693474506623	OK	 
REQUEST		string Redirect 1	1693474506623	1693474506636	OK	 
USER	string	END	1693474506638
USER	string	START	1693474506652
REQUEST		string	1693474506651	1693474506703	OK	 
USER	string	START	1693474506713
REQUEST		string Redirect 1	1693474506704	1693474506736	OK	 
USER	string	END	1693474506738
REQUEST		string	1693474506712	1693474506774	OK	 
USER	string	START	1693474506775
REQUEST		string Redirect 1	1693474506775	1693474506797	OK	 
USER	string	END	1693474506797
REQUEST		string	1693474506775	1693474506819	OK	 
USER	string	START	1693474506838
REQUEST		string Redirect 1	1693474506819	1693474506850	OK	 
USER	string	END	1693474506851
REQUEST		string	1693474506837	1693474506880	OK	 
USER	string	START	1693474506900
REQUEST		string Redirect 1	1693474506881	1693474506920	OK	 
USER	string	END	1693474506922
USER	string	START	1693474506963
USER	string	START	1693474507025
REQUEST		string	1693474506899	1693474507047	OK	 
REQUEST		string Redirect 1	1693474507048	1693474507061	OK	 
USER	string	END	1693474507063
REQUEST		string	1693474506962	1693474507070	OK	 
USER	string	START	1693474507087
REQUEST		string Redirect 1	1693474507071	1693474507107	OK	 
USER	string	END	1693474507107
REQUEST		string	1693474507024	1693474507116	OK	 
REQUEST		string Redirect 1	1693474507117	1693474507140	OK	 
USER	string	END	1693474507142
USER	string	START	1693474507150
USER	string	START	1693474507211
REQUEST		string	1693474507087	1693474507212	OK	 
REQUEST		string Redirect 1	1693474507212	1693474507228	OK	 
USER	string	END	1693474507230
REQUEST		string	1693474507149	1693474507262	OK	 
USER	string	START	1693474507273
REQUEST		string Redirect 1	1693474507262	1693474507282	OK	 
USER	string	END	1693474507282
REQUEST		string	1693474507211	1693474507287	OK	 
REQUEST		string Redirect 1	1693474507287	1693474507307	OK	 
USER	string	END	1693474507308
REQUEST		string	1693474507273	1693474507318	OK	 
USER	string	START	1693474507337
REQUEST		string Redirect 1	1693474507318	1693474507338	OK	 
USER	string	END	1693474507340
REQUEST		string	1693474507336	1693474507390	OK	 
USER	string	START	1693474507398
REQUEST		string Redirect 1	1693474507390	1693474507439	OK	 
USER	string	END	1693474507439
USER	string	START	1693474507461
REQUEST		string	1693474507397	1693474507466	OK	 
REQUEST		string Redirect 1	1693474507466	1693474507480	OK	 
USER	string	END	1693474507482
USER	string	START	1693474507523
REQUEST		string	1693474507460	1693474507534	OK	 
REQUEST		string Redirect 1	1693474507534	1693474507549	OK	 
USER	string	END	1693474507550
REQUEST		string	1693474507522	1693474507581	OK	 
USER	string	START	1693474507583
REQUEST		string Redirect 1	1693474507581	1693474507594	OK	 
USER	string	END	1693474507594
REQUEST		string	1693474507583	1693474507623	OK	 
USER	string	START	1693474507630
REQUEST		string Redirect 1	1693474507623	1693474507637	OK	 
USER	string	END	1693474507638
REQUEST		string	1693474507629	1693474507688	OK	 
USER	string	START	1693474507693
REQUEST		string Redirect 1	1693474507688	1693474507701	OK	 
USER	string	END	1693474507702
REQUEST		string	1693474507692	1693474507744	OK	 
USER	string	START	1693474507756
REQUEST		string Redirect 1	1693474507744	1693474507792	OK	 
USER	string	END	1693474507793
USER	string	START	1693474507818
REQUEST		string	1693474507756	1693474507846	OK	 
USER	string	START	1693474507865
REQUEST		string Redirect 1	1693474507846	1693474507865	OK	 
USER	string	END	1693474507866
REQUEST		string	1693474507818	1693474507880	OK	 
REQUEST		string Redirect 1	1693474507880	1693474507925	OK	 
USER	string	END	1693474507926
USER	string	START	1693474507927
REQUEST		string	1693474507864	1693474507949	OK	 
REQUEST		string Redirect 1	1693474507949	1693474507964	OK	 
USER	string	END	1693474507964
REQUEST		string	1693474507927	1693474507972	OK	 
USER	string	START	1693474507989
REQUEST		string Redirect 1	1693474507973	1693474507991	OK	 
USER	string	END	1693474507991
REQUEST		string	1693474507989	1693474508049	OK	 
USER	string	START	1693474508052
REQUEST		string Redirect 1	1693474508049	1693474508060	OK	 
USER	string	END	1693474508061
REQUEST		string	1693474508051	1693474508079	OK	 
REQUEST		string Redirect 1	1693474508079	1693474508098	OK	 
USER	string	END	1693474508099
USER	string	START	1693474508114
USER	string	START	1693474508162
REQUEST		string	1693474508114	1693474508173	OK	 
REQUEST		string Redirect 1	1693474508174	1693474508205	OK	 
USER	string	END	1693474508205
REQUEST		string	1693474508162	1693474508222	OK	 
USER	string	START	1693474508225
REQUEST		string Redirect 1	1693474508222	1693474508233	OK	 
USER	string	END	1693474508233
USER	string	START	1693474508287
REQUEST		string	1693474508224	1693474508293	OK	 
REQUEST		string Redirect 1	1693474508293	1693474508315	OK	 
USER	string	END	1693474508315
USER	string	START	1693474508349
REQUEST		string	1693474508287	1693474508359	OK	 
USER	string	START	1693474508395
REQUEST		string Redirect 1	1693474508360	1693474508404	OK	 
USER	string	END	1693474508405
REQUEST		string	1693474508395	1693474508450	OK	 
REQUEST		string	1693474508349	1693474508450	OK	 
USER	string	START	1693474508458
REQUEST		string Redirect 1	1693474508450	1693474508465	OK	 
REQUEST		string Redirect 1	1693474508450	1693474508466	OK	 
USER	string	END	1693474508466
USER	string	END	1693474508467
USER	string	START	1693474508520
REQUEST		string	1693474508457	1693474508561	OK	 
REQUEST		string Redirect 1	1693474508562	1693474508574	OK	 
USER	string	END	1693474508575
USER	string	START	1693474508581
USER	string	START	1693474508644
REQUEST		string	1693474508519	1693474508655	OK	 
REQUEST		string Redirect 1	1693474508655	1693474508672	OK	 
USER	string	END	1693474508672
USER	string	START	1693474508691
REQUEST		string	1693474508644	1693474508698	OK	 
REQUEST		string	1693474508581	1693474508698	OK	 
REQUEST		string Redirect 1	1693474508698	1693474508724	OK	 
REQUEST		string Redirect 1	1693474508698	1693474508724	OK	 
USER	string	END	1693474508725
USER	string	END	1693474508725
REQUEST		string	1693474508691	1693474508752	OK	 
USER	string	START	1693474508753
REQUEST		string Redirect 1	1693474508752	1693474508777	OK	 
USER	string	END	1693474508778
REQUEST		string	1693474508752	1693474508814	OK	 
USER	string	START	1693474508815
REQUEST		string Redirect 1	1693474508814	1693474508826	OK	 
USER	string	END	1693474508827
REQUEST		string	1693474508815	1693474508868	OK	 
USER	string	START	1693474508876
REQUEST		string Redirect 1	1693474508869	1693474508887	OK	 
USER	string	END	1693474508888
USER	string	START	1693474508937
REQUEST		string	1693474508876	1693474508953	OK	 
REQUEST		string Redirect 1	1693474508953	1693474508969	OK	 
USER	string	END	1693474508970
REQUEST		string	1693474508937	1693474508975	OK	 
USER	string	START	1693474508984
REQUEST		string Redirect 1	1693474508975	1693474508989	OK	 
USER	string	END	1693474508989
REQUEST		string	1693474508983	1693474509018	OK	 
REQUEST		string Redirect 1	1693474509018	1693474509031	OK	 
USER	string	END	1693474509032
USER	string	START	1693474509047
REQUEST		string	1693474509047	1693474509098	OK	 
USER	string	START	1693474509112
REQUEST		string Redirect 1	1693474509098	1693474509141	OK	 
USER	string	END	1693474509141
USER	string	START	1693474509173
USER	string	START	1693474509219
REQUEST		string	1693474509111	1693474509246	OK	 
REQUEST		string Redirect 1	1693474509246	1693474509281	OK	 
USER	string	END	1693474509281
USER	string	START	1693474509282
REQUEST		string	1693474509173	1693474509313	OK	 
REQUEST		string	1693474509219	1693474509315	OK	 
REQUEST		string Redirect 1	1693474509314	1693474509342	OK	 
USER	string	END	1693474509361
REQUEST		string Redirect 1	1693474509315	1693474509361	OK	 
USER	string	START	1693474509361
USER	string	END	1693474509362
REQUEST		string	1693474509282	1693474509393	OK	 
USER	string	START	1693474509410
REQUEST		string Redirect 1	1693474509393	1693474509410	OK	 
USER	string	END	1693474509411
REQUEST		string	1693474509361	1693474509419	OK	 
REQUEST		string Redirect 1	1693474509420	1693474509440	OK	 
USER	string	END	1693474509440
USER	string	START	1693474509457
REQUEST		string	1693474509410	1693474509467	OK	 
REQUEST		string Redirect 1	1693474509467	1693474509489	OK	 
USER	string	END	1693474509490
USER	string	START	1693474509520
USER	string	START	1693474509567
REQUEST		string	1693474509457	1693474509596	OK	 
USER	string	START	1693474509629
REQUEST		string Redirect 1	1693474509596	1693474509654	OK	 
USER	string	END	1693474509655
USER	string	START	1693474509676
REQUEST		string	1693474509519	1693474509716	OK	 
USER	string	START	1693474509738
REQUEST		string Redirect 1	1693474509716	1693474509756	OK	 
REQUEST		string	1693474509566	1693474509756	OK	 
REQUEST		string	1693474509629	1693474509756	OK	 
USER	string	END	1693474509756
USER	string	START	1693474509784
REQUEST		string Redirect 1	1693474509756	1693474509785	OK	 
REQUEST		string Redirect 1	1693474509756	1693474509785	OK	 
USER	string	END	1693474509785
USER	string	END	1693474509785
REQUEST		string	1693474509676	1693474509808	OK	 
REQUEST		string Redirect 1	1693474509808	1693474509835	OK	 
REQUEST		string	1693474509737	1693474509835	OK	 
USER	string	END	1693474509835
USER	string	START	1693474509845
REQUEST		string	1693474509783	1693474509849	OK	 
REQUEST		string Redirect 1	1693474509835	1693474509851	OK	 
USER	string	END	1693474509851
REQUEST		string Redirect 1	1693474509849	1693474509862	OK	 
USER	string	END	1693474509862
REQUEST		string	1693474509845	1693474509902	OK	 
USER	string	START	1693474509907
REQUEST		string Redirect 1	1693474509903	1693474509920	OK	 
USER	string	END	1693474509921
USER	string	START	1693474509952
REQUEST		string	1693474509906	1693474510004	OK	 
USER	string	START	1693474510015
REQUEST		string Redirect 1	1693474510004	1693474510050	OK	 
USER	string	END	1693474510051
USER	string	START	1693474510061
REQUEST		string	1693474509952	1693474510117	OK	 
USER	string	START	1693474510122
REQUEST		string Redirect 1	1693474510118	1693474510180	OK	 
REQUEST		string	1693474510014	1693474510180	OK	 
USER	string	END	1693474510180
USER	string	START	1693474510185
USER	string	START	1693474510231
REQUEST		string	1693474510061	1693474510268	OK	 
REQUEST		string Redirect 1	1693474510180	1693474510268	OK	 
USER	string	END	1693474510271
REQUEST		string Redirect 1	1693474510268	1693474510288	OK	 
USER	string	END	1693474510289
USER	string	START	1693474510296
REQUEST		string	1693474510122	1693474510308	OK	 
USER	string	START	1693474510342
REQUEST		string Redirect 1	1693474510308	1693474510342	OK	 
REQUEST		string	1693474510185	1693474510342	OK	 
REQUEST		string	1693474510230	1693474510342	OK	 
USER	string	END	1693474510343
REQUEST		string Redirect 1	1693474510343	1693474510371	OK	 
USER	string	END	1693474510372
REQUEST		string Redirect 1	1693474510343	1693474510372	OK	 
USER	string	END	1693474510372
REQUEST		string	1693474510295	1693474510383	OK	 
USER	string	START	1693474510404
REQUEST		string Redirect 1	1693474510383	1693474510414	OK	 
REQUEST		string	1693474510342	1693474510414	OK	 
USER	string	END	1693474510415
USER	string	START	1693474510452
REQUEST		string Redirect 1	1693474510414	1693474510488	OK	 
USER	string	END	1693474510489
USER	string	START	1693474510515
USER	string	START	1693474510562
REQUEST		string	1693474510404	1693474510599	OK	 
REQUEST		string Redirect 1	1693474510599	1693474510623	OK	 
REQUEST		string	1693474510515	1693474510623	OK	 
REQUEST		string	1693474510452	1693474510623	OK	 
USER	string	END	1693474510623
USER	string	START	1693474510623
REQUEST		string	1693474510562	1693474510638	OK	 
REQUEST		string Redirect 1	1693474510638	1693474510681	OK	 
REQUEST		string Redirect 1	1693474510623	1693474510681	OK	 
REQUEST		string Redirect 1	1693474510623	1693474510681	OK	 
USER	string	END	1693474510681
USER	string	END	1693474510681
USER	string	END	1693474510681
USER	string	START	1693474510685
REQUEST		string	1693474510623	1693474510711	OK	 
USER	string	START	1693474510732
REQUEST		string Redirect 1	1693474510711	1693474510738	OK	 
USER	string	END	1693474510738
REQUEST		string	1693474510685	1693474510781	OK	 
USER	string	START	1693474510795
REQUEST		string Redirect 1	1693474510781	1693474510836	OK	 
REQUEST		string	1693474510731	1693474510836	OK	 
USER	string	END	1693474510836
USER	string	START	1693474510842
REQUEST		string Redirect 1	1693474510836	1693474510874	OK	 
USER	string	END	1693474510875
USER	string	START	1693474510904
REQUEST		string	1693474510795	1693474510948	OK	 
REQUEST		string	1693474510842	1693474510949	OK	 
USER	string	START	1693474510950
REQUEST		string Redirect 1	1693474510949	1693474510986	OK	 
REQUEST		string Redirect 1	1693474510949	1693474510986	OK	 
USER	string	END	1693474510987
USER	string	END	1693474510987
USER	string	START	1693474511012
REQUEST		string	1693474510904	1693474511025	OK	 
REQUEST		string Redirect 1	1693474511025	1693474511049	OK	 
REQUEST		string	1693474510950	1693474511049	OK	 
USER	string	END	1693474511049
REQUEST		string Redirect 1	1693474511049	1693474511065	OK	 
USER	string	END	1693474511065
REQUEST		string	1693474511011	1693474511073	OK	 
USER	string	START	1693474511074
REQUEST		string Redirect 1	1693474511073	1693474511102	OK	 
USER	string	END	1693474511103
USER	string	START	1693474511121
REQUEST		string	1693474511074	1693474511155	OK	 
USER	string	START	1693474511183
REQUEST		string Redirect 1	1693474511156	1693474511190	OK	 
USER	string	END	1693474511191
REQUEST		string	1693474511121	1693474511206	OK	 
USER	string	START	1693474511229
USER	string	START	1693474511291
REQUEST		string Redirect 1	1693474511207	1693474511350	OK	 
USER	string	END	1693474511351
USER	string	START	1693474511353
REQUEST		string	1693474511182	1693474511376	OK	 
REQUEST		string	1693474511228	1693474511394	OK	 
REQUEST		string	1693474511290	1693474511394	OK	 
REQUEST		string Redirect 1	1693474511376	1693474511394	OK	 
USER	string	END	1693474511395
USER	string	START	1693474511399
REQUEST		string Redirect 1	1693474511394	1693474511431	OK	 
REQUEST		string Redirect 1	1693474511394	1693474511431	OK	 
REQUEST		string	1693474511353	1693474511432	OK	 
USER	string	END	1693474511433
USER	string	END	1693474511433
REQUEST		string Redirect 1	1693474511432	1693474511461	OK	 
USER	string	START	1693474511462
USER	string	END	1693474511462
USER	string	START	1693474511507
REQUEST		string	1693474511461	1693474511536	OK	 
REQUEST		string	1693474511399	1693474511536	OK	 
REQUEST		string	1693474511507	1693474511553	OK	 
REQUEST		string Redirect 1	1693474511536	1693474511557	OK	 
USER	string	END	1693474511557
REQUEST		string Redirect 1	1693474511536	1693474511558	OK	 
USER	string	END	1693474511558
USER	string	START	1693474511568
REQUEST		string Redirect 1	1693474511553	1693474511622	OK	 
USER	string	END	1693474511623
USER	string	START	1693474511631
REQUEST		string	1693474511568	1693474511644	OK	 
USER	string	START	1693474511678
REQUEST		string Redirect 1	1693474511644	1693474511690	OK	 
USER	string	END	1693474511691
REQUEST		string	1693474511631	1693474511703	OK	 
REQUEST		string Redirect 1	1693474511703	1693474511717	OK	 
USER	string	END	1693474511717
REQUEST		string	1693474511677	1693474511737	OK	 
USER	string	START	1693474511739
REQUEST		string Redirect 1	1693474511738	1693474511751	OK	 
USER	string	END	1693474511752
USER	string	START	1693474511786
REQUEST		string	1693474511739	1693474511795	OK	 
REQUEST		string Redirect 1	1693474511795	1693474511814	OK	 
USER	string	END	1693474511815
REQUEST		string	1693474511785	1693474511835	OK	 
REQUEST		string Redirect 1	1693474511835	1693474511846	OK	 
USER	string	END	1693474511846
USER	string	START	1693474511847
REQUEST		string	1693474511847	1693474511893	OK	 
USER	string	START	1693474511911
REQUEST		string Redirect 1	1693474511893	1693474511915	OK	 
USER	string	END	1693474511916
USER	string	START	1693474511956
REQUEST		string	1693474511910	1693474511985	OK	 
REQUEST		string	1693474511956	1693474512002	OK	 
REQUEST		string Redirect 1	1693474511985	1693474512003	OK	 
USER	string	END	1693474512004
REQUEST		string Redirect 1	1693474512002	1693474512018	OK	 
USER	string	START	1693474512019
USER	string	END	1693474512020
REQUEST		string	1693474512019	1693474512063	OK	 
USER	string	START	1693474512066
REQUEST		string Redirect 1	1693474512063	1693474512078	OK	 
USER	string	END	1693474512079
REQUEST		string	1693474512065	1693474512120	OK	 
USER	string	START	1693474512128
REQUEST		string Redirect 1	1693474512121	1693474512134	OK	 
USER	string	END	1693474512135
USER	string	START	1693474512174
REQUEST		string	1693474512128	1693474512185	OK	 
REQUEST		string Redirect 1	1693474512185	1693474512203	OK	 
USER	string	END	1693474512204
REQUEST		string	1693474512174	1693474512230	OK	 
USER	string	START	1693474512237
REQUEST		string Redirect 1	1693474512230	1693474512258	OK	 
USER	string	END	1693474512259
USER	string	START	1693474512300
REQUEST		string	1693474512236	1693474512305	OK	 
REQUEST		string Redirect 1	1693474512306	1693474512345	OK	 
USER	string	END	1693474512346
USER	string	START	1693474512346
USER	string	START	1693474512408
REQUEST		string	1693474512299	1693474512455	OK	 
USER	string	START	1693474512456
REQUEST		string Redirect 1	1693474512455	1693474512475	OK	 
REQUEST		string	1693474512345	1693474512475	OK	 
USER	string	END	1693474512476
REQUEST		string Redirect 1	1693474512475	1693474512497	OK	 
USER	string	END	1693474512497
REQUEST		string	1693474512455	1693474512515	OK	 
USER	string	START	1693474512518
REQUEST		string Redirect 1	1693474512515	1693474512537	OK	 
REQUEST		string	1693474512407	1693474512537	OK	 
USER	string	END	1693474512537
REQUEST		string Redirect 1	1693474512537	1693474512552	OK	 
USER	string	END	1693474512552
USER	string	START	1693474512564
REQUEST		string	1693474512517	1693474512574	OK	 
REQUEST		string Redirect 1	1693474512574	1693474512627	OK	 
USER	string	START	1693474512627
USER	string	END	1693474512627
REQUEST		string	1693474512564	1693474512638	OK	 
REQUEST		string Redirect 1	1693474512638	1693474512654	OK	 
USER	string	END	1693474512654
USER	string	START	1693474512674
REQUEST		string	1693474512627	1693474512720	OK	 
REQUEST		string Redirect 1	1693474512720	1693474512733	OK	 
USER	string	END	1693474512733
USER	string	START	1693474512736
REQUEST		string	1693474512673	1693474512757	OK	 
REQUEST		string	1693474512736	1693474512779	OK	 
REQUEST		string Redirect 1	1693474512757	1693474512779	OK	 
USER	string	END	1693474512780
USER	string	START	1693474512799
REQUEST		string Redirect 1	1693474512779	1693474512805	OK	 
USER	string	END	1693474512806
REQUEST		string	1693474512798	1693474512831	OK	 
USER	string	START	1693474512845
REQUEST		string Redirect 1	1693474512831	1693474512899	OK	 
USER	string	END	1693474512900
USER	string	START	1693474512907
REQUEST		string	1693474512906	1693474512952	OK	 
REQUEST		string	1693474512845	1693474512952	OK	 
USER	string	START	1693474512953
REQUEST		string Redirect 1	1693474512952	1693474512973	OK	 
USER	string	END	1693474512973
REQUEST		string Redirect 1	1693474512952	1693474512973	OK	 
USER	string	END	1693474512973
REQUEST		string	1693474512953	1693474512991	OK	 
USER	string	START	1693474513015
REQUEST		string Redirect 1	1693474512991	1693474513049	OK	 
USER	string	END	1693474513050
USER	string	START	1693474513063
USER	string	START	1693474513125
REQUEST		string	1693474513015	1693474513140	OK	 
REQUEST		string	1693474513062	1693474513140	OK	 
REQUEST		string Redirect 1	1693474513140	1693474513157	OK	 
USER	string	END	1693474513158
REQUEST		string Redirect 1	1693474513140	1693474513162	OK	 
USER	string	END	1693474513163
USER	string	START	1693474513186
REQUEST		string	1693474513125	1693474513231	OK	 
USER	string	START	1693474513233
REQUEST		string Redirect 1	1693474513231	1693474513245	OK	 
USER	string	END	1693474513245
REQUEST		string	1693474513186	1693474513255	OK	 
USER	string	START	1693474513294
REQUEST		string Redirect 1	1693474513255	1693474513306	OK	 
REQUEST		string	1693474513232	1693474513306	OK	 
USER	string	END	1693474513307
REQUEST		string Redirect 1	1693474513306	1693474513319	OK	 
USER	string	END	1693474513320
USER	string	START	1693474513341
REQUEST		string	1693474513293	1693474513365	OK	 
REQUEST		string Redirect 1	1693474513365	1693474513380	OK	 
USER	string	END	1693474513381
USER	string	START	1693474513403
USER	string	START	1693474513451
REQUEST		string	1693474513340	1693474513462	OK	 
REQUEST		string Redirect 1	1693474513462	1693474513478	OK	 
USER	string	END	1693474513478
REQUEST		string	1693474513403	1693474513488	OK	 
REQUEST		string	1693474513451	1693474513504	OK	 
REQUEST		string Redirect 1	1693474513488	1693474513506	OK	 
USER	string	END	1693474513506
USER	string	START	1693474513513
REQUEST		string Redirect 1	1693474513504	1693474513536	OK	 
USER	string	END	1693474513536
USER	string	START	1693474513561
REQUEST		string	1693474513513	1693474513577	OK	 
USER	string	START	1693474513607
REQUEST		string Redirect 1	1693474513577	1693474513636	OK	 
USER	string	END	1693474513637
REQUEST		string	1693474513560	1693474513665	OK	 
REQUEST		string	1693474513607	1693474513671	OK	 
USER	string	START	1693474513671
REQUEST		string Redirect 1	1693474513665	1693474513704	OK	 
REQUEST		string Redirect 1	1693474513671	1693474513704	OK	 
USER	string	END	1693474513705
USER	string	END	1693474513705
USER	string	START	1693474513717
REQUEST		string	1693474513671	1693474513749	OK	 
REQUEST		string Redirect 1	1693474513750	1693474513762	OK	 
USER	string	END	1693474513762
USER	string	START	1693474513763
REQUEST		string	1693474513716	1693474513780	OK	 
USER	string	START	1693474513827
REQUEST		string Redirect 1	1693474513781	1693474513828	OK	 
USER	string	END	1693474513829
REQUEST		string	1693474513763	1693474513851	OK	 
REQUEST		string Redirect 1	1693474513851	1693474513869	OK	 
USER	string	END	1693474513869
REQUEST		string	1693474513826	1693474513872	OK	 
USER	string	START	1693474513873
REQUEST		string Redirect 1	1693474513873	1693474513893	OK	 
USER	string	END	1693474513894
REQUEST		string	1693474513872	1693474513917	OK	 
REQUEST		string Redirect 1	1693474513917	1693474513934	OK	 
USER	string	END	1693474513935
USER	string	START	1693474513936
USER	string	START	1693474513982
REQUEST		string	1693474513935	1693474513983	OK	 
REQUEST		string Redirect 1	1693474513983	1693474513999	OK	 
USER	string	END	1693474514000
REQUEST		string	1693474513982	1693474514021	OK	 
USER	string	START	1693474514028
REQUEST		string Redirect 1	1693474514021	1693474514042	OK	 
USER	string	END	1693474514042
USER	string	START	1693474514092
REQUEST		string	1693474514028	1693474514094	OK	 
REQUEST		string Redirect 1	1693474514094	1693474514106	OK	 
USER	string	END	1693474514106
REQUEST		string	1693474514092	1693474514130	OK	 
USER	string	START	1693474514139
REQUEST		string Redirect 1	1693474514130	1693474514147	OK	 
USER	string	END	1693474514148
REQUEST		string	1693474514139	1693474514184	OK	 
USER	string	START	1693474514186
REQUEST		string Redirect 1	1693474514184	1693474514197	OK	 
USER	string	END	1693474514198
REQUEST		string	1693474514186	1693474514218	OK	 
REQUEST		string Redirect 1	1693474514218	1693474514241	OK	 
USER	string	END	1693474514241
USER	string	START	1693474514247
REQUEST		string	1693474514247	1693474514284	OK	 
USER	string	START	1693474514295
REQUEST		string Redirect 1	1693474514284	1693474514332	OK	 
USER	string	END	1693474514332
USER	string	START	1693474514356
USER	string	START	1693474514403
REQUEST		string	1693474514295	1693474514413	OK	 
REQUEST		string	1693474514356	1693474514432	OK	 
REQUEST		string Redirect 1	1693474514413	1693474514434	OK	 
USER	string	END	1693474514434
USER	string	START	1693474514450
REQUEST		string Redirect 1	1693474514433	1693474514458	OK	 
USER	string	END	1693474514459
REQUEST		string	1693474514403	1693474514494	OK	 
REQUEST		string Redirect 1	1693474514495	1693474514509	OK	 
USER	string	END	1693474514509
USER	string	START	1693474514511
REQUEST		string	1693474514450	1693474514517	OK	 
REQUEST		string Redirect 1	1693474514517	1693474514533	OK	 
USER	string	END	1693474514534
REQUEST		string	1693474514511	1693474514539	OK	 
USER	string	START	1693474514559
REQUEST		string Redirect 1	1693474514539	1693474514561	OK	 
USER	string	END	1693474514561
REQUEST		string	1693474514559	1693474514587	OK	 
REQUEST		string Redirect 1	1693474514588	1693474514602	OK	 
USER	string	END	1693474514602
USER	string	START	1693474514606
USER	string	START	1693474514668
REQUEST		string	1693474514606	1693474514681	OK	 
REQUEST		string Redirect 1	1693474514682	1693474514696	OK	 
USER	string	END	1693474514696
USER	string	START	1693474514714
REQUEST		string	1693474514667	1693474514737	OK	 
USER	string	START	1693474514777
REQUEST		string Redirect 1	1693474514738	1693474514783	OK	 
USER	string	END	1693474514784
REQUEST		string	1693474514714	1693474514804	OK	 
USER	string	START	1693474514823
REQUEST		string Redirect 1	1693474514804	1693474514838	OK	 
REQUEST		string	1693474514776	1693474514838	OK	 
USER	string	END	1693474514839
REQUEST		string Redirect 1	1693474514838	1693474514856	OK	 
USER	string	END	1693474514856
USER	string	START	1693474514869
REQUEST		string	1693474514823	1693474514875	OK	 
REQUEST		string Redirect 1	1693474514875	1693474514915	OK	 
USER	string	END	1693474514916
REQUEST		string	1693474514869	1693474514925	OK	 
USER	string	START	1693474514931
USER	string	START	1693474514978
REQUEST		string Redirect 1	1693474514925	1693474515006	OK	 
USER	string	END	1693474515007
USER	string	START	1693474515026
REQUEST		string	1693474514931	1693474515044	OK	 
REQUEST		string	1693474514978	1693474515052	OK	 
REQUEST		string Redirect 1	1693474515044	1693474515059	OK	 
USER	string	END	1693474515059
REQUEST		string Redirect 1	1693474515052	1693474515069	OK	 
REQUEST		string	1693474515025	1693474515069	OK	 
USER	string	END	1693474515069
USER	string	START	1693474515089
REQUEST		string Redirect 1	1693474515069	1693474515091	OK	 
USER	string	END	1693474515091
USER	string	START	1693474515135
REQUEST		string	1693474515088	1693474515177	OK	 
USER	string	START	1693474515197
REQUEST		string Redirect 1	1693474515178	1693474515197	OK	 
USER	string	END	1693474515198
USER	string	START	1693474515243
REQUEST		string	1693474515134	1693474515245	OK	 
REQUEST		string	1693474515196	1693474515279	OK	 
REQUEST		string Redirect 1	1693474515245	1693474515279	OK	 
USER	string	END	1693474515281
USER	string	START	1693474515290
REQUEST		string Redirect 1	1693474515280	1693474515294	OK	 
REQUEST		string	1693474515243	1693474515294	OK	 
USER	string	END	1693474515295
REQUEST		string Redirect 1	1693474515295	1693474515325	OK	 
USER	string	END	1693474515326
REQUEST		string	1693474515289	1693474515349	OK	 
USER	string	START	1693474515352
REQUEST		string Redirect 1	1693474515349	1693474515371	OK	 
USER	string	END	1693474515372
REQUEST		string	1693474515352	1693474515414	OK	 
USER	string	START	1693474515416
REQUEST		string Redirect 1	1693474515414	1693474515425	OK	 
USER	string	END	1693474515426
USER	string	START	1693474515446
REQUEST		string	1693474515416	1693474515452	OK	 
REQUEST		string Redirect 1	1693474515453	1693474515469	OK	 
USER	string	END	1693474515469
USER	string	START	1693474515507
REQUEST		string	1693474515445	1693474515537	OK	 
USER	string	START	1693474515553
REQUEST		string Redirect 1	1693474515537	1693474515554	OK	 
USER	string	END	1693474515554
REQUEST		string	1693474515507	1693474515569	OK	 
USER	string	START	1693474515601
REQUEST		string Redirect 1	1693474515569	1693474515606	OK	 
USER	string	END	1693474515607
REQUEST		string	1693474515553	1693474515636	OK	 
USER	string	START	1693474515648
REQUEST		string Redirect 1	1693474515636	1693474515653	OK	 
USER	string	END	1693474515653
REQUEST		string	1693474515600	1693474515653	OK	 
REQUEST		string Redirect 1	1693474515653	1693474515665	OK	 
USER	string	END	1693474515665
REQUEST		string	1693474515647	1693474515685	OK	 
REQUEST		string Redirect 1	1693474515685	1693474515696	OK	 
USER	string	END	1693474515697
USER	string	START	1693474515709
USER	string	START	1693474515755
REQUEST		string	1693474515708	1693474515788	OK	 
REQUEST		string	1693474515755	1693474515800	OK	 
USER	string	START	1693474515802
REQUEST		string Redirect 1	1693474515788	1693474515814	OK	 
USER	string	END	1693474515814
REQUEST		string Redirect 1	1693474515800	1693474515826	OK	 
USER	string	END	1693474515826
USER	string	START	1693474515848
REQUEST		string	1693474515801	1693474515883	OK	 
USER	string	START	1693474515896
REQUEST		string Redirect 1	1693474515883	1693474515928	OK	 
USER	string	END	1693474515929
REQUEST		string	1693474515848	1693474515942	OK	 
REQUEST		string	1693474515895	1693474515956	OK	 
USER	string	START	1693474515959
REQUEST		string Redirect 1	1693474515942	1693474515959	OK	 
USER	string	END	1693474515959
REQUEST		string Redirect 1	1693474515956	1693474515968	OK	 
USER	string	END	1693474515968
REQUEST		string	1693474515959	1693474515992	OK	 
USER	string	START	1693474516006
REQUEST		string Redirect 1	1693474515992	1693474516009	OK	 
USER	string	END	1693474516009
USER	string	START	1693474516053
REQUEST		string	1693474516006	1693474516054	OK	 
REQUEST		string Redirect 1	1693474516054	1693474516067	OK	 
USER	string	END	1693474516068
USER	string	START	1693474516099
REQUEST		string	1693474516052	1693474516113	OK	 
REQUEST		string Redirect 1	1693474516114	1693474516128	OK	 
USER	string	END	1693474516128
REQUEST		string	1693474516098	1693474516140	OK	 
USER	string	START	1693474516146
REQUEST		string Redirect 1	1693474516140	1693474516169	OK	 
USER	string	END	1693474516170
USER	string	START	1693474516207
REQUEST		string	1693474516145	1693474516215	OK	 
REQUEST		string Redirect 1	1693474516215	1693474516233	OK	 
USER	string	END	1693474516233
REQUEST		string	1693474516206	1693474516252	OK	 
USER	string	START	1693474516252
REQUEST		string Redirect 1	1693474516252	1693474516267	OK	 
USER	string	END	1693474516267
USER	string	START	1693474516301
REQUEST		string	1693474516252	1693474516306	OK	 
REQUEST		string Redirect 1	1693474516307	1693474516319	OK	 
USER	string	END	1693474516319
USER	string	START	1693474516346
REQUEST		string	1693474516300	1693474516371	OK	 
REQUEST		string Redirect 1	1693474516371	1693474516387	OK	 
USER	string	END	1693474516388
REQUEST		string	1693474516345	1693474516398	OK	 
USER	string	START	1693474516407
REQUEST		string Redirect 1	1693474516398	1693474516408	OK	 
USER	string	END	1693474516409
REQUEST		string	1693474516407	1693474516454	OK	 
USER	string	START	1693474516454
REQUEST		string Redirect 1	1693474516454	1693474516468	OK	 
USER	string	END	1693474516469
REQUEST		string	1693474516454	1693474516499	OK	 
USER	string	START	1693474516500
REQUEST		string Redirect 1	1693474516499	1693474516513	OK	 
USER	string	END	1693474516513
REQUEST		string	1693474516500	1693474516545	OK	 
USER	string	START	1693474516548
REQUEST		string Redirect 1	1693474516546	1693474516563	OK	 
USER	string	END	1693474516564
USER	string	START	1693474516610
REQUEST		string	1693474516548	1693474516612	OK	 
REQUEST		string Redirect 1	1693474516613	1693474516624	OK	 
USER	string	END	1693474516625
REQUEST		string	1693474516610	1693474516654	OK	 
USER	string	START	1693474516658
REQUEST		string Redirect 1	1693474516654	1693474516668	OK	 
USER	string	END	1693474516669
USER	string	START	1693474516704
REQUEST		string	1693474516657	1693474516730	OK	 
REQUEST		string Redirect 1	1693474516730	1693474516742	OK	 
USER	string	END	1693474516742
REQUEST		string	1693474516703	1693474516745	OK	 
USER	string	START	1693474516749
REQUEST		string Redirect 1	1693474516745	1693474516762	OK	 
USER	string	END	1693474516762
USER	string	START	1693474516797
REQUEST		string	1693474516749	1693474516827	OK	 
REQUEST		string Redirect 1	1693474516828	1693474516840	OK	 
USER	string	END	1693474516841
REQUEST		string	1693474516797	1693474516852	OK	 
USER	string	START	1693474516860
REQUEST		string Redirect 1	1693474516852	1693474516889	OK	 
USER	string	END	1693474516890
USER	string	START	1693474516907
REQUEST		string	1693474516859	1693474516918	OK	 
USER	string	START	1693474516953
REQUEST		string Redirect 1	1693474516918	1693474516954	OK	 
REQUEST		string	1693474516906	1693474516954	OK	 
USER	string	END	1693474516954
REQUEST		string Redirect 1	1693474516954	1693474516967	OK	 
USER	string	END	1693474516968
REQUEST		string	1693474516953	1693474516994	OK	 
USER	string	START	1693474517000
REQUEST		string Redirect 1	1693474516994	1693474517009	OK	 
USER	string	END	1693474517009
REQUEST		string	1693474517000	1693474517039	OK	 
USER	string	START	1693474517046
REQUEST		string Redirect 1	1693474517039	1693474517052	OK	 
USER	string	END	1693474517053
REQUEST		string	1693474517046	1693474517108	OK	 
USER	string	START	1693474517109
REQUEST		string Redirect 1	1693474517108	1693474517131	OK	 
USER	string	END	1693474517132
USER	string	START	1693474517156
REQUEST		string	1693474517108	1693474517160	OK	 
REQUEST		string Redirect 1	1693474517161	1693474517179	OK	 
USER	string	END	1693474517180
USER	string	START	1693474517202
REQUEST		string	1693474517155	1693474517223	OK	 
USER	string	START	1693474517249
REQUEST		string Redirect 1	1693474517223	1693474517252	OK	 
USER	string	END	1693474517253
REQUEST		string	1693474517202	1693474517290	OK	 
USER	string	START	1693474517296
REQUEST		string Redirect 1	1693474517290	1693474517310	OK	 
REQUEST		string	1693474517248	1693474517310	OK	 
USER	string	END	1693474517311
REQUEST		string Redirect 1	1693474517310	1693474517323	OK	 
USER	string	END	1693474517323
REQUEST		string	1693474517295	1693474517330	OK	 
REQUEST		string Redirect 1	1693474517330	1693474517346	OK	 
USER	string	END	1693474517346
USER	string	START	1693474517357
REQUEST		string	1693474517357	1693474517398	OK	 
REQUEST		string Redirect 1	1693474517398	1693474517413	OK	 
USER	string	END	1693474517413
