RUN	com.machinestalk.geenerateclass.TTTT	tttt	1693313897703	 	3.9.5
REQUEST		GET /flash-sales	1693313903867	1693313903868	KO	j.n.UnknownHostException: www.jdgeue.dcm
USER	BasicSimulation	START	1693313903873
USER	BasicSimulation	END	1693313903873
REQUEST		GET /flash-sales	1693313904849	1693313904849	KO	j.n.UnknownHostException: www.jdgeue.dcm
USER	BasicSimulation	END	1693313904849
USER	BasicSimulation	START	1693313904849
REQUEST		GET /flash-sales	1693313906840	1693313906840	KO	j.n.UnknownHostException: www.jdgeue.dcm
USER	BasicSimulation	START	1693313906840
USER	BasicSimulation	END	1693313906840
REQUEST		GET /flash-sales	1693313908836	1693313908843	KO	j.n.UnknownHostException: H么te inconnu (www.jdgeue.dcm)
USER	BasicSimulation	START	1693313908844
USER	BasicSimulation	END	1693313908844
REQUEST		GET /flash-sales	1693313910842	1693313910843	KO	j.n.UnknownHostException: www.jdgeue.dcm
USER	BasicSimulation	START	1693313910843
USER	BasicSimulation	END	1693313910843
REQUEST		GET /flash-sales	1693313911843	1693313911844	KO	j.n.UnknownHostException: www.jdgeue.dcm
USER	BasicSimulation	START	1693313911844
USER	BasicSimulation	END	1693313911844
REQUEST		GET /flash-sales	1693313913841	1693313913841	KO	j.n.UnknownHostException: www.jdgeue.dcm
USER	BasicSimulation	END	1693313913841
USER	BasicSimulation	START	1693313913841
REQUEST		GET /flash-sales	1693313915844	1693313915844	KO	j.n.UnknownHostException: www.jdgeue.dcm
USER	BasicSimulation	START	1693313915849
USER	BasicSimulation	END	1693313915851
REQUEST		GET /flash-sales	1693313917845	1693313917846	KO	j.n.UnknownHostException: www.jdgeue.dcm
USER	BasicSimulation	END	1693313917846
USER	BasicSimulation	START	1693313917846
REQUEST		GET /flash-sales	1693313918854	1693313918886	KO	j.n.UnknownHostException: H么te inconnu (www.jdgeue.dcm)
USER	BasicSimulation	START	1693313918886
USER	BasicSimulation	END	1693313918887
REQUEST		GET /flash-sales	1693313920841	1693313920841	KO	j.n.UnknownHostException: www.jdgeue.dcm
USER	BasicSimulation	END	1693313920842
USER	BasicSimulation	START	1693313920842
REQUEST		GET /flash-sales	1693313922851	1693313922851	KO	j.n.UnknownHostException: www.jdgeue.dcm
USER	BasicSimulation	START	1693313922852
USER	BasicSimulation	END	1693313922852
REQUEST		GET /flash-sales	1693313924842	1693313924842	KO	j.n.UnknownHostException: www.jdgeue.dcm
USER	BasicSimulation	START	1693313924842
USER	BasicSimulation	END	1693313924842
REQUEST		GET /flash-sales	1693313931858	1693313931864	KO	j.n.UnknownHostException: H么te inconnu (www.jdgeue.dcm)
USER	BasicSimulation	START	1693313931865
USER	BasicSimulation	END	1693313931865
REQUEST		GET /flash-sales	1693313931936	1693313931936	KO	j.n.UnknownHostException: www.jdgeue.dcm
USER	BasicSimulation	START	1693313931937
USER	BasicSimulation	END	1693313931937
REQUEST		GET /flash-sales	1693313932048	1693313932048	KO	j.n.UnknownHostException: www.jdgeue.dcm
USER	BasicSimulation	START	1693313932048
USER	BasicSimulation	END	1693313932048
REQUEST		GET /flash-sales	1693313932142	1693313932142	KO	j.n.UnknownHostException: www.jdgeue.dcm
USER	BasicSimulation	END	1693313932142
USER	BasicSimulation	START	1693313932142
REQUEST		GET /flash-sales	1693313932252	1693313932252	KO	j.n.UnknownHostException: www.jdgeue.dcm
USER	BasicSimulation	START	1693313932252
USER	BasicSimulation	END	1693313932252
REQUEST		GET /flash-sales	1693313932347	1693313932347	KO	j.n.UnknownHostException: www.jdgeue.dcm
USER	BasicSimulation	START	1693313932347
USER	BasicSimulation	END	1693313932347
REQUEST		GET /flash-sales	1693313932440	1693313932440	KO	j.n.UnknownHostException: www.jdgeue.dcm
USER	BasicSimulation	END	1693313932440
USER	BasicSimulation	START	1693313932441
REQUEST		GET /flash-sales	1693313932549	1693313932550	KO	j.n.UnknownHostException: www.jdgeue.dcm
USER	BasicSimulation	END	1693313932550
USER	BasicSimulation	START	1693313932550
REQUEST		GET /flash-sales	1693313932641	1693313932641	KO	j.n.UnknownHostException: www.jdgeue.dcm
USER	BasicSimulation	START	1693313932642
USER	BasicSimulation	END	1693313932642
REQUEST		GET /flash-sales	1693313932738	1693313932738	KO	j.n.UnknownHostException: www.jdgeue.dcm
USER	BasicSimulation	START	1693313932738
USER	BasicSimulation	END	1693313932738
REQUEST		GET /flash-sales	1693313932847	1693313932847	KO	j.n.UnknownHostException: www.jdgeue.dcm
USER	BasicSimulation	END	1693313932848
USER	BasicSimulation	START	1693313932848
REQUEST		GET /flash-sales	1693313932943	1693313932943	KO	j.n.UnknownHostException: www.jdgeue.dcm
USER	BasicSimulation	START	1693313932943
USER	BasicSimulation	END	1693313932943
REQUEST		GET /flash-sales	1693313933037	1693313933037	KO	j.n.UnknownHostException: www.jdgeue.dcm
USER	BasicSimulation	START	1693313933038
USER	BasicSimulation	END	1693313933038
REQUEST		GET /flash-sales	1693313933149	1693313933149	KO	j.n.UnknownHostException: www.jdgeue.dcm
USER	BasicSimulation	END	1693313933150
USER	BasicSimulation	START	1693313933150
REQUEST		GET /flash-sales	1693313933245	1693313933245	KO	j.n.UnknownHostException: www.jdgeue.dcm
USER	BasicSimulation	END	1693313933245
USER	BasicSimulation	START	1693313933245
REQUEST		GET /flash-sales	1693313933340	1693313933340	KO	j.n.UnknownHostException: www.jdgeue.dcm
USER	BasicSimulation	END	1693313933341
USER	BasicSimulation	START	1693313933341
REQUEST		GET /flash-sales	1693313933436	1693313933436	KO	j.n.UnknownHostException: www.jdgeue.dcm
USER	BasicSimulation	START	1693313933436
USER	BasicSimulation	END	1693313933436
REQUEST		GET /flash-sales	1693313933547	1693313933548	KO	j.n.UnknownHostException: www.jdgeue.dcm
USER	BasicSimulation	END	1693313933548
USER	BasicSimulation	START	1693313933548
REQUEST		GET /flash-sales	1693313933642	1693313933642	KO	j.n.UnknownHostException: www.jdgeue.dcm
USER	BasicSimulation	END	1693313933643
USER	BasicSimulation	START	1693313933643
REQUEST		GET /flash-sales	1693313933737	1693313933737	KO	j.n.UnknownHostException: www.jdgeue.dcm
USER	BasicSimulation	END	1693313933738
USER	BasicSimulation	START	1693313933738
REQUEST		GET /flash-sales	1693313933851	1693313933851	KO	j.n.UnknownHostException: www.jdgeue.dcm
USER	BasicSimulation	START	1693313933851
USER	BasicSimulation	END	1693313933851
REQUEST		GET /flash-sales	1693313933942	1693313933942	KO	j.n.UnknownHostException: www.jdgeue.dcm
USER	BasicSimulation	START	1693313933942
USER	BasicSimulation	END	1693313933942
REQUEST		GET /flash-sales	1693313934051	1693313934051	KO	j.n.UnknownHostException: www.jdgeue.dcm
USER	BasicSimulation	START	1693313934051
USER	BasicSimulation	END	1693313934051
REQUEST		GET /flash-sales	1693313934147	1693313934147	KO	j.n.UnknownHostException: www.jdgeue.dcm
USER	BasicSimulation	START	1693313934147
USER	BasicSimulation	END	1693313934147
REQUEST		GET /flash-sales	1693313934243	1693313934243	KO	j.n.UnknownHostException: www.jdgeue.dcm
USER	BasicSimulation	END	1693313934243
USER	BasicSimulation	START	1693313934243
REQUEST		GET /flash-sales	1693313934339	1693313934339	KO	j.n.UnknownHostException: www.jdgeue.dcm
USER	BasicSimulation	END	1693313934339
USER	BasicSimulation	START	1693313934339
REQUEST		GET /flash-sales	1693313934448	1693313934448	KO	j.n.UnknownHostException: www.jdgeue.dcm
USER	BasicSimulation	END	1693313934448
USER	BasicSimulation	START	1693313934448
REQUEST		GET /flash-sales	1693313934543	1693313934543	KO	j.n.UnknownHostException: www.jdgeue.dcm
USER	BasicSimulation	START	1693313934543
USER	BasicSimulation	END	1693313934543
REQUEST		GET /flash-sales	1693313934637	1693313934637	KO	j.n.UnknownHostException: www.jdgeue.dcm
USER	BasicSimulation	END	1693313934637
USER	BasicSimulation	START	1693313934637
REQUEST		GET /flash-sales	1693313934749	1693313934749	KO	j.n.UnknownHostException: www.jdgeue.dcm
USER	BasicSimulation	START	1693313934750
USER	BasicSimulation	END	1693313934750
REQUEST		GET /flash-sales	1693313934845	1693313934845	KO	j.n.UnknownHostException: www.jdgeue.dcm
USER	BasicSimulation	END	1693313934846
USER	BasicSimulation	START	1693313934846
REQUEST		GET /flash-sales	1693313934939	1693313934939	KO	j.n.UnknownHostException: www.jdgeue.dcm
USER	BasicSimulation	START	1693313934940
USER	BasicSimulation	END	1693313934940
REQUEST		GET /flash-sales	1693313935049	1693313935049	KO	j.n.UnknownHostException: www.jdgeue.dcm
USER	BasicSimulation	START	1693313935049
USER	BasicSimulation	END	1693313935049
REQUEST		GET /flash-sales	1693313935143	1693313935143	KO	j.n.UnknownHostException: www.jdgeue.dcm
USER	BasicSimulation	START	1693313935143
USER	BasicSimulation	END	1693313935143
REQUEST		GET /flash-sales	1693313935238	1693313935238	KO	j.n.UnknownHostException: www.jdgeue.dcm
USER	BasicSimulation	START	1693313935238
USER	BasicSimulation	END	1693313935238
REQUEST		GET /flash-sales	1693313935347	1693313935347	KO	j.n.UnknownHostException: www.jdgeue.dcm
USER	BasicSimulation	START	1693313935347
USER	BasicSimulation	END	1693313935347
REQUEST		GET /flash-sales	1693313935442	1693313935442	KO	j.n.UnknownHostException: www.jdgeue.dcm
USER	BasicSimulation	END	1693313935442
USER	BasicSimulation	START	1693313935442
REQUEST		GET /flash-sales	1693313935538	1693313935538	KO	j.n.UnknownHostException: www.jdgeue.dcm
USER	BasicSimulation	END	1693313935538
USER	BasicSimulation	START	1693313935538
REQUEST		GET /flash-sales	1693313935650	1693313935650	KO	j.n.UnknownHostException: www.jdgeue.dcm
USER	BasicSimulation	START	1693313935650
USER	BasicSimulation	END	1693313935650
REQUEST		GET /flash-sales	1693313935744	1693313935744	KO	j.n.UnknownHostException: www.jdgeue.dcm
USER	BasicSimulation	END	1693313935745
USER	BasicSimulation	START	1693313935745
REQUEST		GET /flash-sales	1693313940836	1693313940836	KO	j.n.UnknownHostException: www.jdgeue.dcm
USER	BasicSimulation	START	1693313940836
USER	BasicSimulation	END	1693313940836
REQUEST		GET /flash-sales	1693313941042	1693313941042	KO	j.n.UnknownHostException: www.jdgeue.dcm
USER	BasicSimulation	START	1693313941042
USER	BasicSimulation	END	1693313941042
REQUEST		GET /flash-sales	1693313941248	1693313941248	KO	j.n.UnknownHostException: www.jdgeue.dcm
USER	BasicSimulation	START	1693313941248
USER	BasicSimulation	END	1693313941248
REQUEST		GET /flash-sales	1693313941438	1693313941438	KO	j.n.UnknownHostException: www.jdgeue.dcm
USER	BasicSimulation	START	1693313941438
USER	BasicSimulation	END	1693313941439
REQUEST		GET /flash-sales	1693313941644	1693313941644	KO	j.n.UnknownHostException: www.jdgeue.dcm
USER	BasicSimulation	START	1693313941645
USER	BasicSimulation	END	1693313941645
REQUEST		GET /flash-sales	1693313941846	1693313941846	KO	j.n.UnknownHostException: www.jdgeue.dcm
USER	BasicSimulation	START	1693313941846
USER	BasicSimulation	END	1693313941846
REQUEST		GET /flash-sales	1693313942036	1693313942074	KO	j.n.UnknownHostException: H么te inconnu (www.jdgeue.dcm)
USER	BasicSimulation	START	1693313942075
USER	BasicSimulation	END	1693313942075
REQUEST		GET /flash-sales	1693313942244	1693313942244	KO	j.n.UnknownHostException: www.jdgeue.dcm
USER	BasicSimulation	START	1693313942245
USER	BasicSimulation	END	1693313942245
REQUEST		GET /flash-sales	1693313942450	1693313942451	KO	j.n.UnknownHostException: www.jdgeue.dcm
USER	BasicSimulation	START	1693313942451
USER	BasicSimulation	END	1693313942451
REQUEST		GET /flash-sales	1693313942641	1693313942641	KO	j.n.UnknownHostException: www.jdgeue.dcm
USER	BasicSimulation	END	1693313942641
USER	BasicSimulation	START	1693313942641
REQUEST		GET /flash-sales	1693313942851	1693313942851	KO	j.n.UnknownHostException: www.jdgeue.dcm
USER	BasicSimulation	START	1693313942851
USER	BasicSimulation	END	1693313942851
REQUEST		GET /flash-sales	1693313943002	1693313943002	KO	j.n.UnknownHostException: www.jdgeue.dcm
USER	BasicSimulation	START	1693313943003
USER	BasicSimulation	END	1693313943003
REQUEST		GET /flash-sales	1693313943173	1693313943173	KO	j.n.UnknownHostException: www.jdgeue.dcm
USER	BasicSimulation	START	1693313943174
USER	BasicSimulation	END	1693313943174
REQUEST		GET /flash-sales	1693313943348	1693313943348	KO	j.n.UnknownHostException: www.jdgeue.dcm
USER	BasicSimulation	START	1693313943349
USER	BasicSimulation	END	1693313943349
REQUEST		GET /flash-sales	1693313943506	1693313943506	KO	j.n.UnknownHostException: www.jdgeue.dcm
USER	BasicSimulation	START	1693313943506
USER	BasicSimulation	END	1693313943507
REQUEST		GET /flash-sales	1693313943682	1693313943682	KO	j.n.UnknownHostException: www.jdgeue.dcm
USER	BasicSimulation	START	1693313943682
USER	BasicSimulation	END	1693313943682
REQUEST		GET /flash-sales	1693313943841	1693313943841	KO	j.n.UnknownHostException: www.jdgeue.dcm
USER	BasicSimulation	START	1693313943841
USER	BasicSimulation	END	1693313943842
REQUEST		GET /flash-sales	1693313943984	1693313943984	KO	j.n.UnknownHostException: www.jdgeue.dcm
USER	BasicSimulation	START	1693313943984
USER	BasicSimulation	END	1693313943985
REQUEST		GET /flash-sales	1693313944125	1693313944125	KO	j.n.UnknownHostException: www.jdgeue.dcm
USER	BasicSimulation	START	1693313944125
USER	BasicSimulation	END	1693313944125
REQUEST		GET /flash-sales	1693313944268	1693313944268	KO	j.n.UnknownHostException: www.jdgeue.dcm
USER	BasicSimulation	START	1693313944268
USER	BasicSimulation	END	1693313944268
REQUEST		GET /flash-sales	1693313944410	1693313944410	KO	j.n.UnknownHostException: www.jdgeue.dcm
USER	BasicSimulation	START	1693313944410
USER	BasicSimulation	END	1693313944410
REQUEST		GET /flash-sales	1693313944553	1693313944553	KO	j.n.UnknownHostException: www.jdgeue.dcm
USER	BasicSimulation	END	1693313944554
USER	BasicSimulation	START	1693313944554
REQUEST		GET /flash-sales	1693313944695	1693313944695	KO	j.n.UnknownHostException: www.jdgeue.dcm
USER	BasicSimulation	END	1693313944695
USER	BasicSimulation	START	1693313944695
REQUEST		GET /flash-sales	1693313944837	1693313944837	KO	j.n.UnknownHostException: www.jdgeue.dcm
USER	BasicSimulation	START	1693313944837
USER	BasicSimulation	END	1693313944838
REQUEST		GET /flash-sales	1693313944979	1693313944979	KO	j.n.UnknownHostException: www.jdgeue.dcm
USER	BasicSimulation	START	1693313944979
USER	BasicSimulation	END	1693313944979
REQUEST		GET /flash-sales	1693313945121	1693313945121	KO	j.n.UnknownHostException: www.jdgeue.dcm
USER	BasicSimulation	START	1693313945122
USER	BasicSimulation	END	1693313945122
REQUEST		GET /flash-sales	1693313945278	1693313945278	KO	j.n.UnknownHostException: www.jdgeue.dcm
USER	BasicSimulation	START	1693313945278
USER	BasicSimulation	END	1693313945278
REQUEST		GET /flash-sales	1693313945417	1693313945417	KO	j.n.UnknownHostException: www.jdgeue.dcm
USER	BasicSimulation	START	1693313945417
USER	BasicSimulation	END	1693313945417
REQUEST		GET /flash-sales	1693313945559	1693313945559	KO	j.n.UnknownHostException: www.jdgeue.dcm
USER	BasicSimulation	START	1693313945559
USER	BasicSimulation	END	1693313945559
REQUEST		GET /flash-sales	1693313945701	1693313945701	KO	j.n.UnknownHostException: www.jdgeue.dcm
USER	BasicSimulation	START	1693313945701
USER	BasicSimulation	END	1693313945701
